#
# There is insufficient memory for the Java Runtime Environment to continue.
# Native memory allocation (malloc) failed to allocate 1048576 bytes. Error detail: AllocateHeap
# Possible reasons:
#   The system is out of physical RAM or swap space
#   This process is running with CompressedOops enabled, and the Java Heap may be blocking the growth of the native heap
# Possible solutions:
#   Reduce memory load on the system
#   Increase physical memory or swap space
#   Check if swap backing store is full
#   Decrease Java heap size (-Xmx/-Xms)
#   Decrease number of Java threads
#   Decrease Java thread stack sizes (-Xss)
#   Set larger code cache with -XX:ReservedCodeCacheSize=
#   JVM is running with Unscaled Compressed Oops mode in which the Java heap is
#     placed in the first 4GB address space. The Java Heap base address is the
#     maximum limit for the native heap growth. Please use -XX:HeapBaseMinAddress
#     to set the Java Heap base and to place the Java Heap above 4GB virtual address.
# This output file may be truncated or incomplete.
#
#  Out of Memory Error (allocation.cpp:44), pid=26200, tid=17428
#
# JRE version: OpenJDK Runtime Environment Temurin-21.0.9+10 (21.0.9+10) (build 21.0.9+10-LTS)
# Java VM: OpenJDK 64-Bit Server VM Temurin-21.0.9+10 (21.0.9+10-LTS, mixed mode, sharing, tiered, compressed oops, compressed class ptrs, parallel gc, windows-amd64)
# No core dump will be written. Minidumps are not enabled by default on client versions of Windows
#

---------------  S U M M A R Y ------------

Command Line: --add-modules=ALL-SYSTEM --add-opens=java.base/java.util=ALL-UNNAMED --add-opens=java.base/java.lang=ALL-UNNAMED --add-opens=java.base/sun.nio.fs=ALL-UNNAMED -Declipse.application=org.eclipse.jdt.ls.core.id1 -Dosgi.bundles.defaultStartLevel=4 -Declipse.product=org.eclipse.jdt.ls.core.product -Djava.import.generatesMetadataFilesAtProjectRoot=false -DDetectVMInstallationsJob.disabled=true -Dfile.encoding=utf8 -XX:+UseParallelGC -XX:GCTimeRatio=4 -XX:AdaptiveSizePolicyWeight=90 -Dsun.zip.disableMemoryMapping=true -Xmx2G -Xms100m -Xlog:disable -javaagent:c:\Users\ramir\.vscode\extensions\redhat.java-1.50.0-win32-x64\lombok\lombok-1.18.39-4050.jar -XX:+HeapDumpOnOutOfMemoryError -XX:HeapDumpPath=c:\Users\ramir\AppData\Roaming\Code\User\workspaceStorage\46d5d728171aacb383eedf91ecaba8d8\redhat.java -Daether.dependencyCollector.impl=bf c:\Users\ramir\.vscode\extensions\redhat.java-1.50.0-win32-x64\server\plugins\org.eclipse.equinox.launcher_1.7.100.v20251111-0406.jar -configuration c:\Users\ramir\AppData\Roaming\Code\User\globalStorage\redhat.java\1.50.0\config_win -data c:\Users\ramir\AppData\Roaming\Code\User\workspaceStorage\46d5d728171aacb383eedf91ecaba8d8\redhat.java\jdt_ws --pipe=\\.\pipe\lsp-33a2cfa4730c5ff63a2f0877f4a23c94-sock

Host: 12th Gen Intel(R) Core(TM) i5-12450H, 12 cores, 7G,  Windows 11 , 64 bit Build 26100 (10.0.26100.7019)
Time: Fri Dec  5 13:08:54 2025 Hora est. Pacífico, Sudamérica elapsed time: 151486.995373 seconds (1d 18h 4m 46s)

---------------  T H R E A D  ---------------

Current thread (0x0000027c0cf36fe0):  JavaThread "Attach Listener" daemon [_thread_in_vm, id=17428, stack(0x000000c1f5300000,0x000000c1f5400000) (1024K)]

Stack: [0x000000c1f5300000,0x000000c1f5400000]
Native frames: (J=compiled Java code, j=interpreted, Vv=VM code, C=native code)
V  [jvm.dll+0x6d6e29]
V  [jvm.dll+0x8b4b76]
V  [jvm.dll+0x8b712e]
V  [jvm.dll+0x8b7813]
V  [jvm.dll+0x283d86]
V  [jvm.dll+0xc1277]
V  [jvm.dll+0x6d76d9]
V  [jvm.dll+0x133466]
V  [jvm.dll+0x3f7ea6]
V  [jvm.dll+0x85e9ad]
V  [jvm.dll+0x6d565d]
C  [ucrtbase.dll+0x37b0]
C  [KERNEL32.DLL+0x2e8d7]
C  [ntdll.dll+0x8c53c]


---------------  P R O C E S S  ---------------

Threads class SMR info:
_java_thread_list=0x0000027c6b4f5920, length=39, elements={
0x0000027c0ce8eb50, 0x0000027c0cf2f370, 0x0000027c0cf31000, 0x0000027c0cf36590,
0x0000027c0cf36fe0, 0x0000027c0cf3b140, 0x0000027c65cf1fb0, 0x0000027c65d17d30,
0x0000027c65d42f70, 0x0000027c65e937f0, 0x0000027c6607a690, 0x0000027c6b17c5a0,
0x0000027c6b551d70, 0x0000027c6b6038d0, 0x0000027c6b48c600, 0x0000027c6bc69400,
0x0000027c6b9197b0, 0x0000027c6c16c890, 0x0000027c6c16cf20, 0x0000027c6c16a130,
0x0000027c6cd97160, 0x0000027c6cd95db0, 0x0000027c6cd96ad0, 0x0000027c6cd998c0,
0x0000027c6cd97e80, 0x0000027c6cd98ba0, 0x0000027c6cd99f50, 0x0000027c6cd977f0,
0x0000027c6cd9b990, 0x0000027c6cd9b300, 0x0000027c6cd9ac70, 0x0000027c6cd9a5e0,
0x0000027c6cd9c020, 0x0000027c6cd9c6b0, 0x0000027c6cd9cd40, 0x0000027c6cd9d3d0,
0x0000027c6c16d5b0, 0x0000027c6d079780, 0x0000027c6e6cb470
}

Java Threads: ( => current thread )
  0x0000027c0ce8eb50 JavaThread "main"                              [_thread_blocked, id=26080, stack(0x000000c1f4c00000,0x000000c1f4d00000) (1024K)]
  0x0000027c0cf2f370 JavaThread "Reference Handler"          daemon [_thread_blocked, id=11880, stack(0x000000c1f5000000,0x000000c1f5100000) (1024K)]
  0x0000027c0cf31000 JavaThread "Finalizer"                  daemon [_thread_blocked, id=20656, stack(0x000000c1f5100000,0x000000c1f5200000) (1024K)]
  0x0000027c0cf36590 JavaThread "Signal Dispatcher"          daemon [_thread_blocked, id=5716, stack(0x000000c1f5200000,0x000000c1f5300000) (1024K)]
=>0x0000027c0cf36fe0 JavaThread "Attach Listener"            daemon [_thread_in_vm, id=17428, stack(0x000000c1f5300000,0x000000c1f5400000) (1024K)]
  0x0000027c0cf3b140 JavaThread "Service Thread"             daemon [_thread_blocked, id=24636, stack(0x000000c1f5400000,0x000000c1f5500000) (1024K)]
  0x0000027c65cf1fb0 JavaThread "Monitor Deflation Thread"   daemon [_thread_blocked, id=8680, stack(0x000000c1f5500000,0x000000c1f5600000) (1024K)]
  0x0000027c65d17d30 JavaThread "C2 CompilerThread0"         daemon [_thread_blocked, id=23980, stack(0x000000c1f5600000,0x000000c1f5700000) (1024K)]
  0x0000027c65d42f70 JavaThread "C1 CompilerThread0"         daemon [_thread_blocked, id=16900, stack(0x000000c1f5700000,0x000000c1f5800000) (1024K)]
  0x0000027c65e937f0 JavaThread "Common-Cleaner"             daemon [_thread_blocked, id=21980, stack(0x000000c1f5800000,0x000000c1f5900000) (1024K)]
  0x0000027c6607a690 JavaThread "Notification Thread"        daemon [_thread_blocked, id=23600, stack(0x000000c1f5900000,0x000000c1f5a00000) (1024K)]
  0x0000027c6b17c5a0 JavaThread "Active Thread: Equinox Container: 28f87689-68c5-4e11-ba92-2900fc5e7d62"        [_thread_blocked, id=25416, stack(0x000000c1f6000000,0x000000c1f6100000) (1024K)]
  0x0000027c6b551d70 JavaThread "Refresh Thread: Equinox Container: 28f87689-68c5-4e11-ba92-2900fc5e7d62" daemon [_thread_blocked, id=24600, stack(0x000000c1f6100000,0x000000c1f6200000) (1024K)]
  0x0000027c6b6038d0 JavaThread "Framework Event Dispatcher: Equinox Container: 28f87689-68c5-4e11-ba92-2900fc5e7d62" daemon [_thread_blocked, id=25700, stack(0x000000c1f6300000,0x000000c1f6400000) (1024K)]
  0x0000027c6b48c600 JavaThread "Start Level: Equinox Container: 28f87689-68c5-4e11-ba92-2900fc5e7d62" daemon [_thread_blocked, id=23676, stack(0x000000c1f6400000,0x000000c1f6500000) (1024K)]
  0x0000027c6bc69400 JavaThread "Bundle File Closer"         daemon [_thread_blocked, id=22264, stack(0x000000c1f6600000,0x000000c1f6700000) (1024K)]
  0x0000027c6b9197b0 JavaThread "SCR Component Actor"        daemon [_thread_blocked, id=23496, stack(0x000000c1f6700000,0x000000c1f6800000) (1024K)]
  0x0000027c6c16c890 JavaThread "Worker-JM"                         [_thread_blocked, id=12144, stack(0x000000c1f6800000,0x000000c1f6900000) (1024K)]
  0x0000027c6c16cf20 JavaThread "JNA Cleaner"                daemon [_thread_blocked, id=24476, stack(0x000000c1f6900000,0x000000c1f6a00000) (1024K)]
  0x0000027c6c16a130 JavaThread "Java indexing"              daemon [_thread_blocked, id=9684, stack(0x000000c1f6d00000,0x000000c1f6e00000) (1024K)]
  0x0000027c6cd97160 JavaThread "Thread-1"                   daemon [_thread_in_native, id=26716, stack(0x000000c1f7200000,0x000000c1f7300000) (1024K)]
  0x0000027c6cd95db0 JavaThread "Thread-2"                   daemon [_thread_in_native, id=26720, stack(0x000000c1f7300000,0x000000c1f7400000) (1024K)]
  0x0000027c6cd96ad0 JavaThread "Thread-3"                   daemon [_thread_in_native, id=26724, stack(0x000000c1f7400000,0x000000c1f7500000) (1024K)]
  0x0000027c6cd998c0 JavaThread "Thread-4"                   daemon [_thread_in_native, id=26728, stack(0x000000c1f7500000,0x000000c1f7600000) (1024K)]
  0x0000027c6cd97e80 JavaThread "Thread-5"                   daemon [_thread_in_native, id=26732, stack(0x000000c1f7600000,0x000000c1f7700000) (1024K)]
  0x0000027c6cd98ba0 JavaThread "Thread-6"                   daemon [_thread_in_native, id=26736, stack(0x000000c1f7700000,0x000000c1f7800000) (1024K)]
  0x0000027c6cd99f50 JavaThread "Thread-7"                   daemon [_thread_in_native, id=26740, stack(0x000000c1f7800000,0x000000c1f7900000) (1024K)]
  0x0000027c6cd977f0 JavaThread "Thread-8"                   daemon [_thread_in_native, id=26744, stack(0x000000c1f7900000,0x000000c1f7a00000) (1024K)]
  0x0000027c6cd9b990 JavaThread "Thread-9"                   daemon [_thread_in_native, id=26748, stack(0x000000c1f7a00000,0x000000c1f7b00000) (1024K)]
  0x0000027c6cd9b300 JavaThread "Thread-10"                  daemon [_thread_in_native, id=26752, stack(0x000000c1f7b00000,0x000000c1f7c00000) (1024K)]
  0x0000027c6cd9ac70 JavaThread "Thread-11"                  daemon [_thread_in_native, id=26756, stack(0x000000c1f7c00000,0x000000c1f7d00000) (1024K)]
  0x0000027c6cd9a5e0 JavaThread "Thread-12"                  daemon [_thread_in_native, id=26760, stack(0x000000c1f7d00000,0x000000c1f7e00000) (1024K)]
  0x0000027c6cd9c020 JavaThread "Thread-13"                  daemon [_thread_in_native, id=26764, stack(0x000000c1f7e00000,0x000000c1f7f00000) (1024K)]
  0x0000027c6cd9c6b0 JavaThread "pool-2-thread-1"                   [_thread_blocked, id=26792, stack(0x000000c1f7f00000,0x000000c1f8000000) (1024K)]
  0x0000027c6cd9cd40 JavaThread "WorkspaceEventsHandler"            [_thread_blocked, id=27140, stack(0x000000c1f8200000,0x000000c1f8300000) (1024K)]
  0x0000027c6cd9d3d0 JavaThread "pool-1-thread-1"                   [_thread_blocked, id=27144, stack(0x000000c1f8300000,0x000000c1f8400000) (1024K)]
  0x0000027c6c16d5b0 JavaThread "Cleaner-0"                  daemon [_thread_blocked, id=3984, stack(0x000000c1f6b00000,0x000000c1f6c00000) (1024K)]
  0x0000027c6d079780 JavaThread "Worker-31"                         [_thread_blocked, id=22112, stack(0x000000c1f8100000,0x000000c1f8200000) (1024K)]
  0x0000027c6e6cb470 JavaThread "Worker-33"                         [_thread_blocked, id=26120, stack(0x000000c1f8700000,0x000000c1f8800000) (1024K)]
Total: 39

Other Threads:
  0x0000027c23924530 VMThread "VM Thread"                           [id=26540, stack(0x000000c1f4f00000,0x000000c1f5000000) (1024K)]
  0x0000027c2381ca00 WatcherThread "VM Periodic Task Thread"        [id=23288, stack(0x000000c1f4e00000,0x000000c1f4f00000) (1024K)]
  0x0000027c0ceacdc0 WorkerThread "GC Thread#0"                     [id=24324, stack(0x000000c1f4d00000,0x000000c1f4e00000) (1024K)]
  0x0000027c6b42d960 WorkerThread "GC Thread#1"                     [id=21356, stack(0x000000c1f5a00000,0x000000c1f5b00000) (1024K)]
  0x0000027c6b42dd00 WorkerThread "GC Thread#2"                     [id=25920, stack(0x000000c1f5b00000,0x000000c1f5c00000) (1024K)]
  0x0000027c6b42e0a0 WorkerThread "GC Thread#3"                     [id=11048, stack(0x000000c1f5c00000,0x000000c1f5d00000) (1024K)]
  0x0000027c6b3bb020 WorkerThread "GC Thread#4"                     [id=24412, stack(0x000000c1f5d00000,0x000000c1f5e00000) (1024K)]
  0x0000027c6b3bb7d0 WorkerThread "GC Thread#5"                     [id=5156, stack(0x000000c1f5e00000,0x000000c1f5f00000) (1024K)]
  0x0000027c6b3bbb70 WorkerThread "GC Thread#6"                     [id=23704, stack(0x000000c1f5f00000,0x000000c1f6000000) (1024K)]
  0x0000027c6b0b8b10 WorkerThread "GC Thread#7"                     [id=20568, stack(0x000000c1f6200000,0x000000c1f6300000) (1024K)]
  0x0000027c6b0b8770 WorkerThread "GC Thread#8"                     [id=2720, stack(0x000000c1f4a00000,0x000000c1f4b00000) (1024K)]
  0x0000027c6b0b8030 WorkerThread "GC Thread#9"                     [id=23668, stack(0x000000c1f6500000,0x000000c1f6600000) (1024K)]
Total: 12

Threads with active compile tasks:
Total: 0

VM state: not at safepoint (normal execution)

VM Mutex/Monitor currently owned by a thread: None

Heap address: 0x0000000080000000, size: 2048 MB, Compressed Oops mode: 32-bit

CDS archive(s) mapped at: [0x0000027c24000000-0x0000027c24ba0000-0x0000027c24ba0000), size 12189696, SharedBaseAddress: 0x0000027c24000000, ArchiveRelocationMode: 1.
Compressed class space mapped at: 0x0000027c25000000-0x0000027c65000000, reserved size: 1073741824
Narrow klass base: 0x0000027c24000000, Narrow klass shift: 0, Narrow klass range: 0x100000000

GC Precious Log:
 CardTable entry size: 512
 CPUs: 12 total, 12 available
 Memory: 7896M
 Large Page Support: Disabled
 NUMA Support: Disabled
 Compressed Oops: Enabled (32-bit)
 Alignments: Space 512K, Generation 512K, Heap 2M
 Heap Min Capacity: 100M
 Heap Initial Capacity: 100M
 Heap Max Capacity: 2G
 Pre-touch: Disabled
 Parallel Workers: 10

Heap:
 PSYoungGen      total 23552K, used 18174K [0x00000000d5580000, 0x00000000d7380000, 0x0000000100000000)
  eden space 22016K, 78% used [0x00000000d5580000,0x00000000d664fbf0,0x00000000d6b00000)
  from space 1536K, 62% used [0x00000000d6f00000,0x00000000d6ff0000,0x00000000d7080000)
  to   space 1536K, 0% used [0x00000000d7200000,0x00000000d7200000,0x00000000d7380000)
 ParOldGen       total 722944K, used 669086K [0x0000000080000000, 0x00000000ac200000, 0x00000000d5580000)
  object space 722944K, 92% used [0x0000000080000000,0x00000000a8d67bd8,0x00000000ac200000)
 Metaspace       used 87751K, committed 89472K, reserved 1179648K
  class space    used 8872K, committed 9728K, reserved 1048576K

Card table byte_map: [0x0000027c0c830000,0x0000027c0cc40000] _byte_map_base: 0x0000027c0c430000

Marking Bits: (ParMarkBitMap*) 0x00007ffb5be12460
 Begin Bits: [0x0000027c1f340000, 0x0000027c21340000)
 End Bits:   [0x0000027c21340000, 0x0000027c23340000)

Polling page: 0x0000027c0b0b0000

Metaspace:

Usage:
  Non-class:     77.03 MB used.
      Class:      8.66 MB used.
       Both:     85.69 MB used.

Virtual space:
  Non-class space:      128.00 MB reserved,      77.88 MB ( 61%) committed,  2 nodes.
      Class space:        1.00 GB reserved,       9.50 MB ( <1%) committed,  1 nodes.
             Both:        1.12 GB reserved,      87.38 MB (  8%) committed. 

Chunk freelists:
   Non-Class:  2.03 MB
       Class:  6.45 MB
        Both:  8.48 MB

MaxMetaspaceSize: unlimited
CompressedClassSpaceSize: 1.00 GB
Initial GC threshold: 21.00 MB
Current GC threshold: 144.31 MB
CDS: on
 - commit_granule_bytes: 65536.
 - commit_granule_words: 8192.
 - virtual_space_node_default_size: 8388608.
 - enlarge_chunks_in_place: 1.
 - use_allocation_guard: 0.


Internal statistics:

num_allocs_failed_limit: 9.
num_arena_births: 1802.
num_arena_deaths: 368.
num_vsnodes_births: 3.
num_vsnodes_deaths: 0.
num_space_committed: 1398.
num_space_uncommitted: 0.
num_chunks_returned_to_freelist: 435.
num_chunks_taken_from_freelist: 6348.
num_chunk_merges: 107.
num_chunk_splits: 3589.
num_chunks_enlarged: 1768.
num_inconsistent_stats: 0.

CodeHeap 'non-profiled nmethods': size=120000Kb used=21230Kb max_used=21230Kb free=98769Kb
 bounds [0x0000027c17b60000, 0x0000027c19020000, 0x0000027c1f090000]
CodeHeap 'profiled nmethods': size=120000Kb used=47469Kb max_used=51711Kb free=72530Kb
 bounds [0x0000027c10090000, 0x0000027c13310000, 0x0000027c175c0000]
CodeHeap 'non-nmethods': size=5760Kb used=1526Kb max_used=1599Kb free=4233Kb
 bounds [0x0000027c175c0000, 0x0000027c17830000, 0x0000027c17b60000]
CodeCache: size=245760Kb, used=70225Kb, max_used=74540Kb, free=175532Kb
 total_blobs=20196, nmethods=19353, adapters=746, full_count=0
Compilation: enabled, stopped_count=0, restarted_count=0

Compilation events (20 events):
Event: 126744.199 Thread 0x0000027c65d42f70 23913       3       org.eclipse.jdt.internal.core.manipulation.JavaElementLabelComposerCore::appendMethodAppendedTypeParams (158 bytes)
Event: 126744.266 Thread 0x0000027c65d42f70 nmethod 23913 0x0000027c106a9290 code [0x0000027c106a9620, 0x0000027c106aad38]
Event: 126744.266 Thread 0x0000027c65d42f70 23914       3       java.lang.invoke.LambdaForm$MH/0x0000027c2599f400::invoke (42 bytes)
Event: 126744.295 Thread 0x0000027c65d42f70 nmethod 23914 0x0000027c11896790 code [0x0000027c11896a20, 0x0000027c118977a0]
Event: 126744.296 Thread 0x0000027c65d42f70 23915       3       java.lang.invoke.LambdaForm$MH/0x0000027c2599f800::invoke (42 bytes)
Event: 126744.300 Thread 0x0000027c65d42f70 nmethod 23915 0x0000027c11b4be90 code [0x0000027c11b4c120, 0x0000027c11b4cea0]
Event: 126747.818 Thread 0x0000027c65d17d30 23916       4       java.util.ArrayList::clear (43 bytes)
Event: 126747.827 Thread 0x0000027c65d17d30 nmethod 23916 0x0000027c19018090 code [0x0000027c19018220, 0x0000027c19018308]
Event: 126747.900 Thread 0x0000027c65d42f70 23917       3       java.lang.invoke.LambdaForm$MH/0x0000027c25297c00::invoke (42 bytes)
Event: 126747.908 Thread 0x0000027c65d42f70 nmethod 23917 0x0000027c12152290 code [0x0000027c12152520, 0x0000027c121532a0]
Event: 126747.908 Thread 0x0000027c65d42f70 23918       3       java.lang.invoke.LambdaForm$MH/0x0000027c25297400::invoke (42 bytes)
Event: 126747.912 Thread 0x0000027c65d42f70 nmethod 23918 0x0000027c10658110 code [0x0000027c106583a0, 0x0000027c10659120]
Event: 126747.912 Thread 0x0000027c65d42f70 23919       3       java.lang.invoke.LambdaForm$MH/0x0000027c25296000::invoke (42 bytes)
Event: 126747.913 Thread 0x0000027c65d42f70 nmethod 23919 0x0000027c1072a010 code [0x0000027c1072a2a0, 0x0000027c1072b020]
Event: 146027.164 Thread 0x0000027c65d17d30 23920       4       org.eclipse.jdt.ls.core.internal.ParentProcessWatcher::run (83 bytes)
Event: 146027.271 Thread 0x0000027c65d17d30 nmethod 23920 0x0000027c19018390 code [0x0000027c19018540, 0x0000027c19018720]
Event: 148035.709 Thread 0x0000027c65d17d30 23921       4       org.eclipse.jdt.internal.core.JavaElement::tabString (33 bytes)
Event: 148035.819 Thread 0x0000027c65d17d30 nmethod 23921 0x0000027c19018990 code [0x0000027c19018b20, 0x0000027c19018cd8]
Event: 148035.825 Thread 0x0000027c65d17d30 23922       4       org.eclipse.jdt.internal.core.SourceMapper::getUnqualifiedTypeSignature (515 bytes)
Event: 148035.987 Thread 0x0000027c65d17d30 nmethod 23922 0x0000027c19018f90 code [0x0000027c19019500, 0x0000027c1901a6a0]

GC Heap History (20 events):
Event: 18736.871 GC heap before
{Heap before GC invocations=1161 (full 5):
 PSYoungGen      total 18944K, used 18848K [0x00000000d5580000, 0x00000000d7600000, 0x0000000100000000)
  eden space 18432K, 100% used [0x00000000d5580000,0x00000000d6780000,0x00000000d6780000)
  from space 512K, 81% used [0x00000000d6800000,0x00000000d6868000,0x00000000d6880000)
  to   space 5120K, 0% used [0x00000000d7100000,0x00000000d7100000,0x00000000d7600000)
 ParOldGen       total 722944K, used 609044K [0x0000000080000000, 0x00000000ac200000, 0x00000000d5580000)
  object space 722944K, 84% used [0x0000000080000000,0x00000000a52c5128,0x00000000ac200000)
 Metaspace       used 87627K, committed 89344K, reserved 1179648K
  class space    used 8872K, committed 9728K, reserved 1048576K
}
Event: 18736.875 GC heap after
{Heap after GC invocations=1161 (full 5):
 PSYoungGen      total 24576K, used 1924K [0x00000000d5580000, 0x00000000d7300000, 0x0000000100000000)
  eden space 22528K, 0% used [0x00000000d5580000,0x00000000d5580000,0x00000000d6b80000)
  from space 2048K, 93% used [0x00000000d7100000,0x00000000d72e1210,0x00000000d7300000)
  to   space 2560K, 0% used [0x00000000d6e00000,0x00000000d6e00000,0x00000000d7080000)
 ParOldGen       total 722944K, used 609275K [0x0000000080000000, 0x00000000ac200000, 0x00000000d5580000)
  object space 722944K, 84% used [0x0000000080000000,0x00000000a52fec58,0x00000000ac200000)
 Metaspace       used 87627K, committed 89344K, reserved 1179648K
  class space    used 8872K, committed 9728K, reserved 1048576K
}
Event: 18769.254 GC heap before
{Heap before GC invocations=1162 (full 5):
 PSYoungGen      total 24576K, used 24452K [0x00000000d5580000, 0x00000000d7300000, 0x0000000100000000)
  eden space 22528K, 100% used [0x00000000d5580000,0x00000000d6b80000,0x00000000d6b80000)
  from space 2048K, 93% used [0x00000000d7100000,0x00000000d72e1210,0x00000000d7300000)
  to   space 2560K, 0% used [0x00000000d6e00000,0x00000000d6e00000,0x00000000d7080000)
 ParOldGen       total 722944K, used 609275K [0x0000000080000000, 0x00000000ac200000, 0x00000000d5580000)
  object space 722944K, 84% used [0x0000000080000000,0x00000000a52fec58,0x00000000ac200000)
 Metaspace       used 87642K, committed 89408K, reserved 1179648K
  class space    used 8872K, committed 9728K, reserved 1048576K
}
Event: 18769.280 GC heap after
{Heap after GC invocations=1162 (full 5):
 PSYoungGen      total 23552K, used 1140K [0x00000000d5580000, 0x00000000d7180000, 0x0000000100000000)
  eden space 22016K, 0% used [0x00000000d5580000,0x00000000d5580000,0x00000000d6b00000)
  from space 1536K, 74% used [0x00000000d6e00000,0x00000000d6f1d200,0x00000000d6f80000)
  to   space 1536K, 0% used [0x00000000d7000000,0x00000000d7000000,0x00000000d7180000)
 ParOldGen       total 722944K, used 611042K [0x0000000080000000, 0x00000000ac200000, 0x00000000d5580000)
  object space 722944K, 84% used [0x0000000080000000,0x00000000a54b8b38,0x00000000ac200000)
 Metaspace       used 87642K, committed 89408K, reserved 1179648K
  class space    used 8872K, committed 9728K, reserved 1048576K
}
Event: 19472.772 GC heap before
{Heap before GC invocations=1163 (full 5):
 PSYoungGen      total 23552K, used 23156K [0x00000000d5580000, 0x00000000d7180000, 0x0000000100000000)
  eden space 22016K, 100% used [0x00000000d5580000,0x00000000d6b00000,0x00000000d6b00000)
  from space 1536K, 74% used [0x00000000d6e00000,0x00000000d6f1d200,0x00000000d6f80000)
  to   space 1536K, 0% used [0x00000000d7000000,0x00000000d7000000,0x00000000d7180000)
 ParOldGen       total 722944K, used 611042K [0x0000000080000000, 0x00000000ac200000, 0x00000000d5580000)
  object space 722944K, 84% used [0x0000000080000000,0x00000000a54b8b38,0x00000000ac200000)
 Metaspace       used 87659K, committed 89408K, reserved 1179648K
  class space    used 8872K, committed 9728K, reserved 1048576K
}
Event: 19472.878 GC heap after
{Heap after GC invocations=1163 (full 5):
 PSYoungGen      total 23552K, used 1520K [0x00000000d5580000, 0x00000000d7400000, 0x0000000100000000)
  eden space 22016K, 0% used [0x00000000d5580000,0x00000000d5580000,0x00000000d6b00000)
  from space 1536K, 98% used [0x00000000d7000000,0x00000000d717c050,0x00000000d7180000)
  to   space 4608K, 0% used [0x00000000d6b00000,0x00000000d6b00000,0x00000000d6f80000)
 ParOldGen       total 722944K, used 613614K [0x0000000080000000, 0x00000000ac200000, 0x00000000d5580000)
  object space 722944K, 84% used [0x0000000080000000,0x00000000a573b9c0,0x00000000ac200000)
 Metaspace       used 87659K, committed 89408K, reserved 1179648K
  class space    used 8872K, committed 9728K, reserved 1048576K
}
Event: 19473.060 GC heap before
{Heap before GC invocations=1164 (full 5):
 PSYoungGen      total 23552K, used 23536K [0x00000000d5580000, 0x00000000d7400000, 0x0000000100000000)
  eden space 22016K, 100% used [0x00000000d5580000,0x00000000d6b00000,0x00000000d6b00000)
  from space 1536K, 98% used [0x00000000d7000000,0x00000000d717c050,0x00000000d7180000)
  to   space 4608K, 0% used [0x00000000d6b00000,0x00000000d6b00000,0x00000000d6f80000)
 ParOldGen       total 722944K, used 613614K [0x0000000080000000, 0x00000000ac200000, 0x00000000d5580000)
  object space 722944K, 84% used [0x0000000080000000,0x00000000a573b9c0,0x00000000ac200000)
 Metaspace       used 87659K, committed 89408K, reserved 1179648K
  class space    used 8872K, committed 9728K, reserved 1048576K
}
Event: 19473.100 GC heap after
{Heap after GC invocations=1164 (full 5):
 PSYoungGen      total 26624K, used 4590K [0x00000000d5580000, 0x00000000d8a00000, 0x0000000100000000)
  eden space 22016K, 0% used [0x00000000d5580000,0x00000000d5580000,0x00000000d6b00000)
  from space 4608K, 99% used [0x00000000d6b00000,0x00000000d6f7bb30,0x00000000d6f80000)
  to   space 15872K, 0% used [0x00000000d7a80000,0x00000000d7a80000,0x00000000d8a00000)
 ParOldGen       total 722944K, used 622809K [0x0000000080000000, 0x00000000ac200000, 0x00000000d5580000)
  object space 722944K, 86% used [0x0000000080000000,0x00000000a6036470,0x00000000ac200000)
 Metaspace       used 87659K, committed 89408K, reserved 1179648K
  class space    used 8872K, committed 9728K, reserved 1048576K
}
Event: 19473.166 GC heap before
{Heap before GC invocations=1165 (full 5):
 PSYoungGen      total 26624K, used 26606K [0x00000000d5580000, 0x00000000d8a00000, 0x0000000100000000)
  eden space 22016K, 100% used [0x00000000d5580000,0x00000000d6b00000,0x00000000d6b00000)
  from space 4608K, 99% used [0x00000000d6b00000,0x00000000d6f7bb30,0x00000000d6f80000)
  to   space 15872K, 0% used [0x00000000d7a80000,0x00000000d7a80000,0x00000000d8a00000)
 ParOldGen       total 722944K, used 622809K [0x0000000080000000, 0x00000000ac200000, 0x00000000d5580000)
  object space 722944K, 86% used [0x0000000080000000,0x00000000a6036470,0x00000000ac200000)
 Metaspace       used 87663K, committed 89408K, reserved 1179648K
  class space    used 8872K, committed 9728K, reserved 1048576K
}
Event: 19473.188 GC heap after
{Heap after GC invocations=1165 (full 5):
 PSYoungGen      total 30208K, used 8146K [0x00000000d5580000, 0x00000000d8280000, 0x0000000100000000)
  eden space 22016K, 0% used [0x00000000d5580000,0x00000000d5580000,0x00000000d6b00000)
  from space 8192K, 99% used [0x00000000d7a80000,0x00000000d8274bf0,0x00000000d8280000)
  to   space 10240K, 0% used [0x00000000d6e80000,0x00000000d6e80000,0x00000000d7880000)
 ParOldGen       total 722944K, used 627405K [0x0000000080000000, 0x00000000ac200000, 0x00000000d5580000)
  object space 722944K, 86% used [0x0000000080000000,0x00000000a64b3760,0x00000000ac200000)
 Metaspace       used 87663K, committed 89408K, reserved 1179648K
  class space    used 8872K, committed 9728K, reserved 1048576K
}
Event: 19473.520 GC heap before
{Heap before GC invocations=1166 (full 5):
 PSYoungGen      total 30208K, used 30162K [0x00000000d5580000, 0x00000000d8280000, 0x0000000100000000)
  eden space 22016K, 100% used [0x00000000d5580000,0x00000000d6b00000,0x00000000d6b00000)
  from space 8192K, 99% used [0x00000000d7a80000,0x00000000d8274bf0,0x00000000d8280000)
  to   space 10240K, 0% used [0x00000000d6e80000,0x00000000d6e80000,0x00000000d7880000)
 ParOldGen       total 722944K, used 627405K [0x0000000080000000, 0x00000000ac200000, 0x00000000d5580000)
  object space 722944K, 86% used [0x0000000080000000,0x00000000a64b3760,0x00000000ac200000)
 Metaspace       used 87670K, committed 89408K, reserved 1179648K
  class space    used 8872K, committed 9728K, reserved 1048576K
}
Event: 19473.559 GC heap after
{Heap after GC invocations=1166 (full 5):
 PSYoungGen      total 28672K, used 6239K [0x00000000d5580000, 0x00000000d7b00000, 0x0000000100000000)
  eden space 22016K, 0% used [0x00000000d5580000,0x00000000d5580000,0x00000000d6b00000)
  from space 6656K, 93% used [0x00000000d6e80000,0x00000000d7497f40,0x00000000d7500000)
  to   space 6144K, 0% used [0x00000000d7500000,0x00000000d7500000,0x00000000d7b00000)
 ParOldGen       total 722944K, used 635429K [0x0000000080000000, 0x00000000ac200000, 0x00000000d5580000)
  object space 722944K, 87% used [0x0000000080000000,0x00000000a6c89420,0x00000000ac200000)
 Metaspace       used 87670K, committed 89408K, reserved 1179648K
  class space    used 8872K, committed 9728K, reserved 1048576K
}
Event: 19473.638 GC heap before
{Heap before GC invocations=1167 (full 5):
 PSYoungGen      total 28672K, used 28255K [0x00000000d5580000, 0x00000000d7b00000, 0x0000000100000000)
  eden space 22016K, 100% used [0x00000000d5580000,0x00000000d6b00000,0x00000000d6b00000)
  from space 6656K, 93% used [0x00000000d6e80000,0x00000000d7497f40,0x00000000d7500000)
  to   space 6144K, 0% used [0x00000000d7500000,0x00000000d7500000,0x00000000d7b00000)
 ParOldGen       total 722944K, used 635429K [0x0000000080000000, 0x00000000ac200000, 0x00000000d5580000)
  object space 722944K, 87% used [0x0000000080000000,0x00000000a6c89420,0x00000000ac200000)
 Metaspace       used 87677K, committed 89408K, reserved 1179648K
  class space    used 8872K, committed 9728K, reserved 1048576K
}
Event: 19473.662 GC heap after
{Heap after GC invocations=1167 (full 5):
 PSYoungGen      total 25088K, used 2966K [0x00000000d5580000, 0x00000000d7800000, 0x0000000100000000)
  eden space 22016K, 0% used [0x00000000d5580000,0x00000000d5580000,0x00000000d6b00000)
  from space 3072K, 96% used [0x00000000d7500000,0x00000000d77e5aa8,0x00000000d7800000)
  to   space 4608K, 0% used [0x00000000d6f00000,0x00000000d6f00000,0x00000000d7380000)
 ParOldGen       total 722944K, used 641488K [0x0000000080000000, 0x00000000ac200000, 0x00000000d5580000)
  object space 722944K, 88% used [0x0000000080000000,0x00000000a7274180,0x00000000ac200000)
 Metaspace       used 87677K, committed 89408K, reserved 1179648K
  class space    used 8872K, committed 9728K, reserved 1048576K
}
Event: 19474.776 GC heap before
{Heap before GC invocations=1168 (full 5):
 PSYoungGen      total 25088K, used 24982K [0x00000000d5580000, 0x00000000d7800000, 0x0000000100000000)
  eden space 22016K, 100% used [0x00000000d5580000,0x00000000d6b00000,0x00000000d6b00000)
  from space 3072K, 96% used [0x00000000d7500000,0x00000000d77e5aa8,0x00000000d7800000)
  to   space 4608K, 0% used [0x00000000d6f00000,0x00000000d6f00000,0x00000000d7380000)
 ParOldGen       total 722944K, used 664528K [0x0000000080000000, 0x00000000ac200000, 0x00000000d5580000)
  object space 722944K, 91% used [0x0000000080000000,0x00000000a88f41a0,0x00000000ac200000)
 Metaspace       used 87709K, committed 89408K, reserved 1179648K
  class space    used 8872K, committed 9728K, reserved 1048576K
}
Event: 19474.793 GC heap after
{Heap after GC invocations=1168 (full 5):
 PSYoungGen      total 23552K, used 1184K [0x00000000d5580000, 0x00000000d7580000, 0x0000000100000000)
  eden space 22016K, 0% used [0x00000000d5580000,0x00000000d5580000,0x00000000d6b00000)
  from space 1536K, 77% used [0x00000000d6f00000,0x00000000d7028000,0x00000000d7080000)
  to   space 2560K, 0% used [0x00000000d7300000,0x00000000d7300000,0x00000000d7580000)
 ParOldGen       total 722944K, used 667120K [0x0000000080000000, 0x00000000ac200000, 0x00000000d5580000)
  object space 722944K, 92% used [0x0000000080000000,0x00000000a8b7c168,0x00000000ac200000)
 Metaspace       used 87709K, committed 89408K, reserved 1179648K
  class space    used 8872K, committed 9728K, reserved 1048576K
}
Event: 19474.917 GC heap before
{Heap before GC invocations=1169 (full 5):
 PSYoungGen      total 23552K, used 23200K [0x00000000d5580000, 0x00000000d7580000, 0x0000000100000000)
  eden space 22016K, 100% used [0x00000000d5580000,0x00000000d6b00000,0x00000000d6b00000)
  from space 1536K, 77% used [0x00000000d6f00000,0x00000000d7028000,0x00000000d7080000)
  to   space 2560K, 0% used [0x00000000d7300000,0x00000000d7300000,0x00000000d7580000)
 ParOldGen       total 722944K, used 667120K [0x0000000080000000, 0x00000000ac200000, 0x00000000d5580000)
  object space 722944K, 92% used [0x0000000080000000,0x00000000a8b7c168,0x00000000ac200000)
 Metaspace       used 87713K, committed 89408K, reserved 1179648K
  class space    used 8872K, committed 9728K, reserved 1048576K
}
Event: 19474.928 GC heap after
{Heap after GC invocations=1169 (full 5):
 PSYoungGen      total 23552K, used 1076K [0x00000000d5580000, 0x00000000d7480000, 0x0000000100000000)
  eden space 22016K, 0% used [0x00000000d5580000,0x00000000d5580000,0x00000000d6b00000)
  from space 1536K, 70% used [0x00000000d7300000,0x00000000d740d220,0x00000000d7480000)
  to   space 1536K, 0% used [0x00000000d6f00000,0x00000000d6f00000,0x00000000d7080000)
 ParOldGen       total 722944K, used 668218K [0x0000000080000000, 0x00000000ac200000, 0x00000000d5580000)
  object space 722944K, 92% used [0x0000000080000000,0x00000000a8c8e968,0x00000000ac200000)
 Metaspace       used 87713K, committed 89408K, reserved 1179648K
  class space    used 8872K, committed 9728K, reserved 1048576K
}
Event: 81039.860 GC heap before
{Heap before GC invocations=1170 (full 5):
 PSYoungGen      total 23552K, used 23092K [0x00000000d5580000, 0x00000000d7480000, 0x0000000100000000)
  eden space 22016K, 100% used [0x00000000d5580000,0x00000000d6b00000,0x00000000d6b00000)
  from space 1536K, 70% used [0x00000000d7300000,0x00000000d740d220,0x00000000d7480000)
  to   space 1536K, 0% used [0x00000000d6f00000,0x00000000d6f00000,0x00000000d7080000)
 ParOldGen       total 722944K, used 668218K [0x0000000080000000, 0x00000000ac200000, 0x00000000d5580000)
  object space 722944K, 92% used [0x0000000080000000,0x00000000a8c8e968,0x00000000ac200000)
 Metaspace       used 87731K, committed 89408K, reserved 1179648K
  class space    used 8872K, committed 9728K, reserved 1048576K
}
Event: 81040.141 GC heap after
{Heap after GC invocations=1170 (full 5):
 PSYoungGen      total 23552K, used 960K [0x00000000d5580000, 0x00000000d7380000, 0x0000000100000000)
  eden space 22016K, 0% used [0x00000000d5580000,0x00000000d5580000,0x00000000d6b00000)
  from space 1536K, 62% used [0x00000000d6f00000,0x00000000d6ff0000,0x00000000d7080000)
  to   space 1536K, 0% used [0x00000000d7200000,0x00000000d7200000,0x00000000d7380000)
 ParOldGen       total 722944K, used 669086K [0x0000000080000000, 0x00000000ac200000, 0x00000000d5580000)
  object space 722944K, 92% used [0x0000000080000000,0x00000000a8d67bd8,0x00000000ac200000)
 Metaspace       used 87731K, committed 89408K, reserved 1179648K
  class space    used 8872K, committed 9728K, reserved 1048576K
}

Dll operation events (12 events):
Event: 0.127 Loaded shared library c:\Users\ramir\.vscode\extensions\redhat.java-1.50.0-win32-x64\jre\21.0.9-win32-x86_64\bin\java.dll
Event: 0.383 Loaded shared library c:\Users\ramir\.vscode\extensions\redhat.java-1.50.0-win32-x64\jre\21.0.9-win32-x86_64\bin\zip.dll
Event: 0.432 Loaded shared library C:\Users\ramir\.vscode\extensions\redhat.java-1.50.0-win32-x64\jre\21.0.9-win32-x86_64\bin\instrument.dll
Event: 0.446 Loaded shared library C:\Users\ramir\.vscode\extensions\redhat.java-1.50.0-win32-x64\jre\21.0.9-win32-x86_64\bin\net.dll
Event: 0.457 Loaded shared library C:\Users\ramir\.vscode\extensions\redhat.java-1.50.0-win32-x64\jre\21.0.9-win32-x86_64\bin\nio.dll
Event: 0.463 Loaded shared library C:\Users\ramir\.vscode\extensions\redhat.java-1.50.0-win32-x64\jre\21.0.9-win32-x86_64\bin\zip.dll
Event: 0.539 Loaded shared library C:\Users\ramir\.vscode\extensions\redhat.java-1.50.0-win32-x64\jre\21.0.9-win32-x86_64\bin\jimage.dll
Event: 0.770 Loaded shared library c:\Users\ramir\.vscode\extensions\redhat.java-1.50.0-win32-x64\jre\21.0.9-win32-x86_64\bin\verify.dll
Event: 24.322 Loaded shared library C:\Users\ramir\AppData\Roaming\Code\User\globalStorage\redhat.java\1.50.0\config_win\org.eclipse.equinox.launcher\org.eclipse.equinox.launcher.win32.win32.x86_64_1.2.1400.v20250801-0854\eclipse_11916.dll
Event: 59.841 Loaded shared library C:\Users\ramir\AppData\Local\Temp\jna-108279239\jna5070531898988240433.dll
Event: 64.094 Loaded shared library C:\Users\ramir\.vscode\extensions\redhat.java-1.50.0-win32-x64\jre\21.0.9-win32-x86_64\bin\sunmscapi.dll
Event: 65.375 Loaded shared library C:\Users\ramir\.vscode\extensions\redhat.java-1.50.0-win32-x64\jre\21.0.9-win32-x86_64\bin\extnet.dll

Deoptimization events (20 events):
Event: 18769.327 Thread 0x0000027c6d076990 Uncommon trap: trap_request=0xffffffde fr.pc=0x0000027c18292f28 relative=0x0000000000000088
Event: 18769.327 Thread 0x0000027c6d076990 Uncommon trap: reason=class_check action=maybe_recompile pc=0x0000027c18292f28 method=org.eclipse.jdt.internal.codeassist.select.SelectionParser.resumeAfterRecovery()I @ 11 c2
Event: 18769.327 Thread 0x0000027c6d076990 DEOPT PACKING pc=0x0000027c18292f28 sp=0x000000c1f4bfe800
Event: 18769.328 Thread 0x0000027c6d076990 DEOPT UNPACKING pc=0x0000027c17613aa2 sp=0x000000c1f4bfe790 mode 2
Event: 19474.835 Thread 0x0000027c6e6cb470 DEOPT PACKING pc=0x0000027c12eebc86 sp=0x000000c1f87fd430
Event: 19474.839 Thread 0x0000027c6e6cb470 DEOPT UNPACKING pc=0x0000027c17614242 sp=0x000000c1f87fc920 mode 0
Event: 19772.789 Thread 0x0000027c6d079780 Uncommon trap: trap_request=0xffffff45 fr.pc=0x0000027c18ac7da8 relative=0x00000000000002a8
Event: 19772.789 Thread 0x0000027c6d079780 Uncommon trap: reason=unstable_if action=reinterpret pc=0x0000027c18ac7da8 method=org.eclipse.core.internal.dtree.DeltaDataTree.getData(Lorg/eclipse/core/runtime/IPath;)Ljava/lang/Object; @ 56 c2
Event: 19772.789 Thread 0x0000027c6d079780 DEOPT PACKING pc=0x0000027c18ac7da8 sp=0x000000c1f81fe9f0
Event: 19772.789 Thread 0x0000027c6d079780 DEOPT UNPACKING pc=0x0000027c17613aa2 sp=0x000000c1f81fe988 mode 2
Event: 81092.024 Thread 0x0000027c6e6c93a0 DEOPT PACKING pc=0x0000027c121e88c3 sp=0x000000c1f4bfe230
Event: 81092.026 Thread 0x0000027c6e6c93a0 DEOPT UNPACKING pc=0x0000027c17614242 sp=0x000000c1f4bfd718 mode 0
Event: 94988.039 Thread 0x0000027c6cd9c6b0 Uncommon trap: trap_request=0xffffffd6 fr.pc=0x0000027c1901453c relative=0x00000000000002fc
Event: 94988.039 Thread 0x0000027c6cd9c6b0 Uncommon trap: reason=array_check action=maybe_recompile pc=0x0000027c1901453c method=java.util.concurrent.ScheduledThreadPoolExecutor$DelayedWorkQueue.offer(Ljava/lang/Runnable;)Z @ 65 c2
Event: 94988.039 Thread 0x0000027c6cd9c6b0 DEOPT PACKING pc=0x0000027c1901453c sp=0x000000c1f7ffee60
Event: 94988.042 Thread 0x0000027c6cd9c6b0 DEOPT UNPACKING pc=0x0000027c17613aa2 sp=0x000000c1f7ffed00 mode 2
Event: 94998.042 Thread 0x0000027c6cd9c6b0 Uncommon trap: trap_request=0xffffffd6 fr.pc=0x0000027c1901453c relative=0x00000000000002fc
Event: 94998.042 Thread 0x0000027c6cd9c6b0 Uncommon trap: reason=array_check action=maybe_recompile pc=0x0000027c1901453c method=java.util.concurrent.ScheduledThreadPoolExecutor$DelayedWorkQueue.offer(Ljava/lang/Runnable;)Z @ 65 c2
Event: 94998.042 Thread 0x0000027c6cd9c6b0 DEOPT PACKING pc=0x0000027c1901453c sp=0x000000c1f7ffee60
Event: 94998.045 Thread 0x0000027c6cd9c6b0 DEOPT UNPACKING pc=0x0000027c17613aa2 sp=0x000000c1f7ffed00 mode 2

Classes loaded (20 events):
Event: 2922.395 Loading class jdk/internal/module/IllegalAccessLogger
Event: 2922.395 Loading class jdk/internal/module/IllegalAccessLogger done
Event: 2924.878 Loading class jdk/internal/module/IllegalAccessLogger
Event: 2924.878 Loading class jdk/internal/module/IllegalAccessLogger done
Event: 2925.753 Loading class jdk/internal/module/IllegalAccessLogger
Event: 2925.753 Loading class jdk/internal/module/IllegalAccessLogger done
Event: 16826.678 Loading class jdk/internal/module/IllegalAccessLogger
Event: 16826.679 Loading class jdk/internal/module/IllegalAccessLogger done
Event: 16874.201 Loading class jdk/internal/module/IllegalAccessLogger
Event: 16874.201 Loading class jdk/internal/module/IllegalAccessLogger done
Event: 16877.970 Loading class jdk/internal/module/IllegalAccessLogger
Event: 16877.970 Loading class jdk/internal/module/IllegalAccessLogger done
Event: 16881.730 Loading class jdk/internal/module/IllegalAccessLogger
Event: 16881.730 Loading class jdk/internal/module/IllegalAccessLogger done
Event: 18191.234 Loading class jdk/internal/module/IllegalAccessLogger
Event: 18191.235 Loading class jdk/internal/module/IllegalAccessLogger done
Event: 18735.090 Loading class jdk/internal/module/IllegalAccessLogger
Event: 18735.091 Loading class jdk/internal/module/IllegalAccessLogger done
Event: 19473.311 Loading class jdk/internal/module/IllegalAccessLogger
Event: 19473.318 Loading class jdk/internal/module/IllegalAccessLogger done

Classes unloaded (20 events):
Event: 3317.686 Thread 0x0000027c23924530 Unloading class 0x0000027c25016400 'java/lang/invoke/LambdaForm$MH+0x0000027c25016400'
Event: 3317.686 Thread 0x0000027c23924530 Unloading class 0x0000027c2500d800 'java/lang/invoke/LambdaForm$MH+0x0000027c2500d800'
Event: 3317.686 Thread 0x0000027c23924530 Unloading class 0x0000027c2500d400 'java/lang/invoke/LambdaForm$MH+0x0000027c2500d400'
Event: 3317.686 Thread 0x0000027c23924530 Unloading class 0x0000027c2500d000 'java/lang/invoke/LambdaForm$MH+0x0000027c2500d000'
Event: 3317.686 Thread 0x0000027c23924530 Unloading class 0x0000027c2500cc00 'java/lang/invoke/LambdaForm$MH+0x0000027c2500cc00'
Event: 3317.686 Thread 0x0000027c23924530 Unloading class 0x0000027c2500c800 'java/lang/invoke/LambdaForm$BMH+0x0000027c2500c800'
Event: 3317.686 Thread 0x0000027c23924530 Unloading class 0x0000027c2500c000 'java/lang/invoke/LambdaForm$DMH+0x0000027c2500c000'
Event: 3317.686 Thread 0x0000027c23924530 Unloading class 0x0000027c25008c00 'java/lang/invoke/LambdaForm$MH+0x0000027c25008c00'
Event: 3317.687 Thread 0x0000027c23924530 Unloading class 0x0000027c25008800 'java/lang/invoke/LambdaForm$MH+0x0000027c25008800'
Event: 3317.687 Thread 0x0000027c23924530 Unloading class 0x0000027c25008400 'java/lang/invoke/LambdaForm$MH+0x0000027c25008400'
Event: 3317.687 Thread 0x0000027c23924530 Unloading class 0x0000027c25007000 'java/lang/invoke/LambdaForm$MH+0x0000027c25007000'
Event: 3317.687 Thread 0x0000027c23924530 Unloading class 0x0000027c25006800 'java/lang/invoke/LambdaForm$MH+0x0000027c25006800'
Event: 3317.687 Thread 0x0000027c23924530 Unloading class 0x0000027c25006400 'java/lang/invoke/LambdaForm$MH+0x0000027c25006400'
Event: 3317.687 Thread 0x0000027c23924530 Unloading class 0x0000027c25006000 'java/lang/invoke/LambdaForm$MH+0x0000027c25006000'
Event: 3317.687 Thread 0x0000027c23924530 Unloading class 0x0000027c25005c00 'java/lang/invoke/LambdaForm$BMH+0x0000027c25005c00'
Event: 3317.687 Thread 0x0000027c23924530 Unloading class 0x0000027c25004800 'java/lang/invoke/LambdaForm$DMH+0x0000027c25004800'
Event: 3317.687 Thread 0x0000027c23924530 Unloading class 0x0000027c25002800 'java/lang/invoke/LambdaForm$MH+0x0000027c25002800'
Event: 3317.687 Thread 0x0000027c23924530 Unloading class 0x0000027c25002400 'java/lang/invoke/LambdaForm$MH+0x0000027c25002400'
Event: 3317.687 Thread 0x0000027c23924530 Unloading class 0x0000027c25002000 'java/lang/invoke/LambdaForm$MH+0x0000027c25002000'
Event: 3317.687 Thread 0x0000027c23924530 Unloading class 0x0000027c25001800 'java/lang/invoke/LambdaForm$MH+0x0000027c25001800'

Classes redefined (0 events):
No events

Internal exceptions (20 events):
Event: 16874.272 Thread 0x0000027c6e6c8d10 Exception <a 'java/lang/NoSuchMethodError'{0x00000000d55a8170}: 'void java.lang.invoke.DirectMethodHandle$Holder.invokeVirtual(java.lang.Object, java.lang.Object, java.lang.Object, java.lang.Object, java.lang.Object)'> (0x00000000d55a8170) 
thrown [s\src\hotspot\share\interpreter\linkResolver.cpp, line 773]
Event: 16877.927 Thread 0x0000027c6c16a130 Exception <a 'sun/nio/fs/WindowsException'{0x00000000d56828f0}> (0x00000000d56828f0) 
thrown [s\src\hotspot\share\prims\jni.cpp, line 520]
Event: 16878.789 Thread 0x0000027c6c16a130 Exception <a 'sun/nio/fs/WindowsException'{0x00000000d55f6480}> (0x00000000d55f6480) 
thrown [s\src\hotspot\share\prims\jni.cpp, line 520]
Event: 16881.575 Thread 0x0000027c6c16a130 Exception <a 'sun/nio/fs/WindowsException'{0x00000000d56eb288}> (0x00000000d56eb288) 
thrown [s\src\hotspot\share\prims\jni.cpp, line 520]
Event: 16882.061 Thread 0x0000027c6c16a130 Exception <a 'sun/nio/fs/WindowsException'{0x00000000d5587af0}> (0x00000000d5587af0) 
thrown [s\src\hotspot\share\prims\jni.cpp, line 520]
Event: 17126.254 Thread 0x0000027c6d075c70 Exception <a 'sun/nio/fs/WindowsException'{0x00000000d56d76c8}> (0x00000000d56d76c8) 
thrown [s\src\hotspot\share\prims\jni.cpp, line 520]
Event: 17126.256 Thread 0x0000027c6d075c70 Exception <a 'sun/nio/fs/WindowsException'{0x00000000d56d8218}> (0x00000000d56d8218) 
thrown [s\src\hotspot\share\prims\jni.cpp, line 520]
Event: 18190.777 Thread 0x0000027c6c16a130 Exception <a 'sun/nio/fs/WindowsException'{0x00000000d5766468}> (0x00000000d5766468) 
thrown [s\src\hotspot\share\prims\jni.cpp, line 520]
Event: 18191.187 Thread 0x0000027c6c16a130 Exception <a 'sun/nio/fs/WindowsException'{0x00000000d59e61e0}> (0x00000000d59e61e0) 
thrown [s\src\hotspot\share\prims\jni.cpp, line 520]
Event: 18490.604 Thread 0x0000027c6d079e10 Exception <a 'sun/nio/fs/WindowsException'{0x00000000d5b14c00}> (0x00000000d5b14c00) 
thrown [s\src\hotspot\share\prims\jni.cpp, line 520]
Event: 18490.606 Thread 0x0000027c6d079e10 Exception <a 'sun/nio/fs/WindowsException'{0x00000000d5b15500}> (0x00000000d5b15500) 
thrown [s\src\hotspot\share\prims\jni.cpp, line 520]
Event: 18734.265 Thread 0x0000027c6d076990 Implicit null exception at 0x0000027c183e4635 to 0x0000027c183e48a8
Event: 18734.874 Thread 0x0000027c6c16a130 Exception <a 'sun/nio/fs/WindowsException'{0x00000000d5660528}> (0x00000000d5660528) 
thrown [s\src\hotspot\share\prims\jni.cpp, line 520]
Event: 18735.424 Thread 0x0000027c6c16a130 Exception <a 'sun/nio/fs/WindowsException'{0x00000000d5cbb278}> (0x00000000d5cbb278) 
thrown [s\src\hotspot\share\prims\jni.cpp, line 520]
Event: 19034.905 Thread 0x0000027c6d075c70 Exception <a 'sun/nio/fs/WindowsException'{0x00000000d603c618}> (0x00000000d603c618) 
thrown [s\src\hotspot\share\prims\jni.cpp, line 520]
Event: 19034.907 Thread 0x0000027c6d075c70 Exception <a 'sun/nio/fs/WindowsException'{0x00000000d603cee0}> (0x00000000d603cee0) 
thrown [s\src\hotspot\share\prims\jni.cpp, line 520]
Event: 19472.721 Thread 0x0000027c6c16a130 Exception <a 'sun/nio/fs/WindowsException'{0x00000000d647b270}> (0x00000000d647b270) 
thrown [s\src\hotspot\share\prims\jni.cpp, line 520]
Event: 19473.350 Thread 0x0000027c6c16a130 Exception <a 'sun/nio/fs/WindowsException'{0x00000000d5c960f0}> (0x00000000d5c960f0) 
thrown [s\src\hotspot\share\prims\jni.cpp, line 520]
Event: 19772.692 Thread 0x0000027c6d079780 Exception <a 'sun/nio/fs/WindowsException'{0x00000000d5fdc108}> (0x00000000d5fdc108) 
thrown [s\src\hotspot\share\prims\jni.cpp, line 520]
Event: 19772.694 Thread 0x0000027c6d079780 Exception <a 'sun/nio/fs/WindowsException'{0x00000000d5fdc9d0}> (0x00000000d5fdc9d0) 
thrown [s\src\hotspot\share\prims\jni.cpp, line 520]

ZGC Phase Switch (0 events):
No events

VM Operations (20 events):
Event: 151242.856 Executing VM operation: HandshakeAllThreads (HandshakeForDeflation)
Event: 151242.864 Executing VM operation: HandshakeAllThreads (HandshakeForDeflation) done
Event: 151242.864 Executing VM operation: RendezvousGCThreads
Event: 151242.865 Executing VM operation: RendezvousGCThreads done
Event: 151303.059 Executing VM operation: HandshakeAllThreads (HandshakeForDeflation)
Event: 151303.065 Executing VM operation: HandshakeAllThreads (HandshakeForDeflation) done
Event: 151303.066 Executing VM operation: RendezvousGCThreads
Event: 151303.066 Executing VM operation: RendezvousGCThreads done
Event: 151363.162 Executing VM operation: HandshakeAllThreads (HandshakeForDeflation)
Event: 151363.179 Executing VM operation: HandshakeAllThreads (HandshakeForDeflation) done
Event: 151363.182 Executing VM operation: RendezvousGCThreads
Event: 151363.182 Executing VM operation: RendezvousGCThreads done
Event: 151423.369 Executing VM operation: HandshakeAllThreads (HandshakeForDeflation)
Event: 151423.376 Executing VM operation: HandshakeAllThreads (HandshakeForDeflation) done
Event: 151423.376 Executing VM operation: RendezvousGCThreads
Event: 151423.377 Executing VM operation: RendezvousGCThreads done
Event: 151483.413 Executing VM operation: HandshakeAllThreads (HandshakeForDeflation)
Event: 151483.417 Executing VM operation: HandshakeAllThreads (HandshakeForDeflation) done
Event: 151483.417 Executing VM operation: RendezvousGCThreads
Event: 151483.417 Executing VM operation: RendezvousGCThreads done

Memory protections (0 events):
No events

Nmethod flushes (20 events):
Event: 3318.491 Thread 0x0000027c23924530 flushing  nmethod 0x0000027c1218be10
Event: 3318.491 Thread 0x0000027c23924530 flushing  nmethod 0x0000027c12195990
Event: 3318.492 Thread 0x0000027c23924530 flushing osr nmethod 0x0000027c121b0490
Event: 3318.492 Thread 0x0000027c23924530 flushing  nmethod 0x0000027c121c8410
Event: 3318.492 Thread 0x0000027c23924530 flushing osr nmethod 0x0000027c121cfe10
Event: 3318.492 Thread 0x0000027c23924530 flushing  nmethod 0x0000027c1220ea10
Event: 3318.492 Thread 0x0000027c23924530 flushing osr nmethod 0x0000027c1221ed10
Event: 3318.492 Thread 0x0000027c23924530 flushing  nmethod 0x0000027c12221810
Event: 3318.492 Thread 0x0000027c23924530 flushing  nmethod 0x0000027c12232890
Event: 3318.492 Thread 0x0000027c23924530 flushing  nmethod 0x0000027c12238290
Event: 3318.492 Thread 0x0000027c23924530 flushing  nmethod 0x0000027c1223fc90
Event: 3318.492 Thread 0x0000027c23924530 flushing  nmethod 0x0000027c12242f90
Event: 3318.493 Thread 0x0000027c23924530 flushing  nmethod 0x0000027c12265e10
Event: 3318.493 Thread 0x0000027c23924530 flushing  nmethod 0x0000027c122afc10
Event: 3318.493 Thread 0x0000027c23924530 flushing osr nmethod 0x0000027c122ca890
Event: 3318.493 Thread 0x0000027c23924530 flushing  nmethod 0x0000027c122feb10
Event: 3318.493 Thread 0x0000027c23924530 flushing  nmethod 0x0000027c12333d10
Event: 3318.493 Thread 0x0000027c23924530 flushing  nmethod 0x0000027c1236e190
Event: 3318.493 Thread 0x0000027c23924530 flushing  nmethod 0x0000027c123a7910
Event: 3318.493 Thread 0x0000027c23924530 flushing  nmethod 0x0000027c123a8090

Events (20 events):
Event: 57171.175 Thread 0x0000027c6e6c8680 Thread exited: 0x0000027c6e6c8680
Event: 57231.176 Thread 0x0000027c6e6c7ff0 Thread exited: 0x0000027c6e6c7ff0
Event: 81039.609 Thread 0x0000027c6cd9d3d0 Thread added: 0x0000027c6e6c7ff0
Event: 81045.829 Thread 0x0000027c6cd9d3d0 Thread added: 0x0000027c6e6c93a0
Event: 81045.840 Thread 0x0000027c6cd9d3d0 Thread added: 0x0000027c6e6cbb00
Event: 81173.484 Thread 0x0000027c6e6c93a0 Thread exited: 0x0000027c6e6c93a0
Event: 81233.487 Thread 0x0000027c6e6cbb00 Thread exited: 0x0000027c6e6cbb00
Event: 81293.502 Thread 0x0000027c6e6c7ff0 Thread exited: 0x0000027c6e6c7ff0
Event: 126743.787 Thread 0x0000027c6cd9d3d0 Thread added: 0x0000027c6e6c93a0
Event: 126744.004 Thread 0x0000027c6cd9d3d0 Thread added: 0x0000027c6e6c9a30
Event: 130284.946 Thread 0x0000027c6e6c9a30 Thread exited: 0x0000027c6e6c9a30
Event: 142500.889 Thread 0x0000027c6e6c93a0 Thread exited: 0x0000027c6e6c93a0
Event: 142540.753 Thread 0x0000027c6cd9d3d0 Thread added: 0x0000027c6e6c7ff0
Event: 142540.820 Thread 0x0000027c6cd9d3d0 Thread added: 0x0000027c6e6cade0
Event: 142602.546 Thread 0x0000027c6e6cade0 Thread exited: 0x0000027c6e6cade0
Event: 142662.554 Thread 0x0000027c6e6c7ff0 Thread exited: 0x0000027c6e6c7ff0
Event: 148035.353 Thread 0x0000027c6cd9d3d0 Thread added: 0x0000027c6e6c8d10
Event: 148035.382 Thread 0x0000027c6cd9d3d0 Thread added: 0x0000027c6e6c9a30
Event: 148095.896 Thread 0x0000027c6e6c9a30 Thread exited: 0x0000027c6e6c9a30
Event: 148155.912 Thread 0x0000027c6e6c8d10 Thread exited: 0x0000027c6e6c8d10


Dynamic libraries:
0x00007ff6b51d0000 - 0x00007ff6b51de000 	c:\Users\ramir\.vscode\extensions\redhat.java-1.50.0-win32-x64\jre\21.0.9-win32-x86_64\bin\java.exe
0x00007ffc2fa60000 - 0x00007ffc2fcc8000 	C:\WINDOWS\SYSTEM32\ntdll.dll
0x00007ffc2edf0000 - 0x00007ffc2eeb9000 	C:\WINDOWS\System32\KERNEL32.DLL
0x00007ffc2cea0000 - 0x00007ffc2d298000 	C:\WINDOWS\System32\KERNELBASE.dll
0x00007ffc2d3e0000 - 0x00007ffc2d52b000 	C:\WINDOWS\System32\ucrtbase.dll
0x00007ffbd4180000 - 0x00007ffbd4198000 	c:\Users\ramir\.vscode\extensions\redhat.java-1.50.0-win32-x64\jre\21.0.9-win32-x86_64\bin\jli.dll
0x00007ffc2ef70000 - 0x00007ffc2f137000 	C:\WINDOWS\System32\USER32.dll
0x00007ffc2d6a0000 - 0x00007ffc2d6c7000 	C:\WINDOWS\System32\win32u.dll
0x00007ffc2dd30000 - 0x00007ffc2dd5b000 	C:\WINDOWS\System32\GDI32.dll
0x00007ffc2d6d0000 - 0x00007ffc2d7fc000 	C:\WINDOWS\System32\gdi32full.dll
0x00007ffc2d530000 - 0x00007ffc2d5d3000 	C:\WINDOWS\System32\msvcp_win.dll
0x00007ffbd1310000 - 0x00007ffbd132e000 	c:\Users\ramir\.vscode\extensions\redhat.java-1.50.0-win32-x64\jre\21.0.9-win32-x86_64\bin\VCRUNTIME140.dll
0x00007ffc11a60000 - 0x00007ffc11cf4000 	C:\WINDOWS\WinSxS\amd64_microsoft.windows.common-controls_6595b64144ccf1df_6.0.26100.7019_none_3e06ffa0e335b8a8\COMCTL32.dll
0x00007ffc2f710000 - 0x00007ffc2f7b9000 	C:\WINDOWS\System32\msvcrt.dll
0x00007ffc2f6c0000 - 0x00007ffc2f6f1000 	C:\WINDOWS\System32\IMM32.DLL
0x00007ffc26c20000 - 0x00007ffc26c2c000 	c:\Users\ramir\.vscode\extensions\redhat.java-1.50.0-win32-x64\jre\21.0.9-win32-x86_64\bin\vcruntime140_1.dll
0x00007ffb8dee0000 - 0x00007ffb8df6d000 	c:\Users\ramir\.vscode\extensions\redhat.java-1.50.0-win32-x64\jre\21.0.9-win32-x86_64\bin\msvcp140.dll
0x00007ffb5b150000 - 0x00007ffb5bef0000 	c:\Users\ramir\.vscode\extensions\redhat.java-1.50.0-win32-x64\jre\21.0.9-win32-x86_64\bin\server\jvm.dll
0x00007ffc2da10000 - 0x00007ffc2dac4000 	C:\WINDOWS\System32\ADVAPI32.dll
0x00007ffc2f940000 - 0x00007ffc2f9e6000 	C:\WINDOWS\System32\sechost.dll
0x00007ffc2e6e0000 - 0x00007ffc2e7f8000 	C:\WINDOWS\System32\RPCRT4.dll
0x00007ffc2f7c0000 - 0x00007ffc2f834000 	C:\WINDOWS\System32\WS2_32.dll
0x00007ffc2c870000 - 0x00007ffc2c8ce000 	C:\WINDOWS\SYSTEM32\POWRPROF.dll
0x00007ffc1f5e0000 - 0x00007ffc1f615000 	C:\WINDOWS\SYSTEM32\WINMM.dll
0x00007ffc23230000 - 0x00007ffc2323b000 	C:\WINDOWS\SYSTEM32\VERSION.dll
0x00007ffc2c850000 - 0x00007ffc2c864000 	C:\WINDOWS\SYSTEM32\UMPDC.dll
0x00007ffc2b930000 - 0x00007ffc2b94b000 	C:\WINDOWS\SYSTEM32\kernel.appcore.dll
0x00007ffc22f50000 - 0x00007ffc22f5a000 	c:\Users\ramir\.vscode\extensions\redhat.java-1.50.0-win32-x64\jre\21.0.9-win32-x86_64\bin\jimage.dll
0x00007ffc2a2c0000 - 0x00007ffc2a502000 	C:\WINDOWS\SYSTEM32\DBGHELP.DLL
0x00007ffc2e800000 - 0x00007ffc2eb8b000 	C:\WINDOWS\System32\combase.dll
0x00007ffc2dc40000 - 0x00007ffc2dd17000 	C:\WINDOWS\System32\OLEAUT32.dll
0x00007ffc0e060000 - 0x00007ffc0e09c000 	C:\WINDOWS\SYSTEM32\dbgcore.DLL
0x00007ffc2d2a0000 - 0x00007ffc2d345000 	C:\WINDOWS\System32\bcryptPrimitives.dll
0x00007ffc12ad0000 - 0x00007ffc12adf000 	c:\Users\ramir\.vscode\extensions\redhat.java-1.50.0-win32-x64\jre\21.0.9-win32-x86_64\bin\instrument.dll
0x00007ffbd0920000 - 0x00007ffbd0940000 	c:\Users\ramir\.vscode\extensions\redhat.java-1.50.0-win32-x64\jre\21.0.9-win32-x86_64\bin\java.dll
0x00007ffc2dd60000 - 0x00007ffc2e4af000 	C:\WINDOWS\System32\SHELL32.dll
0x00007ffc2cd30000 - 0x00007ffc2ce9b000 	C:\WINDOWS\System32\wintypes.dll
0x00007ffc2a7b0000 - 0x00007ffc2b00d000 	C:\WINDOWS\SYSTEM32\windows.storage.dll
0x00007ffc2f840000 - 0x00007ffc2f932000 	C:\WINDOWS\System32\SHCORE.dll
0x00007ffc2f650000 - 0x00007ffc2f6b7000 	C:\WINDOWS\System32\shlwapi.dll
0x00007ffc2cad0000 - 0x00007ffc2caf9000 	C:\WINDOWS\SYSTEM32\profapi.dll
0x00007ffbd0710000 - 0x00007ffbd0728000 	c:\Users\ramir\.vscode\extensions\redhat.java-1.50.0-win32-x64\jre\21.0.9-win32-x86_64\bin\zip.dll
0x00007ffc0f410000 - 0x00007ffc0f420000 	C:\Users\ramir\.vscode\extensions\redhat.java-1.50.0-win32-x64\jre\21.0.9-win32-x86_64\bin\net.dll
0x00007ffc22490000 - 0x00007ffc225b8000 	C:\WINDOWS\SYSTEM32\WINHTTP.dll
0x00007ffc2be90000 - 0x00007ffc2befb000 	C:\WINDOWS\system32\mswsock.dll
0x00007ffbd0060000 - 0x00007ffbd0076000 	C:\Users\ramir\.vscode\extensions\redhat.java-1.50.0-win32-x64\jre\21.0.9-win32-x86_64\bin\nio.dll
0x00007ffbfd250000 - 0x00007ffbfd260000 	c:\Users\ramir\.vscode\extensions\redhat.java-1.50.0-win32-x64\jre\21.0.9-win32-x86_64\bin\verify.dll
0x00007ffb8bdd0000 - 0x00007ffb8be14000 	C:\Users\ramir\AppData\Roaming\Code\User\globalStorage\redhat.java\1.50.0\config_win\org.eclipse.equinox.launcher\org.eclipse.equinox.launcher.win32.win32.x86_64_1.2.1400.v20250801-0854\eclipse_11916.dll
0x00007ffc2e4c0000 - 0x00007ffc2e657000 	C:\WINDOWS\System32\ole32.dll
0x00007ffc2c1a0000 - 0x00007ffc2c1bb000 	C:\WINDOWS\SYSTEM32\CRYPTSP.dll
0x00007ffc2b890000 - 0x00007ffc2b8ca000 	C:\WINDOWS\system32\rsaenh.dll
0x00007ffc2bf50000 - 0x00007ffc2bf7b000 	C:\WINDOWS\SYSTEM32\USERENV.dll
0x00007ffc2caa0000 - 0x00007ffc2caca000 	C:\WINDOWS\SYSTEM32\bcrypt.dll
0x00007ffc2c1c0000 - 0x00007ffc2c1cc000 	C:\WINDOWS\SYSTEM32\CRYPTBASE.dll
0x00007ffc2b3d0000 - 0x00007ffc2b404000 	C:\WINDOWS\SYSTEM32\IPHLPAPI.DLL
0x00007ffc2f700000 - 0x00007ffc2f70a000 	C:\WINDOWS\System32\NSI.dll
0x00007ffbc35e0000 - 0x00007ffbc3629000 	C:\Users\ramir\AppData\Local\Temp\jna-108279239\jna5070531898988240433.dll
0x00007ffc2f630000 - 0x00007ffc2f638000 	C:\WINDOWS\System32\PSAPI.DLL
0x00007ffc22640000 - 0x00007ffc2265e000 	C:\WINDOWS\SYSTEM32\dhcpcsvc6.DLL
0x00007ffc222c0000 - 0x00007ffc222e3000 	C:\WINDOWS\SYSTEM32\dhcpcsvc.DLL
0x00007ffbe23b0000 - 0x00007ffbe23be000 	C:\Users\ramir\.vscode\extensions\redhat.java-1.50.0-win32-x64\jre\21.0.9-win32-x86_64\bin\sunmscapi.dll
0x00007ffc2cbb0000 - 0x00007ffc2cd27000 	C:\WINDOWS\System32\CRYPT32.dll
0x00007ffc2c3c0000 - 0x00007ffc2c3f0000 	C:\WINDOWS\SYSTEM32\ncrypt.dll
0x00007ffc2c370000 - 0x00007ffc2c3af000 	C:\WINDOWS\SYSTEM32\NTASN1.dll
0x00007ffc2b410000 - 0x00007ffc2b53c000 	C:\WINDOWS\SYSTEM32\DNSAPI.dll
0x00007ffc15da0000 - 0x00007ffc15dab000 	C:\Windows\System32\rasadhlp.dll
0x00007ffc217f0000 - 0x00007ffc21876000 	C:\WINDOWS\System32\fwpuclnt.dll
0x00007ffbe1af0000 - 0x00007ffbe1af9000 	C:\Users\ramir\.vscode\extensions\redhat.java-1.50.0-win32-x64\jre\21.0.9-win32-x86_64\bin\extnet.dll

JVMTI agents:
c:\Users\ramir\.vscode\extensions\redhat.java-1.50.0-win32-x64\lombok\lombok-1.18.39-4050.jar path:c:\Users\ramir\.vscode\extensions\redhat.java-1.50.0-win32-x64\jre\21.0.9-win32-x86_64\bin\instrument.dll, loaded, initialized, instrumentlib options:none

dbghelp: loaded successfully - version: 4.0.5 - missing functions: none
symbol engine: initialized successfully - sym options: 0x614 - pdb path: .;c:\Users\ramir\.vscode\extensions\redhat.java-1.50.0-win32-x64\jre\21.0.9-win32-x86_64\bin;C:\WINDOWS\SYSTEM32;C:\WINDOWS\WinSxS\amd64_microsoft.windows.common-controls_6595b64144ccf1df_6.0.26100.7019_none_3e06ffa0e335b8a8;c:\Users\ramir\.vscode\extensions\redhat.java-1.50.0-win32-x64\jre\21.0.9-win32-x86_64\bin\server;C:\Users\ramir\AppData\Roaming\Code\User\globalStorage\redhat.java\1.50.0\config_win\org.eclipse.equinox.launcher\org.eclipse.equinox.launcher.win32.win32.x86_64_1.2.1400.v20250801-0854;C:\Users\ramir\AppData\Local\Temp\jna-108279239

VM Arguments:
jvm_args: --add-modules=ALL-SYSTEM --add-opens=java.base/java.util=ALL-UNNAMED --add-opens=java.base/java.lang=ALL-UNNAMED --add-opens=java.base/sun.nio.fs=ALL-UNNAMED -Declipse.application=org.eclipse.jdt.ls.core.id1 -Dosgi.bundles.defaultStartLevel=4 -Declipse.product=org.eclipse.jdt.ls.core.product -Djava.import.generatesMetadataFilesAtProjectRoot=false -DDetectVMInstallationsJob.disabled=true -Dfile.encoding=utf8 -XX:+UseParallelGC -XX:GCTimeRatio=4 -XX:AdaptiveSizePolicyWeight=90 -Dsun.zip.disableMemoryMapping=true -Xmx2G -Xms100m -Xlog:disable -javaagent:c:\Users\ramir\.vscode\extensions\redhat.java-1.50.0-win32-x64\lombok\lombok-1.18.39-4050.jar -XX:+HeapDumpOnOutOfMemoryError -XX:HeapDumpPath=c:\Users\ramir\AppData\Roaming\Code\User\workspaceStorage\46d5d728171aacb383eedf91ecaba8d8\redhat.java -Daether.dependencyCollector.impl=bf 
java_command: c:\Users\ramir\.vscode\extensions\redhat.java-1.50.0-win32-x64\server\plugins\org.eclipse.equinox.launcher_1.7.100.v20251111-0406.jar -configuration c:\Users\ramir\AppData\Roaming\Code\User\globalStorage\redhat.java\1.50.0\config_win -data c:\Users\ramir\AppData\Roaming\Code\User\workspaceStorage\46d5d728171aacb383eedf91ecaba8d8\redhat.java\jdt_ws --pipe=\\.\pipe\lsp-33a2cfa4730c5ff63a2f0877f4a23c94-sock
java_class_path (initial): c:\Users\ramir\.vscode\extensions\redhat.java-1.50.0-win32-x64\server\plugins\org.eclipse.equinox.launcher_1.7.100.v20251111-0406.jar
Launcher Type: SUN_STANDARD

[Global flags]
    uintx AdaptiveSizePolicyWeight                 = 90                                        {product} {command line}
     intx CICompilerCount                          = 4                                         {product} {ergonomic}
    uintx GCTimeRatio                              = 4                                         {product} {command line}
     bool HeapDumpOnOutOfMemoryError               = true                                   {manageable} {command line}
    ccstr HeapDumpPath                             = c:\Users\ramir\AppData\Roaming\Code\User\workspaceStorage\46d5d728171aacb383eedf91ecaba8d8\redhat.java         {manageable} {command line}
   size_t InitialHeapSize                          = 104857600                                 {product} {command line}
   size_t MaxHeapSize                              = 2147483648                                {product} {command line}
   size_t MaxNewSize                               = 715653120                                 {product} {ergonomic}
   size_t MinHeapDeltaBytes                        = 524288                                    {product} {ergonomic}
   size_t MinHeapSize                              = 104857600                                 {product} {command line}
   size_t NewSize                                  = 34603008                                  {product} {ergonomic}
    uintx NonNMethodCodeHeapSize                   = 5839372                                {pd product} {ergonomic}
    uintx NonProfiledCodeHeapSize                  = 122909434                              {pd product} {ergonomic}
   size_t OldSize                                  = 70254592                                  {product} {ergonomic}
    uintx ProfiledCodeHeapSize                     = 122909434                              {pd product} {ergonomic}
    uintx ReservedCodeCacheSize                    = 251658240                              {pd product} {ergonomic}
     bool SegmentedCodeCache                       = true                                      {product} {ergonomic}
   size_t SoftMaxHeapSize                          = 2147483648                             {manageable} {ergonomic}
     bool UseCompressedOops                        = true                           {product lp64_product} {ergonomic}
     bool UseLargePagesIndividualAllocation        = false                                  {pd product} {ergonomic}
     bool UseParallelGC                            = true                                      {product} {command line}

Logging:
Log output configuration:
 #0: stdout all=off uptime,level,tags foldmultilines=false
 #1: stderr all=off uptime,level,tags foldmultilines=false

Release file:
JAVA_VERSION="21.0.9" 
MODULES="java.base java.compiler java.datatransfer java.xml java.prefs java.desktop java.instrument java.logging java.management java.security.sasl java.naming java.rmi java.management.rmi java.net.http java.scripting java.security.jgss java.transaction.xa java.sql java.sql.rowset java.xml.crypto java.se java.smartcardio jdk.accessibility jdk.internal.jvmstat jdk.attach jdk.charsets jdk.internal.opt jdk.zipfs jdk.compiler jdk.crypto.ec jdk.crypto.cryptoki jdk.crypto.mscapi jdk.dynalink jdk.internal.ed jdk.editpad jdk.hotspot.agent jdk.httpserver jdk.internal.le jdk.internal.vm.ci jdk.internal.vm.compiler jdk.internal.vm.compiler.management jdk.jartool jdk.javadoc jdk.jcmd jdk.management jdk.management.agent jdk.jconsole jdk.jdeps jdk.jdwp.agent jdk.jdi jdk.jfr jdk.jshell jdk.jsobject jdk.jstatd jdk.localedata jdk.management.jfr jdk.naming.dns jdk.naming.rmi jdk.net jdk.nio.mapmode jdk.random jdk.sctp jdk.security.auth jdk.security.jgss jdk.unsupported jdk.unsupported.desktop jdk.xml.dom" 

Environment Variables:
PATH=C:\app\ramir\product\21c\dbhomeXE\bin;C:\Program Files\Common Files\Oracle\Java\javapath;C:\Program Files (x86)\Common Files\Oracle\Java\javapath;C:\Windows\system32;C:\Windows;C:\Windows\System32\Wbem;C:\Windows\System32\WindowsPowerShell\v1.0\;C:\Windows\System32\OpenSSH\;C:\Program Files (x86)\NVIDIA Corporation\PhysX\Common;C:\Program Files\NVIDIA Corporation\NVIDIA app\NvDLISR;C:\Program Files\Git\cmd;C:\Program Files\Microsoft SQL Server\Client SDK\ODBC\170\Tools\Binn\;C:\Program Files (x86)\Microsoft SQL Server\150\Tools\Binn\;C:\Program Files\Microsoft SQL Server\150\Tools\Binn\;C:\Program Files\Microsoft SQL Server\150\DTS\Binn\;C:\Program Files (x86)\Microsoft SQL Server\150\DTS\Binn\;C:\Program Files\Azure Data Studio\bin;C:\Program Files\MySQL\MySQL Server 9.2\bin;;C:\WINDOWS\system32;C:\WINDOWS;C:\WINDOWS\System32\Wbem;C:\WINDOWS\System32\WindowsPowerShell\v1.0\;C:\WINDOWS\System32\OpenSSH\;C:\Program Files\nodejs\;C:\Users\ramir\AppData\Local\Programs\Python\Launcher\;C:\Users\ramir\AppData\Local\Microsoft\WindowsApps;C:\Users\ramir\AppData\Local\Programs\Microsoft VS Code\bin;C:\Program Files\Azure Data Studio\bin;C:\Users\ramir\OneDrive\Desktop\apache-maven-3.9.9-bin\apache-maven-3.9.9\bin;C:\Users\ramir\AppData\Roaming\npm
USERNAME=ramir
OS=Windows_NT
PROCESSOR_IDENTIFIER=Intel64 Family 6 Model 154 Stepping 3, GenuineIntel
TMP=C:\Users\ramir\AppData\Local\Temp
TEMP=C:\Users\ramir\AppData\Local\Temp




Periodic native trim disabled

---------------  S Y S T E M  ---------------

OS:
 Windows 11 , 64 bit Build 26100 (10.0.26100.7019)
OS uptime: 1 days 18:12 hours
Hyper-V role detected

CPU: total 12 (initial active 12) (6 cores per cpu, 2 threads per core) family 6 model 154 stepping 3 microcode 0x423, cx8, cmov, fxsr, ht, mmx, 3dnowpref, sse, sse2, sse3, ssse3, sse4.1, sse4.2, popcnt, lzcnt, tsc, tscinvbit, avx, avx2, aes, erms, clmul, bmi1, bmi2, adx, sha, fma, vzeroupper, clflush, clflushopt, clwb, hv, serialize, rdtscp, rdpid, fsrm, f16c, cet_ibt, cet_ss
Processor Information for processor 0
  Max Mhz: 2500, Current Mhz: 2500, Mhz Limit: 2500
Processor Information for processor 1
  Max Mhz: 2500, Current Mhz: 2500, Mhz Limit: 2500
Processor Information for processor 2
  Max Mhz: 2500, Current Mhz: 2500, Mhz Limit: 2500
Processor Information for processor 3
  Max Mhz: 2500, Current Mhz: 2500, Mhz Limit: 2500
Processor Information for processor 4
  Max Mhz: 2500, Current Mhz: 2500, Mhz Limit: 2500
Processor Information for processor 5
  Max Mhz: 2500, Current Mhz: 2500, Mhz Limit: 2500
Processor Information for processor 6
  Max Mhz: 2500, Current Mhz: 2500, Mhz Limit: 2500
Processor Information for processor 7
  Max Mhz: 2500, Current Mhz: 2500, Mhz Limit: 2500
Processor Information for processor 8
  Max Mhz: 2500, Current Mhz: 1875, Mhz Limit: 1875
Processor Information for processor 9
  Max Mhz: 2500, Current Mhz: 1875, Mhz Limit: 1875
Processor Information for processor 10
  Max Mhz: 2500, Current Mhz: 1875, Mhz Limit: 1875
Processor Information for processor 11
  Max Mhz: 2500, Current Mhz: 1875, Mhz Limit: 1875

Memory: 4k page, system-wide physical 7896M (371M free)
TotalPageFile size 32472M (AvailPageFile size 78M)
current process WorkingSet (physical memory assigned to process): 7M, peak: 469M
current process commit charge ("private bytes"): 1112M, peak: 1129M

vm_info: OpenJDK 64-Bit Server VM (21.0.9+10-LTS) for windows-amd64 JRE (21.0.9+10-LTS), built on 2025-10-21T00:00:00Z by "admin" with unknown MS VC++:1942

END.
