#
# There is insufficient memory for the Java Runtime Environment to continue.
# Native memory allocation (malloc) failed to allocate 1091568 bytes. Error detail: Chunk::new
# Possible reasons:
#   The system is out of physical RAM or swap space
#   This process is running with CompressedOops enabled, and the Java Heap may be blocking the growth of the native heap
# Possible solutions:
#   Reduce memory load on the system
#   Increase physical memory or swap space
#   Check if swap backing store is full
#   Decrease Java heap size (-Xmx/-Xms)
#   Decrease number of Java threads
#   Decrease Java thread stack sizes (-Xss)
#   Set larger code cache with -XX:ReservedCodeCacheSize=
#   JVM is running with Unscaled Compressed Oops mode in which the Java heap is
#     placed in the first 4GB address space. The Java Heap base address is the
#     maximum limit for the native heap growth. Please use -XX:HeapBaseMinAddress
#     to set the Java Heap base and to place the Java Heap above 4GB virtual address.
# This output file may be truncated or incomplete.
#
#  Out of Memory Error (arena.cpp:168), pid=13640, tid=1480
#
# JRE version: OpenJDK Runtime Environment Temurin-21.0.8+9 (21.0.8+9) (build 21.0.8+9-LTS)
# Java VM: OpenJDK 64-Bit Server VM Temurin-21.0.8+9 (21.0.8+9-LTS, mixed mode, sharing, tiered, compressed oops, compressed class ptrs, parallel gc, windows-amd64)
# No core dump will be written. Minidumps are not enabled by default on client versions of Windows
#

---------------  S U M M A R Y ------------

Command Line: --add-modules=ALL-SYSTEM --add-opens=java.base/java.util=ALL-UNNAMED --add-opens=java.base/java.lang=ALL-UNNAMED --add-opens=java.base/sun.nio.fs=ALL-UNNAMED -Declipse.application=org.eclipse.jdt.ls.core.id1 -Dosgi.bundles.defaultStartLevel=4 -Declipse.product=org.eclipse.jdt.ls.core.product -Djava.import.generatesMetadataFilesAtProjectRoot=false -DDetectVMInstallationsJob.disabled=true -Dfile.encoding=utf8 -XX:+UseParallelGC -XX:GCTimeRatio=4 -XX:AdaptiveSizePolicyWeight=90 -Dsun.zip.disableMemoryMapping=true -Xmx2G -Xms100m -Xlog:disable -javaagent:c:\Users\ramir\.vscode\extensions\redhat.java-1.47.0-win32-x64\lombok\lombok-1.18.39-4050.jar c:\Users\ramir\.vscode\extensions\redhat.java-1.47.0-win32-x64\server\plugins\org.eclipse.equinox.launcher_1.7.100.v20251014-1222.jar -configuration c:\Users\ramir\AppData\Roaming\Code\User\globalStorage\redhat.java\1.47.0\config_ss_win -data c:\Users\ramir\AppData\Roaming\Code\User\workspaceStorage\46d5d728171aacb383eedf91ecaba8d8\redhat.java\ss_ws --pipe=\\.\pipe\lsp-f9ce8a74c35c34b85239f841e873104a-sock

Host: 12th Gen Intel(R) Core(TM) i5-12450H, 12 cores, 7G,  Windows 11 , 64 bit Build 26100 (10.0.26100.7019)
Time: Sun Nov 16 20:46:49 2025 Hora est. Pacífico, Sudamérica elapsed time: 27.708809 seconds (0d 0h 0m 27s)

---------------  T H R E A D  ---------------

Current thread (0x000002104f924d40):  JavaThread "C2 CompilerThread0" daemon [_thread_in_native, id=1480, stack(0x000000f4d3700000,0x000000f4d3800000) (1024K)]


Current CompileTask:
C2:27708 4630 %     4       org.lombokweb.asm.SymbolTable::<init> @ 98 (554 bytes)

Stack: [0x000000f4d3700000,0x000000f4d3800000]
Native frames: (J=compiled Java code, j=interpreted, Vv=VM code, C=native code)
V  [jvm.dll+0x6d2449]
V  [jvm.dll+0x8ae341]
V  [jvm.dll+0x8b08be]
V  [jvm.dll+0x8b0fa3]
V  [jvm.dll+0x280c96]
V  [jvm.dll+0xc581d]
V  [jvm.dll+0xc5d53]
V  [jvm.dll+0x3b919c]
V  [jvm.dll+0x1e1409]
V  [jvm.dll+0x249022]
V  [jvm.dll+0x2484af]
V  [jvm.dll+0x1c89ee]
V  [jvm.dll+0x257d4d]
V  [jvm.dll+0x2562ea]
V  [jvm.dll+0x3f2d16]
V  [jvm.dll+0x857e6b]
V  [jvm.dll+0x6d0b0d]
C  [ucrtbase.dll+0x37b0]
C  [KERNEL32.DLL+0x2e8d7]
C  [ntdll.dll+0x8c53c]


---------------  P R O C E S S  ---------------

Threads class SMR info:
_java_thread_list=0x00000210676a14c0, length=37, elements={
0x000002104f86d540, 0x000002106605ccd0, 0x000002104f9106e0, 0x000002104f913e40,
0x000002104f917f40, 0x000002104f91d2d0, 0x000002104f91ddc0, 0x000002104f924d40,
0x000002104f92e2c0, 0x00000210675ac650, 0x00000210675aac10, 0x00000210675ab930,
0x00000210675abfc0, 0x00000210675acce0, 0x00000210675ae090, 0x00000210675ada00,
0x00000210675ad370, 0x00000210675ab2a0, 0x0000021068769ed0, 0x00000210687691b0,
0x0000021068768b20, 0x0000021068769840, 0x000002106876a560, 0x000002106876abf0,
0x0000021068767770, 0x000002106876b280, 0x0000021068767e00, 0x000002106876b910,
0x0000021068768490, 0x000002106876d350, 0x000002106876d9e0, 0x000002106876e070,
0x000002106876e700, 0x000002106876ed90, 0x000002106876c630, 0x000002106876bfa0,
0x0000021068793990
}

Java Threads: ( => current thread )
  0x000002104f86d540 JavaThread "main"                              [_thread_blocked, id=13704, stack(0x000000f4d2d00000,0x000000f4d2e00000) (1024K)]
  0x000002106605ccd0 JavaThread "Reference Handler"          daemon [_thread_blocked, id=18812, stack(0x000000f4d3100000,0x000000f4d3200000) (1024K)]
  0x000002104f9106e0 JavaThread "Finalizer"                  daemon [_thread_blocked, id=8908, stack(0x000000f4d3200000,0x000000f4d3300000) (1024K)]
  0x000002104f913e40 JavaThread "Signal Dispatcher"          daemon [_thread_blocked, id=21852, stack(0x000000f4d3300000,0x000000f4d3400000) (1024K)]
  0x000002104f917f40 JavaThread "Attach Listener"            daemon [_thread_blocked, id=19024, stack(0x000000f4d3400000,0x000000f4d3500000) (1024K)]
  0x000002104f91d2d0 JavaThread "Service Thread"             daemon [_thread_blocked, id=2944, stack(0x000000f4d3500000,0x000000f4d3600000) (1024K)]
  0x000002104f91ddc0 JavaThread "Monitor Deflation Thread"   daemon [_thread_blocked, id=11388, stack(0x000000f4d3600000,0x000000f4d3700000) (1024K)]
=>0x000002104f924d40 JavaThread "C2 CompilerThread0"         daemon [_thread_in_native, id=1480, stack(0x000000f4d3700000,0x000000f4d3800000) (1024K)]
  0x000002104f92e2c0 JavaThread "C1 CompilerThread0"         daemon [_thread_blocked, id=35896, stack(0x000000f4d3800000,0x000000f4d3900000) (1024K)]
  0x00000210675ac650 JavaThread "Common-Cleaner"             daemon [_thread_blocked, id=12808, stack(0x000000f4d3900000,0x000000f4d3a00000) (1024K)]
  0x00000210675aac10 JavaThread "Notification Thread"        daemon [_thread_blocked, id=36676, stack(0x000000f4d3a00000,0x000000f4d3b00000) (1024K)]
  0x00000210675ab930 JavaThread "Active Thread: Equinox Container: 6b0a5a9b-cb1a-4e3e-8059-1b40621e70dc"        [_thread_blocked, id=11648, stack(0x000000f4d4100000,0x000000f4d4200000) (1024K)]
  0x00000210675abfc0 JavaThread "Framework Event Dispatcher: Equinox Container: 6b0a5a9b-cb1a-4e3e-8059-1b40621e70dc" daemon [_thread_blocked, id=32504, stack(0x000000f4d4200000,0x000000f4d4300000) (1024K)]
  0x00000210675acce0 JavaThread "Start Level: Equinox Container: 6b0a5a9b-cb1a-4e3e-8059-1b40621e70dc" daemon [_thread_blocked, id=35316, stack(0x000000f4d4300000,0x000000f4d4400000) (1024K)]
  0x00000210675ae090 JavaThread "SCR Component Actor"        daemon [_thread_blocked, id=29440, stack(0x000000f4d4500000,0x000000f4d4600000) (1024K)]
  0x00000210675ada00 JavaThread "Worker-JM"                         [_thread_blocked, id=29360, stack(0x000000f4d4600000,0x000000f4d4700000) (1024K)]
  0x00000210675ad370 JavaThread "JNA Cleaner"                daemon [_thread_blocked, id=31256, stack(0x000000f4d4900000,0x000000f4d4a00000) (1024K)]
  0x00000210675ab2a0 JavaThread "Worker-0"                          [_thread_blocked, id=25540, stack(0x000000f4d4a00000,0x000000f4d4b00000) (1024K)]
  0x0000021068769ed0 JavaThread "Worker-1"                          [_thread_blocked, id=30472, stack(0x000000f4d4b00000,0x000000f4d4c00000) (1024K)]
  0x00000210687691b0 JavaThread "Worker-2"                          [_thread_blocked, id=4828, stack(0x000000f4d4c00000,0x000000f4d4d00000) (1024K)]
  0x0000021068768b20 JavaThread "Thread-1"                   daemon [_thread_in_native, id=30768, stack(0x000000f4d4f00000,0x000000f4d5000000) (1024K)]
  0x0000021068769840 JavaThread "Thread-2"                   daemon [_thread_in_native, id=34152, stack(0x000000f4d5000000,0x000000f4d5100000) (1024K)]
  0x000002106876a560 JavaThread "Thread-3"                   daemon [_thread_in_native, id=17432, stack(0x000000f4d5100000,0x000000f4d5200000) (1024K)]
  0x000002106876abf0 JavaThread "Thread-4"                   daemon [_thread_in_native, id=29552, stack(0x000000f4d5200000,0x000000f4d5300000) (1024K)]
  0x0000021068767770 JavaThread "Thread-5"                   daemon [_thread_in_native, id=17716, stack(0x000000f4d5300000,0x000000f4d5400000) (1024K)]
  0x000002106876b280 JavaThread "Thread-6"                   daemon [_thread_in_native, id=30508, stack(0x000000f4d5400000,0x000000f4d5500000) (1024K)]
  0x0000021068767e00 JavaThread "Thread-7"                   daemon [_thread_in_native, id=36316, stack(0x000000f4d5500000,0x000000f4d5600000) (1024K)]
  0x000002106876b910 JavaThread "Thread-8"                   daemon [_thread_in_native, id=35020, stack(0x000000f4d5600000,0x000000f4d5700000) (1024K)]
  0x0000021068768490 JavaThread "Thread-9"                   daemon [_thread_in_native, id=29420, stack(0x000000f4d5700000,0x000000f4d5800000) (1024K)]
  0x000002106876d350 JavaThread "Thread-10"                  daemon [_thread_in_native, id=31260, stack(0x000000f4d5800000,0x000000f4d5900000) (1024K)]
  0x000002106876d9e0 JavaThread "Thread-11"                  daemon [_thread_in_native, id=20476, stack(0x000000f4d5900000,0x000000f4d5a00000) (1024K)]
  0x000002106876e070 JavaThread "Thread-12"                  daemon [_thread_in_native, id=21896, stack(0x000000f4d5a00000,0x000000f4d5b00000) (1024K)]
  0x000002106876e700 JavaThread "Thread-13"                  daemon [_thread_in_native, id=28508, stack(0x000000f4d5b00000,0x000000f4d5c00000) (1024K)]
  0x000002106876ed90 JavaThread "pool-2-thread-1"                   [_thread_blocked, id=13996, stack(0x000000f4d5c00000,0x000000f4d5d00000) (1024K)]
  0x000002106876c630 JavaThread "WorkspaceEventsHandler"            [_thread_blocked, id=32228, stack(0x000000f4d5d00000,0x000000f4d5e00000) (1024K)]
  0x000002106876bfa0 JavaThread "pool-1-thread-1"                   [_thread_in_vm, id=18668, stack(0x000000f4d5e00000,0x000000f4d5f00000) (1024K)]
  0x0000021068793990 JavaThread "C2 CompilerThread1"         daemon [_thread_in_vm, id=16888, stack(0x000000f4d5f00000,0x000000f4d6000000) (1024K)]
Total: 37

Other Threads:
  0x0000021066042bb0 VMThread "VM Thread"                           [id=34600, stack(0x000000f4d3000000,0x000000f4d3100000) (1024K)]
  0x0000021065f3ca00 WatcherThread "VM Periodic Task Thread"        [id=8588, stack(0x000000f4d2f00000,0x000000f4d3000000) (1024K)]
  0x000002104f88b7b0 WorkerThread "GC Thread#0"                     [id=11284, stack(0x000000f4d2e00000,0x000000f4d2f00000) (1024K)]
  0x000002106852b7f0 WorkerThread "GC Thread#1"                     [id=24432, stack(0x000000f4d3b00000,0x000000f4d3c00000) (1024K)]
  0x0000021068467470 WorkerThread "GC Thread#2"                     [id=27964, stack(0x000000f4d3c00000,0x000000f4d3d00000) (1024K)]
  0x0000021068467810 WorkerThread "GC Thread#3"                     [id=21228, stack(0x000000f4d3d00000,0x000000f4d3e00000) (1024K)]
  0x000002106851af90 WorkerThread "GC Thread#4"                     [id=8372, stack(0x000000f4d3e00000,0x000000f4d3f00000) (1024K)]
  0x000002106851b740 WorkerThread "GC Thread#5"                     [id=21648, stack(0x000000f4d3f00000,0x000000f4d4000000) (1024K)]
  0x000002106851bae0 WorkerThread "GC Thread#6"                     [id=34304, stack(0x000000f4d4000000,0x000000f4d4100000) (1024K)]
  0x0000021068729130 WorkerThread "GC Thread#7"                     [id=22580, stack(0x000000f4d4400000,0x000000f4d4500000) (1024K)]
  0x000002106d0240e0 WorkerThread "GC Thread#8"                     [id=20576, stack(0x000000f4d4700000,0x000000f4d4800000) (1024K)]
  0x0000021068b97ac0 WorkerThread "GC Thread#9"                     [id=37532, stack(0x000000f4d4800000,0x000000f4d4900000) (1024K)]
Total: 12

Threads with active compile tasks:
C2 CompilerThread0  27779 4630 %     4       org.lombokweb.asm.SymbolTable::<init> @ 98 (554 bytes)
C2 CompilerThread1  27779 4681       4       org.lombokweb.asm.ClassReader::readMethod (1070 bytes)
Total: 2

VM state: not at safepoint (normal execution)

VM Mutex/Monitor currently owned by a thread:  ([mutex/lock_event])
[0x00007ffcd3405358] CodeCache_lock - owner thread: 0x000002106876bfa0

Heap address: 0x0000000080000000, size: 2048 MB, Compressed Oops mode: 32-bit

CDS archive(s) mapped at: [0x0000021000000000-0x0000021000ba0000-0x0000021000ba0000), size 12189696, SharedBaseAddress: 0x0000021000000000, ArchiveRelocationMode: 1.
Compressed class space mapped at: 0x0000021001000000-0x0000021041000000, reserved size: 1073741824
Narrow klass base: 0x0000021000000000, Narrow klass shift: 0, Narrow klass range: 0x100000000

GC Precious Log:
 CardTable entry size: 512
 CPUs: 12 total, 12 available
 Memory: 7896M
 Large Page Support: Disabled
 NUMA Support: Disabled
 Compressed Oops: Enabled (32-bit)
 Alignments: Space 512K, Generation 512K, Heap 2M
 Heap Min Capacity: 100M
 Heap Initial Capacity: 100M
 Heap Max Capacity: 2G
 Pre-touch: Disabled
 Parallel Workers: 10

Heap:
 PSYoungGen      total 22528K, used 13044K [0x00000000d5580000, 0x00000000d6f00000, 0x0000000100000000)
  eden space 22016K, 56% used [0x00000000d5580000,0x00000000d61bf570,0x00000000d6b00000)
  from space 512K, 98% used [0x00000000d6d00000,0x00000000d6d7daa8,0x00000000d6d80000)
  to   space 2048K, 0% used [0x00000000d6b00000,0x00000000d6b00000,0x00000000d6d00000)
 ParOldGen       total 68608K, used 29760K [0x0000000080000000, 0x0000000084300000, 0x00000000d5580000)
  object space 68608K, 43% used [0x0000000080000000,0x0000000081d10248,0x0000000084300000)
 Metaspace       used 37305K, committed 38272K, reserved 1114112K
  class space    used 3773K, committed 4224K, reserved 1048576K

Card table byte_map: [0x000002104f120000,0x000002104f530000] _byte_map_base: 0x000002104ed20000

Marking Bits: (ParMarkBitMap*) 0x00007ffcd340a340
 Begin Bits: [0x0000021061a60000, 0x0000021063a60000)
 End Bits:   [0x0000021063a60000, 0x0000021065a60000)

Polling page: 0x000002104d5f0000

Metaspace:

Usage:
  Non-class:     32.75 MB used.
      Class:      3.68 MB used.
       Both:     36.43 MB used.

Virtual space:
  Non-class space:       64.00 MB reserved,      33.25 MB ( 52%) committed,  1 nodes.
      Class space:        1.00 GB reserved,       4.12 MB ( <1%) committed,  1 nodes.
             Both:        1.06 GB reserved,      37.38 MB (  3%) committed. 

Chunk freelists:
   Non-Class:  14.08 MB
       Class:  11.86 MB
        Both:  25.94 MB

MaxMetaspaceSize: unlimited
CompressedClassSpaceSize: 1.00 GB
Initial GC threshold: 21.00 MB
Current GC threshold: 58.38 MB
CDS: on
 - commit_granule_bytes: 65536.
 - commit_granule_words: 8192.
 - virtual_space_node_default_size: 8388608.
 - enlarge_chunks_in_place: 1.
 - use_allocation_guard: 0.


Internal statistics:

num_allocs_failed_limit: 6.
num_arena_births: 676.
num_arena_deaths: 14.
num_vsnodes_births: 2.
num_vsnodes_deaths: 0.
num_space_committed: 598.
num_space_uncommitted: 0.
num_chunks_returned_to_freelist: 20.
num_chunks_taken_from_freelist: 2161.
num_chunk_merges: 11.
num_chunk_splits: 1408.
num_chunks_enlarged: 914.
num_inconsistent_stats: 0.

CodeHeap 'non-profiled nmethods': size=120000Kb used=2219Kb max_used=2419Kb free=117780Kb
 bounds [0x000002105a530000, 0x000002105a7a0000, 0x0000021061a60000]
CodeHeap 'profiled nmethods': size=120000Kb used=8950Kb max_used=9374Kb free=111049Kb
 bounds [0x0000021052a60000, 0x00000210533b0000, 0x0000021059f90000]
CodeHeap 'non-nmethods': size=5760Kb used=1376Kb max_used=1402Kb free=4383Kb
 bounds [0x0000021059f90000, 0x000002105a200000, 0x000002105a530000]
CodeCache: size=245760Kb, used=12545Kb, max_used=13195Kb, free=233212Kb
 total_blobs=4989, nmethods=4312, adapters=583, full_count=0
Compilation: enabled, stopped_count=0, restarted_count=0

Compilation events (20 events):
Event: 26.620 Thread 0x000002104f92e2c0 4676       3       java.util.regex.Pattern$GroupCurly::match (252 bytes)
Event: 26.621 Thread 0x000002104f92e2c0 nmethod 4676 0x0000021052a6d390 code [0x0000021052a6d5c0, 0x0000021052a6dd38]
Event: 26.621 Thread 0x000002104f92e2c0 4677       3       java.util.regex.Pattern$GroupCurly::match0 (336 bytes)
Event: 26.622 Thread 0x000002104f92e2c0 nmethod 4677 0x0000021052c56b90 code [0x0000021052c56e00, 0x0000021052c57a90]
Event: 26.622 Thread 0x000002104f92e2c0 4678       3       lombok.patcher.MethodTarget::descriptorMatch (119 bytes)
Event: 26.622 Thread 0x000002104f92e2c0 nmethod 4678 0x0000021052cb7890 code [0x0000021052cb7b60, 0x0000021052cb8978]
Event: 26.622 Thread 0x000002104f92e2c0 4679       3       org.lombokweb.asm.MethodWriter::visitIntInsn (113 bytes)
Event: 26.623 Thread 0x000002104f92e2c0 nmethod 4679 0x0000021052b7b490 code [0x0000021052b7b680, 0x0000021052b7bad0]
Event: 26.625 Thread 0x000002104f92e2c0 4680       3       org.lombokweb.asm.MethodVisitor::visitIntInsn (17 bytes)
Event: 26.626 Thread 0x000002104f92e2c0 nmethod 4680 0x0000021052c41190 code [0x0000021052c41340, 0x0000021052c41548]
Event: 26.650 Thread 0x000002104f92e2c0 4683       3       org.lombokweb.asm.MethodVisitor::visitCode (15 bytes)
Event: 26.651 Thread 0x000002104f92e2c0 nmethod 4683 0x0000021052c52810 code [0x0000021052c529c0, 0x0000021052c52bc8]
Event: 26.651 Thread 0x000002104f92e2c0 4684       3       org.lombokweb.asm.MethodVisitor::visitMaxs (17 bytes)
Event: 26.651 Thread 0x000002104f92e2c0 nmethod 4684 0x0000021052c79f10 code [0x0000021052c7a0c0, 0x0000021052c7a2c8]
Event: 26.651 Thread 0x000002104f92e2c0 4685       3       org.lombokweb.asm.MethodVisitor::visitEnd (15 bytes)
Event: 26.651 Thread 0x000002104f92e2c0 nmethod 4685 0x0000021052da5d90 code [0x0000021052da5f40, 0x0000021052da6148]
Event: 26.656 Thread 0x000002104f92e2c0 4687       3       org.lombokweb.asm.ByteVector::put122 (93 bytes)
Event: 26.656 Thread 0x000002104f92e2c0 nmethod 4687 0x0000021052d6bf90 code [0x0000021052d6c140, 0x0000021052d6c3b8]
Event: 26.657 Thread 0x000002104f92e2c0 4688       3       org.lombokweb.asm.MethodWriter::visitLdcInsn (215 bytes)
Event: 26.659 Thread 0x000002104f92e2c0 nmethod 4688 0x0000021052af5e10 code [0x0000021052af60a0, 0x0000021052af6ba0]

GC Heap History (20 events):
Event: 17.491 GC heap before
{Heap before GC invocations=13 (full 1):
 PSYoungGen      total 24576K, used 24096K [0x00000000d5580000, 0x00000000d7100000, 0x0000000100000000)
  eden space 22016K, 100% used [0x00000000d5580000,0x00000000d6b00000,0x00000000d6b00000)
  from space 2560K, 81% used [0x00000000d6b80000,0x00000000d6d88010,0x00000000d6e00000)
  to   space 2560K, 0% used [0x00000000d6e80000,0x00000000d6e80000,0x00000000d7100000)
 ParOldGen       total 68608K, used 16114K [0x0000000080000000, 0x0000000084300000, 0x00000000d5580000)
  object space 68608K, 23% used [0x0000000080000000,0x0000000080fbc970,0x0000000084300000)
 Metaspace       used 32100K, committed 33024K, reserved 1114112K
  class space    used 3240K, committed 3648K, reserved 1048576K
}
Event: 17.496 GC heap after
{Heap after GC invocations=13 (full 1):
 PSYoungGen      total 24576K, used 2498K [0x00000000d5580000, 0x00000000d7100000, 0x0000000100000000)
  eden space 22016K, 0% used [0x00000000d5580000,0x00000000d5580000,0x00000000d6b00000)
  from space 2560K, 97% used [0x00000000d6e80000,0x00000000d70f0820,0x00000000d7100000)
  to   space 3072K, 0% used [0x00000000d6b00000,0x00000000d6b00000,0x00000000d6e00000)
 ParOldGen       total 68608K, used 18026K [0x0000000080000000, 0x0000000084300000, 0x00000000d5580000)
  object space 68608K, 26% used [0x0000000080000000,0x000000008119a970,0x0000000084300000)
 Metaspace       used 32100K, committed 33024K, reserved 1114112K
  class space    used 3240K, committed 3648K, reserved 1048576K
}
Event: 17.636 GC heap before
{Heap before GC invocations=14 (full 1):
 PSYoungGen      total 24576K, used 24514K [0x00000000d5580000, 0x00000000d7100000, 0x0000000100000000)
  eden space 22016K, 100% used [0x00000000d5580000,0x00000000d6b00000,0x00000000d6b00000)
  from space 2560K, 97% used [0x00000000d6e80000,0x00000000d70f0820,0x00000000d7100000)
  to   space 3072K, 0% used [0x00000000d6b00000,0x00000000d6b00000,0x00000000d6e00000)
 ParOldGen       total 68608K, used 18026K [0x0000000080000000, 0x0000000084300000, 0x00000000d5580000)
  object space 68608K, 26% used [0x0000000080000000,0x000000008119a970,0x0000000084300000)
 Metaspace       used 32115K, committed 33088K, reserved 1114112K
  class space    used 3240K, committed 3648K, reserved 1048576K
}
Event: 17.641 GC heap after
{Heap after GC invocations=14 (full 1):
 PSYoungGen      total 24576K, used 2144K [0x00000000d5580000, 0x00000000d7000000, 0x0000000100000000)
  eden space 22016K, 0% used [0x00000000d5580000,0x00000000d5580000,0x00000000d6b00000)
  from space 2560K, 83% used [0x00000000d6b00000,0x00000000d6d18000,0x00000000d6d80000)
  to   space 2560K, 0% used [0x00000000d6d80000,0x00000000d6d80000,0x00000000d7000000)
 ParOldGen       total 68608K, used 20352K [0x0000000080000000, 0x0000000084300000, 0x00000000d5580000)
  object space 68608K, 29% used [0x0000000080000000,0x00000000813e02b8,0x0000000084300000)
 Metaspace       used 32115K, committed 33088K, reserved 1114112K
  class space    used 3240K, committed 3648K, reserved 1048576K
}
Event: 17.758 GC heap before
{Heap before GC invocations=15 (full 1):
 PSYoungGen      total 24576K, used 24160K [0x00000000d5580000, 0x00000000d7000000, 0x0000000100000000)
  eden space 22016K, 100% used [0x00000000d5580000,0x00000000d6b00000,0x00000000d6b00000)
  from space 2560K, 83% used [0x00000000d6b00000,0x00000000d6d18000,0x00000000d6d80000)
  to   space 2560K, 0% used [0x00000000d6d80000,0x00000000d6d80000,0x00000000d7000000)
 ParOldGen       total 68608K, used 20352K [0x0000000080000000, 0x0000000084300000, 0x00000000d5580000)
  object space 68608K, 29% used [0x0000000080000000,0x00000000813e02b8,0x0000000084300000)
 Metaspace       used 32127K, committed 33088K, reserved 1114112K
  class space    used 3240K, committed 3648K, reserved 1048576K
}
Event: 17.763 GC heap after
{Heap after GC invocations=15 (full 1):
 PSYoungGen      total 24576K, used 2116K [0x00000000d5580000, 0x00000000d7000000, 0x0000000100000000)
  eden space 22016K, 0% used [0x00000000d5580000,0x00000000d5580000,0x00000000d6b00000)
  from space 2560K, 82% used [0x00000000d6d80000,0x00000000d6f91000,0x00000000d7000000)
  to   space 2560K, 0% used [0x00000000d6b00000,0x00000000d6b00000,0x00000000d6d80000)
 ParOldGen       total 68608K, used 22367K [0x0000000080000000, 0x0000000084300000, 0x00000000d5580000)
  object space 68608K, 32% used [0x0000000080000000,0x00000000815d7c68,0x0000000084300000)
 Metaspace       used 32127K, committed 33088K, reserved 1114112K
  class space    used 3240K, committed 3648K, reserved 1048576K
}
Event: 17.973 GC heap before
{Heap before GC invocations=16 (full 1):
 PSYoungGen      total 24576K, used 24132K [0x00000000d5580000, 0x00000000d7000000, 0x0000000100000000)
  eden space 22016K, 100% used [0x00000000d5580000,0x00000000d6b00000,0x00000000d6b00000)
  from space 2560K, 82% used [0x00000000d6d80000,0x00000000d6f91000,0x00000000d7000000)
  to   space 2560K, 0% used [0x00000000d6b00000,0x00000000d6b00000,0x00000000d6d80000)
 ParOldGen       total 68608K, used 22367K [0x0000000080000000, 0x0000000084300000, 0x00000000d5580000)
  object space 68608K, 32% used [0x0000000080000000,0x00000000815d7c68,0x0000000084300000)
 Metaspace       used 32164K, committed 33152K, reserved 1114112K
  class space    used 3243K, committed 3712K, reserved 1048576K
}
Event: 17.977 GC heap after
{Heap after GC invocations=16 (full 1):
 PSYoungGen      total 24576K, used 2208K [0x00000000d5580000, 0x00000000d7000000, 0x0000000100000000)
  eden space 22016K, 0% used [0x00000000d5580000,0x00000000d5580000,0x00000000d6b00000)
  from space 2560K, 86% used [0x00000000d6b00000,0x00000000d6d28010,0x00000000d6d80000)
  to   space 2560K, 0% used [0x00000000d6d80000,0x00000000d6d80000,0x00000000d7000000)
 ParOldGen       total 68608K, used 24364K [0x0000000080000000, 0x0000000084300000, 0x00000000d5580000)
  object space 68608K, 35% used [0x0000000080000000,0x00000000817cb290,0x0000000084300000)
 Metaspace       used 32164K, committed 33152K, reserved 1114112K
  class space    used 3243K, committed 3712K, reserved 1048576K
}
Event: 18.138 GC heap before
{Heap before GC invocations=17 (full 1):
 PSYoungGen      total 24576K, used 24224K [0x00000000d5580000, 0x00000000d7000000, 0x0000000100000000)
  eden space 22016K, 100% used [0x00000000d5580000,0x00000000d6b00000,0x00000000d6b00000)
  from space 2560K, 86% used [0x00000000d6b00000,0x00000000d6d28010,0x00000000d6d80000)
  to   space 2560K, 0% used [0x00000000d6d80000,0x00000000d6d80000,0x00000000d7000000)
 ParOldGen       total 68608K, used 24364K [0x0000000080000000, 0x0000000084300000, 0x00000000d5580000)
  object space 68608K, 35% used [0x0000000080000000,0x00000000817cb290,0x0000000084300000)
 Metaspace       used 32199K, committed 33216K, reserved 1114112K
  class space    used 3243K, committed 3712K, reserved 1048576K
}
Event: 18.143 GC heap after
{Heap after GC invocations=17 (full 1):
 PSYoungGen      total 24064K, used 1944K [0x00000000d5580000, 0x00000000d6f80000, 0x0000000100000000)
  eden space 22016K, 0% used [0x00000000d5580000,0x00000000d5580000,0x00000000d6b00000)
  from space 2048K, 94% used [0x00000000d6d80000,0x00000000d6f66200,0x00000000d6f80000)
  to   space 2048K, 0% used [0x00000000d6b80000,0x00000000d6b80000,0x00000000d6d80000)
 ParOldGen       total 68608K, used 26476K [0x0000000080000000, 0x0000000084300000, 0x00000000d5580000)
  object space 68608K, 38% used [0x0000000080000000,0x00000000819db2a0,0x0000000084300000)
 Metaspace       used 32199K, committed 33216K, reserved 1114112K
  class space    used 3243K, committed 3712K, reserved 1048576K
}
Event: 18.895 GC heap before
{Heap before GC invocations=18 (full 1):
 PSYoungGen      total 24064K, used 23924K [0x00000000d5580000, 0x00000000d6f80000, 0x0000000100000000)
  eden space 22016K, 99% used [0x00000000d5580000,0x00000000d6af70e8,0x00000000d6b00000)
  from space 2048K, 94% used [0x00000000d6d80000,0x00000000d6f66200,0x00000000d6f80000)
  to   space 2048K, 0% used [0x00000000d6b80000,0x00000000d6b80000,0x00000000d6d80000)
 ParOldGen       total 68608K, used 26476K [0x0000000080000000, 0x0000000084300000, 0x00000000d5580000)
  object space 68608K, 38% used [0x0000000080000000,0x00000000819db2a0,0x0000000084300000)
 Metaspace       used 34445K, committed 35392K, reserved 1114112K
  class space    used 3499K, committed 3904K, reserved 1048576K
}
Event: 18.898 GC heap after
{Heap after GC invocations=18 (full 1):
 PSYoungGen      total 23552K, used 1189K [0x00000000d5580000, 0x00000000d6e00000, 0x0000000100000000)
  eden space 22016K, 0% used [0x00000000d5580000,0x00000000d5580000,0x00000000d6b00000)
  from space 1536K, 77% used [0x00000000d6b80000,0x00000000d6ca9558,0x00000000d6d00000)
  to   space 1024K, 0% used [0x00000000d6d00000,0x00000000d6d00000,0x00000000d6e00000)
 ParOldGen       total 68608K, used 28293K [0x0000000080000000, 0x0000000084300000, 0x00000000d5580000)
  object space 68608K, 41% used [0x0000000080000000,0x0000000081ba14a0,0x0000000084300000)
 Metaspace       used 34445K, committed 35392K, reserved 1114112K
  class space    used 3499K, committed 3904K, reserved 1048576K
}
Event: 20.077 GC heap before
{Heap before GC invocations=19 (full 1):
 PSYoungGen      total 23552K, used 11959K [0x00000000d5580000, 0x00000000d6e00000, 0x0000000100000000)
  eden space 22016K, 48% used [0x00000000d5580000,0x00000000d60047c0,0x00000000d6b00000)
  from space 1536K, 77% used [0x00000000d6b80000,0x00000000d6ca9558,0x00000000d6d00000)
  to   space 1024K, 0% used [0x00000000d6d00000,0x00000000d6d00000,0x00000000d6e00000)
 ParOldGen       total 68608K, used 28293K [0x0000000080000000, 0x0000000084300000, 0x00000000d5580000)
  object space 68608K, 41% used [0x0000000080000000,0x0000000081ba14a0,0x0000000084300000)
 Metaspace       used 34906K, committed 35840K, reserved 1114112K
  class space    used 3557K, committed 3968K, reserved 1048576K
}
Event: 20.078 GC heap after
{Heap after GC invocations=19 (full 1):
 PSYoungGen      total 22528K, used 320K [0x00000000d5580000, 0x00000000d6d80000, 0x0000000100000000)
  eden space 22016K, 0% used [0x00000000d5580000,0x00000000d5580000,0x00000000d6b00000)
  from space 512K, 62% used [0x00000000d6d00000,0x00000000d6d50000,0x00000000d6d80000)
  to   space 1024K, 0% used [0x00000000d6b80000,0x00000000d6b80000,0x00000000d6c80000)
 ParOldGen       total 68608K, used 29313K [0x0000000080000000, 0x0000000084300000, 0x00000000d5580000)
  object space 68608K, 42% used [0x0000000080000000,0x0000000081ca0688,0x0000000084300000)
 Metaspace       used 34906K, committed 35840K, reserved 1114112K
  class space    used 3557K, committed 3968K, reserved 1048576K
}
Event: 20.078 GC heap before
{Heap before GC invocations=20 (full 2):
 PSYoungGen      total 22528K, used 320K [0x00000000d5580000, 0x00000000d6d80000, 0x0000000100000000)
  eden space 22016K, 0% used [0x00000000d5580000,0x00000000d5580000,0x00000000d6b00000)
  from space 512K, 62% used [0x00000000d6d00000,0x00000000d6d50000,0x00000000d6d80000)
  to   space 1024K, 0% used [0x00000000d6b80000,0x00000000d6b80000,0x00000000d6c80000)
 ParOldGen       total 68608K, used 29313K [0x0000000080000000, 0x0000000084300000, 0x00000000d5580000)
  object space 68608K, 42% used [0x0000000080000000,0x0000000081ca0688,0x0000000084300000)
 Metaspace       used 34906K, committed 35840K, reserved 1114112K
  class space    used 3557K, committed 3968K, reserved 1048576K
}
Event: 20.133 GC heap after
{Heap after GC invocations=20 (full 2):
 PSYoungGen      total 22528K, used 0K [0x00000000d5580000, 0x00000000d6d80000, 0x0000000100000000)
  eden space 22016K, 0% used [0x00000000d5580000,0x00000000d5580000,0x00000000d6b00000)
  from space 512K, 0% used [0x00000000d6d00000,0x00000000d6d00000,0x00000000d6d80000)
  to   space 1024K, 0% used [0x00000000d6b80000,0x00000000d6b80000,0x00000000d6c80000)
 ParOldGen       total 68608K, used 28027K [0x0000000080000000, 0x0000000084300000, 0x00000000d5580000)
  object space 68608K, 40% used [0x0000000080000000,0x0000000081b5ef08,0x0000000084300000)
 Metaspace       used 34906K, committed 35840K, reserved 1114112K
  class space    used 3557K, committed 3968K, reserved 1048576K
}
Event: 24.533 GC heap before
{Heap before GC invocations=21 (full 2):
 PSYoungGen      total 22528K, used 22016K [0x00000000d5580000, 0x00000000d6d80000, 0x0000000100000000)
  eden space 22016K, 100% used [0x00000000d5580000,0x00000000d6b00000,0x00000000d6b00000)
  from space 512K, 0% used [0x00000000d6d00000,0x00000000d6d00000,0x00000000d6d80000)
  to   space 1024K, 0% used [0x00000000d6b80000,0x00000000d6b80000,0x00000000d6c80000)
 ParOldGen       total 68608K, used 28027K [0x0000000080000000, 0x0000000084300000, 0x00000000d5580000)
  object space 68608K, 40% used [0x0000000080000000,0x0000000081b5ef08,0x0000000084300000)
 Metaspace       used 36182K, committed 37120K, reserved 1114112K
  class space    used 3672K, committed 4096K, reserved 1048576K
}
Event: 26.554 GC heap after
{Heap after GC invocations=21 (full 2):
 PSYoungGen      total 23040K, used 1020K [0x00000000d5580000, 0x00000000d6d80000, 0x0000000100000000)
  eden space 22016K, 0% used [0x00000000d5580000,0x00000000d5580000,0x00000000d6b00000)
  from space 1024K, 99% used [0x00000000d6b80000,0x00000000d6c7f350,0x00000000d6c80000)
  to   space 512K, 0% used [0x00000000d6d00000,0x00000000d6d00000,0x00000000d6d80000)
 ParOldGen       total 68608K, used 28473K [0x0000000080000000, 0x0000000084300000, 0x00000000d5580000)
  object space 68608K, 41% used [0x0000000080000000,0x0000000081bce5f8,0x0000000084300000)
 Metaspace       used 36182K, committed 37120K, reserved 1114112K
  class space    used 3672K, committed 4096K, reserved 1048576K
}
Event: 26.642 GC heap before
{Heap before GC invocations=22 (full 2):
 PSYoungGen      total 23040K, used 23036K [0x00000000d5580000, 0x00000000d6d80000, 0x0000000100000000)
  eden space 22016K, 100% used [0x00000000d5580000,0x00000000d6b00000,0x00000000d6b00000)
  from space 1024K, 99% used [0x00000000d6b80000,0x00000000d6c7f350,0x00000000d6c80000)
  to   space 512K, 0% used [0x00000000d6d00000,0x00000000d6d00000,0x00000000d6d80000)
 ParOldGen       total 68608K, used 28473K [0x0000000080000000, 0x0000000084300000, 0x00000000d5580000)
  object space 68608K, 41% used [0x0000000080000000,0x0000000081bce5f8,0x0000000084300000)
 Metaspace       used 36210K, committed 37120K, reserved 1114112K
  class space    used 3672K, committed 4096K, reserved 1048576K
}
Event: 26.643 GC heap after
{Heap after GC invocations=22 (full 2):
 PSYoungGen      total 22528K, used 502K [0x00000000d5580000, 0x00000000d6f00000, 0x0000000100000000)
  eden space 22016K, 0% used [0x00000000d5580000,0x00000000d5580000,0x00000000d6b00000)
  from space 512K, 98% used [0x00000000d6d00000,0x00000000d6d7daa8,0x00000000d6d80000)
  to   space 2048K, 0% used [0x00000000d6b00000,0x00000000d6b00000,0x00000000d6d00000)
 ParOldGen       total 68608K, used 29760K [0x0000000080000000, 0x0000000084300000, 0x00000000d5580000)
  object space 68608K, 43% used [0x0000000080000000,0x0000000081d10248,0x0000000084300000)
 Metaspace       used 36210K, committed 37120K, reserved 1114112K
  class space    used 3672K, committed 4096K, reserved 1048576K
}

Dll operation events (10 events):
Event: 0.051 Loaded shared library c:\Users\ramir\.vscode\extensions\redhat.java-1.47.0-win32-x64\jre\21.0.8-win32-x86_64\bin\java.dll
Event: 0.198 Loaded shared library c:\Users\ramir\.vscode\extensions\redhat.java-1.47.0-win32-x64\jre\21.0.8-win32-x86_64\bin\zip.dll
Event: 0.234 Loaded shared library C:\Users\ramir\.vscode\extensions\redhat.java-1.47.0-win32-x64\jre\21.0.8-win32-x86_64\bin\instrument.dll
Event: 0.246 Loaded shared library C:\Users\ramir\.vscode\extensions\redhat.java-1.47.0-win32-x64\jre\21.0.8-win32-x86_64\bin\net.dll
Event: 0.251 Loaded shared library C:\Users\ramir\.vscode\extensions\redhat.java-1.47.0-win32-x64\jre\21.0.8-win32-x86_64\bin\nio.dll
Event: 0.259 Loaded shared library C:\Users\ramir\.vscode\extensions\redhat.java-1.47.0-win32-x64\jre\21.0.8-win32-x86_64\bin\zip.dll
Event: 0.297 Loaded shared library C:\Users\ramir\.vscode\extensions\redhat.java-1.47.0-win32-x64\jre\21.0.8-win32-x86_64\bin\jimage.dll
Event: 0.466 Loaded shared library c:\Users\ramir\.vscode\extensions\redhat.java-1.47.0-win32-x64\jre\21.0.8-win32-x86_64\bin\verify.dll
Event: 3.785 Loaded shared library C:\Users\ramir\AppData\Roaming\Code\User\globalStorage\redhat.java\1.47.0\config_ss_win\org.eclipse.equinox.launcher\org.eclipse.equinox.launcher.win32.win32.x86_64_1.2.1400.v20250801-0854\eclipse_11916.dll
Event: 5.937 Loaded shared library C:\Users\ramir\AppData\Local\Temp\jna-108279239\jna1626809756546562337.dll

Deoptimization events (20 events):
Event: 26.566 Thread 0x000002106876bfa0 DEOPT PACKING pc=0x0000021052f8d0b3 sp=0x000000f4d5ef9ec0
Event: 26.566 Thread 0x000002106876bfa0 DEOPT UNPACKING pc=0x0000021059fe4242 sp=0x000000f4d5ef93f0 mode 0
Event: 26.570 Thread 0x000002106876bfa0 DEOPT PACKING pc=0x0000021052f8d0b3 sp=0x000000f4d5ef9ec0
Event: 26.570 Thread 0x000002106876bfa0 DEOPT UNPACKING pc=0x0000021059fe4242 sp=0x000000f4d5ef93f0 mode 0
Event: 26.571 Thread 0x000002106876bfa0 Uncommon trap: trap_request=0xffffffde fr.pc=0x000002105a65a624 relative=0x0000000000006dc4
Event: 26.571 Thread 0x000002106876bfa0 Uncommon trap: reason=class_check action=maybe_recompile pc=0x000002105a65a624 method=lombok.patcher.PatchScript$MethodPatcher.visitMethod(ILjava/lang/String;Ljava/lang/String;Ljava/lang/String;[Ljava/lang/String;)Lorg/lombokweb/asm/MethodVisitor; @ 101 c
Event: 26.571 Thread 0x000002106876bfa0 DEOPT PACKING pc=0x000002105a65a624 sp=0x000000f4d5ef9da0
Event: 26.571 Thread 0x000002106876bfa0 DEOPT UNPACKING pc=0x0000021059fe3aa2 sp=0x000000f4d5ef9d08 mode 2
Event: 26.571 Thread 0x000002106876bfa0 Uncommon trap: trap_request=0xffffffde fr.pc=0x000002105a65a624 relative=0x0000000000006dc4
Event: 26.571 Thread 0x000002106876bfa0 Uncommon trap: reason=class_check action=maybe_recompile pc=0x000002105a65a624 method=lombok.patcher.PatchScript$MethodPatcher.visitMethod(ILjava/lang/String;Ljava/lang/String;Ljava/lang/String;[Ljava/lang/String;)Lorg/lombokweb/asm/MethodVisitor; @ 101 c
Event: 26.571 Thread 0x000002106876bfa0 DEOPT PACKING pc=0x000002105a65a624 sp=0x000000f4d5ef9da0
Event: 26.571 Thread 0x000002106876bfa0 DEOPT UNPACKING pc=0x0000021059fe3aa2 sp=0x000000f4d5ef9d08 mode 2
Event: 26.571 Thread 0x000002106876bfa0 Uncommon trap: trap_request=0xffffffde fr.pc=0x000002105a65a624 relative=0x0000000000006dc4
Event: 26.571 Thread 0x000002106876bfa0 Uncommon trap: reason=class_check action=maybe_recompile pc=0x000002105a65a624 method=lombok.patcher.PatchScript$MethodPatcher.visitMethod(ILjava/lang/String;Ljava/lang/String;Ljava/lang/String;[Ljava/lang/String;)Lorg/lombokweb/asm/MethodVisitor; @ 101 c
Event: 26.571 Thread 0x000002106876bfa0 DEOPT PACKING pc=0x000002105a65a624 sp=0x000000f4d5ef9da0
Event: 26.571 Thread 0x000002106876bfa0 DEOPT UNPACKING pc=0x0000021059fe3aa2 sp=0x000000f4d5ef9d08 mode 2
Event: 26.571 Thread 0x000002106876bfa0 Uncommon trap: trap_request=0xffffffde fr.pc=0x000002105a65a624 relative=0x0000000000006dc4
Event: 26.571 Thread 0x000002106876bfa0 Uncommon trap: reason=class_check action=maybe_recompile pc=0x000002105a65a624 method=lombok.patcher.PatchScript$MethodPatcher.visitMethod(ILjava/lang/String;Ljava/lang/String;Ljava/lang/String;[Ljava/lang/String;)Lorg/lombokweb/asm/MethodVisitor; @ 101 c
Event: 26.571 Thread 0x000002106876bfa0 DEOPT PACKING pc=0x000002105a65a624 sp=0x000000f4d5ef9da0
Event: 26.571 Thread 0x000002106876bfa0 DEOPT UNPACKING pc=0x0000021059fe3aa2 sp=0x000000f4d5ef9d08 mode 2

Classes loaded (20 events):
Event: 17.397 Loading class java/nio/channels/NonWritableChannelException
Event: 17.397 Loading class java/nio/channels/NonWritableChannelException done
Event: 18.265 Loading class java/lang/ExceptionInInitializerError
Event: 18.265 Loading class java/lang/ExceptionInInitializerError done
Event: 18.550 Loading class sun/misc/Unsafe
Event: 18.552 Loading class sun/misc/Unsafe done
Event: 19.977 Loading class java/util/Vector$1
Event: 19.977 Loading class java/util/Vector$1 done
Event: 20.354 Loading class java/util/regex/Pattern$Caret
Event: 20.354 Loading class java/util/regex/Pattern$Caret done
Event: 20.426 Loading class java/util/stream/ReferencePipeline$4
Event: 20.427 Loading class java/util/stream/ReferencePipeline$4 done
Event: 20.427 Loading class java/util/stream/Nodes$IntFixedNodeBuilder
Event: 20.428 Loading class java/util/stream/Node$Builder$OfInt
Event: 20.428 Loading class java/util/stream/Node$Builder$OfInt done
Event: 20.428 Loading class java/util/stream/Nodes$IntArrayNode
Event: 20.428 Loading class java/util/stream/Nodes$IntArrayNode done
Event: 20.428 Loading class java/util/stream/Nodes$IntFixedNodeBuilder done
Event: 20.429 Loading class java/util/stream/ReferencePipeline$4$1
Event: 20.429 Loading class java/util/stream/ReferencePipeline$4$1 done

Classes unloaded (7 events):
Event: 6.755 Thread 0x0000021066042bb0 Unloading class 0x000002100118c000 'java/lang/invoke/LambdaForm$MH+0x000002100118c000'
Event: 6.755 Thread 0x0000021066042bb0 Unloading class 0x000002100118bc00 'java/lang/invoke/LambdaForm$MH+0x000002100118bc00'
Event: 6.755 Thread 0x0000021066042bb0 Unloading class 0x000002100118b800 'java/lang/invoke/LambdaForm$MH+0x000002100118b800'
Event: 6.755 Thread 0x0000021066042bb0 Unloading class 0x000002100118b400 'java/lang/invoke/LambdaForm$MH+0x000002100118b400'
Event: 6.755 Thread 0x0000021066042bb0 Unloading class 0x000002100118b000 'java/lang/invoke/LambdaForm$BMH+0x000002100118b000'
Event: 6.755 Thread 0x0000021066042bb0 Unloading class 0x000002100118ac00 'java/lang/invoke/LambdaForm$DMH+0x000002100118ac00'
Event: 6.755 Thread 0x0000021066042bb0 Unloading class 0x0000021001189800 'java/lang/invoke/LambdaForm$DMH+0x0000021001189800'

Classes redefined (0 events):
No events

Internal exceptions (20 events):
Event: 8.678 Thread 0x000002104f86d540 Exception <a 'java/lang/NoSuchMethodError'{0x00000000d62f6de8}: 'void java.lang.invoke.DirectMethodHandle$Holder.invokeSpecial(java.lang.Object, java.lang.Object, java.lang.Object, java.lang.Object, java.lang.Object, java.lang.Object)'> (0x00000000d62f6de8) 
thrown [s\src\hotspot\share\interpreter\linkResolver.cpp, line 773]
Event: 8.681 Thread 0x000002104f86d540 Exception <a 'java/lang/IncompatibleClassChangeError'{0x00000000d62fef68}: Found class java.lang.Object, but interface was expected> (0x00000000d62fef68) 
thrown [s\src\hotspot\share\interpreter\linkResolver.cpp, line 840]
Event: 8.683 Thread 0x000002104f86d540 Exception <a 'java/lang/IncompatibleClassChangeError'{0x00000000d6300d58}: Found class java.lang.Object, but interface was expected> (0x00000000d6300d58) 
thrown [s\src\hotspot\share\interpreter\linkResolver.cpp, line 840]
Event: 8.988 Thread 0x000002106876bfa0 Exception <a 'java/lang/NoSuchMethodError'{0x00000000d681fe50}: 'java.lang.Object java.lang.invoke.DirectMethodHandle$Holder.invokeInterface(java.lang.Object, java.lang.Object, java.lang.Object)'> (0x00000000d681fe50) 
thrown [s\src\hotspot\share\interpreter\linkResolver.cpp, line 773]
Event: 9.031 Thread 0x000002106876bfa0 Exception <a 'java/io/FileNotFoundException'{0x00000000d68bb568}> (0x00000000d68bb568) 
thrown [s\src\hotspot\share\prims\jni.cpp, line 520]
Event: 9.099 Thread 0x000002106876bfa0 Exception <a 'sun/nio/fs/WindowsException'{0x00000000d58922d0}> (0x00000000d58922d0) 
thrown [s\src\hotspot\share\prims\jni.cpp, line 520]
Event: 16.652 Thread 0x000002106876bfa0 Exception <a 'java/lang/IncompatibleClassChangeError'{0x00000000d5b6c620}: Found class java.lang.Object, but interface was expected> (0x00000000d5b6c620) 
thrown [s\src\hotspot\share\interpreter\linkResolver.cpp, line 840]
Event: 16.907 Thread 0x000002106876bfa0 Implicit null exception at 0x000002105a6846f7 to 0x000002105a684968
Event: 16.908 Thread 0x000002106876bfa0 Exception <a 'java/lang/NoSuchMethodError'{0x00000000d6272db8}: 'long java.lang.invoke.DirectMethodHandle$Holder.invokeStatic(java.lang.Object, java.lang.Object, int)'> (0x00000000d6272db8) 
thrown [s\src\hotspot\share\interpreter\linkResolver.cpp, line 773]
Event: 16.910 Thread 0x000002106876bfa0 Exception <a 'java/lang/NoSuchMethodError'{0x00000000d627d640}: 'java.lang.Object java.lang.invoke.DelegatingMethodHandle$Holder.reinvoke_L(java.lang.Object, int, long, java.lang.Object, java.lang.Object, int, java.lang.Object)'> (0x00000000d627d640) 
thrown [s\src\hotspot\share\interpreter\linkResolver.cpp, line 773]
Event: 17.111 Thread 0x000002106876bfa0 Exception <a 'java/lang/NoSuchMethodError'{0x00000000d68265f8}: 'java.lang.Object java.lang.invoke.DirectMethodHandle$Holder.invokeStaticInit(java.lang.Object, java.lang.Object, java.lang.Object, java.lang.Object, java.lang.Object, java.lang.Object, java.lang.Object)'> (0x00000000d68265f8) 
thrown [s\src\hotspot\share\interpreter\linkResolver.cpp, line 773]
Event: 17.111 Thread 0x000002106876bfa0 Exception <a 'java/lang/NoSuchMethodError'{0x00000000d682b5b0}: 'java.lang.Object java.lang.invoke.Invokers$Holder.invoke_MT(java.lang.Object, java.lang.Object, java.lang.Object, java.lang.Object, java.lang.Object, java.lang.Object, java.lang.Object, java.lang.Object, java.lang.Object, java.lang.Object)'> (0x00000000d682b5b0) 
thrown [s\src\hotspot\share\interpreter\linkResolver.cpp, line 773]
Event: 17.119 Thread 0x000002106876bfa0 Exception <a 'java/lang/NoSuchMethodError'{0x00000000d686b6d8}: 'int java.lang.invoke.DirectMethodHandle$Holder.invokeVirtual(java.lang.Object, java.lang.Object, java.lang.Object)'> (0x00000000d686b6d8) 
thrown [s\src\hotspot\share\interpreter\linkResolver.cpp, line 773]
Event: 17.120 Thread 0x000002106876bfa0 Exception <a 'java/lang/NoSuchMethodError'{0x00000000d686fa80}: 'int java.lang.invoke.DirectMethodHandle$Holder.invokeStaticInit(java.lang.Object, int, int)'> (0x00000000d686fa80) 
thrown [s\src\hotspot\share\interpreter\linkResolver.cpp, line 773]
Event: 17.120 Thread 0x000002106876bfa0 Exception <a 'java/lang/NoSuchMethodError'{0x00000000d6877228}: 'int java.lang.invoke.DirectMethodHandle$Holder.invokeStaticInit(java.lang.Object, long, long)'> (0x00000000d6877228) 
thrown [s\src\hotspot\share\interpreter\linkResolver.cpp, line 773]
Event: 17.121 Thread 0x000002106876bfa0 Exception <a 'java/lang/NoSuchMethodError'{0x00000000d687e3b0}: 'int java.lang.invoke.DirectMethodHandle$Holder.invokeStaticInit(java.lang.Object, float, float)'> (0x00000000d687e3b0) 
thrown [s\src\hotspot\share\interpreter\linkResolver.cpp, line 773]
Event: 17.122 Thread 0x000002106876bfa0 Exception <a 'java/lang/NoSuchMethodError'{0x00000000d68850f0}: 'int java.lang.invoke.DirectMethodHandle$Holder.invokeStaticInit(java.lang.Object, double, double)'> (0x00000000d68850f0) 
thrown [s\src\hotspot\share\interpreter\linkResolver.cpp, line 773]
Event: 17.122 Thread 0x000002106876bfa0 Exception <a 'java/lang/NoSuchMethodError'{0x00000000d6889908}: 'int java.lang.invoke.DirectMethodHandle$Holder.invokeStatic(java.lang.Object, long)'> (0x00000000d6889908) 
thrown [s\src\hotspot\share\interpreter\linkResolver.cpp, line 773]
Event: 17.126 Thread 0x000002106876bfa0 Exception <a 'java/lang/NoSuchMethodError'{0x00000000d68a8a98}: 'int java.lang.invoke.Invokers$Holder.linkToTargetMethod(java.lang.Object, java.lang.Object)'> (0x00000000d68a8a98) 
thrown [s\src\hotspot\share\interpreter\linkResolver.cpp, line 773]
Event: 20.284 Thread 0x000002106876bfa0 Implicit null exception at 0x000002105a78639d to 0x000002105a786ee0

ZGC Phase Switch (0 events):
No events

VM Operations (20 events):
Event: 17.973 Executing VM operation: ParallelGCFailedAllocation (Allocation Failure)
Event: 17.977 Executing VM operation: ParallelGCFailedAllocation (Allocation Failure) done
Event: 18.138 Executing VM operation: ParallelGCFailedAllocation (Allocation Failure)
Event: 18.143 Executing VM operation: ParallelGCFailedAllocation (Allocation Failure) done
Event: 18.585 Executing VM operation: HandshakeAllThreads (Deoptimize)
Event: 18.585 Executing VM operation: HandshakeAllThreads (Deoptimize) done
Event: 18.895 Executing VM operation: ParallelGCFailedAllocation (Allocation Failure)
Event: 18.898 Executing VM operation: ParallelGCFailedAllocation (Allocation Failure) done
Event: 20.077 Executing VM operation: CollectForMetadataAllocation (Metadata GC Threshold)
Event: 20.133 Executing VM operation: CollectForMetadataAllocation (Metadata GC Threshold) done
Event: 21.137 Executing VM operation: Cleanup
Event: 21.482 Executing VM operation: Cleanup done
Event: 23.495 Executing VM operation: Cleanup
Event: 23.495 Executing VM operation: Cleanup done
Event: 24.533 Executing VM operation: ParallelGCFailedAllocation (Allocation Failure)
Event: 26.554 Executing VM operation: ParallelGCFailedAllocation (Allocation Failure) done
Event: 26.641 Executing VM operation: ParallelGCFailedAllocation (Allocation Failure)
Event: 26.644 Executing VM operation: ParallelGCFailedAllocation (Allocation Failure) done
Event: 27.657 Executing VM operation: Cleanup
Event: 27.658 Executing VM operation: Cleanup done

Memory protections (0 events):
No events

Nmethod flushes (20 events):
Event: 20.104 Thread 0x0000021066042bb0 flushing  nmethod 0x0000021052d85310
Event: 20.104 Thread 0x0000021066042bb0 flushing  nmethod 0x0000021052d86d10
Event: 20.104 Thread 0x0000021066042bb0 flushing  nmethod 0x0000021052d89a90
Event: 20.104 Thread 0x0000021066042bb0 flushing  nmethod 0x0000021052da5d90
Event: 20.104 Thread 0x0000021066042bb0 flushing  nmethod 0x0000021052db9a90
Event: 20.104 Thread 0x0000021066042bb0 flushing  nmethod 0x0000021052dbc790
Event: 20.104 Thread 0x0000021066042bb0 flushing  nmethod 0x0000021052dbca90
Event: 20.104 Thread 0x0000021066042bb0 flushing  nmethod 0x0000021052dc3d90
Event: 20.104 Thread 0x0000021066042bb0 flushing  nmethod 0x0000021052dd8410
Event: 20.104 Thread 0x0000021066042bb0 flushing  nmethod 0x0000021052e40190
Event: 20.104 Thread 0x0000021066042bb0 flushing  nmethod 0x0000021052e8db10
Event: 20.104 Thread 0x0000021066042bb0 flushing  nmethod 0x0000021052e8df90
Event: 20.104 Thread 0x0000021066042bb0 flushing  nmethod 0x0000021052ec5e10
Event: 20.104 Thread 0x0000021066042bb0 flushing  nmethod 0x0000021052ec6810
Event: 20.104 Thread 0x0000021066042bb0 flushing  nmethod 0x0000021052ecc590
Event: 20.104 Thread 0x0000021066042bb0 flushing  nmethod 0x0000021052f0f410
Event: 20.104 Thread 0x0000021066042bb0 flushing  nmethod 0x0000021052f12e90
Event: 20.104 Thread 0x0000021066042bb0 flushing  nmethod 0x0000021052f13810
Event: 20.104 Thread 0x0000021066042bb0 flushing  nmethod 0x0000021052f40e90
Event: 20.104 Thread 0x0000021066042bb0 flushing  nmethod 0x0000021052f55a90

Events (20 events):
Event: 7.266 Thread 0x00000210675acce0 Thread added: 0x000002106876abf0
Event: 7.451 Thread 0x000002106876abf0 Thread exited: 0x000002106876abf0
Event: 8.165 Thread 0x000002104f86d540 Thread added: 0x0000021068768b20
Event: 8.166 Thread 0x000002104f86d540 Thread added: 0x0000021068769840
Event: 8.166 Thread 0x000002104f86d540 Thread added: 0x000002106876a560
Event: 8.166 Thread 0x000002104f86d540 Thread added: 0x000002106876abf0
Event: 8.166 Thread 0x000002104f86d540 Thread added: 0x0000021068767770
Event: 8.166 Thread 0x000002104f86d540 Thread added: 0x000002106876b280
Event: 8.166 Thread 0x000002104f86d540 Thread added: 0x0000021068767e00
Event: 8.167 Thread 0x000002104f86d540 Thread added: 0x000002106876b910
Event: 8.167 Thread 0x000002104f86d540 Thread added: 0x0000021068768490
Event: 8.167 Thread 0x000002104f86d540 Thread added: 0x000002106876d350
Event: 8.167 Thread 0x000002104f86d540 Thread added: 0x000002106876d9e0
Event: 8.167 Thread 0x000002104f86d540 Thread added: 0x000002106876e070
Event: 8.167 Thread 0x000002104f86d540 Thread added: 0x000002106876e700
Event: 8.265 Thread 0x000002104f86d540 Thread added: 0x000002106876ed90
Event: 8.730 Thread 0x000002104f86d540 Thread added: 0x000002106876c630
Event: 8.731 Thread 0x000002104f86d540 Thread added: 0x000002106876bfa0
Event: 17.023 Thread 0x000002104f92e2c0 Thread added: 0x0000021068792520
Event: 18.475 Thread 0x0000021068792520 Thread exited: 0x0000021068792520


Dynamic libraries:
0x00007ff7b76a0000 - 0x00007ff7b76ae000 	c:\Users\ramir\.vscode\extensions\redhat.java-1.47.0-win32-x64\jre\21.0.8-win32-x86_64\bin\java.exe
0x00007ffd69000000 - 0x00007ffd69268000 	C:\WINDOWS\SYSTEM32\ntdll.dll
0x00007ffd68510000 - 0x00007ffd685d9000 	C:\WINDOWS\System32\KERNEL32.DLL
0x00007ffd669a0000 - 0x00007ffd66d98000 	C:\WINDOWS\System32\KERNELBASE.dll
0x00007ffd66150000 - 0x00007ffd6629b000 	C:\WINDOWS\System32\ucrtbase.dll
0x00007ffd4fb30000 - 0x00007ffd4fb48000 	c:\Users\ramir\.vscode\extensions\redhat.java-1.47.0-win32-x64\jre\21.0.8-win32-x86_64\bin\jli.dll
0x00007ffd67350000 - 0x00007ffd67517000 	C:\WINDOWS\System32\USER32.dll
0x00007ffd664c0000 - 0x00007ffd664e7000 	C:\WINDOWS\System32\win32u.dll
0x00007ffd68420000 - 0x00007ffd6844b000 	C:\WINDOWS\System32\GDI32.dll
0x00007ffd5bc70000 - 0x00007ffd5bc8e000 	c:\Users\ramir\.vscode\extensions\redhat.java-1.47.0-win32-x64\jre\21.0.8-win32-x86_64\bin\VCRUNTIME140.dll
0x00007ffd665a0000 - 0x00007ffd666cc000 	C:\WINDOWS\System32\gdi32full.dll
0x00007ffd662a0000 - 0x00007ffd66343000 	C:\WINDOWS\System32\msvcp_win.dll
0x00007ffd4ba20000 - 0x00007ffd4bcb4000 	C:\WINDOWS\WinSxS\amd64_microsoft.windows.common-controls_6595b64144ccf1df_6.0.26100.7019_none_3e06ffa0e335b8a8\COMCTL32.dll
0x00007ffd68890000 - 0x00007ffd68939000 	C:\WINDOWS\System32\msvcrt.dll
0x00007ffd67c90000 - 0x00007ffd67cc1000 	C:\WINDOWS\System32\IMM32.DLL
0x00007ffd5f080000 - 0x00007ffd5f08c000 	c:\Users\ramir\.vscode\extensions\redhat.java-1.47.0-win32-x64\jre\21.0.8-win32-x86_64\bin\vcruntime140_1.dll
0x00007ffd25190000 - 0x00007ffd2521d000 	c:\Users\ramir\.vscode\extensions\redhat.java-1.47.0-win32-x64\jre\21.0.8-win32-x86_64\bin\msvcp140.dll
0x00007ffcd2750000 - 0x00007ffcd34e7000 	c:\Users\ramir\.vscode\extensions\redhat.java-1.47.0-win32-x64\jre\21.0.8-win32-x86_64\bin\server\jvm.dll
0x00007ffd68610000 - 0x00007ffd686c4000 	C:\WINDOWS\System32\ADVAPI32.dll
0x00007ffd66da0000 - 0x00007ffd66e46000 	C:\WINDOWS\System32\sechost.dll
0x00007ffd68770000 - 0x00007ffd68888000 	C:\WINDOWS\System32\RPCRT4.dll
0x00007ffd682c0000 - 0x00007ffd68334000 	C:\WINDOWS\System32\WS2_32.dll
0x00007ffd65b90000 - 0x00007ffd65bee000 	C:\WINDOWS\SYSTEM32\POWRPROF.dll
0x00007ffd58200000 - 0x00007ffd58235000 	C:\WINDOWS\SYSTEM32\WINMM.dll
0x00007ffd59f40000 - 0x00007ffd59f4b000 	C:\WINDOWS\SYSTEM32\VERSION.dll
0x00007ffd65b30000 - 0x00007ffd65b44000 	C:\WINDOWS\SYSTEM32\UMPDC.dll
0x00007ffd64f10000 - 0x00007ffd64f2b000 	C:\WINDOWS\SYSTEM32\kernel.appcore.dll
0x00007ffd5e050000 - 0x00007ffd5e05a000 	c:\Users\ramir\.vscode\extensions\redhat.java-1.47.0-win32-x64\jre\21.0.8-win32-x86_64\bin\jimage.dll
0x00007ffd63870000 - 0x00007ffd63ab2000 	C:\WINDOWS\SYSTEM32\DBGHELP.DLL
0x00007ffd68940000 - 0x00007ffd68ccb000 	C:\WINDOWS\System32\combase.dll
0x00007ffd68340000 - 0x00007ffd68417000 	C:\WINDOWS\System32\OLEAUT32.dll
0x00007ffd48980000 - 0x00007ffd489bc000 	C:\WINDOWS\SYSTEM32\dbgcore.DLL
0x00007ffd664f0000 - 0x00007ffd66595000 	C:\WINDOWS\System32\bcryptPrimitives.dll
0x00007ffd4c7a0000 - 0x00007ffd4c7af000 	c:\Users\ramir\.vscode\extensions\redhat.java-1.47.0-win32-x64\jre\21.0.8-win32-x86_64\bin\instrument.dll
0x00007ffd2b310000 - 0x00007ffd2b32f000 	c:\Users\ramir\.vscode\extensions\redhat.java-1.47.0-win32-x64\jre\21.0.8-win32-x86_64\bin\java.dll
0x00007ffd67520000 - 0x00007ffd67c71000 	C:\WINDOWS\System32\SHELL32.dll
0x00007ffd66350000 - 0x00007ffd664bb000 	C:\WINDOWS\System32\wintypes.dll
0x00007ffd63d60000 - 0x00007ffd645bd000 	C:\WINDOWS\SYSTEM32\windows.storage.dll
0x00007ffd68160000 - 0x00007ffd68252000 	C:\WINDOWS\System32\SHCORE.dll
0x00007ffd67160000 - 0x00007ffd671c7000 	C:\WINDOWS\System32\shlwapi.dll
0x00007ffd66070000 - 0x00007ffd66099000 	C:\WINDOWS\SYSTEM32\profapi.dll
0x00007ffd2b2f0000 - 0x00007ffd2b308000 	c:\Users\ramir\.vscode\extensions\redhat.java-1.47.0-win32-x64\jre\21.0.8-win32-x86_64\bin\zip.dll
0x00007ffd4aae0000 - 0x00007ffd4aaf0000 	C:\Users\ramir\.vscode\extensions\redhat.java-1.47.0-win32-x64\jre\21.0.8-win32-x86_64\bin\net.dll
0x00007ffd5b8b0000 - 0x00007ffd5b9d8000 	C:\WINDOWS\SYSTEM32\WINHTTP.dll
0x00007ffd65480000 - 0x00007ffd654eb000 	C:\WINDOWS\system32\mswsock.dll
0x00007ffd2b2d0000 - 0x00007ffd2b2e6000 	C:\Users\ramir\.vscode\extensions\redhat.java-1.47.0-win32-x64\jre\21.0.8-win32-x86_64\bin\nio.dll
0x00007ffd4a780000 - 0x00007ffd4a790000 	c:\Users\ramir\.vscode\extensions\redhat.java-1.47.0-win32-x64\jre\21.0.8-win32-x86_64\bin\verify.dll
0x00007ffd3c6c0000 - 0x00007ffd3c704000 	C:\Users\ramir\AppData\Roaming\Code\User\globalStorage\redhat.java\1.47.0\config_ss_win\org.eclipse.equinox.launcher\org.eclipse.equinox.launcher.win32.win32.x86_64_1.2.1400.v20250801-0854\eclipse_11916.dll
0x00007ffd66e50000 - 0x00007ffd66fe7000 	C:\WINDOWS\System32\ole32.dll
0x00007ffd65740000 - 0x00007ffd6575b000 	C:\WINDOWS\SYSTEM32\CRYPTSP.dll
0x00007ffd64e70000 - 0x00007ffd64eaa000 	C:\WINDOWS\system32\rsaenh.dll
0x00007ffd65530000 - 0x00007ffd6555b000 	C:\WINDOWS\SYSTEM32\USERENV.dll
0x00007ffd66040000 - 0x00007ffd6606a000 	C:\WINDOWS\SYSTEM32\bcrypt.dll
0x00007ffd65760000 - 0x00007ffd6576c000 	C:\WINDOWS\SYSTEM32\CRYPTBASE.dll
0x00007ffd64990000 - 0x00007ffd649c4000 	C:\WINDOWS\SYSTEM32\IPHLPAPI.DLL
0x00007ffd671d0000 - 0x00007ffd671da000 	C:\WINDOWS\System32\NSI.dll
0x00007ffd34a80000 - 0x00007ffd34ac9000 	C:\Users\ramir\AppData\Local\Temp\jna-108279239\jna1626809756546562337.dll
0x00007ffd686e0000 - 0x00007ffd686e8000 	C:\WINDOWS\System32\PSAPI.DLL
0x00007ffd5b640000 - 0x00007ffd5b65e000 	C:\WINDOWS\SYSTEM32\dhcpcsvc6.DLL
0x00007ffd5b610000 - 0x00007ffd5b633000 	C:\WINDOWS\SYSTEM32\dhcpcsvc.DLL

JVMTI agents:
c:\Users\ramir\.vscode\extensions\redhat.java-1.47.0-win32-x64\lombok\lombok-1.18.39-4050.jar path:c:\Users\ramir\.vscode\extensions\redhat.java-1.47.0-win32-x64\jre\21.0.8-win32-x86_64\bin\instrument.dll, loaded, initialized, instrumentlib options:none

dbghelp: loaded successfully - version: 4.0.5 - missing functions: none
symbol engine: initialized successfully - sym options: 0x614 - pdb path: .;c:\Users\ramir\.vscode\extensions\redhat.java-1.47.0-win32-x64\jre\21.0.8-win32-x86_64\bin;C:\WINDOWS\SYSTEM32;C:\WINDOWS\WinSxS\amd64_microsoft.windows.common-controls_6595b64144ccf1df_6.0.26100.7019_none_3e06ffa0e335b8a8;c:\Users\ramir\.vscode\extensions\redhat.java-1.47.0-win32-x64\jre\21.0.8-win32-x86_64\bin\server;C:\Users\ramir\AppData\Roaming\Code\User\globalStorage\redhat.java\1.47.0\config_ss_win\org.eclipse.equinox.launcher\org.eclipse.equinox.launcher.win32.win32.x86_64_1.2.1400.v20250801-0854;C:\Users\ramir\AppData\Local\Temp\jna-108279239

VM Arguments:
jvm_args: --add-modules=ALL-SYSTEM --add-opens=java.base/java.util=ALL-UNNAMED --add-opens=java.base/java.lang=ALL-UNNAMED --add-opens=java.base/sun.nio.fs=ALL-UNNAMED -Declipse.application=org.eclipse.jdt.ls.core.id1 -Dosgi.bundles.defaultStartLevel=4 -Declipse.product=org.eclipse.jdt.ls.core.product -Djava.import.generatesMetadataFilesAtProjectRoot=false -DDetectVMInstallationsJob.disabled=true -Dfile.encoding=utf8 -XX:+UseParallelGC -XX:GCTimeRatio=4 -XX:AdaptiveSizePolicyWeight=90 -Dsun.zip.disableMemoryMapping=true -Xmx2G -Xms100m -Xlog:disable -javaagent:c:\Users\ramir\.vscode\extensions\redhat.java-1.47.0-win32-x64\lombok\lombok-1.18.39-4050.jar 
java_command: c:\Users\ramir\.vscode\extensions\redhat.java-1.47.0-win32-x64\server\plugins\org.eclipse.equinox.launcher_1.7.100.v20251014-1222.jar -configuration c:\Users\ramir\AppData\Roaming\Code\User\globalStorage\redhat.java\1.47.0\config_ss_win -data c:\Users\ramir\AppData\Roaming\Code\User\workspaceStorage\46d5d728171aacb383eedf91ecaba8d8\redhat.java\ss_ws --pipe=\\.\pipe\lsp-f9ce8a74c35c34b85239f841e873104a-sock
java_class_path (initial): c:\Users\ramir\.vscode\extensions\redhat.java-1.47.0-win32-x64\server\plugins\org.eclipse.equinox.launcher_1.7.100.v20251014-1222.jar
Launcher Type: SUN_STANDARD

[Global flags]
    uintx AdaptiveSizePolicyWeight                 = 90                                        {product} {command line}
     intx CICompilerCount                          = 4                                         {product} {ergonomic}
    uintx GCTimeRatio                              = 4                                         {product} {command line}
   size_t InitialHeapSize                          = 104857600                                 {product} {command line}
   size_t MaxHeapSize                              = 2147483648                                {product} {command line}
   size_t MaxNewSize                               = 715653120                                 {product} {ergonomic}
   size_t MinHeapDeltaBytes                        = 524288                                    {product} {ergonomic}
   size_t MinHeapSize                              = 104857600                                 {product} {command line}
   size_t NewSize                                  = 34603008                                  {product} {ergonomic}
    uintx NonNMethodCodeHeapSize                   = 5839372                                {pd product} {ergonomic}
    uintx NonProfiledCodeHeapSize                  = 122909434                              {pd product} {ergonomic}
   size_t OldSize                                  = 70254592                                  {product} {ergonomic}
    uintx ProfiledCodeHeapSize                     = 122909434                              {pd product} {ergonomic}
    uintx ReservedCodeCacheSize                    = 251658240                              {pd product} {ergonomic}
     bool SegmentedCodeCache                       = true                                      {product} {ergonomic}
   size_t SoftMaxHeapSize                          = 2147483648                             {manageable} {ergonomic}
     bool UseCompressedOops                        = true                           {product lp64_product} {ergonomic}
     bool UseLargePagesIndividualAllocation        = false                                  {pd product} {ergonomic}
     bool UseParallelGC                            = true                                      {product} {command line}

Logging:
Log output configuration:
 #0: stdout all=off uptime,level,tags foldmultilines=false
 #1: stderr all=off uptime,level,tags foldmultilines=false

Environment Variables:
PATH=C:\app\ramir\product\21c\dbhomeXE\bin;C:\Program Files\Common Files\Oracle\Java\javapath;C:\Program Files (x86)\Common Files\Oracle\Java\javapath;C:\Windows\system32;C:\Windows;C:\Windows\System32\Wbem;C:\Windows\System32\WindowsPowerShell\v1.0\;C:\Windows\System32\OpenSSH\;C:\Program Files (x86)\NVIDIA Corporation\PhysX\Common;C:\Program Files\NVIDIA Corporation\NVIDIA app\NvDLISR;C:\Program Files\Git\cmd;C:\Program Files\Microsoft SQL Server\Client SDK\ODBC\170\Tools\Binn\;C:\Program Files (x86)\Microsoft SQL Server\150\Tools\Binn\;C:\Program Files\Microsoft SQL Server\150\Tools\Binn\;C:\Program Files\Microsoft SQL Server\150\DTS\Binn\;C:\Program Files (x86)\Microsoft SQL Server\150\DTS\Binn\;C:\Program Files\Azure Data Studio\bin;C:\Program Files\MySQL\MySQL Server 9.2\bin;;C:\WINDOWS\system32;C:\WINDOWS;C:\WINDOWS\System32\Wbem;C:\WINDOWS\System32\WindowsPowerShell\v1.0\;C:\WINDOWS\System32\OpenSSH\;C:\Program Files\nodejs\;C:\Users\ramir\AppData\Local\Programs\Python\Launcher\;C:\Users\ramir\AppData\Local\Microsoft\WindowsApps;C:\Users\ramir\AppData\Local\Programs\Microsoft VS Code\bin;C:\Program Files\Azure Data Studio\bin;C:\Users\ramir\OneDrive\Desktop\apache-maven-3.9.9-bin\apache-maven-3.9.9\bin;C:\Users\ramir\AppData\Roaming\npm
USERNAME=ramir
OS=Windows_NT
PROCESSOR_IDENTIFIER=Intel64 Family 6 Model 154 Stepping 3, GenuineIntel
TMP=C:\Users\ramir\AppData\Local\Temp
TEMP=C:\Users\ramir\AppData\Local\Temp




Periodic native trim disabled

---------------  S Y S T E M  ---------------

OS:
 Windows 11 , 64 bit Build 26100 (10.0.26100.7019)
OS uptime: 4 days 8:17 hours
Hyper-V role detected

CPU: total 12 (initial active 12) (6 cores per cpu, 2 threads per core) family 6 model 154 stepping 3 microcode 0x423, cx8, cmov, fxsr, ht, mmx, 3dnowpref, sse, sse2, sse3, ssse3, sse4.1, sse4.2, popcnt, lzcnt, tsc, tscinvbit, avx, avx2, aes, erms, clmul, bmi1, bmi2, adx, sha, fma, vzeroupper, clflush, clflushopt, clwb, hv, serialize, rdtscp, rdpid, fsrm, f16c, cet_ibt, cet_ss
Processor Information for processor 0
  Max Mhz: 2500, Current Mhz: 2500, Mhz Limit: 2500
Processor Information for processor 1
  Max Mhz: 2500, Current Mhz: 2500, Mhz Limit: 2500
Processor Information for processor 2
  Max Mhz: 2500, Current Mhz: 2500, Mhz Limit: 2500
Processor Information for processor 3
  Max Mhz: 2500, Current Mhz: 2500, Mhz Limit: 2500
Processor Information for processor 4
  Max Mhz: 2500, Current Mhz: 2500, Mhz Limit: 2500
Processor Information for processor 5
  Max Mhz: 2500, Current Mhz: 2500, Mhz Limit: 2500
Processor Information for processor 6
  Max Mhz: 2500, Current Mhz: 2500, Mhz Limit: 2500
Processor Information for processor 7
  Max Mhz: 2500, Current Mhz: 2500, Mhz Limit: 2500
Processor Information for processor 8
  Max Mhz: 2500, Current Mhz: 1875, Mhz Limit: 1875
Processor Information for processor 9
  Max Mhz: 2500, Current Mhz: 1875, Mhz Limit: 1875
Processor Information for processor 10
  Max Mhz: 2500, Current Mhz: 1875, Mhz Limit: 1875
Processor Information for processor 11
  Max Mhz: 2500, Current Mhz: 1875, Mhz Limit: 1875

Memory: 4k page, system-wide physical 7896M (397M free)
TotalPageFile size 32472M (AvailPageFile size 0M)
current process WorkingSet (physical memory assigned to process): 150M, peak: 154M
current process commit charge ("private bytes"): 305M, peak: 306M

vm_info: OpenJDK 64-Bit Server VM (21.0.8+9-LTS) for windows-amd64 JRE (21.0.8+9-LTS), built on 2025-07-15T00:00:00Z by "admin" with MS VC++ 17.7 (VS2022)

END.
