#
# There is insufficient memory for the Java Runtime Environment to continue.
# Native memory allocation (malloc) failed to allocate 1048576 bytes. Error detail: AllocateHeap
# Possible reasons:
#   The system is out of physical RAM or swap space
#   This process is running with CompressedOops enabled, and the Java Heap may be blocking the growth of the native heap
# Possible solutions:
#   Reduce memory load on the system
#   Increase physical memory or swap space
#   Check if swap backing store is full
#   Decrease Java heap size (-Xmx/-Xms)
#   Decrease number of Java threads
#   Decrease Java thread stack sizes (-Xss)
#   Set larger code cache with -XX:ReservedCodeCacheSize=
#   JVM is running with Unscaled Compressed Oops mode in which the Java heap is
#     placed in the first 4GB address space. The Java Heap base address is the
#     maximum limit for the native heap growth. Please use -XX:HeapBaseMinAddress
#     to set the Java Heap base and to place the Java Heap above 4GB virtual address.
# This output file may be truncated or incomplete.
#
#  Out of Memory Error (allocation.cpp:44), pid=18936, tid=3188
#
# JRE version: OpenJDK Runtime Environment Temurin-21.0.8+9 (21.0.8+9) (build 21.0.8+9-LTS)
# Java VM: OpenJDK 64-Bit Server VM Temurin-21.0.8+9 (21.0.8+9-LTS, mixed mode, sharing, tiered, compressed oops, compressed class ptrs, parallel gc, windows-amd64)
# No core dump will be written. Minidumps are not enabled by default on client versions of Windows
#

---------------  S U M M A R Y ------------

Command Line: --add-modules=ALL-SYSTEM --add-opens=java.base/java.util=ALL-UNNAMED --add-opens=java.base/java.lang=ALL-UNNAMED --add-opens=java.base/sun.nio.fs=ALL-UNNAMED -Declipse.application=org.eclipse.jdt.ls.core.id1 -Dosgi.bundles.defaultStartLevel=4 -Declipse.product=org.eclipse.jdt.ls.core.product -Djava.import.generatesMetadataFilesAtProjectRoot=false -DDetectVMInstallationsJob.disabled=true -Dfile.encoding=utf8 -XX:+UseParallelGC -XX:GCTimeRatio=4 -XX:AdaptiveSizePolicyWeight=90 -Dsun.zip.disableMemoryMapping=true -Xmx2G -Xms100m -Xlog:disable -javaagent:c:\Users\ramir\.vscode\extensions\redhat.java-1.47.0-win32-x64\lombok\lombok-1.18.39-4050.jar -XX:+HeapDumpOnOutOfMemoryError -XX:HeapDumpPath=c:\Users\ramir\AppData\Roaming\Code\User\workspaceStorage\46d5d728171aacb383eedf91ecaba8d8\redhat.java -Daether.dependencyCollector.impl=bf c:\Users\ramir\.vscode\extensions\redhat.java-1.47.0-win32-x64\server\plugins\org.eclipse.equinox.launcher_1.7.100.v20251014-1222.jar -configuration c:\Users\ramir\AppData\Roaming\Code\User\globalStorage\redhat.java\1.47.0\config_win -data c:\Users\ramir\AppData\Roaming\Code\User\workspaceStorage\46d5d728171aacb383eedf91ecaba8d8\redhat.java\jdt_ws --pipe=\\.\pipe\lsp-3743c69a7473162972fa06fcee780842-sock

Host: 12th Gen Intel(R) Core(TM) i5-12450H, 12 cores, 7G,  Windows 11 , 64 bit Build 26100 (10.0.26100.7019)
Time: Tue Nov 18 11:18:24 2025 Hora est. Pacífico, Sudamérica elapsed time: 40660.587393 seconds (0d 11h 17m 40s)

---------------  T H R E A D  ---------------

Current thread (0x00000230508a85a0):  JavaThread "Attach Listener" daemon [_thread_in_vm, id=3188, stack(0x0000003e43c00000,0x0000003e43d00000) (1024K)]

Stack: [0x0000003e43c00000,0x0000003e43d00000]
Native frames: (J=compiled Java code, j=interpreted, Vv=VM code, C=native code)
V  [jvm.dll+0x6d2449]
V  [jvm.dll+0x8ae341]
V  [jvm.dll+0x8b08be]
V  [jvm.dll+0x8b0fa3]
V  [jvm.dll+0x280c96]
V  [jvm.dll+0xc0347]
V  [jvm.dll+0x6d2cf9]
V  [jvm.dll+0x131116]
V  [jvm.dll+0x3f2d16]
V  [jvm.dll+0x857e6b]
V  [jvm.dll+0x6d0b0d]
C  [ucrtbase.dll+0x37b0]
C  [KERNEL32.DLL+0x2e8d7]
C  [ntdll.dll+0x8c53c]


---------------  P R O C E S S  ---------------

Threads class SMR info:
_java_thread_list=0x0000023062b73e70, length=39, elements={
0x0000023076e1f980, 0x00000230508a44b0, 0x000002307e8bcfb0, 0x00000230508a7950,
0x00000230508a85a0, 0x00000230508ab100, 0x00000230508abb50, 0x00000230508b4c20,
0x00000230508c8e60, 0x00000230509cdfa0, 0x0000023050bb21b0, 0x0000023055622440,
0x0000023050ad15b0, 0x00000230554e01b0, 0x00000230555c2380, 0x00000230552c0360,
0x0000023055a110f0, 0x000002305597b400, 0x000002305597ad70, 0x000002305597ba90,
0x000002305597d4d0, 0x0000023056faecc0, 0x0000023056fb0700, 0x0000023056faf350,
0x0000023056fb1420, 0x0000023056fb1ab0, 0x0000023056faf9e0, 0x0000023056fae630,
0x0000023056fb34f0, 0x0000023056fb0070, 0x0000023056fb4210, 0x0000023056fb2e60,
0x0000023056fb3b80, 0x0000023056fb2140, 0x0000023056fb55c0, 0x0000023056fb27d0,
0x0000023056fb5c50, 0x0000023056fb48a0, 0x00000230612be2f0
}

Java Threads: ( => current thread )
  0x0000023076e1f980 JavaThread "main"                              [_thread_blocked, id=2324, stack(0x0000003e43500000,0x0000003e43600000) (1024K)]
  0x00000230508a44b0 JavaThread "Reference Handler"          daemon [_thread_blocked, id=24088, stack(0x0000003e43900000,0x0000003e43a00000) (1024K)]
  0x000002307e8bcfb0 JavaThread "Finalizer"                  daemon [_thread_blocked, id=21480, stack(0x0000003e43a00000,0x0000003e43b00000) (1024K)]
  0x00000230508a7950 JavaThread "Signal Dispatcher"          daemon [_thread_blocked, id=28376, stack(0x0000003e43b00000,0x0000003e43c00000) (1024K)]
=>0x00000230508a85a0 JavaThread "Attach Listener"            daemon [_thread_in_vm, id=3188, stack(0x0000003e43c00000,0x0000003e43d00000) (1024K)]
  0x00000230508ab100 JavaThread "Service Thread"             daemon [_thread_blocked, id=32472, stack(0x0000003e43d00000,0x0000003e43e00000) (1024K)]
  0x00000230508abb50 JavaThread "Monitor Deflation Thread"   daemon [_thread_blocked, id=35568, stack(0x0000003e43e00000,0x0000003e43f00000) (1024K)]
  0x00000230508b4c20 JavaThread "C2 CompilerThread0"         daemon [_thread_blocked, id=29388, stack(0x0000003e43f00000,0x0000003e44000000) (1024K)]
  0x00000230508c8e60 JavaThread "C1 CompilerThread0"         daemon [_thread_blocked, id=23316, stack(0x0000003e44000000,0x0000003e44100000) (1024K)]
  0x00000230509cdfa0 JavaThread "Common-Cleaner"             daemon [_thread_blocked, id=1816, stack(0x0000003e44100000,0x0000003e44200000) (1024K)]
  0x0000023050bb21b0 JavaThread "Notification Thread"        daemon [_thread_blocked, id=13856, stack(0x0000003e44200000,0x0000003e44300000) (1024K)]
  0x0000023055622440 JavaThread "Active Thread: Equinox Container: 24bbb99d-e8cf-47e5-ae89-5045031baeb8"        [_thread_blocked, id=21004, stack(0x0000003e44900000,0x0000003e44a00000) (1024K)]
  0x0000023050ad15b0 JavaThread "Refresh Thread: Equinox Container: 24bbb99d-e8cf-47e5-ae89-5045031baeb8" daemon [_thread_blocked, id=26504, stack(0x0000003e44a00000,0x0000003e44b00000) (1024K)]
  0x00000230554e01b0 JavaThread "Framework Event Dispatcher: Equinox Container: 24bbb99d-e8cf-47e5-ae89-5045031baeb8" daemon [_thread_blocked, id=7500, stack(0x0000003e44c00000,0x0000003e44d00000) (1024K)]
  0x00000230555c2380 JavaThread "Start Level: Equinox Container: 24bbb99d-e8cf-47e5-ae89-5045031baeb8" daemon [_thread_blocked, id=33104, stack(0x0000003e44d00000,0x0000003e44e00000) (1024K)]
  0x00000230552c0360 JavaThread "Bundle File Closer"         daemon [_thread_blocked, id=15328, stack(0x0000003e45000000,0x0000003e45100000) (1024K)]
  0x0000023055a110f0 JavaThread "SCR Component Actor"        daemon [_thread_blocked, id=4152, stack(0x0000003e45100000,0x0000003e45200000) (1024K)]
  0x000002305597b400 JavaThread "Worker-JM"                         [_thread_blocked, id=2856, stack(0x0000003e43200000,0x0000003e43300000) (1024K)]
  0x000002305597ad70 JavaThread "JNA Cleaner"                daemon [_thread_blocked, id=37360, stack(0x0000003e45200000,0x0000003e45300000) (1024K)]
  0x000002305597ba90 JavaThread "Java indexing"              daemon [_thread_blocked, id=26860, stack(0x0000003e45600000,0x0000003e45700000) (1024K)]
  0x000002305597d4d0 JavaThread "Worker-3"                          [_thread_blocked, id=37704, stack(0x0000003e45700000,0x0000003e45800000) (1024K)]
  0x0000023056faecc0 JavaThread "Worker-4"                          [_thread_blocked, id=27184, stack(0x0000003e45a00000,0x0000003e45b00000) (1024K)]
  0x0000023056fb0700 JavaThread "Thread-1"                   daemon [_thread_in_native, id=31624, stack(0x0000003e45c00000,0x0000003e45d00000) (1024K)]
  0x0000023056faf350 JavaThread "Thread-2"                   daemon [_thread_in_native, id=35832, stack(0x0000003e45d00000,0x0000003e45e00000) (1024K)]
  0x0000023056fb1420 JavaThread "Thread-3"                   daemon [_thread_in_native, id=26664, stack(0x0000003e45e00000,0x0000003e45f00000) (1024K)]
  0x0000023056fb1ab0 JavaThread "Thread-4"                   daemon [_thread_in_native, id=31896, stack(0x0000003e45f00000,0x0000003e46000000) (1024K)]
  0x0000023056faf9e0 JavaThread "Thread-5"                   daemon [_thread_in_native, id=16332, stack(0x0000003e46000000,0x0000003e46100000) (1024K)]
  0x0000023056fae630 JavaThread "Thread-6"                   daemon [_thread_in_native, id=32976, stack(0x0000003e46100000,0x0000003e46200000) (1024K)]
  0x0000023056fb34f0 JavaThread "Thread-7"                   daemon [_thread_in_native, id=35752, stack(0x0000003e46200000,0x0000003e46300000) (1024K)]
  0x0000023056fb0070 JavaThread "Thread-8"                   daemon [_thread_in_native, id=21484, stack(0x0000003e46300000,0x0000003e46400000) (1024K)]
  0x0000023056fb4210 JavaThread "Thread-9"                   daemon [_thread_in_native, id=20264, stack(0x0000003e46400000,0x0000003e46500000) (1024K)]
  0x0000023056fb2e60 JavaThread "Thread-10"                  daemon [_thread_in_native, id=28516, stack(0x0000003e46500000,0x0000003e46600000) (1024K)]
  0x0000023056fb3b80 JavaThread "Thread-11"                  daemon [_thread_in_native, id=25388, stack(0x0000003e46600000,0x0000003e46700000) (1024K)]
  0x0000023056fb2140 JavaThread "Thread-12"                  daemon [_thread_in_native, id=28440, stack(0x0000003e46700000,0x0000003e46800000) (1024K)]
  0x0000023056fb55c0 JavaThread "Thread-13"                  daemon [_thread_in_native, id=36192, stack(0x0000003e46800000,0x0000003e46900000) (1024K)]
  0x0000023056fb27d0 JavaThread "pool-2-thread-1"                   [_thread_blocked, id=16352, stack(0x0000003e46900000,0x0000003e46a00000) (1024K)]
  0x0000023056fb5c50 JavaThread "WorkspaceEventsHandler"            [_thread_blocked, id=29892, stack(0x0000003e46b00000,0x0000003e46c00000) (1024K)]
  0x0000023056fb48a0 JavaThread "pool-1-thread-1"                   [_thread_blocked, id=22624, stack(0x0000003e46c00000,0x0000003e46d00000) (1024K)]
  0x00000230612be2f0 JavaThread "Cleaner-0"                  daemon [_thread_blocked, id=28996, stack(0x0000003e49b00000,0x0000003e49c00000) (1024K)]
Total: 39

Other Threads:
  0x000002307e8a3800 VMThread "VM Thread"                           [id=11852, stack(0x0000003e43800000,0x0000003e43900000) (1024K)]
  0x000002307e79ca00 WatcherThread "VM Periodic Task Thread"        [id=33764, stack(0x0000003e43700000,0x0000003e43800000) (1024K)]
  0x0000023076e3da60 WorkerThread "GC Thread#0"                     [id=33584, stack(0x0000003e43600000,0x0000003e43700000) (1024K)]
  0x0000023055464f70 WorkerThread "GC Thread#1"                     [id=30352, stack(0x0000003e44300000,0x0000003e44400000) (1024K)]
  0x0000023055465310 WorkerThread "GC Thread#2"                     [id=22708, stack(0x0000003e44400000,0x0000003e44500000) (1024K)]
  0x00000230554656b0 WorkerThread "GC Thread#3"                     [id=28060, stack(0x0000003e44500000,0x0000003e44600000) (1024K)]
  0x0000023055304fc0 WorkerThread "GC Thread#4"                     [id=14272, stack(0x0000003e44600000,0x0000003e44700000) (1024K)]
  0x0000023055305360 WorkerThread "GC Thread#5"                     [id=23980, stack(0x0000003e44700000,0x0000003e44800000) (1024K)]
  0x0000023055305700 WorkerThread "GC Thread#6"                     [id=26732, stack(0x0000003e44800000,0x0000003e44900000) (1024K)]
  0x0000023055434b20 WorkerThread "GC Thread#7"                     [id=19980, stack(0x0000003e44b00000,0x0000003e44c00000) (1024K)]
  0x00000230509e20d0 WorkerThread "GC Thread#8"                     [id=36196, stack(0x0000003e44e00000,0x0000003e44f00000) (1024K)]
  0x00000230509e2f50 WorkerThread "GC Thread#9"                     [id=19832, stack(0x0000003e44f00000,0x0000003e45000000) (1024K)]
Total: 12

Threads with active compile tasks:
Total: 0

VM state: not at safepoint (normal execution)

VM Mutex/Monitor currently owned by a thread: None

Heap address: 0x0000000080000000, size: 2048 MB, Compressed Oops mode: 32-bit

CDS archive(s) mapped at: [0x000002300f000000-0x000002300fba0000-0x000002300fba0000), size 12189696, SharedBaseAddress: 0x000002300f000000, ArchiveRelocationMode: 1.
Compressed class space mapped at: 0x0000023010000000-0x0000023050000000, reserved size: 1073741824
Narrow klass base: 0x000002300f000000, Narrow klass shift: 0, Narrow klass range: 0x100000000

GC Precious Log:
 CardTable entry size: 512
 CPUs: 12 total, 12 available
 Memory: 7896M
 Large Page Support: Disabled
 NUMA Support: Disabled
 Compressed Oops: Enabled (32-bit)
 Alignments: Space 512K, Generation 512K, Heap 2M
 Heap Min Capacity: 100M
 Heap Initial Capacity: 100M
 Heap Max Capacity: 2G
 Pre-touch: Disabled
 Parallel Workers: 10

Heap:
 PSYoungGen      total 6144K, used 5172K [0x00000000d5580000, 0x00000000d5e00000, 0x0000000100000000)
  eden space 5120K, 86% used [0x00000000d5580000,0x00000000d59d0098,0x00000000d5a80000)
  from space 1024K, 73% used [0x00000000d5d00000,0x00000000d5dbd200,0x00000000d5e00000)
  to   space 1024K, 0% used [0x00000000d5c00000,0x00000000d5c00000,0x00000000d5d00000)
 ParOldGen       total 211456K, used 211089K [0x0000000080000000, 0x000000008ce80000, 0x00000000d5580000)
  object space 211456K, 99% used [0x0000000080000000,0x000000008ce247a8,0x000000008ce80000)
 Metaspace       used 79143K, committed 80896K, reserved 1179648K
  class space    used 8070K, committed 8832K, reserved 1048576K

Card table byte_map: [0x00000230767c0000,0x0000023076bd0000] _byte_map_base: 0x00000230763c0000

Marking Bits: (ParMarkBitMap*) 0x00007ffada0ba340
 Begin Bits: [0x000002307a2c0000, 0x000002307c2c0000)
 End Bits:   [0x000002307c2c0000, 0x000002307e2c0000)

Polling page: 0x0000023074c70000

Metaspace:

Usage:
  Non-class:     69.41 MB used.
      Class:      7.88 MB used.
       Both:     77.29 MB used.

Virtual space:
  Non-class space:      128.00 MB reserved,      70.38 MB ( 55%) committed,  2 nodes.
      Class space:        1.00 GB reserved,       8.62 MB ( <1%) committed,  1 nodes.
             Both:        1.12 GB reserved,      79.00 MB (  7%) committed. 

Chunk freelists:
   Non-Class:  8.92 MB
       Class:  7.40 MB
        Both:  16.32 MB

MaxMetaspaceSize: unlimited
CompressedClassSpaceSize: 1.00 GB
Initial GC threshold: 21.00 MB
Current GC threshold: 129.69 MB
CDS: on
 - commit_granule_bytes: 65536.
 - commit_granule_words: 8192.
 - virtual_space_node_default_size: 8388608.
 - enlarge_chunks_in_place: 1.
 - use_allocation_guard: 0.


Internal statistics:

num_allocs_failed_limit: 13.
num_arena_births: 1486.
num_arena_deaths: 20.
num_vsnodes_births: 3.
num_vsnodes_deaths: 0.
num_space_committed: 1267.
num_space_uncommitted: 3.
num_chunks_returned_to_freelist: 57.
num_chunks_taken_from_freelist: 5323.
num_chunk_merges: 21.
num_chunk_splits: 3131.
num_chunks_enlarged: 1621.
num_inconsistent_stats: 0.

CodeHeap 'non-profiled nmethods': size=120000Kb used=13129Kb max_used=13129Kb free=106871Kb
 bounds [0x0000023007ad0000, 0x00000230087b0000, 0x000002300f000000]
CodeHeap 'profiled nmethods': size=120000Kb used=37804Kb max_used=37804Kb free=82195Kb
 bounds [0x0000023000000000, 0x00000230024f0000, 0x0000023007530000]
CodeHeap 'non-nmethods': size=5760Kb used=1502Kb max_used=1573Kb free=4257Kb
 bounds [0x0000023007530000, 0x00000230077a0000, 0x0000023007ad0000]
CodeCache: size=245760Kb, used=52435Kb, max_used=52506Kb, free=193323Kb
 total_blobs=16295, nmethods=15474, adapters=723, full_count=0
Compilation: enabled, stopped_count=0, restarted_count=0

Compilation events (20 events):
Event: 39769.925 Thread 0x00000230508c8e60 nmethod 17136 0x00000230087a0f90 code [0x00000230087a1120, 0x00000230087a11e8]
Event: 39769.934 Thread 0x00000230508b4c20 nmethod 17133 0x00000230087a1290 code [0x00000230087a1460, 0x00000230087a1a40]
Event: 39802.807 Thread 0x00000230508c8e60 17137       3       java.util.concurrent.ThreadPoolExecutor::runStateAtLeast (11 bytes)
Event: 39802.815 Thread 0x00000230508c8e60 nmethod 17137 0x00000230024e7110 code [0x00000230024e72a0, 0x00000230024e73e0]
Event: 39808.871 Thread 0x00000230508c8e60 17138       3       java.util.logging.LogManager::getLogManager (16 bytes)
Event: 39808.885 Thread 0x00000230508c8e60 nmethod 17138 0x00000230024e7490 code [0x00000230024e7640, 0x00000230024e7780]
Event: 39862.869 Thread 0x00000230508b4c20 17139       4       java.util.concurrent.ThreadPoolExecutor::beforeExecute (1 bytes)
Event: 39862.878 Thread 0x00000230508b4c20 nmethod 17139 0x00000230087a1e10 code [0x00000230087a1fa0, 0x00000230087a2028]
Event: 39868.891 Thread 0x00000230508c8e60 17140   !   3       java.util.logging.LogManager$LoggerContext::findLogger (113 bytes)
Event: 39868.921 Thread 0x00000230508c8e60 nmethod 17140 0x00000230024e7810 code [0x00000230024e7ac0, 0x00000230024e8a20]
Event: 39956.424 Thread 0x00000230508b4c20 17141       4       java.util.concurrent.ThreadPoolExecutor::afterExecute (1 bytes)
Event: 39956.452 Thread 0x00000230508b4c20 nmethod 17141 0x00000230087a2110 code [0x00000230087a22a0, 0x00000230087a2328]
Event: 39958.939 Thread 0x00000230508c8e60 17142       3       jdk.internal.logger.DefaultLoggerFinder::isSystem (18 bytes)
Event: 39958.973 Thread 0x00000230508c8e60 nmethod 17142 0x00000230024e8f90 code [0x00000230024e91e0, 0x00000230024e9af0]
Event: 39958.974 Thread 0x00000230508c8e60 17143       3       jdk.internal.logger.DefaultLoggerFinder$1::<init> (10 bytes)
Event: 39958.974 Thread 0x00000230508c8e60 nmethod 17143 0x00000230024e9e90 code [0x00000230024ea040, 0x00000230024ea1c8]
Event: 40199.044 Thread 0x00000230508c8e60 17144       3       java.util.logging.LogManager::demandLogger (23 bytes)
Event: 40199.061 Thread 0x00000230508c8e60 nmethod 17144 0x00000230024ea290 code [0x00000230024ea440, 0x00000230024ea608]
Event: 40199.061 Thread 0x00000230508c8e60 17145       3       java.util.logging.LogManager::demandLogger (53 bytes)
Event: 40199.071 Thread 0x00000230508c8e60 nmethod 17145 0x00000230024ea710 code [0x00000230024ea940, 0x00000230024eaf98]

GC Heap History (20 events):
Event: 39762.211 GC heap before
{Heap before GC invocations=531 (full 4):
 PSYoungGen      total 8704K, used 8384K [0x00000000d5580000, 0x00000000d6400000, 0x0000000100000000)
  eden space 5120K, 100% used [0x00000000d5580000,0x00000000d5a80000,0x00000000d5a80000)
  from space 3584K, 91% used [0x00000000d6080000,0x00000000d63b0000,0x00000000d6400000)
  to   space 4096K, 0% used [0x00000000d5c00000,0x00000000d5c00000,0x00000000d6000000)
 ParOldGen       total 201216K, used 200892K [0x0000000080000000, 0x000000008c480000, 0x00000000d5580000)
  object space 201216K, 99% used [0x0000000080000000,0x000000008c42f3b0,0x000000008c480000)
 Metaspace       used 79017K, committed 80704K, reserved 1179648K
  class space    used 8070K, committed 8832K, reserved 1048576K
}
Event: 39762.287 GC heap after
{Heap after GC invocations=531 (full 4):
 PSYoungGen      total 7680K, used 2473K [0x00000000d5580000, 0x00000000d6100000, 0x0000000100000000)
  eden space 5120K, 0% used [0x00000000d5580000,0x00000000d5580000,0x00000000d5a80000)
  from space 2560K, 96% used [0x00000000d5c00000,0x00000000d5e6a440,0x00000000d5e80000)
  to   space 2560K, 0% used [0x00000000d5e80000,0x00000000d5e80000,0x00000000d6100000)
 ParOldGen       total 204288K, used 204052K [0x0000000080000000, 0x000000008c780000, 0x00000000d5580000)
  object space 204288K, 99% used [0x0000000080000000,0x000000008c7453b0,0x000000008c780000)
 Metaspace       used 79017K, committed 80704K, reserved 1179648K
  class space    used 8070K, committed 8832K, reserved 1048576K
}
Event: 39762.648 GC heap before
{Heap before GC invocations=532 (full 4):
 PSYoungGen      total 7680K, used 7593K [0x00000000d5580000, 0x00000000d6100000, 0x0000000100000000)
  eden space 5120K, 100% used [0x00000000d5580000,0x00000000d5a80000,0x00000000d5a80000)
  from space 2560K, 96% used [0x00000000d5c00000,0x00000000d5e6a440,0x00000000d5e80000)
  to   space 2560K, 0% used [0x00000000d5e80000,0x00000000d5e80000,0x00000000d6100000)
 ParOldGen       total 204288K, used 204052K [0x0000000080000000, 0x000000008c780000, 0x00000000d5580000)
  object space 204288K, 99% used [0x0000000080000000,0x000000008c7453b0,0x000000008c780000)
 Metaspace       used 79018K, committed 80704K, reserved 1179648K
  class space    used 8070K, committed 8832K, reserved 1048576K
}
Event: 39762.660 GC heap after
{Heap after GC invocations=532 (full 4):
 PSYoungGen      total 6144K, used 896K [0x00000000d5580000, 0x00000000d5f80000, 0x0000000100000000)
  eden space 5120K, 0% used [0x00000000d5580000,0x00000000d5580000,0x00000000d5a80000)
  from space 1024K, 87% used [0x00000000d5e80000,0x00000000d5f60020,0x00000000d5f80000)
  to   space 2048K, 0% used [0x00000000d5b80000,0x00000000d5b80000,0x00000000d5d80000)
 ParOldGen       total 206336K, used 206325K [0x0000000080000000, 0x000000008c980000, 0x00000000d5580000)
  object space 206336K, 99% used [0x0000000080000000,0x000000008c97d7f0,0x000000008c980000)
 Metaspace       used 79018K, committed 80704K, reserved 1179648K
  class space    used 8070K, committed 8832K, reserved 1048576K
}
Event: 39763.286 GC heap before
{Heap before GC invocations=533 (full 4):
 PSYoungGen      total 6144K, used 6016K [0x00000000d5580000, 0x00000000d5f80000, 0x0000000100000000)
  eden space 5120K, 100% used [0x00000000d5580000,0x00000000d5a80000,0x00000000d5a80000)
  from space 1024K, 87% used [0x00000000d5e80000,0x00000000d5f60020,0x00000000d5f80000)
  to   space 2048K, 0% used [0x00000000d5b80000,0x00000000d5b80000,0x00000000d5d80000)
 ParOldGen       total 206336K, used 206325K [0x0000000080000000, 0x000000008c980000, 0x00000000d5580000)
  object space 206336K, 99% used [0x0000000080000000,0x000000008c97d7f0,0x000000008c980000)
 Metaspace       used 79067K, committed 80768K, reserved 1179648K
  class space    used 8070K, committed 8832K, reserved 1048576K
}
Event: 39763.300 GC heap after
{Heap after GC invocations=533 (full 4):
 PSYoungGen      total 7168K, used 826K [0x00000000d5580000, 0x00000000d5f00000, 0x0000000100000000)
  eden space 5120K, 0% used [0x00000000d5580000,0x00000000d5580000,0x00000000d5a80000)
  from space 2048K, 40% used [0x00000000d5b80000,0x00000000d5c4e900,0x00000000d5d80000)
  to   space 1024K, 0% used [0x00000000d5e00000,0x00000000d5e00000,0x00000000d5f00000)
 ParOldGen       total 207360K, used 207082K [0x0000000080000000, 0x000000008ca80000, 0x00000000d5580000)
  object space 207360K, 99% used [0x0000000080000000,0x000000008ca3a840,0x000000008ca80000)
 Metaspace       used 79067K, committed 80768K, reserved 1179648K
  class space    used 8070K, committed 8832K, reserved 1048576K
}
Event: 39763.430 GC heap before
{Heap before GC invocations=534 (full 4):
 PSYoungGen      total 7168K, used 5946K [0x00000000d5580000, 0x00000000d5f00000, 0x0000000100000000)
  eden space 5120K, 100% used [0x00000000d5580000,0x00000000d5a80000,0x00000000d5a80000)
  from space 2048K, 40% used [0x00000000d5b80000,0x00000000d5c4e900,0x00000000d5d80000)
  to   space 1024K, 0% used [0x00000000d5e00000,0x00000000d5e00000,0x00000000d5f00000)
 ParOldGen       total 207360K, used 207082K [0x0000000080000000, 0x000000008ca80000, 0x00000000d5580000)
  object space 207360K, 99% used [0x0000000080000000,0x000000008ca3a840,0x000000008ca80000)
 Metaspace       used 79073K, committed 80768K, reserved 1179648K
  class space    used 8070K, committed 8832K, reserved 1048576K
}
Event: 39763.436 GC heap after
{Heap after GC invocations=534 (full 4):
 PSYoungGen      total 6144K, used 826K [0x00000000d5580000, 0x00000000d5f00000, 0x0000000100000000)
  eden space 5120K, 0% used [0x00000000d5580000,0x00000000d5580000,0x00000000d5a80000)
  from space 1024K, 80% used [0x00000000d5e00000,0x00000000d5ece900,0x00000000d5f00000)
  to   space 1024K, 0% used [0x00000000d5d00000,0x00000000d5d00000,0x00000000d5e00000)
 ParOldGen       total 207872K, used 207739K [0x0000000080000000, 0x000000008cb00000, 0x00000000d5580000)
  object space 207872K, 99% used [0x0000000080000000,0x000000008cadecd8,0x000000008cb00000)
 Metaspace       used 79073K, committed 80768K, reserved 1179648K
  class space    used 8070K, committed 8832K, reserved 1048576K
}
Event: 39763.521 GC heap before
{Heap before GC invocations=535 (full 4):
 PSYoungGen      total 6144K, used 5946K [0x00000000d5580000, 0x00000000d5f00000, 0x0000000100000000)
  eden space 5120K, 100% used [0x00000000d5580000,0x00000000d5a80000,0x00000000d5a80000)
  from space 1024K, 80% used [0x00000000d5e00000,0x00000000d5ece900,0x00000000d5f00000)
  to   space 1024K, 0% used [0x00000000d5d00000,0x00000000d5d00000,0x00000000d5e00000)
 ParOldGen       total 207872K, used 207739K [0x0000000080000000, 0x000000008cb00000, 0x00000000d5580000)
  object space 207872K, 99% used [0x0000000080000000,0x000000008cadecd8,0x000000008cb00000)
 Metaspace       used 79081K, committed 80768K, reserved 1179648K
  class space    used 8070K, committed 8832K, reserved 1048576K
}
Event: 39763.536 GC heap after
{Heap after GC invocations=535 (full 4):
 PSYoungGen      total 6144K, used 884K [0x00000000d5580000, 0x00000000d5e80000, 0x0000000100000000)
  eden space 5120K, 0% used [0x00000000d5580000,0x00000000d5580000,0x00000000d5a80000)
  from space 1024K, 86% used [0x00000000d5d00000,0x00000000d5ddd200,0x00000000d5e00000)
  to   space 512K, 0% used [0x00000000d5e00000,0x00000000d5e00000,0x00000000d5e80000)
 ParOldGen       total 208896K, used 208395K [0x0000000080000000, 0x000000008cc00000, 0x00000000d5580000)
  object space 208896K, 99% used [0x0000000080000000,0x000000008cb82f18,0x000000008cc00000)
 Metaspace       used 79081K, committed 80768K, reserved 1179648K
  class space    used 8070K, committed 8832K, reserved 1048576K
}
Event: 39769.630 GC heap before
{Heap before GC invocations=536 (full 4):
 PSYoungGen      total 6144K, used 6004K [0x00000000d5580000, 0x00000000d5e80000, 0x0000000100000000)
  eden space 5120K, 100% used [0x00000000d5580000,0x00000000d5a80000,0x00000000d5a80000)
  from space 1024K, 86% used [0x00000000d5d00000,0x00000000d5ddd200,0x00000000d5e00000)
  to   space 512K, 0% used [0x00000000d5e00000,0x00000000d5e00000,0x00000000d5e80000)
 ParOldGen       total 208896K, used 208395K [0x0000000080000000, 0x000000008cc00000, 0x00000000d5580000)
  object space 208896K, 99% used [0x0000000080000000,0x000000008cb82f18,0x000000008cc00000)
 Metaspace       used 79105K, committed 80768K, reserved 1179648K
  class space    used 8070K, committed 8832K, reserved 1048576K
}
Event: 39769.635 GC heap after
{Heap after GC invocations=536 (full 4):
 PSYoungGen      total 5632K, used 512K [0x00000000d5580000, 0x00000000d5e80000, 0x0000000100000000)
  eden space 5120K, 0% used [0x00000000d5580000,0x00000000d5580000,0x00000000d5a80000)
  from space 512K, 100% used [0x00000000d5e00000,0x00000000d5e80000,0x00000000d5e80000)
  to   space 1536K, 0% used [0x00000000d5b80000,0x00000000d5b80000,0x00000000d5d00000)
 ParOldGen       total 209408K, used 209164K [0x0000000080000000, 0x000000008cc80000, 0x00000000d5580000)
  object space 209408K, 99% used [0x0000000080000000,0x000000008cc43348,0x000000008cc80000)
 Metaspace       used 79105K, committed 80768K, reserved 1179648K
  class space    used 8070K, committed 8832K, reserved 1048576K
}
Event: 39769.681 GC heap before
{Heap before GC invocations=537 (full 4):
 PSYoungGen      total 5632K, used 5632K [0x00000000d5580000, 0x00000000d5e80000, 0x0000000100000000)
  eden space 5120K, 100% used [0x00000000d5580000,0x00000000d5a80000,0x00000000d5a80000)
  from space 512K, 100% used [0x00000000d5e00000,0x00000000d5e80000,0x00000000d5e80000)
  to   space 1536K, 0% used [0x00000000d5b80000,0x00000000d5b80000,0x00000000d5d00000)
 ParOldGen       total 209408K, used 209164K [0x0000000080000000, 0x000000008cc80000, 0x00000000d5580000)
  object space 209408K, 99% used [0x0000000080000000,0x000000008cc43348,0x000000008cc80000)
 Metaspace       used 79107K, committed 80768K, reserved 1179648K
  class space    used 8070K, committed 8832K, reserved 1048576K
}
Event: 39769.683 GC heap after
{Heap after GC invocations=537 (full 4):
 PSYoungGen      total 6656K, used 842K [0x00000000d5580000, 0x00000000d5e80000, 0x0000000100000000)
  eden space 5120K, 0% used [0x00000000d5580000,0x00000000d5580000,0x00000000d5a80000)
  from space 1536K, 54% used [0x00000000d5b80000,0x00000000d5c52910,0x00000000d5d00000)
  to   space 1024K, 0% used [0x00000000d5d80000,0x00000000d5d80000,0x00000000d5e80000)
 ParOldGen       total 209920K, used 209636K [0x0000000080000000, 0x000000008cd00000, 0x00000000d5580000)
  object space 209920K, 99% used [0x0000000080000000,0x000000008ccb9348,0x000000008cd00000)
 Metaspace       used 79107K, committed 80768K, reserved 1179648K
  class space    used 8070K, committed 8832K, reserved 1048576K
}
Event: 39769.717 GC heap before
{Heap before GC invocations=538 (full 4):
 PSYoungGen      total 6656K, used 5962K [0x00000000d5580000, 0x00000000d5e80000, 0x0000000100000000)
  eden space 5120K, 100% used [0x00000000d5580000,0x00000000d5a80000,0x00000000d5a80000)
  from space 1536K, 54% used [0x00000000d5b80000,0x00000000d5c52910,0x00000000d5d00000)
  to   space 1024K, 0% used [0x00000000d5d80000,0x00000000d5d80000,0x00000000d5e80000)
 ParOldGen       total 209920K, used 209636K [0x0000000080000000, 0x000000008cd00000, 0x00000000d5580000)
  object space 209920K, 99% used [0x0000000080000000,0x000000008ccb9348,0x000000008cd00000)
 Metaspace       used 79108K, committed 80768K, reserved 1179648K
  class space    used 8070K, committed 8832K, reserved 1048576K
}
Event: 39769.719 GC heap after
{Heap after GC invocations=538 (full 4):
 PSYoungGen      total 5632K, used 378K [0x00000000d5580000, 0x00000000d5e00000, 0x0000000100000000)
  eden space 5120K, 0% used [0x00000000d5580000,0x00000000d5580000,0x00000000d5a80000)
  from space 512K, 73% used [0x00000000d5d80000,0x00000000d5dde900,0x00000000d5e00000)
  to   space 1024K, 0% used [0x00000000d5c00000,0x00000000d5c00000,0x00000000d5d00000)
 ParOldGen       total 210432K, used 210272K [0x0000000080000000, 0x000000008cd80000, 0x00000000d5580000)
  object space 210432K, 99% used [0x0000000080000000,0x000000008cd58368,0x000000008cd80000)
 Metaspace       used 79108K, committed 80768K, reserved 1179648K
  class space    used 8070K, committed 8832K, reserved 1048576K
}
Event: 39769.763 GC heap before
{Heap before GC invocations=539 (full 4):
 PSYoungGen      total 5632K, used 5498K [0x00000000d5580000, 0x00000000d5e00000, 0x0000000100000000)
  eden space 5120K, 100% used [0x00000000d5580000,0x00000000d5a80000,0x00000000d5a80000)
  from space 512K, 73% used [0x00000000d5d80000,0x00000000d5dde900,0x00000000d5e00000)
  to   space 1024K, 0% used [0x00000000d5c00000,0x00000000d5c00000,0x00000000d5d00000)
 ParOldGen       total 210432K, used 210272K [0x0000000080000000, 0x000000008cd80000, 0x00000000d5580000)
  object space 210432K, 99% used [0x0000000080000000,0x000000008cd58368,0x000000008cd80000)
 Metaspace       used 79113K, committed 80832K, reserved 1179648K
  class space    used 8070K, committed 8832K, reserved 1048576K
}
Event: 39769.765 GC heap after
{Heap after GC invocations=539 (full 4):
 PSYoungGen      total 6144K, used 810K [0x00000000d5580000, 0x00000000d5e00000, 0x0000000100000000)
  eden space 5120K, 0% used [0x00000000d5580000,0x00000000d5580000,0x00000000d5a80000)
  from space 1024K, 79% used [0x00000000d5c00000,0x00000000d5cca910,0x00000000d5d00000)
  to   space 1024K, 0% used [0x00000000d5d00000,0x00000000d5d00000,0x00000000d5e00000)
 ParOldGen       total 210432K, used 210421K [0x0000000080000000, 0x000000008cd80000, 0x00000000d5580000)
  object space 210432K, 99% used [0x0000000080000000,0x000000008cd7d578,0x000000008cd80000)
 Metaspace       used 79113K, committed 80832K, reserved 1179648K
  class space    used 8070K, committed 8832K, reserved 1048576K
}
Event: 39769.894 GC heap before
{Heap before GC invocations=540 (full 4):
 PSYoungGen      total 6144K, used 5930K [0x00000000d5580000, 0x00000000d5e00000, 0x0000000100000000)
  eden space 5120K, 100% used [0x00000000d5580000,0x00000000d5a80000,0x00000000d5a80000)
  from space 1024K, 79% used [0x00000000d5c00000,0x00000000d5cca910,0x00000000d5d00000)
  to   space 1024K, 0% used [0x00000000d5d00000,0x00000000d5d00000,0x00000000d5e00000)
 ParOldGen       total 210432K, used 210421K [0x0000000080000000, 0x000000008cd80000, 0x00000000d5580000)
  object space 210432K, 99% used [0x0000000080000000,0x000000008cd7d578,0x000000008cd80000)
 Metaspace       used 79132K, committed 80832K, reserved 1179648K
  class space    used 8070K, committed 8832K, reserved 1048576K
}
Event: 39769.896 GC heap after
{Heap after GC invocations=540 (full 4):
 PSYoungGen      total 6144K, used 756K [0x00000000d5580000, 0x00000000d5e00000, 0x0000000100000000)
  eden space 5120K, 0% used [0x00000000d5580000,0x00000000d5580000,0x00000000d5a80000)
  from space 1024K, 73% used [0x00000000d5d00000,0x00000000d5dbd200,0x00000000d5e00000)
  to   space 1024K, 0% used [0x00000000d5c00000,0x00000000d5c00000,0x00000000d5d00000)
 ParOldGen       total 211456K, used 211089K [0x0000000080000000, 0x000000008ce80000, 0x00000000d5580000)
  object space 211456K, 99% used [0x0000000080000000,0x000000008ce247a8,0x000000008ce80000)
 Metaspace       used 79132K, committed 80832K, reserved 1179648K
  class space    used 8070K, committed 8832K, reserved 1048576K
}

Dll operation events (12 events):
Event: 0.034 Loaded shared library c:\Users\ramir\.vscode\extensions\redhat.java-1.47.0-win32-x64\jre\21.0.8-win32-x86_64\bin\java.dll
Event: 0.218 Loaded shared library c:\Users\ramir\.vscode\extensions\redhat.java-1.47.0-win32-x64\jre\21.0.8-win32-x86_64\bin\zip.dll
Event: 0.271 Loaded shared library C:\Users\ramir\.vscode\extensions\redhat.java-1.47.0-win32-x64\jre\21.0.8-win32-x86_64\bin\instrument.dll
Event: 0.282 Loaded shared library C:\Users\ramir\.vscode\extensions\redhat.java-1.47.0-win32-x64\jre\21.0.8-win32-x86_64\bin\net.dll
Event: 0.290 Loaded shared library C:\Users\ramir\.vscode\extensions\redhat.java-1.47.0-win32-x64\jre\21.0.8-win32-x86_64\bin\nio.dll
Event: 0.298 Loaded shared library C:\Users\ramir\.vscode\extensions\redhat.java-1.47.0-win32-x64\jre\21.0.8-win32-x86_64\bin\zip.dll
Event: 0.335 Loaded shared library C:\Users\ramir\.vscode\extensions\redhat.java-1.47.0-win32-x64\jre\21.0.8-win32-x86_64\bin\jimage.dll
Event: 0.510 Loaded shared library c:\Users\ramir\.vscode\extensions\redhat.java-1.47.0-win32-x64\jre\21.0.8-win32-x86_64\bin\verify.dll
Event: 18.182 Loaded shared library C:\Users\ramir\AppData\Roaming\Code\User\globalStorage\redhat.java\1.47.0\config_win\org.eclipse.equinox.launcher\org.eclipse.equinox.launcher.win32.win32.x86_64_1.2.1400.v20250801-0854\eclipse_11916.dll
Event: 32.011 Loaded shared library C:\Users\ramir\AppData\Local\Temp\jna-108279239\jna3118231568657571001.dll
Event: 35.504 Loaded shared library C:\Users\ramir\.vscode\extensions\redhat.java-1.47.0-win32-x64\jre\21.0.8-win32-x86_64\bin\sunmscapi.dll
Event: 35.912 Loaded shared library C:\Users\ramir\.vscode\extensions\redhat.java-1.47.0-win32-x64\jre\21.0.8-win32-x86_64\bin\extnet.dll

Deoptimization events (20 events):
Event: 39374.006 Thread 0x0000023055cd82c0 Uncommon trap: trap_request=0xffffffc6 fr.pc=0x0000023007deea18 relative=0x0000000000000218
Event: 39374.006 Thread 0x0000023055cd82c0 Uncommon trap: reason=bimorphic_or_optimized_type_check action=maybe_recompile pc=0x0000023007deea18 method=com.google.gson.internal.bind.TypeAdapterRuntimeTypeWrapper.read(Lcom/google/gson/stream/JsonReader;)Ljava/lang/Object; @ 5 c2
Event: 39374.006 Thread 0x0000023055cd82c0 DEOPT PACKING pc=0x0000023007deea18 sp=0x0000003e453febf0
Event: 39374.006 Thread 0x0000023055cd82c0 DEOPT UNPACKING pc=0x0000023007583aa2 sp=0x0000003e453feb78 mode 2
Event: 39374.007 Thread 0x0000023055cd82c0 Uncommon trap: trap_request=0xffffffc6 fr.pc=0x0000023007deea18 relative=0x0000000000000218
Event: 39374.007 Thread 0x0000023055cd82c0 Uncommon trap: reason=bimorphic_or_optimized_type_check action=maybe_recompile pc=0x0000023007deea18 method=com.google.gson.internal.bind.TypeAdapterRuntimeTypeWrapper.read(Lcom/google/gson/stream/JsonReader;)Ljava/lang/Object; @ 5 c2
Event: 39374.007 Thread 0x0000023055cd82c0 DEOPT PACKING pc=0x0000023007deea18 sp=0x0000003e453feaf0
Event: 39374.007 Thread 0x0000023055cd82c0 DEOPT UNPACKING pc=0x0000023007583aa2 sp=0x0000003e453fea88 mode 2
Event: 39763.329 Thread 0x0000023055cd6880 Uncommon trap: trap_request=0xffffff76 fr.pc=0x00000230087826e8 relative=0x0000000000000868
Event: 39763.329 Thread 0x0000023055cd6880 Uncommon trap: reason=predicate action=maybe_recompile pc=0x00000230087826e8 method=org.eclipse.jdt.internal.compiler.lookup.Scope.getMatchingUninitializedType(Lorg/eclipse/jdt/internal/compiler/lookup/TypeBinding;Z)Lorg/eclipse/jdt/internal/compiler/look
Event: 39763.330 Thread 0x0000023055cd6880 DEOPT PACKING pc=0x00000230087826e8 sp=0x0000003e453fdb80
Event: 39763.332 Thread 0x0000023055cd6880 DEOPT UNPACKING pc=0x0000023007583aa2 sp=0x0000003e453fdb18 mode 2
Event: 39769.797 Thread 0x0000023055cd9670 Uncommon trap: trap_request=0xffffff45 fr.pc=0x000002300876cf34 relative=0x0000000000000094
Event: 39769.797 Thread 0x0000023055cd9670 Uncommon trap: reason=unstable_if action=reinterpret pc=0x000002300876cf34 method=java.util.LinkedHashMap.afterNodeInsertion(Z)V @ 18 c2
Event: 39769.797 Thread 0x0000023055cd9670 DEOPT PACKING pc=0x000002300876cf34 sp=0x0000003e434feab0
Event: 39769.798 Thread 0x0000023055cd9670 DEOPT UNPACKING pc=0x0000023007583aa2 sp=0x0000003e434fea30 mode 2
Event: 39769.798 Thread 0x0000023055cd9670 Uncommon trap: trap_request=0xffffffc6 fr.pc=0x0000023007fa8edc relative=0x000000000000047c
Event: 39769.798 Thread 0x0000023055cd9670 Uncommon trap: reason=bimorphic_or_optimized_type_check action=maybe_recompile pc=0x0000023007fa8edc method=java.util.HashMap.removeNode(ILjava/lang/Object;Ljava/lang/Object;ZZ)Ljava/util/HashMap$Node; @ 283 c2
Event: 39769.799 Thread 0x0000023055cd9670 DEOPT PACKING pc=0x0000023007fa8edc sp=0x0000003e434fe9c0
Event: 39769.799 Thread 0x0000023055cd9670 DEOPT UNPACKING pc=0x0000023007583aa2 sp=0x0000003e434fe958 mode 2

Classes loaded (20 events):
Event: 79.084 Loading class jdk/internal/module/IllegalAccessLogger
Event: 79.084 Loading class jdk/internal/module/IllegalAccessLogger done
Event: 79.816 Loading class jdk/internal/module/IllegalAccessLogger
Event: 79.816 Loading class jdk/internal/module/IllegalAccessLogger done
Event: 334.120 Loading class java/util/stream/Nodes$CollectorTask$OfRef
Event: 334.130 Loading class java/util/stream/Nodes$CollectorTask
Event: 334.139 Loading class java/util/stream/Nodes$CollectorTask done
Event: 334.139 Loading class java/util/stream/Nodes$CollectorTask$OfRef done
Event: 334.147 Loading class java/util/function/LongFunction
Event: 334.149 Loading class java/util/function/LongFunction done
Event: 334.157 Loading class java/util/stream/Nodes$ConcNode
Event: 334.159 Loading class java/util/stream/Nodes$AbstractConcNode
Event: 334.163 Loading class java/util/stream/Nodes$AbstractConcNode done
Event: 334.163 Loading class java/util/stream/Nodes$ConcNode done
Event: 39370.355 Loading class jdk/internal/event/SecurityPropertyModificationEvent
Event: 39370.383 Loading class jdk/internal/event/SecurityPropertyModificationEvent done
Event: 39372.279 Loading class java/util/zip/CheckedInputStream
Event: 39372.301 Loading class java/util/zip/CheckedInputStream done
Event: 39373.284 Loading class java/util/zip/GZIPInputStream$1
Event: 39373.301 Loading class java/util/zip/GZIPInputStream$1 done

Classes unloaded (20 events):
Event: 83.135 Thread 0x000002307e8a3800 Unloading class 0x000002301077e800 'org/apache/maven/shared/filtering/MavenFileFilterRequest'
Event: 83.135 Thread 0x000002307e8a3800 Unloading class 0x000002301077fb00 'org/codehaus/plexus/interpolation/Interpolator'
Event: 83.135 Thread 0x000002307e8a3800 Unloading class 0x000002301077f900 'org/codehaus/plexus/interpolation/BasicInterpolator'
Event: 83.135 Thread 0x000002307e8a3800 Unloading class 0x000002301077ddd0 'org/codehaus/plexus/interpolation/ValueSource'
Event: 83.136 Thread 0x000002307e8a3800 Unloading class 0x000002301077f538 'org/apache/maven/shared/filtering/MavenResourcesExecution'
Event: 83.136 Thread 0x000002307e8a3800 Unloading class 0x000002301077f260 'org/apache/maven/shared/filtering/AbstractMavenFilteringRequest'
Event: 83.136 Thread 0x000002307e8a3800 Unloading class 0x000002301077f000 'org/apache/maven/shared/filtering/MavenFilteringException'
Event: 83.136 Thread 0x000002307e8a3800 Unloading class 0x000002301077db80 'org/apache/maven/shared/filtering/DefaultMavenResourcesFiltering'
Event: 83.136 Thread 0x000002307e8a3800 Unloading class 0x000002301077d980 'org/apache/maven/shared/filtering/MavenResourcesFiltering'
Event: 83.136 Thread 0x000002307e8a3800 Unloading class 0x000002301077d6f0 'org/apache/maven/shared/filtering/DefaultMavenReaderFilter'
Event: 83.136 Thread 0x000002307e8a3800 Unloading class 0x000002301077d4f0 'org/apache/maven/shared/filtering/MavenReaderFilter'
Event: 83.136 Thread 0x000002307e8a3800 Unloading class 0x000002301077d250 'org/apache/maven/shared/filtering/DefaultMavenFileFilter'
Event: 83.136 Thread 0x000002307e8a3800 Unloading class 0x000002301077d000 'org/apache/maven/shared/filtering/BaseFilter'
Event: 83.136 Thread 0x000002307e8a3800 Unloading class 0x000002301077cdb8 'org/apache/maven/shared/filtering/MavenFileFilter'
Event: 83.136 Thread 0x000002307e8a3800 Unloading class 0x000002301077cbb8 'org/apache/maven/shared/filtering/DefaultFilterInfo'
Event: 83.136 Thread 0x000002307e8a3800 Unloading class 0x000002301077c8a8 'org/apache/maven/plugins/resources/TestResourcesMojo'
Event: 83.137 Thread 0x000002307e8a3800 Unloading class 0x000002301077c620 'org/apache/maven/plugins/maven_resources_plugin/HelpMojo'
Event: 83.137 Thread 0x000002307e8a3800 Unloading class 0x000002301077c310 'org/apache/maven/plugins/resources/CopyResourcesMojo'
Event: 83.137 Thread 0x000002307e8a3800 Unloading class 0x000002301077c000 'org/apache/maven/plugins/resources/ResourcesMojo'
Event: 83.137 Thread 0x000002307e8a3800 Unloading class 0x0000023010754800 'java/lang/invoke/LambdaForm$DMH+0x0000023010754800'

Classes redefined (0 events):
No events

Internal exceptions (20 events):
Event: 79.638 Thread 0x0000023062aaaf00 Exception <a 'java/lang/NullPointerException'{0x00000000d5649500}> (0x00000000d5649500) 
thrown [s\src\hotspot\share\interpreter\linkResolver.cpp, line 1372]
Event: 79.638 Thread 0x0000023062aaaf00 Exception <a 'java/lang/NullPointerException'{0x00000000d564a938}> (0x00000000d564a938) 
thrown [s\src\hotspot\share\interpreter\linkResolver.cpp, line 1372]
Event: 79.639 Thread 0x0000023062aaaf00 Exception <a 'java/lang/NullPointerException'{0x00000000d564b588}> (0x00000000d564b588) 
thrown [s\src\hotspot\share\interpreter\linkResolver.cpp, line 1372]
Event: 79.832 Thread 0x0000023056fb4f30 Exception <a 'sun/nio/fs/WindowsException'{0x00000000d55d50a0}> (0x00000000d55d50a0) 
thrown [s\src\hotspot\share\prims\jni.cpp, line 520]
Event: 79.832 Thread 0x0000023056fb4f30 Exception <a 'sun/nio/fs/WindowsException'{0x00000000d55d56d0}> (0x00000000d55d56d0) 
thrown [s\src\hotspot\share\prims\jni.cpp, line 520]
Event: 81.990 Thread 0x0000023056faecc0 Exception <a 'java/lang/NullPointerException'{0x00000000d561b008}> (0x00000000d561b008) 
thrown [s\src\hotspot\share\interpreter\linkResolver.cpp, line 1372]
Event: 81.991 Thread 0x0000023056faecc0 Exception <a 'java/lang/NullPointerException'{0x00000000d561cc38}> (0x00000000d561cc38) 
thrown [s\src\hotspot\share\interpreter\linkResolver.cpp, line 1372]
Event: 81.991 Thread 0x0000023056faecc0 Exception <a 'java/lang/NullPointerException'{0x00000000d561e0a8}> (0x00000000d561e0a8) 
thrown [s\src\hotspot\share\interpreter\linkResolver.cpp, line 1372]
Event: 81.991 Thread 0x0000023056faecc0 Exception <a 'java/lang/NullPointerException'{0x00000000d561ed18}> (0x00000000d561ed18) 
thrown [s\src\hotspot\share\interpreter\linkResolver.cpp, line 1372]
Event: 81.999 Thread 0x0000023056faecc0 Exception <a 'java/lang/NullPointerException'{0x00000000d55f03a8}> (0x00000000d55f03a8) 
thrown [s\src\hotspot\share\interpreter\linkResolver.cpp, line 1372]
Event: 82.148 Thread 0x0000023056faecc0 Exception <a 'java/lang/NullPointerException'{0x00000000d561fa60}> (0x00000000d561fa60) 
thrown [s\src\hotspot\share\interpreter\linkResolver.cpp, line 1372]
Event: 82.149 Thread 0x0000023056faecc0 Exception <a 'java/lang/NullPointerException'{0x00000000d5621418}> (0x00000000d5621418) 
thrown [s\src\hotspot\share\interpreter\linkResolver.cpp, line 1372]
Event: 82.149 Thread 0x0000023056faecc0 Exception <a 'java/lang/NullPointerException'{0x00000000d5622750}> (0x00000000d5622750) 
thrown [s\src\hotspot\share\interpreter\linkResolver.cpp, line 1372]
Event: 82.149 Thread 0x0000023056faecc0 Exception <a 'java/lang/NullPointerException'{0x00000000d5623320}> (0x00000000d5623320) 
thrown [s\src\hotspot\share\interpreter\linkResolver.cpp, line 1372]
Event: 82.160 Thread 0x0000023056faecc0 Exception <a 'java/lang/NullPointerException'{0x00000000d55f0750}> (0x00000000d55f0750) 
thrown [s\src\hotspot\share\interpreter\linkResolver.cpp, line 1372]
Event: 334.483 Thread 0x000002305597d4d0 Exception <a 'sun/nio/fs/WindowsException'{0x00000000d56a57b8}> (0x00000000d56a57b8) 
thrown [s\src\hotspot\share\prims\jni.cpp, line 520]
Event: 334.486 Thread 0x000002305597d4d0 Exception <a 'sun/nio/fs/WindowsException'{0x00000000d56a62f8}> (0x00000000d56a62f8) 
thrown [s\src\hotspot\share\prims\jni.cpp, line 520]
Event: 334.510 Thread 0x000002305597d4d0 Implicit null exception at 0x000002300823cf86 to 0x000002300823d2fc
Event: 334.808 Thread 0x000002305597d4d0 Exception <a 'java/lang/NoSuchMethodError'{0x00000000d55adb28}: static [J.<clinit>()V> (0x00000000d55adb28) 
thrown [s\src\hotspot\share\prims\jni.cpp, line 1111]
Event: 38780.533 Thread 0x0000023056fb48a0 Exception <a 'java/lang/IncompatibleClassChangeError'{0x00000000d56dc5c0}: Found class java.lang.Object, but interface was expected> (0x00000000d56dc5c0) 
thrown [s\src\hotspot\share\interpreter\linkResolver.cpp, line 840]

ZGC Phase Switch (0 events):
No events

VM Operations (20 events):
Event: 40278.587 Executing VM operation: HandshakeAllThreads (HandshakeForDeflation)
Event: 40278.590 Executing VM operation: HandshakeAllThreads (HandshakeForDeflation) done
Event: 40278.591 Executing VM operation: RendezvousGCThreads
Event: 40278.591 Executing VM operation: RendezvousGCThreads done
Event: 40338.750 Executing VM operation: HandshakeAllThreads (HandshakeForDeflation)
Event: 40338.757 Executing VM operation: HandshakeAllThreads (HandshakeForDeflation) done
Event: 40338.757 Executing VM operation: RendezvousGCThreads
Event: 40338.757 Executing VM operation: RendezvousGCThreads done
Event: 40519.394 Executing VM operation: HandshakeAllThreads (HandshakeForDeflation)
Event: 40519.399 Executing VM operation: HandshakeAllThreads (HandshakeForDeflation) done
Event: 40519.399 Executing VM operation: RendezvousGCThreads
Event: 40519.399 Executing VM operation: RendezvousGCThreads done
Event: 40579.651 Executing VM operation: HandshakeAllThreads (HandshakeForDeflation)
Event: 40579.697 Executing VM operation: HandshakeAllThreads (HandshakeForDeflation) done
Event: 40579.700 Executing VM operation: RendezvousGCThreads
Event: 40579.703 Executing VM operation: RendezvousGCThreads done
Event: 40639.813 Executing VM operation: HandshakeAllThreads (HandshakeForDeflation)
Event: 40639.850 Executing VM operation: HandshakeAllThreads (HandshakeForDeflation) done
Event: 40639.853 Executing VM operation: RendezvousGCThreads
Event: 40639.857 Executing VM operation: RendezvousGCThreads done

Memory protections (0 events):
No events

Nmethod flushes (20 events):
Event: 83.323 Thread 0x000002307e8a3800 flushing  nmethod 0x0000023000d27190
Event: 83.323 Thread 0x000002307e8a3800 flushing  nmethod 0x0000023000d48d10
Event: 83.323 Thread 0x000002307e8a3800 flushing  nmethod 0x0000023000d49890
Event: 83.323 Thread 0x000002307e8a3800 flushing  nmethod 0x0000023000d49c90
Event: 83.323 Thread 0x000002307e8a3800 flushing  nmethod 0x0000023000d4a210
Event: 83.323 Thread 0x000002307e8a3800 flushing  nmethod 0x0000023000d4ad90
Event: 83.323 Thread 0x000002307e8a3800 flushing  nmethod 0x0000023000d5de90
Event: 83.323 Thread 0x000002307e8a3800 flushing  nmethod 0x0000023000d74790
Event: 83.323 Thread 0x000002307e8a3800 flushing  nmethod 0x0000023000dea590
Event: 83.323 Thread 0x000002307e8a3800 flushing  nmethod 0x0000023000deb410
Event: 83.323 Thread 0x000002307e8a3800 flushing osr nmethod 0x0000023000df2e90
Event: 83.323 Thread 0x000002307e8a3800 flushing  nmethod 0x0000023000df7b10
Event: 83.323 Thread 0x000002307e8a3800 flushing osr nmethod 0x0000023000dfd190
Event: 83.323 Thread 0x000002307e8a3800 flushing  nmethod 0x0000023000e4b590
Event: 83.323 Thread 0x000002307e8a3800 flushing osr nmethod 0x0000023000e91b90
Event: 83.323 Thread 0x000002307e8a3800 flushing  nmethod 0x0000023000f23210
Event: 83.323 Thread 0x000002307e8a3800 flushing  nmethod 0x0000023001949510
Event: 83.323 Thread 0x000002307e8a3800 flushing  nmethod 0x0000023001949a10
Event: 83.323 Thread 0x000002307e8a3800 flushing  nmethod 0x000002300194b410
Event: 83.323 Thread 0x000002307e8a3800 flushing  nmethod 0x0000023001957c10

Events (20 events):
Event: 38877.075 Thread 0x0000023056fb48a0 Thread added: 0x0000023055cd8950
Event: 38877.077 Thread 0x0000023056fb48a0 Thread added: 0x0000023055cd6880
Event: 38938.350 Thread 0x0000023055cd6880 Thread exited: 0x0000023055cd6880
Event: 38998.402 Thread 0x0000023055cd82c0 Thread exited: 0x0000023055cd82c0
Event: 39078.517 Thread 0x0000023055cd8950 Thread exited: 0x0000023055cd8950
Event: 39138.536 Thread 0x0000023055cd9670 Thread exited: 0x0000023055cd9670
Event: 39367.946 Thread 0x0000023056fb48a0 Thread added: 0x0000023055cd8fe0
Event: 39369.247 Thread 0x0000023056fb48a0 Thread added: 0x0000023055cd75a0
Event: 39370.786 Thread 0x0000023055cd75a0 Thread added: 0x0000023055cd82c0
Event: 39374.500 Thread 0x0000023055cd82c0 Thread exited: 0x0000023055cd82c0
Event: 39437.255 Thread 0x0000023055cd8fe0 Thread exited: 0x0000023055cd8fe0
Event: 39497.266 Thread 0x0000023055cd75a0 Thread exited: 0x0000023055cd75a0
Event: 39761.838 Thread 0x0000023056fb48a0 Thread added: 0x0000023055cd9670
Event: 39761.974 Thread 0x0000023056fb48a0 Thread added: 0x0000023055cd6880
Event: 39761.996 Thread 0x0000023056fb48a0 Thread added: 0x0000023055cd82c0
Event: 39762.062 Thread 0x0000023055cd6880 Thread added: 0x0000023055cd8950
Event: 39832.774 Thread 0x0000023055cd9670 Thread exited: 0x0000023055cd9670
Event: 39892.807 Thread 0x0000023055cd6880 Thread exited: 0x0000023055cd6880
Event: 39952.867 Thread 0x0000023055cd82c0 Thread exited: 0x0000023055cd82c0
Event: 40012.858 Thread 0x0000023055cd8950 Thread exited: 0x0000023055cd8950


Dynamic libraries:
0x00007ff681de0000 - 0x00007ff681dee000 	c:\Users\ramir\.vscode\extensions\redhat.java-1.47.0-win32-x64\jre\21.0.8-win32-x86_64\bin\java.exe
0x00007ffbc7260000 - 0x00007ffbc74c8000 	C:\WINDOWS\SYSTEM32\ntdll.dll
0x00007ffbc5ff0000 - 0x00007ffbc60b9000 	C:\WINDOWS\System32\KERNEL32.DLL
0x00007ffbc48b0000 - 0x00007ffbc4ca8000 	C:\WINDOWS\System32\KERNELBASE.dll
0x00007ffbc4cb0000 - 0x00007ffbc4dfb000 	C:\WINDOWS\System32\ucrtbase.dll
0x00007ffb639c0000 - 0x00007ffb639d8000 	c:\Users\ramir\.vscode\extensions\redhat.java-1.47.0-win32-x64\jre\21.0.8-win32-x86_64\bin\jli.dll
0x00007ffb635b0000 - 0x00007ffb635ce000 	c:\Users\ramir\.vscode\extensions\redhat.java-1.47.0-win32-x64\jre\21.0.8-win32-x86_64\bin\VCRUNTIME140.dll
0x00007ffbc65c0000 - 0x00007ffbc6787000 	C:\WINDOWS\System32\USER32.dll
0x00007ffbc4650000 - 0x00007ffbc4677000 	C:\WINDOWS\System32\win32u.dll
0x00007ffba8490000 - 0x00007ffba8724000 	C:\WINDOWS\WinSxS\amd64_microsoft.windows.common-controls_6595b64144ccf1df_6.0.26100.7019_none_3e06ffa0e335b8a8\COMCTL32.dll
0x00007ffbc67b0000 - 0x00007ffbc67db000 	C:\WINDOWS\System32\GDI32.dll
0x00007ffbc5f40000 - 0x00007ffbc5fe9000 	C:\WINDOWS\System32\msvcrt.dll
0x00007ffbc43b0000 - 0x00007ffbc44dc000 	C:\WINDOWS\System32\gdi32full.dll
0x00007ffbc4f50000 - 0x00007ffbc4ff3000 	C:\WINDOWS\System32\msvcp_win.dll
0x00007ffbc6580000 - 0x00007ffbc65b1000 	C:\WINDOWS\System32\IMM32.DLL
0x00007ffbb9b10000 - 0x00007ffbb9b1c000 	c:\Users\ramir\.vscode\extensions\redhat.java-1.47.0-win32-x64\jre\21.0.8-win32-x86_64\bin\vcruntime140_1.dll
0x00007ffb03aa0000 - 0x00007ffb03b2d000 	c:\Users\ramir\.vscode\extensions\redhat.java-1.47.0-win32-x64\jre\21.0.8-win32-x86_64\bin\msvcp140.dll
0x00007ffad9400000 - 0x00007ffada197000 	c:\Users\ramir\.vscode\extensions\redhat.java-1.47.0-win32-x64\jre\21.0.8-win32-x86_64\bin\server\jvm.dll
0x00007ffbc61d0000 - 0x00007ffbc6284000 	C:\WINDOWS\System32\ADVAPI32.dll
0x00007ffbc58a0000 - 0x00007ffbc5946000 	C:\WINDOWS\System32\sechost.dll
0x00007ffbc5200000 - 0x00007ffbc5318000 	C:\WINDOWS\System32\RPCRT4.dll
0x00007ffbc5a30000 - 0x00007ffbc5aa4000 	C:\WINDOWS\System32\WS2_32.dll
0x00007ffbc3df0000 - 0x00007ffbc3e4e000 	C:\WINDOWS\SYSTEM32\POWRPROF.dll
0x00007ffbbafc0000 - 0x00007ffbbafcb000 	C:\WINDOWS\SYSTEM32\VERSION.dll
0x00007ffbb66c0000 - 0x00007ffbb66f5000 	C:\WINDOWS\SYSTEM32\WINMM.dll
0x00007ffbc3d90000 - 0x00007ffbc3da4000 	C:\WINDOWS\SYSTEM32\UMPDC.dll
0x00007ffbc3170000 - 0x00007ffbc318b000 	C:\WINDOWS\SYSTEM32\kernel.appcore.dll
0x00007ffb89cd0000 - 0x00007ffb89cda000 	c:\Users\ramir\.vscode\extensions\redhat.java-1.47.0-win32-x64\jre\21.0.8-win32-x86_64\bin\jimage.dll
0x00007ffbc1ad0000 - 0x00007ffbc1d12000 	C:\WINDOWS\SYSTEM32\DBGHELP.DLL
0x00007ffbc5320000 - 0x00007ffbc56ab000 	C:\WINDOWS\System32\combase.dll
0x00007ffbc5950000 - 0x00007ffbc5a27000 	C:\WINDOWS\System32\OLEAUT32.dll
0x00007ffba5700000 - 0x00007ffba573c000 	C:\WINDOWS\SYSTEM32\dbgcore.DLL
0x00007ffbc4680000 - 0x00007ffbc4725000 	C:\WINDOWS\System32\bcryptPrimitives.dll
0x00007ffbbe410000 - 0x00007ffbbe41f000 	c:\Users\ramir\.vscode\extensions\redhat.java-1.47.0-win32-x64\jre\21.0.8-win32-x86_64\bin\instrument.dll
0x00007ffb41d60000 - 0x00007ffb41d7f000 	c:\Users\ramir\.vscode\extensions\redhat.java-1.47.0-win32-x64\jre\21.0.8-win32-x86_64\bin\java.dll
0x00007ffbc6a90000 - 0x00007ffbc71df000 	C:\WINDOWS\System32\SHELL32.dll
0x00007ffbc44e0000 - 0x00007ffbc464b000 	C:\WINDOWS\System32\wintypes.dll
0x00007ffbc1fc0000 - 0x00007ffbc281d000 	C:\WINDOWS\SYSTEM32\windows.storage.dll
0x00007ffbc5100000 - 0x00007ffbc51f2000 	C:\WINDOWS\System32\SHCORE.dll
0x00007ffbc6a20000 - 0x00007ffbc6a87000 	C:\WINDOWS\System32\shlwapi.dll
0x00007ffbc42d0000 - 0x00007ffbc42f9000 	C:\WINDOWS\SYSTEM32\profapi.dll
0x00007ffb135c0000 - 0x00007ffb135d8000 	c:\Users\ramir\.vscode\extensions\redhat.java-1.47.0-win32-x64\jre\21.0.8-win32-x86_64\bin\zip.dll
0x00007ffb78fc0000 - 0x00007ffb78fd0000 	C:\Users\ramir\.vscode\extensions\redhat.java-1.47.0-win32-x64\jre\21.0.8-win32-x86_64\bin\net.dll
0x00007ffbbaa10000 - 0x00007ffbbab38000 	C:\WINDOWS\SYSTEM32\WINHTTP.dll
0x00007ffbc36e0000 - 0x00007ffbc374b000 	C:\WINDOWS\system32\mswsock.dll
0x00007ffb11210000 - 0x00007ffb11226000 	C:\Users\ramir\.vscode\extensions\redhat.java-1.47.0-win32-x64\jre\21.0.8-win32-x86_64\bin\nio.dll
0x00007ffbbbdd0000 - 0x00007ffbbbde0000 	c:\Users\ramir\.vscode\extensions\redhat.java-1.47.0-win32-x64\jre\21.0.8-win32-x86_64\bin\verify.dll
0x00007ffb788a0000 - 0x00007ffb788e4000 	C:\Users\ramir\AppData\Roaming\Code\User\globalStorage\redhat.java\1.47.0\config_win\org.eclipse.equinox.launcher\org.eclipse.equinox.launcher.win32.win32.x86_64_1.2.1400.v20250801-0854\eclipse_11916.dll
0x00007ffbc6290000 - 0x00007ffbc6427000 	C:\WINDOWS\System32\ole32.dll
0x00007ffbc39a0000 - 0x00007ffbc39bb000 	C:\WINDOWS\SYSTEM32\CRYPTSP.dll
0x00007ffbc30d0000 - 0x00007ffbc310a000 	C:\WINDOWS\system32\rsaenh.dll
0x00007ffbc3790000 - 0x00007ffbc37bb000 	C:\WINDOWS\SYSTEM32\USERENV.dll
0x00007ffbc42a0000 - 0x00007ffbc42ca000 	C:\WINDOWS\SYSTEM32\bcrypt.dll
0x00007ffbc39c0000 - 0x00007ffbc39cc000 	C:\WINDOWS\SYSTEM32\CRYPTBASE.dll
0x00007ffbc2bf0000 - 0x00007ffbc2c24000 	C:\WINDOWS\SYSTEM32\IPHLPAPI.DLL
0x00007ffbc5890000 - 0x00007ffbc589a000 	C:\WINDOWS\System32\NSI.dll
0x00007ffb78780000 - 0x00007ffb787c9000 	C:\Users\ramir\AppData\Local\Temp\jna-108279239\jna3118231568657571001.dll
0x00007ffbc60c0000 - 0x00007ffbc60c8000 	C:\WINDOWS\System32\PSAPI.DLL
0x00007ffbbafd0000 - 0x00007ffbbafee000 	C:\WINDOWS\SYSTEM32\dhcpcsvc6.DLL
0x00007ffbba9e0000 - 0x00007ffbbaa03000 	C:\WINDOWS\SYSTEM32\dhcpcsvc.DLL
0x00007ffbb99d0000 - 0x00007ffbb99de000 	C:\Users\ramir\.vscode\extensions\redhat.java-1.47.0-win32-x64\jre\21.0.8-win32-x86_64\bin\sunmscapi.dll
0x00007ffbc4730000 - 0x00007ffbc48a7000 	C:\WINDOWS\System32\CRYPT32.dll
0x00007ffbc3c30000 - 0x00007ffbc3c60000 	C:\WINDOWS\SYSTEM32\ncrypt.dll
0x00007ffbc3be0000 - 0x00007ffbc3c1f000 	C:\WINDOWS\SYSTEM32\NTASN1.dll
0x00007ffbc2cd0000 - 0x00007ffbc2dfc000 	C:\WINDOWS\SYSTEM32\DNSAPI.dll
0x00007ffbb0e20000 - 0x00007ffbb0e2b000 	C:\Windows\System32\rasadhlp.dll
0x00007ffbb8370000 - 0x00007ffbb83f6000 	C:\WINDOWS\System32\fwpuclnt.dll
0x00007ffbb99c0000 - 0x00007ffbb99c9000 	C:\Users\ramir\.vscode\extensions\redhat.java-1.47.0-win32-x64\jre\21.0.8-win32-x86_64\bin\extnet.dll

JVMTI agents:
c:\Users\ramir\.vscode\extensions\redhat.java-1.47.0-win32-x64\lombok\lombok-1.18.39-4050.jar path:c:\Users\ramir\.vscode\extensions\redhat.java-1.47.0-win32-x64\jre\21.0.8-win32-x86_64\bin\instrument.dll, loaded, initialized, instrumentlib options:none

dbghelp: loaded successfully - version: 4.0.5 - missing functions: none
symbol engine: initialized successfully - sym options: 0x614 - pdb path: .;c:\Users\ramir\.vscode\extensions\redhat.java-1.47.0-win32-x64\jre\21.0.8-win32-x86_64\bin;C:\WINDOWS\SYSTEM32;C:\WINDOWS\WinSxS\amd64_microsoft.windows.common-controls_6595b64144ccf1df_6.0.26100.7019_none_3e06ffa0e335b8a8;c:\Users\ramir\.vscode\extensions\redhat.java-1.47.0-win32-x64\jre\21.0.8-win32-x86_64\bin\server;C:\Users\ramir\AppData\Roaming\Code\User\globalStorage\redhat.java\1.47.0\config_win\org.eclipse.equinox.launcher\org.eclipse.equinox.launcher.win32.win32.x86_64_1.2.1400.v20250801-0854;C:\Users\ramir\AppData\Local\Temp\jna-108279239

VM Arguments:
jvm_args: --add-modules=ALL-SYSTEM --add-opens=java.base/java.util=ALL-UNNAMED --add-opens=java.base/java.lang=ALL-UNNAMED --add-opens=java.base/sun.nio.fs=ALL-UNNAMED -Declipse.application=org.eclipse.jdt.ls.core.id1 -Dosgi.bundles.defaultStartLevel=4 -Declipse.product=org.eclipse.jdt.ls.core.product -Djava.import.generatesMetadataFilesAtProjectRoot=false -DDetectVMInstallationsJob.disabled=true -Dfile.encoding=utf8 -XX:+UseParallelGC -XX:GCTimeRatio=4 -XX:AdaptiveSizePolicyWeight=90 -Dsun.zip.disableMemoryMapping=true -Xmx2G -Xms100m -Xlog:disable -javaagent:c:\Users\ramir\.vscode\extensions\redhat.java-1.47.0-win32-x64\lombok\lombok-1.18.39-4050.jar -XX:+HeapDumpOnOutOfMemoryError -XX:HeapDumpPath=c:\Users\ramir\AppData\Roaming\Code\User\workspaceStorage\46d5d728171aacb383eedf91ecaba8d8\redhat.java -Daether.dependencyCollector.impl=bf 
java_command: c:\Users\ramir\.vscode\extensions\redhat.java-1.47.0-win32-x64\server\plugins\org.eclipse.equinox.launcher_1.7.100.v20251014-1222.jar -configuration c:\Users\ramir\AppData\Roaming\Code\User\globalStorage\redhat.java\1.47.0\config_win -data c:\Users\ramir\AppData\Roaming\Code\User\workspaceStorage\46d5d728171aacb383eedf91ecaba8d8\redhat.java\jdt_ws --pipe=\\.\pipe\lsp-3743c69a7473162972fa06fcee780842-sock
java_class_path (initial): c:\Users\ramir\.vscode\extensions\redhat.java-1.47.0-win32-x64\server\plugins\org.eclipse.equinox.launcher_1.7.100.v20251014-1222.jar
Launcher Type: SUN_STANDARD

[Global flags]
    uintx AdaptiveSizePolicyWeight                 = 90                                        {product} {command line}
     intx CICompilerCount                          = 4                                         {product} {ergonomic}
    uintx GCTimeRatio                              = 4                                         {product} {command line}
     bool HeapDumpOnOutOfMemoryError               = true                                   {manageable} {command line}
    ccstr HeapDumpPath                             = c:\Users\ramir\AppData\Roaming\Code\User\workspaceStorage\46d5d728171aacb383eedf91ecaba8d8\redhat.java         {manageable} {command line}
   size_t InitialHeapSize                          = 104857600                                 {product} {command line}
   size_t MaxHeapSize                              = 2147483648                                {product} {command line}
   size_t MaxNewSize                               = 715653120                                 {product} {ergonomic}
   size_t MinHeapDeltaBytes                        = 524288                                    {product} {ergonomic}
   size_t MinHeapSize                              = 104857600                                 {product} {command line}
   size_t NewSize                                  = 34603008                                  {product} {ergonomic}
    uintx NonNMethodCodeHeapSize                   = 5839372                                {pd product} {ergonomic}
    uintx NonProfiledCodeHeapSize                  = 122909434                              {pd product} {ergonomic}
   size_t OldSize                                  = 70254592                                  {product} {ergonomic}
    uintx ProfiledCodeHeapSize                     = 122909434                              {pd product} {ergonomic}
    uintx ReservedCodeCacheSize                    = 251658240                              {pd product} {ergonomic}
     bool SegmentedCodeCache                       = true                                      {product} {ergonomic}
   size_t SoftMaxHeapSize                          = 2147483648                             {manageable} {ergonomic}
     bool UseCompressedOops                        = true                           {product lp64_product} {ergonomic}
     bool UseLargePagesIndividualAllocation        = false                                  {pd product} {ergonomic}
     bool UseParallelGC                            = true                                      {product} {command line}

Logging:
Log output configuration:
 #0: stdout all=off uptime,level,tags foldmultilines=false
 #1: stderr all=off uptime,level,tags foldmultilines=false

Environment Variables:
PATH=C:\app\ramir\product\21c\dbhomeXE\bin;C:\Program Files\Common Files\Oracle\Java\javapath;C:\Program Files (x86)\Common Files\Oracle\Java\javapath;C:\Windows\system32;C:\Windows;C:\Windows\System32\Wbem;C:\Windows\System32\WindowsPowerShell\v1.0\;C:\Windows\System32\OpenSSH\;C:\Program Files (x86)\NVIDIA Corporation\PhysX\Common;C:\Program Files\NVIDIA Corporation\NVIDIA app\NvDLISR;C:\Program Files\Git\cmd;C:\Program Files\Microsoft SQL Server\Client SDK\ODBC\170\Tools\Binn\;C:\Program Files (x86)\Microsoft SQL Server\150\Tools\Binn\;C:\Program Files\Microsoft SQL Server\150\Tools\Binn\;C:\Program Files\Microsoft SQL Server\150\DTS\Binn\;C:\Program Files (x86)\Microsoft SQL Server\150\DTS\Binn\;C:\Program Files\Azure Data Studio\bin;C:\Program Files\MySQL\MySQL Server 9.2\bin;;C:\WINDOWS\system32;C:\WINDOWS;C:\WINDOWS\System32\Wbem;C:\WINDOWS\System32\WindowsPowerShell\v1.0\;C:\WINDOWS\System32\OpenSSH\;C:\Program Files\nodejs\;C:\Users\ramir\AppData\Local\Programs\Python\Launcher\;C:\Users\ramir\AppData\Local\Microsoft\WindowsApps;C:\Users\ramir\AppData\Local\Programs\Microsoft VS Code\bin;C:\Program Files\Azure Data Studio\bin;C:\Users\ramir\OneDrive\Desktop\apache-maven-3.9.9-bin\apache-maven-3.9.9\bin;C:\Users\ramir\AppData\Roaming\npm
USERNAME=ramir
OS=Windows_NT
PROCESSOR_IDENTIFIER=Intel64 Family 6 Model 154 Stepping 3, GenuineIntel
TMP=C:\Users\ramir\AppData\Local\Temp
TEMP=C:\Users\ramir\AppData\Local\Temp




Periodic native trim disabled

---------------  S Y S T E M  ---------------

OS:
 Windows 11 , 64 bit Build 26100 (10.0.26100.7019)
OS uptime: 1 days 7:45 hours
Hyper-V role detected

CPU: total 12 (initial active 12) (6 cores per cpu, 2 threads per core) family 6 model 154 stepping 3 microcode 0x423, cx8, cmov, fxsr, ht, mmx, 3dnowpref, sse, sse2, sse3, ssse3, sse4.1, sse4.2, popcnt, lzcnt, tsc, tscinvbit, avx, avx2, aes, erms, clmul, bmi1, bmi2, adx, sha, fma, vzeroupper, clflush, clflushopt, clwb, hv, serialize, rdtscp, rdpid, fsrm, f16c, cet_ibt, cet_ss
Processor Information for processor 0
  Max Mhz: 2500, Current Mhz: 2500, Mhz Limit: 2500
Processor Information for processor 1
  Max Mhz: 2500, Current Mhz: 2500, Mhz Limit: 2500
Processor Information for processor 2
  Max Mhz: 2500, Current Mhz: 2500, Mhz Limit: 2500
Processor Information for processor 3
  Max Mhz: 2500, Current Mhz: 2500, Mhz Limit: 2500
Processor Information for processor 4
  Max Mhz: 2500, Current Mhz: 2500, Mhz Limit: 2500
Processor Information for processor 5
  Max Mhz: 2500, Current Mhz: 2500, Mhz Limit: 2500
Processor Information for processor 6
  Max Mhz: 2500, Current Mhz: 2500, Mhz Limit: 2500
Processor Information for processor 7
  Max Mhz: 2500, Current Mhz: 2500, Mhz Limit: 2500
Processor Information for processor 8
  Max Mhz: 2500, Current Mhz: 1500, Mhz Limit: 1875
Processor Information for processor 9
  Max Mhz: 2500, Current Mhz: 1500, Mhz Limit: 1875
Processor Information for processor 10
  Max Mhz: 2500, Current Mhz: 1500, Mhz Limit: 1875
Processor Information for processor 11
  Max Mhz: 2500, Current Mhz: 1500, Mhz Limit: 1875

Memory: 4k page, system-wide physical 7896M (341M free)
TotalPageFile size 32472M (AvailPageFile size 174M)
current process WorkingSet (physical memory assigned to process): 6M, peak: 345M
current process commit charge ("private bytes"): 526M, peak: 552M

vm_info: OpenJDK 64-Bit Server VM (21.0.8+9-LTS) for windows-amd64 JRE (21.0.8+9-LTS), built on 2025-07-15T00:00:00Z by "admin" with MS VC++ 17.7 (VS2022)

END.
