#
# There is insufficient memory for the Java Runtime Environment to continue.
# Native memory allocation (malloc) failed to allocate 1935664 bytes. Error detail: Chunk::new
# Possible reasons:
#   The system is out of physical RAM or swap space
#   This process is running with CompressedOops enabled, and the Java Heap may be blocking the growth of the native heap
# Possible solutions:
#   Reduce memory load on the system
#   Increase physical memory or swap space
#   Check if swap backing store is full
#   Decrease Java heap size (-Xmx/-Xms)
#   Decrease number of Java threads
#   Decrease Java thread stack sizes (-Xss)
#   Set larger code cache with -XX:ReservedCodeCacheSize=
#   JVM is running with Unscaled Compressed Oops mode in which the Java heap is
#     placed in the first 4GB address space. The Java Heap base address is the
#     maximum limit for the native heap growth. Please use -XX:HeapBaseMinAddress
#     to set the Java Heap base and to place the Java Heap above 4GB virtual address.
# This output file may be truncated or incomplete.
#
#  Out of Memory Error (arena.cpp:168), pid=7012, tid=14412
#
# JRE version: OpenJDK Runtime Environment Temurin-21.0.8+9 (21.0.8+9) (build 21.0.8+9-LTS)
# Java VM: OpenJDK 64-Bit Server VM Temurin-21.0.8+9 (21.0.8+9-LTS, mixed mode, sharing, tiered, compressed oops, compressed class ptrs, parallel gc, windows-amd64)
# No core dump will be written. Minidumps are not enabled by default on client versions of Windows
#

---------------  S U M M A R Y ------------

Command Line: --add-modules=ALL-SYSTEM --add-opens=java.base/java.util=ALL-UNNAMED --add-opens=java.base/java.lang=ALL-UNNAMED --add-opens=java.base/sun.nio.fs=ALL-UNNAMED -Declipse.application=org.eclipse.jdt.ls.core.id1 -Dosgi.bundles.defaultStartLevel=4 -Declipse.product=org.eclipse.jdt.ls.core.product -Djava.import.generatesMetadataFilesAtProjectRoot=false -DDetectVMInstallationsJob.disabled=true -Dfile.encoding=utf8 -XX:+UseParallelGC -XX:GCTimeRatio=4 -XX:AdaptiveSizePolicyWeight=90 -Dsun.zip.disableMemoryMapping=true -Xmx2G -Xms100m -Xlog:disable -javaagent:c:\Users\ramir\.vscode\extensions\redhat.java-1.47.0-win32-x64\lombok\lombok-1.18.39-4050.jar c:\Users\ramir\.vscode\extensions\redhat.java-1.47.0-win32-x64\server\plugins\org.eclipse.equinox.launcher_1.7.100.v20251014-1222.jar -configuration c:\Users\ramir\AppData\Roaming\Code\User\globalStorage\redhat.java\1.47.0\config_ss_win -data c:\Users\ramir\AppData\Roaming\Code\User\workspaceStorage\46d5d728171aacb383eedf91ecaba8d8\redhat.java\ss_ws --pipe=\\.\pipe\lsp-9c89c2d04631503d8ca012c842739e15-sock

Host: 12th Gen Intel(R) Core(TM) i5-12450H, 12 cores, 7G,  Windows 11 , 64 bit Build 26100 (10.0.26100.7019)
Time: Mon Nov 17 01:09:07 2025 Hora est. Pacífico, Sudamérica elapsed time: 15715.541812 seconds (0d 4h 21m 55s)

---------------  T H R E A D  ---------------

Current thread (0x000001a07eeaf2f0):  JavaThread "C2 CompilerThread0" daemon [_thread_in_native, id=14412, stack(0x00000079bc000000,0x00000079bc100000) (1024K)]


Current CompileTask:
C2:15715541 13276       4       org.eclipse.jdt.internal.compiler.ast.Annotation::resolveType (1555 bytes)

Stack: [0x00000079bc000000,0x00000079bc100000]
Native frames: (J=compiled Java code, j=interpreted, Vv=VM code, C=native code)
V  [jvm.dll+0x6d2449]
V  [jvm.dll+0x8ae341]
V  [jvm.dll+0x8b08be]
V  [jvm.dll+0x8b0fa3]
V  [jvm.dll+0x280c96]
V  [jvm.dll+0xc581d]
V  [jvm.dll+0xc5d53]
V  [jvm.dll+0x3b919c]
V  [jvm.dll+0x385315]
V  [jvm.dll+0x38477a]
V  [jvm.dll+0x248ed0]
V  [jvm.dll+0x2484af]
V  [jvm.dll+0x1c89ee]
V  [jvm.dll+0x257d4d]
V  [jvm.dll+0x2562ea]
V  [jvm.dll+0x3f2d16]
V  [jvm.dll+0x857e6b]
V  [jvm.dll+0x6d0b0d]
C  [ucrtbase.dll+0x37b0]
C  [KERNEL32.DLL+0x2e8d7]
C  [ntdll.dll+0x8c53c]


---------------  P R O C E S S  ---------------

Threads class SMR info:
_java_thread_list=0x000001a04b11ed40, length=53, elements={
0x000001a0680c9e20, 0x000001a07ee944b0, 0x000001a07ee95460, 0x000001a07ee9fbb0,
0x000001a07eea0f60, 0x000001a07eea08d0, 0x000001a07eea29a0, 0x000001a07eeaf2f0,
0x000001a07eeb05d0, 0x000001a07eea15f0, 0x000001a07eea1c80, 0x000001a07eea3030,
0x000001a07eea2310, 0x000001a07eea0240, 0x000001a07f885040, 0x000001a07f885d60,
0x000001a07f887110, 0x000001a07f8863f0, 0x000001a07f8849b0, 0x000001a07f884320,
0x000001a07f887e30, 0x000001a07f8884c0, 0x000001a07f888b50, 0x000001a07f8856d0,
0x000001a07f8891e0, 0x000001a07f889870, 0x000001a07f889f00, 0x000001a07f88a590,
0x000001a07f88ac20, 0x000001a07f88b2b0, 0x000001a07f88b940, 0x000001a04aadb650,
0x000001a04aad8860, 0x000001a04aadbce0, 0x000001a04aada2a0, 0x000001a07f437c90,
0x000001a07f4389b0, 0x000001a07f436f70, 0x000001a07f436250, 0x000001a07f4368e0,
0x000001a04aad81d0, 0x000001a04aadca00, 0x000001a04aadd090, 0x000001a04aadf160,
0x000001a04aadf7f0, 0x000001a07f886a80, 0x000001a0496f39e0, 0x000001a0496f2cc0,
0x000001a0496f5420, 0x000001a0496f3350, 0x000001a0496f4700, 0x000001a0496f4d90,
0x000001a0496f1fa0
}

Java Threads: ( => current thread )
  0x000001a0680c9e20 JavaThread "main"                              [_thread_blocked, id=7628, stack(0x00000079bb600000,0x00000079bb700000) (1024K)]
  0x000001a07ee944b0 JavaThread "Reference Handler"          daemon [_thread_blocked, id=18496, stack(0x00000079bba00000,0x00000079bbb00000) (1024K)]
  0x000001a07ee95460 JavaThread "Finalizer"                  daemon [_thread_blocked, id=22256, stack(0x00000079bbb00000,0x00000079bbc00000) (1024K)]
  0x000001a07ee9fbb0 JavaThread "Signal Dispatcher"          daemon [_thread_blocked, id=19240, stack(0x00000079bbc00000,0x00000079bbd00000) (1024K)]
  0x000001a07eea0f60 JavaThread "Attach Listener"            daemon [_thread_blocked, id=35288, stack(0x00000079bbd00000,0x00000079bbe00000) (1024K)]
  0x000001a07eea08d0 JavaThread "Service Thread"             daemon [_thread_blocked, id=28176, stack(0x00000079bbe00000,0x00000079bbf00000) (1024K)]
  0x000001a07eea29a0 JavaThread "Monitor Deflation Thread"   daemon [_thread_blocked, id=30784, stack(0x00000079bbf00000,0x00000079bc000000) (1024K)]
=>0x000001a07eeaf2f0 JavaThread "C2 CompilerThread0"         daemon [_thread_in_native, id=14412, stack(0x00000079bc000000,0x00000079bc100000) (1024K)]
  0x000001a07eeb05d0 JavaThread "C1 CompilerThread0"         daemon [_thread_blocked, id=33976, stack(0x00000079bc100000,0x00000079bc200000) (1024K)]
  0x000001a07eea15f0 JavaThread "Common-Cleaner"             daemon [_thread_blocked, id=22688, stack(0x00000079bc200000,0x00000079bc300000) (1024K)]
  0x000001a07eea1c80 JavaThread "Notification Thread"        daemon [_thread_blocked, id=20944, stack(0x00000079bc300000,0x00000079bc400000) (1024K)]
  0x000001a07eea3030 JavaThread "Active Thread: Equinox Container: 58c09231-ab23-46bb-a0cf-dd07c0d18561"        [_thread_blocked, id=29620, stack(0x00000079bcb00000,0x00000079bcc00000) (1024K)]
  0x000001a07eea2310 JavaThread "Framework Event Dispatcher: Equinox Container: 58c09231-ab23-46bb-a0cf-dd07c0d18561" daemon [_thread_blocked, id=4284, stack(0x00000079bcc00000,0x00000079bcd00000) (1024K)]
  0x000001a07eea0240 JavaThread "Start Level: Equinox Container: 58c09231-ab23-46bb-a0cf-dd07c0d18561" daemon [_thread_blocked, id=28280, stack(0x00000079bcd00000,0x00000079bce00000) (1024K)]
  0x000001a07f885040 JavaThread "SCR Component Actor"        daemon [_thread_blocked, id=25092, stack(0x00000079bc400000,0x00000079bc500000) (1024K)]
  0x000001a07f885d60 JavaThread "Worker-JM"                         [_thread_blocked, id=36256, stack(0x00000079bd000000,0x00000079bd100000) (1024K)]
  0x000001a07f887110 JavaThread "JNA Cleaner"                daemon [_thread_blocked, id=16200, stack(0x00000079bcf00000,0x00000079bd000000) (1024K)]
  0x000001a07f8863f0 JavaThread "Thread-1"                   daemon [_thread_in_native, id=12272, stack(0x00000079bd700000,0x00000079bd800000) (1024K)]
  0x000001a07f8849b0 JavaThread "Thread-2"                   daemon [_thread_in_native, id=2060, stack(0x00000079bd800000,0x00000079bd900000) (1024K)]
  0x000001a07f884320 JavaThread "Thread-3"                   daemon [_thread_in_native, id=24500, stack(0x00000079bd900000,0x00000079bda00000) (1024K)]
  0x000001a07f887e30 JavaThread "Thread-4"                   daemon [_thread_in_native, id=2480, stack(0x00000079bda00000,0x00000079bdb00000) (1024K)]
  0x000001a07f8884c0 JavaThread "Thread-5"                   daemon [_thread_in_native, id=35508, stack(0x00000079bdb00000,0x00000079bdc00000) (1024K)]
  0x000001a07f888b50 JavaThread "Thread-6"                   daemon [_thread_in_native, id=2588, stack(0x00000079bdc00000,0x00000079bdd00000) (1024K)]
  0x000001a07f8856d0 JavaThread "Thread-7"                   daemon [_thread_in_native, id=33532, stack(0x00000079bdd00000,0x00000079bde00000) (1024K)]
  0x000001a07f8891e0 JavaThread "Thread-8"                   daemon [_thread_in_native, id=34404, stack(0x00000079bde00000,0x00000079bdf00000) (1024K)]
  0x000001a07f889870 JavaThread "Thread-9"                   daemon [_thread_in_native, id=8116, stack(0x00000079bdf00000,0x00000079be000000) (1024K)]
  0x000001a07f889f00 JavaThread "Thread-10"                  daemon [_thread_in_native, id=24760, stack(0x00000079be000000,0x00000079be100000) (1024K)]
  0x000001a07f88a590 JavaThread "Thread-11"                  daemon [_thread_in_native, id=25476, stack(0x00000079be100000,0x00000079be200000) (1024K)]
  0x000001a07f88ac20 JavaThread "Thread-12"                  daemon [_thread_in_native, id=27248, stack(0x00000079be200000,0x00000079be300000) (1024K)]
  0x000001a07f88b2b0 JavaThread "Thread-13"                  daemon [_thread_in_native, id=1812, stack(0x00000079be300000,0x00000079be400000) (1024K)]
  0x000001a07f88b940 JavaThread "pool-2-thread-1"                   [_thread_blocked, id=12776, stack(0x00000079be400000,0x00000079be500000) (1024K)]
  0x000001a04aadb650 JavaThread "WorkspaceEventsHandler"            [_thread_blocked, id=36872, stack(0x00000079be600000,0x00000079be700000) (1024K)]
  0x000001a04aad8860 JavaThread "pool-1-thread-1"                   [_thread_blocked, id=20728, stack(0x00000079be700000,0x00000079be800000) (1024K)]
  0x000001a04aadbce0 JavaThread "Worker-11"                         [_thread_blocked, id=33192, stack(0x00000079bed00000,0x00000079bee00000) (1024K)]
  0x000001a04aada2a0 JavaThread "Worker-16"                         [_thread_blocked, id=17984, stack(0x00000079bd500000,0x00000079bd600000) (1024K)]
  0x000001a07f437c90 JavaThread "ForkJoinPool.commonPool-worker-34" daemon [_thread_blocked, id=23240, stack(0x00000079bb300000,0x00000079bb400000) (1024K)]
  0x000001a07f4389b0 JavaThread "ForkJoinPool.commonPool-worker-35" daemon [_thread_blocked, id=5956, stack(0x00000079bb400000,0x00000079bb500000) (1024K)]
  0x000001a07f436f70 JavaThread "ForkJoinPool.commonPool-worker-36" daemon [_thread_blocked, id=18424, stack(0x00000079bb500000,0x00000079bb600000) (1024K)]
  0x000001a07f436250 JavaThread "ForkJoinPool.commonPool-worker-37" daemon [_thread_blocked, id=24560, stack(0x00000079bd300000,0x00000079bd400000) (1024K)]
  0x000001a07f4368e0 JavaThread "ForkJoinPool.commonPool-worker-38" daemon [_thread_blocked, id=29072, stack(0x00000079bd400000,0x00000079bd500000) (1024K)]
  0x000001a04aad81d0 JavaThread "Compiler Source File Reader" daemon [_thread_blocked, id=29880, stack(0x00000079bd600000,0x00000079bd700000) (1024K)]
  0x000001a04aadca00 JavaThread "Compiler Processing Task"   daemon [_thread_blocked, id=30868, stack(0x00000079be500000,0x00000079be600000) (1024K)]
  0x000001a04aadd090 JavaThread "Compiler Source File Reader" daemon [_thread_blocked, id=31032, stack(0x00000079be800000,0x00000079be900000) (1024K)]
  0x000001a04aadf160 JavaThread "Worker-17"                         [_thread_blocked, id=32676, stack(0x00000079be900000,0x00000079bea00000) (1024K)]
  0x000001a04aadf7f0 JavaThread "Compiler Source File Reader" daemon [_thread_blocked, id=25360, stack(0x00000079bea00000,0x00000079beb00000) (1024K)]
  0x000001a07f886a80 JavaThread "Compiler Source File Reader" daemon [_thread_blocked, id=27384, stack(0x00000079beb00000,0x00000079bec00000) (1024K)]
  0x000001a0496f39e0 JavaThread "Compiler Source File Reader" daemon [_thread_blocked, id=37600, stack(0x00000079bec00000,0x00000079bed00000) (1024K)]
  0x000001a0496f2cc0 JavaThread "Compiler Source File Reader" daemon [_thread_blocked, id=11804, stack(0x00000079bee00000,0x00000079bef00000) (1024K)]
  0x000001a0496f5420 JavaThread "Compiler Source File Reader" daemon [_thread_blocked, id=33284, stack(0x00000079bef00000,0x00000079bf000000) (1024K)]
  0x000001a0496f3350 JavaThread "Compiler Source File Reader" daemon [_thread_blocked, id=3580, stack(0x00000079bf000000,0x00000079bf100000) (1024K)]
  0x000001a0496f4700 JavaThread "Compiler Source File Reader" daemon [_thread_blocked, id=612, stack(0x00000079bf100000,0x00000079bf200000) (1024K)]
  0x000001a0496f4d90 JavaThread "Compiler Source File Reader" daemon [_thread_blocked, id=35388, stack(0x00000079bf200000,0x00000079bf300000) (1024K)]
  0x000001a0496f1fa0 JavaThread "Worker-18"                         [_thread_blocked, id=35304, stack(0x00000079bf300000,0x00000079bf400000) (1024K)]
Total: 53

Other Threads:
  0x000001a07cf950c0 VMThread "VM Thread"                           [id=36336, stack(0x00000079bb900000,0x00000079bba00000) (1024K)]
  0x000001a07ce8ca00 WatcherThread "VM Periodic Task Thread"        [id=23776, stack(0x00000079bb800000,0x00000079bb900000) (1024K)]
  0x000001a06a52b1b0 WorkerThread "GC Thread#0"                     [id=29908, stack(0x00000079bb700000,0x00000079bb800000) (1024K)]
  0x000001a07f777570 WorkerThread "GC Thread#1"                     [id=18924, stack(0x00000079bc500000,0x00000079bc600000) (1024K)]
  0x000001a07f7abc10 WorkerThread "GC Thread#2"                     [id=12524, stack(0x00000079bc600000,0x00000079bc700000) (1024K)]
  0x000001a07f772860 WorkerThread "GC Thread#3"                     [id=15936, stack(0x00000079bc700000,0x00000079bc800000) (1024K)]
  0x000001a07f772c00 WorkerThread "GC Thread#4"                     [id=18040, stack(0x00000079bc800000,0x00000079bc900000) (1024K)]
  0x000001a07f55bd10 WorkerThread "GC Thread#5"                     [id=7676, stack(0x00000079bc900000,0x00000079bca00000) (1024K)]
  0x000001a07f55c0b0 WorkerThread "GC Thread#6"                     [id=36852, stack(0x00000079bca00000,0x00000079bcb00000) (1024K)]
  0x000001a07f913d30 WorkerThread "GC Thread#7"                     [id=35132, stack(0x00000079bce00000,0x00000079bcf00000) (1024K)]
  0x000001a049090e00 WorkerThread "GC Thread#8"                     [id=5720, stack(0x00000079bd100000,0x00000079bd200000) (1024K)]
  0x000001a0490918e0 WorkerThread "GC Thread#9"                     [id=9704, stack(0x00000079bd200000,0x00000079bd300000) (1024K)]
Total: 12

Threads with active compile tasks:
C2 CompilerThread0  15715629 13276       4       org.eclipse.jdt.internal.compiler.ast.Annotation::resolveType (1555 bytes)
Total: 1

VM state: not at safepoint (normal execution)

VM Mutex/Monitor currently owned by a thread: None

Heap address: 0x0000000080000000, size: 2048 MB, Compressed Oops mode: 32-bit

CDS archive(s) mapped at: [0x000001a004000000-0x000001a004ba0000-0x000001a004ba0000), size 12189696, SharedBaseAddress: 0x000001a004000000, ArchiveRelocationMode: 1.
Compressed class space mapped at: 0x000001a005000000-0x000001a045000000, reserved size: 1073741824
Narrow klass base: 0x000001a004000000, Narrow klass shift: 0, Narrow klass range: 0x100000000

GC Precious Log:
 CardTable entry size: 512
 CPUs: 12 total, 12 available
 Memory: 7896M
 Large Page Support: Disabled
 NUMA Support: Disabled
 Compressed Oops: Enabled (32-bit)
 Alignments: Space 512K, Generation 512K, Heap 2M
 Heap Min Capacity: 100M
 Heap Initial Capacity: 100M
 Heap Max Capacity: 2G
 Pre-touch: Disabled
 Parallel Workers: 10

Heap:
 PSYoungGen      total 6144K, used 4560K [0x00000000d5580000, 0x00000000d5e00000, 0x0000000100000000)
  eden space 5120K, 69% used [0x00000000d5580000,0x00000000d58f8228,0x00000000d5a80000)
  from space 1024K, 98% used [0x00000000d5c00000,0x00000000d5cfc010,0x00000000d5d00000)
  to   space 1536K, 0% used [0x00000000d5a80000,0x00000000d5a80000,0x00000000d5c00000)
 ParOldGen       total 96768K, used 96681K [0x0000000080000000, 0x0000000085e80000, 0x00000000d5580000)
  object space 96768K, 99% used [0x0000000080000000,0x0000000085e6a698,0x0000000085e80000)
 Metaspace       used 51029K, committed 52096K, reserved 1114112K
  class space    used 4658K, committed 5184K, reserved 1048576K

Card table byte_map: [0x000001a069eb0000,0x000001a06a2c0000] _byte_map_base: 0x000001a069ab0000

Marking Bits: (ParMarkBitMap*) 0x00007ffcd340a340
 Begin Bits: [0x000001a000000000, 0x000001a002000000)
 End Bits:   [0x000001a002000000, 0x000001a004000000)

Polling page: 0x000001a068380000

Metaspace:

Usage:
  Non-class:     45.28 MB used.
      Class:      4.55 MB used.
       Both:     49.83 MB used.

Virtual space:
  Non-class space:       64.00 MB reserved,      45.81 MB ( 72%) committed,  1 nodes.
      Class space:        1.00 GB reserved,       5.06 MB ( <1%) committed,  1 nodes.
             Both:        1.06 GB reserved,      50.88 MB (  5%) committed. 

Chunk freelists:
   Non-Class:  2.22 MB
       Class:  11.02 MB
        Both:  13.24 MB

MaxMetaspaceSize: unlimited
CompressedClassSpaceSize: 1.00 GB
Initial GC threshold: 21.00 MB
Current GC threshold: 82.81 MB
CDS: on
 - commit_granule_bytes: 65536.
 - commit_granule_words: 8192.
 - virtual_space_node_default_size: 8388608.
 - enlarge_chunks_in_place: 1.
 - use_allocation_guard: 0.


Internal statistics:

num_allocs_failed_limit: 6.
num_arena_births: 1094.
num_arena_deaths: 230.
num_vsnodes_births: 2.
num_vsnodes_deaths: 0.
num_space_committed: 814.
num_space_uncommitted: 0.
num_chunks_returned_to_freelist: 254.
num_chunks_taken_from_freelist: 3528.
num_chunk_merges: 64.
num_chunk_splits: 2091.
num_chunks_enlarged: 1233.
num_inconsistent_stats: 0.

CodeHeap 'non-profiled nmethods': size=120000Kb used=12833Kb max_used=12833Kb free=107167Kb
 bounds [0x000001a0751d0000, 0x000001a075e60000, 0x000001a07c700000]
CodeHeap 'profiled nmethods': size=120000Kb used=33395Kb max_used=33395Kb free=86604Kb
 bounds [0x000001a06d700000, 0x000001a06f7a0000, 0x000001a074c30000]
CodeHeap 'non-nmethods': size=5760Kb used=1426Kb max_used=1561Kb free=4333Kb
 bounds [0x000001a074c30000, 0x000001a074ea0000, 0x000001a0751d0000]
CodeCache: size=245760Kb, used=47654Kb, max_used=47789Kb, free=198104Kb
 total_blobs=13308, nmethods=12576, adapters=636, full_count=0
Compilation: enabled, stopped_count=0, restarted_count=0

Compilation events (20 events):
Event: 15713.947 Thread 0x000001a07eeb05d0 13272       3       org.eclipse.core.internal.resources.Resource::getFileExtension (41 bytes)
Event: 15713.947 Thread 0x000001a07eeb05d0 nmethod 13272 0x000001a06f77bd10 code [0x000001a06f77bf80, 0x000001a06f77c7e0]
Event: 15713.957 Thread 0x000001a07eeaf2f0 nmethod 13265 0x000001a075e53090 code [0x000001a075e53440, 0x000001a075e55ee8]
Event: 15713.958 Thread 0x000001a07eeaf2f0 13270       4       org.eclipse.core.internal.dtree.AbstractDataTree::rootKey (4 bytes)
Event: 15713.958 Thread 0x000001a07eeaf2f0 nmethod 13270 0x000001a075e57890 code [0x000001a075e57a20, 0x000001a075e57a90]
Event: 15714.304 Thread 0x000001a07eeb05d0 13273       3       org.eclipse.jdt.internal.core.JavaModelOperation::getElementToProcess (24 bytes)
Event: 15714.304 Thread 0x000001a07eeb05d0 nmethod 13273 0x000001a06f77cb10 code [0x000001a06f77ccc0, 0x000001a06f77ce88]
Event: 15714.324 Thread 0x000001a07eeb05d0 13274       3       org.eclipse.jdt.internal.compiler.parser.Parser::consumePrimitiveType (6 bytes)
Event: 15714.327 Thread 0x000001a07eeb05d0 nmethod 13274 0x000001a06f77cf90 code [0x000001a06f77d140, 0x000001a06f77d308]
Event: 15714.328 Thread 0x000001a07eeaf2f0 13275       4       org.eclipse.jdt.internal.compiler.ast.Annotation::checkAnnotationTarget (99 bytes)
Event: 15714.330 Thread 0x000001a07eeaf2f0 nmethod 13275 0x000001a075e57b90 code [0x000001a075e57d40, 0x000001a075e57ef0]
Event: 15714.334 Thread 0x000001a07eeaf2f0 13276       4       org.eclipse.jdt.internal.compiler.ast.Annotation::resolveType (1555 bytes)
Event: 15714.335 Thread 0x000001a07eeb05d0 13277       3       org.eclipse.jdt.internal.compiler.lookup.ReferenceBinding::computeId (3060 bytes)
Event: 15714.343 Thread 0x000001a07eeb05d0 nmethod 13277 0x000001a06f77d410 code [0x000001a06f77e4c0, 0x000001a06f785df8]
Event: 15714.346 Thread 0x000001a07eeb05d0 13278   !   3       org.eclipse.jdt.internal.compiler.ast.LocalDeclaration::skipResolveInitializerIfAlreadyCalled2 (40 bytes)
Event: 15714.347 Thread 0x000001a07eeb05d0 nmethod 13278 0x000001a06f788490 code [0x000001a06f788680, 0x000001a06f788af8]
Event: 15714.358 Thread 0x000001a07eeb05d0 13279       3       lombok.permit.Permit::setAccessible (27 bytes)
Event: 15714.361 Thread 0x000001a07eeb05d0 nmethod 13279 0x000001a06f788c90 code [0x000001a06f788e40, 0x000001a06f788fe0]
Event: 15714.741 Thread 0x000001a07eeb05d0 13281       3       org.eclipse.core.internal.jobs.JobManager::scheduleInternal (149 bytes)
Event: 15714.743 Thread 0x000001a07eeb05d0 nmethod 13281 0x000001a06f789090 code [0x000001a06f789380, 0x000001a06f78a0c0]

GC Heap History (20 events):
Event: 15708.111 GC heap after
{Heap after GC invocations=194 (full 3):
 PSYoungGen      total 7168K, used 1296K [0x00000000d5580000, 0x00000000d5e00000, 0x0000000100000000)
  eden space 5632K, 0% used [0x00000000d5580000,0x00000000d5580000,0x00000000d5b00000)
  from space 1536K, 84% used [0x00000000d5b00000,0x00000000d5c44010,0x00000000d5c80000)
  to   space 1536K, 0% used [0x00000000d5c80000,0x00000000d5c80000,0x00000000d5e00000)
 ParOldGen       total 89088K, used 88806K [0x0000000080000000, 0x0000000085700000, 0x00000000d5580000)
  object space 89088K, 99% used [0x0000000080000000,0x00000000856b98e8,0x0000000085700000)
 Metaspace       used 50951K, committed 52032K, reserved 1114112K
  class space    used 4658K, committed 5184K, reserved 1048576K
}
Event: 15708.137 GC heap before
{Heap before GC invocations=195 (full 3):
 PSYoungGen      total 7168K, used 6928K [0x00000000d5580000, 0x00000000d5e00000, 0x0000000100000000)
  eden space 5632K, 100% used [0x00000000d5580000,0x00000000d5b00000,0x00000000d5b00000)
  from space 1536K, 84% used [0x00000000d5b00000,0x00000000d5c44010,0x00000000d5c80000)
  to   space 1536K, 0% used [0x00000000d5c80000,0x00000000d5c80000,0x00000000d5e00000)
 ParOldGen       total 89088K, used 88806K [0x0000000080000000, 0x0000000085700000, 0x00000000d5580000)
  object space 89088K, 99% used [0x0000000080000000,0x00000000856b98e8,0x0000000085700000)
 Metaspace       used 50952K, committed 52032K, reserved 1114112K
  class space    used 4658K, committed 5184K, reserved 1048576K
}
Event: 15708.139 GC heap after
{Heap after GC invocations=195 (full 3):
 PSYoungGen      total 6656K, used 832K [0x00000000d5580000, 0x00000000d5d80000, 0x0000000100000000)
  eden space 5632K, 0% used [0x00000000d5580000,0x00000000d5580000,0x00000000d5b00000)
  from space 1024K, 81% used [0x00000000d5c80000,0x00000000d5d50000,0x00000000d5d80000)
  to   space 1024K, 0% used [0x00000000d5b80000,0x00000000d5b80000,0x00000000d5c80000)
 ParOldGen       total 90112K, used 89945K [0x0000000080000000, 0x0000000085800000, 0x00000000d5580000)
  object space 90112K, 99% used [0x0000000080000000,0x00000000857d64f8,0x0000000085800000)
 Metaspace       used 50952K, committed 52032K, reserved 1114112K
  class space    used 4658K, committed 5184K, reserved 1048576K
}
Event: 15709.022 GC heap before
{Heap before GC invocations=196 (full 3):
 PSYoungGen      total 6656K, used 6464K [0x00000000d5580000, 0x00000000d5d80000, 0x0000000100000000)
  eden space 5632K, 100% used [0x00000000d5580000,0x00000000d5b00000,0x00000000d5b00000)
  from space 1024K, 81% used [0x00000000d5c80000,0x00000000d5d50000,0x00000000d5d80000)
  to   space 1024K, 0% used [0x00000000d5b80000,0x00000000d5b80000,0x00000000d5c80000)
 ParOldGen       total 90112K, used 89945K [0x0000000080000000, 0x0000000085800000, 0x00000000d5580000)
  object space 90112K, 99% used [0x0000000080000000,0x00000000857d64f8,0x0000000085800000)
 Metaspace       used 50956K, committed 52032K, reserved 1114112K
  class space    used 4658K, committed 5184K, reserved 1048576K
}
Event: 15709.024 GC heap after
{Heap after GC invocations=196 (full 3):
 PSYoungGen      total 6656K, used 1024K [0x00000000d5580000, 0x00000000d5f00000, 0x0000000100000000)
  eden space 5632K, 0% used [0x00000000d5580000,0x00000000d5580000,0x00000000d5b00000)
  from space 1024K, 100% used [0x00000000d5b80000,0x00000000d5c80000,0x00000000d5c80000)
  to   space 2048K, 0% used [0x00000000d5d00000,0x00000000d5d00000,0x00000000d5f00000)
 ParOldGen       total 91136K, used 90684K [0x0000000080000000, 0x0000000085900000, 0x00000000d5580000)
  object space 91136K, 99% used [0x0000000080000000,0x000000008588f158,0x0000000085900000)
 Metaspace       used 50956K, committed 52032K, reserved 1114112K
  class space    used 4658K, committed 5184K, reserved 1048576K
}
Event: 15709.045 GC heap before
{Heap before GC invocations=197 (full 3):
 PSYoungGen      total 6656K, used 6656K [0x00000000d5580000, 0x00000000d5f00000, 0x0000000100000000)
  eden space 5632K, 100% used [0x00000000d5580000,0x00000000d5b00000,0x00000000d5b00000)
  from space 1024K, 100% used [0x00000000d5b80000,0x00000000d5c80000,0x00000000d5c80000)
  to   space 2048K, 0% used [0x00000000d5d00000,0x00000000d5d00000,0x00000000d5f00000)
 ParOldGen       total 91136K, used 90684K [0x0000000080000000, 0x0000000085900000, 0x00000000d5580000)
  object space 91136K, 99% used [0x0000000080000000,0x000000008588f158,0x0000000085900000)
 Metaspace       used 50968K, committed 52032K, reserved 1114112K
  class space    used 4658K, committed 5184K, reserved 1048576K
}
Event: 15709.048 GC heap after
{Heap after GC invocations=197 (full 3):
 PSYoungGen      total 7168K, used 1184K [0x00000000d5580000, 0x00000000d5e80000, 0x0000000100000000)
  eden space 5632K, 0% used [0x00000000d5580000,0x00000000d5580000,0x00000000d5b00000)
  from space 1536K, 77% used [0x00000000d5d00000,0x00000000d5e28000,0x00000000d5e80000)
  to   space 1536K, 0% used [0x00000000d5b80000,0x00000000d5b80000,0x00000000d5d00000)
 ParOldGen       total 91648K, used 91639K [0x0000000080000000, 0x0000000085980000, 0x00000000d5580000)
  object space 91648K, 99% used [0x0000000080000000,0x000000008597dd88,0x0000000085980000)
 Metaspace       used 50968K, committed 52032K, reserved 1114112K
  class space    used 4658K, committed 5184K, reserved 1048576K
}
Event: 15710.186 GC heap before
{Heap before GC invocations=198 (full 3):
 PSYoungGen      total 7168K, used 6816K [0x00000000d5580000, 0x00000000d5e80000, 0x0000000100000000)
  eden space 5632K, 100% used [0x00000000d5580000,0x00000000d5b00000,0x00000000d5b00000)
  from space 1536K, 77% used [0x00000000d5d00000,0x00000000d5e28000,0x00000000d5e80000)
  to   space 1536K, 0% used [0x00000000d5b80000,0x00000000d5b80000,0x00000000d5d00000)
 ParOldGen       total 91648K, used 91639K [0x0000000080000000, 0x0000000085980000, 0x00000000d5580000)
  object space 91648K, 99% used [0x0000000080000000,0x000000008597dd88,0x0000000085980000)
 Metaspace       used 50982K, committed 52032K, reserved 1114112K
  class space    used 4658K, committed 5184K, reserved 1048576K
}
Event: 15710.188 GC heap after
{Heap after GC invocations=198 (full 3):
 PSYoungGen      total 6656K, used 864K [0x00000000d5580000, 0x00000000d5d80000, 0x0000000100000000)
  eden space 5632K, 0% used [0x00000000d5580000,0x00000000d5580000,0x00000000d5b00000)
  from space 1024K, 84% used [0x00000000d5b80000,0x00000000d5c58000,0x00000000d5c80000)
  to   space 1024K, 0% used [0x00000000d5c80000,0x00000000d5c80000,0x00000000d5d80000)
 ParOldGen       total 92672K, used 92592K [0x0000000080000000, 0x0000000085a80000, 0x00000000d5580000)
  object space 92672K, 99% used [0x0000000080000000,0x0000000085a6c248,0x0000000085a80000)
 Metaspace       used 50982K, committed 52032K, reserved 1114112K
  class space    used 4658K, committed 5184K, reserved 1048576K
}
Event: 15710.257 GC heap before
{Heap before GC invocations=199 (full 3):
 PSYoungGen      total 6656K, used 6496K [0x00000000d5580000, 0x00000000d5d80000, 0x0000000100000000)
  eden space 5632K, 100% used [0x00000000d5580000,0x00000000d5b00000,0x00000000d5b00000)
  from space 1024K, 84% used [0x00000000d5b80000,0x00000000d5c58000,0x00000000d5c80000)
  to   space 1024K, 0% used [0x00000000d5c80000,0x00000000d5c80000,0x00000000d5d80000)
 ParOldGen       total 92672K, used 92592K [0x0000000080000000, 0x0000000085a80000, 0x00000000d5580000)
  object space 92672K, 99% used [0x0000000080000000,0x0000000085a6c248,0x0000000085a80000)
 Metaspace       used 50988K, committed 52032K, reserved 1114112K
  class space    used 4658K, committed 5184K, reserved 1048576K
}
Event: 15710.259 GC heap after
{Heap after GC invocations=199 (full 3):
 PSYoungGen      total 6144K, used 320K [0x00000000d5580000, 0x00000000d5d00000, 0x0000000100000000)
  eden space 5632K, 0% used [0x00000000d5580000,0x00000000d5580000,0x00000000d5b00000)
  from space 512K, 62% used [0x00000000d5c80000,0x00000000d5cd0000,0x00000000d5d00000)
  to   space 1024K, 0% used [0x00000000d5b00000,0x00000000d5b00000,0x00000000d5c00000)
 ParOldGen       total 93696K, used 93304K [0x0000000080000000, 0x0000000085b80000, 0x00000000d5580000)
  object space 93696K, 99% used [0x0000000080000000,0x0000000085b1e268,0x0000000085b80000)
 Metaspace       used 50988K, committed 52032K, reserved 1114112K
  class space    used 4658K, committed 5184K, reserved 1048576K
}
Event: 15712.483 GC heap before
{Heap before GC invocations=200 (full 3):
 PSYoungGen      total 6144K, used 5952K [0x00000000d5580000, 0x00000000d5d00000, 0x0000000100000000)
  eden space 5632K, 100% used [0x00000000d5580000,0x00000000d5b00000,0x00000000d5b00000)
  from space 512K, 62% used [0x00000000d5c80000,0x00000000d5cd0000,0x00000000d5d00000)
  to   space 1024K, 0% used [0x00000000d5b00000,0x00000000d5b00000,0x00000000d5c00000)
 ParOldGen       total 93696K, used 93304K [0x0000000080000000, 0x0000000085b80000, 0x00000000d5580000)
  object space 93696K, 99% used [0x0000000080000000,0x0000000085b1e268,0x0000000085b80000)
 Metaspace       used 51000K, committed 52032K, reserved 1114112K
  class space    used 4658K, committed 5184K, reserved 1048576K
}
Event: 15712.486 GC heap after
{Heap after GC invocations=200 (full 3):
 PSYoungGen      total 6656K, used 976K [0x00000000d5580000, 0x00000000d5e00000, 0x0000000100000000)
  eden space 5632K, 0% used [0x00000000d5580000,0x00000000d5580000,0x00000000d5b00000)
  from space 1024K, 95% used [0x00000000d5b00000,0x00000000d5bf4010,0x00000000d5c00000)
  to   space 1536K, 0% used [0x00000000d5c80000,0x00000000d5c80000,0x00000000d5e00000)
 ParOldGen       total 93696K, used 93408K [0x0000000080000000, 0x0000000085b80000, 0x00000000d5580000)
  object space 93696K, 99% used [0x0000000080000000,0x0000000085b38278,0x0000000085b80000)
 Metaspace       used 51000K, committed 52032K, reserved 1114112K
  class space    used 4658K, committed 5184K, reserved 1048576K
}
Event: 15712.515 GC heap before
{Heap before GC invocations=201 (full 3):
 PSYoungGen      total 6656K, used 6608K [0x00000000d5580000, 0x00000000d5e00000, 0x0000000100000000)
  eden space 5632K, 100% used [0x00000000d5580000,0x00000000d5b00000,0x00000000d5b00000)
  from space 1024K, 95% used [0x00000000d5b00000,0x00000000d5bf4010,0x00000000d5c00000)
  to   space 1536K, 0% used [0x00000000d5c80000,0x00000000d5c80000,0x00000000d5e00000)
 ParOldGen       total 93696K, used 93408K [0x0000000080000000, 0x0000000085b80000, 0x00000000d5580000)
  object space 93696K, 99% used [0x0000000080000000,0x0000000085b38278,0x0000000085b80000)
 Metaspace       used 51001K, committed 52032K, reserved 1114112K
  class space    used 4658K, committed 5184K, reserved 1048576K
}
Event: 15712.516 GC heap after
{Heap after GC invocations=201 (full 3):
 PSYoungGen      total 7168K, used 1024K [0x00000000d5580000, 0x00000000d5e00000, 0x0000000100000000)
  eden space 5632K, 0% used [0x00000000d5580000,0x00000000d5580000,0x00000000d5b00000)
  from space 1536K, 66% used [0x00000000d5c80000,0x00000000d5d80000,0x00000000d5e00000)
  to   space 1536K, 0% used [0x00000000d5b00000,0x00000000d5b00000,0x00000000d5c80000)
 ParOldGen       total 94720K, used 94261K [0x0000000080000000, 0x0000000085c80000, 0x00000000d5580000)
  object space 94720K, 99% used [0x0000000080000000,0x0000000085c0d708,0x0000000085c80000)
 Metaspace       used 51001K, committed 52032K, reserved 1114112K
  class space    used 4658K, committed 5184K, reserved 1048576K
}
Event: 15713.901 GC heap before
{Heap before GC invocations=202 (full 3):
 PSYoungGen      total 7168K, used 6656K [0x00000000d5580000, 0x00000000d5e00000, 0x0000000100000000)
  eden space 5632K, 100% used [0x00000000d5580000,0x00000000d5b00000,0x00000000d5b00000)
  from space 1536K, 66% used [0x00000000d5c80000,0x00000000d5d80000,0x00000000d5e00000)
  to   space 1536K, 0% used [0x00000000d5b00000,0x00000000d5b00000,0x00000000d5c80000)
 ParOldGen       total 94720K, used 94261K [0x0000000080000000, 0x0000000085c80000, 0x00000000d5580000)
  object space 94720K, 99% used [0x0000000080000000,0x0000000085c0d708,0x0000000085c80000)
 Metaspace       used 51008K, committed 52096K, reserved 1114112K
  class space    used 4658K, committed 5184K, reserved 1048576K
}
Event: 15713.903 GC heap after
{Heap after GC invocations=202 (full 3):
 PSYoungGen      total 6656K, used 864K [0x00000000d5580000, 0x00000000d5d00000, 0x0000000100000000)
  eden space 5632K, 0% used [0x00000000d5580000,0x00000000d5580000,0x00000000d5b00000)
  from space 1024K, 84% used [0x00000000d5b00000,0x00000000d5bd8000,0x00000000d5c00000)
  to   space 1024K, 0% used [0x00000000d5c00000,0x00000000d5c00000,0x00000000d5d00000)
 ParOldGen       total 95232K, used 95076K [0x0000000080000000, 0x0000000085d00000, 0x00000000d5580000)
  object space 95232K, 99% used [0x0000000080000000,0x0000000085cd9198,0x0000000085d00000)
 Metaspace       used 51008K, committed 52096K, reserved 1114112K
  class space    used 4658K, committed 5184K, reserved 1048576K
}
Event: 15714.354 GC heap before
{Heap before GC invocations=203 (full 3):
 PSYoungGen      total 6656K, used 6496K [0x00000000d5580000, 0x00000000d5d00000, 0x0000000100000000)
  eden space 5632K, 100% used [0x00000000d5580000,0x00000000d5b00000,0x00000000d5b00000)
  from space 1024K, 84% used [0x00000000d5b00000,0x00000000d5bd8000,0x00000000d5c00000)
  to   space 1024K, 0% used [0x00000000d5c00000,0x00000000d5c00000,0x00000000d5d00000)
 ParOldGen       total 95232K, used 95076K [0x0000000080000000, 0x0000000085d00000, 0x00000000d5580000)
  object space 95232K, 99% used [0x0000000080000000,0x0000000085cd9198,0x0000000085d00000)
 Metaspace       used 51009K, committed 52096K, reserved 1114112K
  class space    used 4658K, committed 5184K, reserved 1048576K
}
Event: 15714.355 GC heap after
{Heap after GC invocations=203 (full 3):
 PSYoungGen      total 6656K, used 688K [0x00000000d5580000, 0x00000000d5d00000, 0x0000000100000000)
  eden space 5632K, 0% used [0x00000000d5580000,0x00000000d5580000,0x00000000d5b00000)
  from space 1024K, 67% used [0x00000000d5c00000,0x00000000d5cac010,0x00000000d5d00000)
  to   space 1024K, 0% used [0x00000000d5b00000,0x00000000d5b00000,0x00000000d5c00000)
 ParOldGen       total 96256K, used 95812K [0x0000000080000000, 0x0000000085e00000, 0x00000000d5580000)
  object space 96256K, 99% used [0x0000000080000000,0x0000000085d911e8,0x0000000085e00000)
 Metaspace       used 51009K, committed 52096K, reserved 1114112K
  class space    used 4658K, committed 5184K, reserved 1048576K
}
Event: 15714.777 GC heap before
{Heap before GC invocations=204 (full 3):
 PSYoungGen      total 6656K, used 6320K [0x00000000d5580000, 0x00000000d5d00000, 0x0000000100000000)
  eden space 5632K, 100% used [0x00000000d5580000,0x00000000d5b00000,0x00000000d5b00000)
  from space 1024K, 67% used [0x00000000d5c00000,0x00000000d5cac010,0x00000000d5d00000)
  to   space 1024K, 0% used [0x00000000d5b00000,0x00000000d5b00000,0x00000000d5c00000)
 ParOldGen       total 96256K, used 95812K [0x0000000080000000, 0x0000000085e00000, 0x00000000d5580000)
  object space 96256K, 99% used [0x0000000080000000,0x0000000085d911e8,0x0000000085e00000)
 Metaspace       used 51013K, committed 52096K, reserved 1114112K
  class space    used 4658K, committed 5184K, reserved 1048576K
}

Dll operation events (10 events):
Event: 0.018 Loaded shared library c:\Users\ramir\.vscode\extensions\redhat.java-1.47.0-win32-x64\jre\21.0.8-win32-x86_64\bin\java.dll
Event: 0.155 Loaded shared library c:\Users\ramir\.vscode\extensions\redhat.java-1.47.0-win32-x64\jre\21.0.8-win32-x86_64\bin\zip.dll
Event: 0.187 Loaded shared library C:\Users\ramir\.vscode\extensions\redhat.java-1.47.0-win32-x64\jre\21.0.8-win32-x86_64\bin\instrument.dll
Event: 0.193 Loaded shared library C:\Users\ramir\.vscode\extensions\redhat.java-1.47.0-win32-x64\jre\21.0.8-win32-x86_64\bin\net.dll
Event: 0.196 Loaded shared library C:\Users\ramir\.vscode\extensions\redhat.java-1.47.0-win32-x64\jre\21.0.8-win32-x86_64\bin\nio.dll
Event: 0.202 Loaded shared library C:\Users\ramir\.vscode\extensions\redhat.java-1.47.0-win32-x64\jre\21.0.8-win32-x86_64\bin\zip.dll
Event: 0.223 Loaded shared library C:\Users\ramir\.vscode\extensions\redhat.java-1.47.0-win32-x64\jre\21.0.8-win32-x86_64\bin\jimage.dll
Event: 0.303 Loaded shared library c:\Users\ramir\.vscode\extensions\redhat.java-1.47.0-win32-x64\jre\21.0.8-win32-x86_64\bin\verify.dll
Event: 1.418 Loaded shared library C:\Users\ramir\AppData\Roaming\Code\User\globalStorage\redhat.java\1.47.0\config_ss_win\org.eclipse.equinox.launcher\org.eclipse.equinox.launcher.win32.win32.x86_64_1.2.1400.v20250801-0854\eclipse_11916.dll
Event: 4.154 Loaded shared library C:\Users\ramir\AppData\Local\Temp\jna-108279239\jna6738949360842551482.dll

Deoptimization events (20 events):
Event: 15707.728 Thread 0x000001a04aad8860 Uncommon trap: trap_request=0xffffffc6 fr.pc=0x000001a075d4da7c relative=0x00000000000005dc
Event: 15707.728 Thread 0x000001a04aad8860 Uncommon trap: reason=bimorphic_or_optimized_type_check action=maybe_recompile pc=0x000001a075d4da7c method=java.util.HashMap.removeNode(ILjava/lang/Object;Ljava/lang/Object;ZZ)Ljava/util/HashMap$Node; @ 143 c2
Event: 15707.728 Thread 0x000001a04aad8860 DEOPT PACKING pc=0x000001a075d4da7c sp=0x00000079be7fe4c0
Event: 15707.729 Thread 0x000001a04aad8860 DEOPT UNPACKING pc=0x000001a074c83aa2 sp=0x00000079be7fe3b8 mode 2
Event: 15709.103 Thread 0x000001a04aadca00 Uncommon trap: trap_request=0xffffff45 fr.pc=0x000001a075dfe2e0 relative=0x00000000000005a0
Event: 15709.103 Thread 0x000001a04aadca00 Uncommon trap: reason=unstable_if action=reinterpret pc=0x000001a075dfe2e0 method=org.eclipse.jdt.internal.compiler.lookup.ReferenceBinding.isCompatibleWith(Lorg/eclipse/jdt/internal/compiler/lookup/TypeBinding;Lorg/eclipse/jdt/internal/compiler/lookup/Sc
Event: 15709.104 Thread 0x000001a04aadca00 DEOPT PACKING pc=0x000001a075dfe2e0 sp=0x00000079be5fe0b0
Event: 15709.104 Thread 0x000001a04aadca00 DEOPT UNPACKING pc=0x000001a074c83aa2 sp=0x00000079be5fe068 mode 2
Event: 15712.178 Thread 0x000001a04aadca00 Uncommon trap: trap_request=0xffffff6e fr.pc=0x000001a075e2bfa0 relative=0x0000000000007960
Event: 15712.178 Thread 0x000001a04aadca00 Uncommon trap: reason=loop_limit_check action=maybe_recompile pc=0x000001a075e2bfa0 method=org.eclipse.jdt.internal.compiler.lookup.AnnotationBinding.setMethodBindings(Lorg/eclipse/jdt/internal/compiler/lookup/ReferenceBinding;[Lorg/eclipse/jdt/internal/c
Event: 15712.178 Thread 0x000001a04aadca00 DEOPT PACKING pc=0x000001a075e2bfa0 sp=0x00000079be5fe860
Event: 15712.178 Thread 0x000001a04aadca00 DEOPT UNPACKING pc=0x000001a074c83aa2 sp=0x00000079be5fe750 mode 2
Event: 15713.814 Thread 0x000001a04aad8860 Uncommon trap: trap_request=0xffffffc6 fr.pc=0x000001a075d4da7c relative=0x00000000000005dc
Event: 15713.814 Thread 0x000001a04aad8860 Uncommon trap: reason=bimorphic_or_optimized_type_check action=maybe_recompile pc=0x000001a075d4da7c method=java.util.HashMap.removeNode(ILjava/lang/Object;Ljava/lang/Object;ZZ)Ljava/util/HashMap$Node; @ 143 c2
Event: 15713.814 Thread 0x000001a04aad8860 DEOPT PACKING pc=0x000001a075d4da7c sp=0x00000079be7fe4c0
Event: 15713.814 Thread 0x000001a04aad8860 DEOPT UNPACKING pc=0x000001a074c83aa2 sp=0x00000079be7fe3b8 mode 2
Event: 15713.912 Thread 0x000001a04aadca00 Uncommon trap: trap_request=0xffffff45 fr.pc=0x000001a075c8e10c relative=0x0000000000002e2c
Event: 15713.912 Thread 0x000001a04aadca00 Uncommon trap: reason=unstable_if action=reinterpret pc=0x000001a075c8e10c method=org.eclipse.jdt.internal.compiler.lookup.ReferenceBinding.computeId()V @ 1272 c2
Event: 15713.912 Thread 0x000001a04aadca00 DEOPT PACKING pc=0x000001a075c8e10c sp=0x00000079be5fe280
Event: 15713.912 Thread 0x000001a04aadca00 DEOPT UNPACKING pc=0x000001a074c83aa2 sp=0x00000079be5fe200 mode 2

Classes loaded (20 events):
Event: 13057.050 Loading class java/lang/StackStreamFactory$WalkerState
Event: 13057.053 Loading class java/lang/StackStreamFactory$WalkerState done
Event: 13057.055 Loading class java/lang/StackStreamFactory$StackFrameTraverser$StackFrameBuffer
Event: 13057.067 Loading class java/lang/StackStreamFactory$FrameBuffer
Event: 13057.076 Loading class java/lang/StackStreamFactory$FrameBuffer done
Event: 13057.077 Loading class java/lang/StackStreamFactory$StackFrameTraverser$StackFrameBuffer done
Event: 13057.147 Loading class java/util/logging/Level$RbAccess
Event: 13057.149 Loading class java/util/logging/Level$RbAccess done
Event: 13057.161 Loading class sun/util/logging/resources/logging
Event: 13057.169 Loading class sun/util/logging/resources/logging done
Event: 13057.173 Loading class sun/util/logging/resources/logging_es
Event: 13057.176 Loading class sun/util/logging/resources/logging_es done
Event: 13057.177 Loading class sun/util/logging/resources/logging_es_ES
Event: 13057.178 Loading class sun/util/logging/resources/logging_es_ES done
Event: 13057.178 Loading class sun/util/logging/resources/logging_es_ES
Event: 13057.178 Loading class sun/util/logging/resources/logging_es_ES done
Event: 13057.190 Loading class java/util/Formatter$DateTime
Event: 13057.195 Loading class java/util/Formatter$DateTime done
Event: 13057.197 Loading class java/time/ZonedDateTime$1
Event: 13057.199 Loading class java/time/ZonedDateTime$1 done

Classes unloaded (20 events):
Event: 13684.589 Thread 0x000001a07cf950c0 Unloading class 0x000001a00500d800 'java/lang/invoke/LambdaForm$MH+0x000001a00500d800'
Event: 13684.589 Thread 0x000001a07cf950c0 Unloading class 0x000001a00500d400 'java/lang/invoke/LambdaForm$MH+0x000001a00500d400'
Event: 13684.589 Thread 0x000001a07cf950c0 Unloading class 0x000001a00500d000 'java/lang/invoke/LambdaForm$MH+0x000001a00500d000'
Event: 13684.590 Thread 0x000001a07cf950c0 Unloading class 0x000001a00500cc00 'java/lang/invoke/LambdaForm$MH+0x000001a00500cc00'
Event: 13684.590 Thread 0x000001a07cf950c0 Unloading class 0x000001a00500c800 'java/lang/invoke/LambdaForm$BMH+0x000001a00500c800'
Event: 13684.590 Thread 0x000001a07cf950c0 Unloading class 0x000001a00500c000 'java/lang/invoke/LambdaForm$DMH+0x000001a00500c000'
Event: 13684.590 Thread 0x000001a07cf950c0 Unloading class 0x000001a005008c00 'java/lang/invoke/LambdaForm$MH+0x000001a005008c00'
Event: 13684.590 Thread 0x000001a07cf950c0 Unloading class 0x000001a005008800 'java/lang/invoke/LambdaForm$MH+0x000001a005008800'
Event: 13684.590 Thread 0x000001a07cf950c0 Unloading class 0x000001a005008400 'java/lang/invoke/LambdaForm$MH+0x000001a005008400'
Event: 13684.590 Thread 0x000001a07cf950c0 Unloading class 0x000001a005007000 'java/lang/invoke/LambdaForm$MH+0x000001a005007000'
Event: 13684.590 Thread 0x000001a07cf950c0 Unloading class 0x000001a005006800 'java/lang/invoke/LambdaForm$MH+0x000001a005006800'
Event: 13684.590 Thread 0x000001a07cf950c0 Unloading class 0x000001a005006400 'java/lang/invoke/LambdaForm$MH+0x000001a005006400'
Event: 13684.590 Thread 0x000001a07cf950c0 Unloading class 0x000001a005006000 'java/lang/invoke/LambdaForm$MH+0x000001a005006000'
Event: 13684.590 Thread 0x000001a07cf950c0 Unloading class 0x000001a005005c00 'java/lang/invoke/LambdaForm$BMH+0x000001a005005c00'
Event: 13684.590 Thread 0x000001a07cf950c0 Unloading class 0x000001a005004800 'java/lang/invoke/LambdaForm$DMH+0x000001a005004800'
Event: 13684.590 Thread 0x000001a07cf950c0 Unloading class 0x000001a005002800 'java/lang/invoke/LambdaForm$MH+0x000001a005002800'
Event: 13684.591 Thread 0x000001a07cf950c0 Unloading class 0x000001a005002400 'java/lang/invoke/LambdaForm$MH+0x000001a005002400'
Event: 13684.591 Thread 0x000001a07cf950c0 Unloading class 0x000001a005002000 'java/lang/invoke/LambdaForm$MH+0x000001a005002000'
Event: 13684.591 Thread 0x000001a07cf950c0 Unloading class 0x000001a005001800 'java/lang/invoke/LambdaForm$MH+0x000001a005001800'
Event: 13684.591 Thread 0x000001a07cf950c0 Unloading class 0x000001a005000400 'java/lang/invoke/LambdaForm$MH+0x000001a005000400'

Classes redefined (0 events):
No events

Internal exceptions (20 events):
Event: 14477.978 Thread 0x000001a04aadbce0 Exception <a 'java/lang/NullPointerException'{0x00000000d5a08c90}> (0x00000000d5a08c90) 
thrown [s\src\hotspot\share\runtime\sharedRuntime.cpp, line 625]
Event: 14478.031 Thread 0x000001a04aadbce0 Implicit null exception at 0x000001a06f5d21c0 to 0x000001a06f5d3d93
Event: 14478.031 Thread 0x000001a04aadbce0 Exception <a 'java/lang/NullPointerException'{0x00000000d5b6fd78}> (0x00000000d5b6fd78) 
thrown [s\src\hotspot\share\runtime\sharedRuntime.cpp, line 625]
Event: 14478.040 Thread 0x000001a04aadbce0 Implicit null exception at 0x000001a06f5d21c0 to 0x000001a06f5d3d93
Event: 14478.041 Thread 0x000001a04aadbce0 Exception <a 'java/lang/NullPointerException'{0x00000000d55bf8b8}> (0x00000000d55bf8b8) 
thrown [s\src\hotspot\share\runtime\sharedRuntime.cpp, line 625]
Event: 14478.078 Thread 0x000001a04aade440 Implicit null exception at 0x000001a06f5d21c0 to 0x000001a06f5d3d93
Event: 14478.078 Thread 0x000001a04aade440 Exception <a 'java/lang/NullPointerException'{0x00000000d57a25e0}> (0x00000000d57a25e0) 
thrown [s\src\hotspot\share\runtime\sharedRuntime.cpp, line 625]
Event: 14478.082 Thread 0x000001a04aade440 Implicit null exception at 0x000001a06f5d21c0 to 0x000001a06f5d3d93
Event: 14478.082 Thread 0x000001a04aade440 Exception <a 'java/lang/NullPointerException'{0x00000000d57edee0}> (0x00000000d57edee0) 
thrown [s\src\hotspot\share\runtime\sharedRuntime.cpp, line 625]
Event: 14480.213 Thread 0x000001a04aadd090 Implicit null exception at 0x000001a0758d1e18 to 0x000001a0758d3290
Event: 14480.214 Thread 0x000001a04aadd090 Implicit null exception at 0x000001a0756ecf8e to 0x000001a0756ed02c
Event: 15668.104 Thread 0x000001a04aada2a0 Exception <a 'java/lang/NoSuchMethodError'{0x00000000d58687e8}: 'java.lang.Object java.lang.invoke.DirectMethodHandle$Holder.invokeStatic(java.lang.Object, java.lang.Object, int, java.lang.Object)'> (0x00000000d58687e8) 
thrown [s\src\hotspot\share\interpreter\linkResolver.cpp, line 773]
Event: 15668.135 Thread 0x000001a04aada2a0 Exception <a 'java/lang/NoSuchMethodError'{0x00000000d586f680}: 'java.lang.Object java.lang.invoke.DirectMethodHandle$Holder.newInvokeSpecial(java.lang.Object, java.lang.Object, int)'> (0x00000000d586f680) 
thrown [s\src\hotspot\share\interpreter\linkResolver.cpp, line 773]
Event: 15672.744 Thread 0x000001a07f437c90 Exception <a 'java/lang/ArrayIndexOutOfBoundsException'{0x00000000d586b600}: Index 268 out of bounds for length 267> (0x00000000d586b600) 
thrown [s\src\hotspot\share\interpreter\interpreterRuntime.cpp, line 439]
Event: 15712.196 Thread 0x000001a04aadca00 Implicit null exception at 0x000001a06f5d21c0 to 0x000001a06f5d3d93
Event: 15712.198 Thread 0x000001a04aadca00 Exception <a 'java/lang/NullPointerException'{0x00000000d59ea370}> (0x00000000d59ea370) 
thrown [s\src\hotspot\share\runtime\sharedRuntime.cpp, line 625]
Event: 15712.510 Thread 0x000001a04aadf160 Implicit null exception at 0x000001a06f5d21c0 to 0x000001a06f5d3d93
Event: 15712.510 Thread 0x000001a04aadf160 Exception <a 'java/lang/NullPointerException'{0x00000000d5981ce8}> (0x00000000d5981ce8) 
thrown [s\src\hotspot\share\runtime\sharedRuntime.cpp, line 625]
Event: 15712.528 Thread 0x000001a04aadf160 Implicit null exception at 0x000001a06f5d21c0 to 0x000001a06f5d3d93
Event: 15712.528 Thread 0x000001a04aadf160 Exception <a 'java/lang/NullPointerException'{0x00000000d58dfa60}> (0x00000000d58dfa60) 
thrown [s\src\hotspot\share\runtime\sharedRuntime.cpp, line 625]

ZGC Phase Switch (0 events):
No events

VM Operations (20 events):
Event: 15709.048 Executing VM operation: ParallelGCFailedAllocation (Allocation Failure) done
Event: 15710.062 Executing VM operation: Cleanup
Event: 15710.062 Executing VM operation: Cleanup done
Event: 15710.186 Executing VM operation: ParallelGCFailedAllocation (Allocation Failure)
Event: 15710.188 Executing VM operation: ParallelGCFailedAllocation (Allocation Failure) done
Event: 15710.257 Executing VM operation: ParallelGCFailedAllocation (Allocation Failure)
Event: 15710.259 Executing VM operation: ParallelGCFailedAllocation (Allocation Failure) done
Event: 15711.259 Executing VM operation: Cleanup
Event: 15711.260 Executing VM operation: Cleanup done
Event: 15712.260 Executing VM operation: Cleanup
Event: 15712.260 Executing VM operation: Cleanup done
Event: 15712.483 Executing VM operation: ParallelGCFailedAllocation (Allocation Failure)
Event: 15712.486 Executing VM operation: ParallelGCFailedAllocation (Allocation Failure) done
Event: 15712.515 Executing VM operation: ParallelGCFailedAllocation (Allocation Failure)
Event: 15712.516 Executing VM operation: ParallelGCFailedAllocation (Allocation Failure) done
Event: 15713.901 Executing VM operation: ParallelGCFailedAllocation (Allocation Failure)
Event: 15713.903 Executing VM operation: ParallelGCFailedAllocation (Allocation Failure) done
Event: 15714.354 Executing VM operation: ParallelGCFailedAllocation (Allocation Failure)
Event: 15714.355 Executing VM operation: ParallelGCFailedAllocation (Allocation Failure) done
Event: 15714.777 Executing VM operation: ParallelGCFailedAllocation (Allocation Failure)

Memory protections (0 events):
No events

Nmethod flushes (20 events):
Event: 13685.260 Thread 0x000001a07cf950c0 flushing  nmethod 0x000001a06decc310
Event: 13685.261 Thread 0x000001a07cf950c0 flushing  nmethod 0x000001a06decf910
Event: 13685.261 Thread 0x000001a07cf950c0 flushing  nmethod 0x000001a06ded0710
Event: 13685.261 Thread 0x000001a07cf950c0 flushing  nmethod 0x000001a06ded1790
Event: 13685.261 Thread 0x000001a07cf950c0 flushing  nmethod 0x000001a06dedd910
Event: 13685.261 Thread 0x000001a07cf950c0 flushing  nmethod 0x000001a06deddd10
Event: 13685.261 Thread 0x000001a07cf950c0 flushing  nmethod 0x000001a06dedef90
Event: 13685.261 Thread 0x000001a07cf950c0 flushing  nmethod 0x000001a06dee3390
Event: 13685.261 Thread 0x000001a07cf950c0 flushing  nmethod 0x000001a06dee5d90
Event: 13685.261 Thread 0x000001a07cf950c0 flushing  nmethod 0x000001a06def1190
Event: 13685.261 Thread 0x000001a07cf950c0 flushing  nmethod 0x000001a06def3b10
Event: 13685.261 Thread 0x000001a07cf950c0 flushing  nmethod 0x000001a06def5f10
Event: 13685.261 Thread 0x000001a07cf950c0 flushing  nmethod 0x000001a06def6610
Event: 13685.261 Thread 0x000001a07cf950c0 flushing  nmethod 0x000001a06def8590
Event: 13685.261 Thread 0x000001a07cf950c0 flushing  nmethod 0x000001a06def9710
Event: 13685.261 Thread 0x000001a07cf950c0 flushing osr nmethod 0x000001a06df29090
Event: 13685.261 Thread 0x000001a07cf950c0 flushing  nmethod 0x000001a06df34210
Event: 13685.261 Thread 0x000001a07cf950c0 flushing  nmethod 0x000001a06df3bd10
Event: 13685.261 Thread 0x000001a07cf950c0 flushing  nmethod 0x000001a06df3c690
Event: 13685.261 Thread 0x000001a07cf950c0 flushing  nmethod 0x000001a06df3ce90

Events (20 events):
Event: 15250.685 Thread 0x000001a07f436f70 Thread exited: 0x000001a07f436f70
Event: 15250.782 Thread 0x000001a04aad8860 Thread added: 0x000001a07f437c90
Event: 15329.003 Thread 0x000001a07f437c90 Thread exited: 0x000001a07f437c90
Event: 15671.229 Thread 0x000001a04aad8860 Thread added: 0x000001a07f437c90
Event: 15671.290 Thread 0x000001a04aad8860 Thread added: 0x000001a07f4389b0
Event: 15671.365 Thread 0x000001a04aad8860 Thread added: 0x000001a07f436f70
Event: 15671.947 Thread 0x000001a04aad8860 Thread added: 0x000001a07f436250
Event: 15671.950 Thread 0x000001a04aad8860 Thread added: 0x000001a07f4368e0
Event: 15672.217 Thread 0x000001a04aada2a0 Thread added: 0x000001a04aad81d0
Event: 15672.235 Thread 0x000001a04aada2a0 Thread added: 0x000001a04aadca00
Event: 15673.312 Thread 0x000001a04aadbce0 Thread added: 0x000001a04aadd090
Event: 15707.646 Thread 0x000001a04aada2a0 Thread added: 0x000001a04aadf160
Event: 15707.726 Thread 0x000001a04aadf160 Thread added: 0x000001a04aadf7f0
Event: 15707.843 Thread 0x000001a04aadf160 Thread added: 0x000001a07f886a80
Event: 15707.844 Thread 0x000001a04aadf160 Thread added: 0x000001a0496f39e0
Event: 15707.844 Thread 0x000001a04aadf160 Thread added: 0x000001a0496f2cc0
Event: 15707.845 Thread 0x000001a04aadf160 Thread added: 0x000001a0496f5420
Event: 15709.020 Thread 0x000001a04aada2a0 Thread added: 0x000001a0496f3350
Event: 15709.052 Thread 0x000001a04aada2a0 Thread added: 0x000001a0496f4700
Event: 15710.239 Thread 0x000001a04aadf160 Thread added: 0x000001a0496f4d90


Dynamic libraries:
0x00007ff7b76a0000 - 0x00007ff7b76ae000 	c:\Users\ramir\.vscode\extensions\redhat.java-1.47.0-win32-x64\jre\21.0.8-win32-x86_64\bin\java.exe
0x00007ffd69000000 - 0x00007ffd69268000 	C:\WINDOWS\SYSTEM32\ntdll.dll
0x00007ffd68510000 - 0x00007ffd685d9000 	C:\WINDOWS\System32\KERNEL32.DLL
0x00007ffd669a0000 - 0x00007ffd66d98000 	C:\WINDOWS\System32\KERNELBASE.dll
0x00007ffd66150000 - 0x00007ffd6629b000 	C:\WINDOWS\System32\ucrtbase.dll
0x00007ffd5bc70000 - 0x00007ffd5bc8e000 	c:\Users\ramir\.vscode\extensions\redhat.java-1.47.0-win32-x64\jre\21.0.8-win32-x86_64\bin\VCRUNTIME140.dll
0x00007ffd4fb30000 - 0x00007ffd4fb48000 	c:\Users\ramir\.vscode\extensions\redhat.java-1.47.0-win32-x64\jre\21.0.8-win32-x86_64\bin\jli.dll
0x00007ffd67350000 - 0x00007ffd67517000 	C:\WINDOWS\System32\USER32.dll
0x00007ffd664c0000 - 0x00007ffd664e7000 	C:\WINDOWS\System32\win32u.dll
0x00007ffd4ba20000 - 0x00007ffd4bcb4000 	C:\WINDOWS\WinSxS\amd64_microsoft.windows.common-controls_6595b64144ccf1df_6.0.26100.7019_none_3e06ffa0e335b8a8\COMCTL32.dll
0x00007ffd68420000 - 0x00007ffd6844b000 	C:\WINDOWS\System32\GDI32.dll
0x00007ffd68890000 - 0x00007ffd68939000 	C:\WINDOWS\System32\msvcrt.dll
0x00007ffd665a0000 - 0x00007ffd666cc000 	C:\WINDOWS\System32\gdi32full.dll
0x00007ffd662a0000 - 0x00007ffd66343000 	C:\WINDOWS\System32\msvcp_win.dll
0x00007ffd67c90000 - 0x00007ffd67cc1000 	C:\WINDOWS\System32\IMM32.DLL
0x00007ffd5f080000 - 0x00007ffd5f08c000 	c:\Users\ramir\.vscode\extensions\redhat.java-1.47.0-win32-x64\jre\21.0.8-win32-x86_64\bin\vcruntime140_1.dll
0x00007ffd25190000 - 0x00007ffd2521d000 	c:\Users\ramir\.vscode\extensions\redhat.java-1.47.0-win32-x64\jre\21.0.8-win32-x86_64\bin\msvcp140.dll
0x00007ffcd2750000 - 0x00007ffcd34e7000 	c:\Users\ramir\.vscode\extensions\redhat.java-1.47.0-win32-x64\jre\21.0.8-win32-x86_64\bin\server\jvm.dll
0x00007ffd68610000 - 0x00007ffd686c4000 	C:\WINDOWS\System32\ADVAPI32.dll
0x00007ffd66da0000 - 0x00007ffd66e46000 	C:\WINDOWS\System32\sechost.dll
0x00007ffd68770000 - 0x00007ffd68888000 	C:\WINDOWS\System32\RPCRT4.dll
0x00007ffd682c0000 - 0x00007ffd68334000 	C:\WINDOWS\System32\WS2_32.dll
0x00007ffd65b90000 - 0x00007ffd65bee000 	C:\WINDOWS\SYSTEM32\POWRPROF.dll
0x00007ffd59f40000 - 0x00007ffd59f4b000 	C:\WINDOWS\SYSTEM32\VERSION.dll
0x00007ffd58200000 - 0x00007ffd58235000 	C:\WINDOWS\SYSTEM32\WINMM.dll
0x00007ffd65b30000 - 0x00007ffd65b44000 	C:\WINDOWS\SYSTEM32\UMPDC.dll
0x00007ffd64f10000 - 0x00007ffd64f2b000 	C:\WINDOWS\SYSTEM32\kernel.appcore.dll
0x00007ffd5e050000 - 0x00007ffd5e05a000 	c:\Users\ramir\.vscode\extensions\redhat.java-1.47.0-win32-x64\jre\21.0.8-win32-x86_64\bin\jimage.dll
0x00007ffd63870000 - 0x00007ffd63ab2000 	C:\WINDOWS\SYSTEM32\DBGHELP.DLL
0x00007ffd68940000 - 0x00007ffd68ccb000 	C:\WINDOWS\System32\combase.dll
0x00007ffd68340000 - 0x00007ffd68417000 	C:\WINDOWS\System32\OLEAUT32.dll
0x00007ffd48980000 - 0x00007ffd489bc000 	C:\WINDOWS\SYSTEM32\dbgcore.DLL
0x00007ffd664f0000 - 0x00007ffd66595000 	C:\WINDOWS\System32\bcryptPrimitives.dll
0x00007ffd4c7a0000 - 0x00007ffd4c7af000 	c:\Users\ramir\.vscode\extensions\redhat.java-1.47.0-win32-x64\jre\21.0.8-win32-x86_64\bin\instrument.dll
0x00007ffd2b310000 - 0x00007ffd2b32f000 	c:\Users\ramir\.vscode\extensions\redhat.java-1.47.0-win32-x64\jre\21.0.8-win32-x86_64\bin\java.dll
0x00007ffd67520000 - 0x00007ffd67c71000 	C:\WINDOWS\System32\SHELL32.dll
0x00007ffd66350000 - 0x00007ffd664bb000 	C:\WINDOWS\System32\wintypes.dll
0x00007ffd63d60000 - 0x00007ffd645bd000 	C:\WINDOWS\SYSTEM32\windows.storage.dll
0x00007ffd68160000 - 0x00007ffd68252000 	C:\WINDOWS\System32\SHCORE.dll
0x00007ffd67160000 - 0x00007ffd671c7000 	C:\WINDOWS\System32\shlwapi.dll
0x00007ffd66070000 - 0x00007ffd66099000 	C:\WINDOWS\SYSTEM32\profapi.dll
0x00007ffd2b2f0000 - 0x00007ffd2b308000 	c:\Users\ramir\.vscode\extensions\redhat.java-1.47.0-win32-x64\jre\21.0.8-win32-x86_64\bin\zip.dll
0x00007ffd4aae0000 - 0x00007ffd4aaf0000 	C:\Users\ramir\.vscode\extensions\redhat.java-1.47.0-win32-x64\jre\21.0.8-win32-x86_64\bin\net.dll
0x00007ffd5b8b0000 - 0x00007ffd5b9d8000 	C:\WINDOWS\SYSTEM32\WINHTTP.dll
0x00007ffd65480000 - 0x00007ffd654eb000 	C:\WINDOWS\system32\mswsock.dll
0x00007ffd2b2d0000 - 0x00007ffd2b2e6000 	C:\Users\ramir\.vscode\extensions\redhat.java-1.47.0-win32-x64\jre\21.0.8-win32-x86_64\bin\nio.dll
0x00007ffd4a780000 - 0x00007ffd4a790000 	c:\Users\ramir\.vscode\extensions\redhat.java-1.47.0-win32-x64\jre\21.0.8-win32-x86_64\bin\verify.dll
0x00007ffd3c6c0000 - 0x00007ffd3c704000 	C:\Users\ramir\AppData\Roaming\Code\User\globalStorage\redhat.java\1.47.0\config_ss_win\org.eclipse.equinox.launcher\org.eclipse.equinox.launcher.win32.win32.x86_64_1.2.1400.v20250801-0854\eclipse_11916.dll
0x00007ffd66e50000 - 0x00007ffd66fe7000 	C:\WINDOWS\System32\ole32.dll
0x00007ffd65740000 - 0x00007ffd6575b000 	C:\WINDOWS\SYSTEM32\CRYPTSP.dll
0x00007ffd64e70000 - 0x00007ffd64eaa000 	C:\WINDOWS\system32\rsaenh.dll
0x00007ffd65530000 - 0x00007ffd6555b000 	C:\WINDOWS\SYSTEM32\USERENV.dll
0x00007ffd66040000 - 0x00007ffd6606a000 	C:\WINDOWS\SYSTEM32\bcrypt.dll
0x00007ffd65760000 - 0x00007ffd6576c000 	C:\WINDOWS\SYSTEM32\CRYPTBASE.dll
0x00007ffd64990000 - 0x00007ffd649c4000 	C:\WINDOWS\SYSTEM32\IPHLPAPI.DLL
0x00007ffd671d0000 - 0x00007ffd671da000 	C:\WINDOWS\System32\NSI.dll
0x00007ffd3c310000 - 0x00007ffd3c359000 	C:\Users\ramir\AppData\Local\Temp\jna-108279239\jna6738949360842551482.dll
0x00007ffd686e0000 - 0x00007ffd686e8000 	C:\WINDOWS\System32\PSAPI.DLL
0x00007ffd5b640000 - 0x00007ffd5b65e000 	C:\WINDOWS\SYSTEM32\dhcpcsvc6.DLL
0x00007ffd5b610000 - 0x00007ffd5b633000 	C:\WINDOWS\SYSTEM32\dhcpcsvc.DLL

JVMTI agents:
c:\Users\ramir\.vscode\extensions\redhat.java-1.47.0-win32-x64\lombok\lombok-1.18.39-4050.jar path:c:\Users\ramir\.vscode\extensions\redhat.java-1.47.0-win32-x64\jre\21.0.8-win32-x86_64\bin\instrument.dll, loaded, initialized, instrumentlib options:none

dbghelp: loaded successfully - version: 4.0.5 - missing functions: none
symbol engine: initialized successfully - sym options: 0x614 - pdb path: .;c:\Users\ramir\.vscode\extensions\redhat.java-1.47.0-win32-x64\jre\21.0.8-win32-x86_64\bin;C:\WINDOWS\SYSTEM32;C:\WINDOWS\WinSxS\amd64_microsoft.windows.common-controls_6595b64144ccf1df_6.0.26100.7019_none_3e06ffa0e335b8a8;c:\Users\ramir\.vscode\extensions\redhat.java-1.47.0-win32-x64\jre\21.0.8-win32-x86_64\bin\server;C:\Users\ramir\AppData\Roaming\Code\User\globalStorage\redhat.java\1.47.0\config_ss_win\org.eclipse.equinox.launcher\org.eclipse.equinox.launcher.win32.win32.x86_64_1.2.1400.v20250801-0854;C:\Users\ramir\AppData\Local\Temp\jna-108279239

VM Arguments:
jvm_args: --add-modules=ALL-SYSTEM --add-opens=java.base/java.util=ALL-UNNAMED --add-opens=java.base/java.lang=ALL-UNNAMED --add-opens=java.base/sun.nio.fs=ALL-UNNAMED -Declipse.application=org.eclipse.jdt.ls.core.id1 -Dosgi.bundles.defaultStartLevel=4 -Declipse.product=org.eclipse.jdt.ls.core.product -Djava.import.generatesMetadataFilesAtProjectRoot=false -DDetectVMInstallationsJob.disabled=true -Dfile.encoding=utf8 -XX:+UseParallelGC -XX:GCTimeRatio=4 -XX:AdaptiveSizePolicyWeight=90 -Dsun.zip.disableMemoryMapping=true -Xmx2G -Xms100m -Xlog:disable -javaagent:c:\Users\ramir\.vscode\extensions\redhat.java-1.47.0-win32-x64\lombok\lombok-1.18.39-4050.jar 
java_command: c:\Users\ramir\.vscode\extensions\redhat.java-1.47.0-win32-x64\server\plugins\org.eclipse.equinox.launcher_1.7.100.v20251014-1222.jar -configuration c:\Users\ramir\AppData\Roaming\Code\User\globalStorage\redhat.java\1.47.0\config_ss_win -data c:\Users\ramir\AppData\Roaming\Code\User\workspaceStorage\46d5d728171aacb383eedf91ecaba8d8\redhat.java\ss_ws --pipe=\\.\pipe\lsp-9c89c2d04631503d8ca012c842739e15-sock
java_class_path (initial): c:\Users\ramir\.vscode\extensions\redhat.java-1.47.0-win32-x64\server\plugins\org.eclipse.equinox.launcher_1.7.100.v20251014-1222.jar
Launcher Type: SUN_STANDARD

[Global flags]
    uintx AdaptiveSizePolicyWeight                 = 90                                        {product} {command line}
     intx CICompilerCount                          = 4                                         {product} {ergonomic}
    uintx GCTimeRatio                              = 4                                         {product} {command line}
   size_t InitialHeapSize                          = 104857600                                 {product} {command line}
   size_t MaxHeapSize                              = 2147483648                                {product} {command line}
   size_t MaxNewSize                               = 715653120                                 {product} {ergonomic}
   size_t MinHeapDeltaBytes                        = 524288                                    {product} {ergonomic}
   size_t MinHeapSize                              = 104857600                                 {product} {command line}
   size_t NewSize                                  = 34603008                                  {product} {ergonomic}
    uintx NonNMethodCodeHeapSize                   = 5839372                                {pd product} {ergonomic}
    uintx NonProfiledCodeHeapSize                  = 122909434                              {pd product} {ergonomic}
   size_t OldSize                                  = 70254592                                  {product} {ergonomic}
    uintx ProfiledCodeHeapSize                     = 122909434                              {pd product} {ergonomic}
    uintx ReservedCodeCacheSize                    = 251658240                              {pd product} {ergonomic}
     bool SegmentedCodeCache                       = true                                      {product} {ergonomic}
   size_t SoftMaxHeapSize                          = 2147483648                             {manageable} {ergonomic}
     bool UseCompressedOops                        = true                           {product lp64_product} {ergonomic}
     bool UseLargePagesIndividualAllocation        = false                                  {pd product} {ergonomic}
     bool UseParallelGC                            = true                                      {product} {command line}

Logging:
Log output configuration:
 #0: stdout all=off uptime,level,tags foldmultilines=false
 #1: stderr all=off uptime,level,tags foldmultilines=false

Environment Variables:
PATH=C:\app\ramir\product\21c\dbhomeXE\bin;C:\Program Files\Common Files\Oracle\Java\javapath;C:\Program Files (x86)\Common Files\Oracle\Java\javapath;C:\Windows\system32;C:\Windows;C:\Windows\System32\Wbem;C:\Windows\System32\WindowsPowerShell\v1.0\;C:\Windows\System32\OpenSSH\;C:\Program Files (x86)\NVIDIA Corporation\PhysX\Common;C:\Program Files\NVIDIA Corporation\NVIDIA app\NvDLISR;C:\Program Files\Git\cmd;C:\Program Files\Microsoft SQL Server\Client SDK\ODBC\170\Tools\Binn\;C:\Program Files (x86)\Microsoft SQL Server\150\Tools\Binn\;C:\Program Files\Microsoft SQL Server\150\Tools\Binn\;C:\Program Files\Microsoft SQL Server\150\DTS\Binn\;C:\Program Files (x86)\Microsoft SQL Server\150\DTS\Binn\;C:\Program Files\Azure Data Studio\bin;C:\Program Files\MySQL\MySQL Server 9.2\bin;;C:\WINDOWS\system32;C:\WINDOWS;C:\WINDOWS\System32\Wbem;C:\WINDOWS\System32\WindowsPowerShell\v1.0\;C:\WINDOWS\System32\OpenSSH\;C:\Program Files\nodejs\;C:\Users\ramir\AppData\Local\Programs\Python\Launcher\;C:\Users\ramir\AppData\Local\Microsoft\WindowsApps;C:\Users\ramir\AppData\Local\Programs\Microsoft VS Code\bin;C:\Program Files\Azure Data Studio\bin;C:\Users\ramir\OneDrive\Desktop\apache-maven-3.9.9-bin\apache-maven-3.9.9\bin;C:\Users\ramir\AppData\Roaming\npm
USERNAME=ramir
OS=Windows_NT
PROCESSOR_IDENTIFIER=Intel64 Family 6 Model 154 Stepping 3, GenuineIntel
TMP=C:\Users\ramir\AppData\Local\Temp
TEMP=C:\Users\ramir\AppData\Local\Temp




Periodic native trim disabled

---------------  S Y S T E M  ---------------

OS:
 Windows 11 , 64 bit Build 26100 (10.0.26100.7019)
OS uptime: 4 days 12:39 hours
Hyper-V role detected

CPU: total 12 (initial active 12) (6 cores per cpu, 2 threads per core) family 6 model 154 stepping 3 microcode 0x423, cx8, cmov, fxsr, ht, mmx, 3dnowpref, sse, sse2, sse3, ssse3, sse4.1, sse4.2, popcnt, lzcnt, tsc, tscinvbit, avx, avx2, aes, erms, clmul, bmi1, bmi2, adx, sha, fma, vzeroupper, clflush, clflushopt, clwb, hv, serialize, rdtscp, rdpid, fsrm, f16c, cet_ibt, cet_ss
Processor Information for processor 0
  Max Mhz: 2500, Current Mhz: 2500, Mhz Limit: 2500
Processor Information for processor 1
  Max Mhz: 2500, Current Mhz: 2500, Mhz Limit: 2500
Processor Information for processor 2
  Max Mhz: 2500, Current Mhz: 2500, Mhz Limit: 2500
Processor Information for processor 3
  Max Mhz: 2500, Current Mhz: 2500, Mhz Limit: 2500
Processor Information for processor 4
  Max Mhz: 2500, Current Mhz: 2500, Mhz Limit: 2500
Processor Information for processor 5
  Max Mhz: 2500, Current Mhz: 2500, Mhz Limit: 2500
Processor Information for processor 6
  Max Mhz: 2500, Current Mhz: 2500, Mhz Limit: 2500
Processor Information for processor 7
  Max Mhz: 2500, Current Mhz: 2500, Mhz Limit: 2500
Processor Information for processor 8
  Max Mhz: 2500, Current Mhz: 1875, Mhz Limit: 1875
Processor Information for processor 9
  Max Mhz: 2500, Current Mhz: 1875, Mhz Limit: 1875
Processor Information for processor 10
  Max Mhz: 2500, Current Mhz: 1875, Mhz Limit: 1875
Processor Information for processor 11
  Max Mhz: 2500, Current Mhz: 1875, Mhz Limit: 1875

Memory: 4k page, system-wide physical 7896M (280M free)
TotalPageFile size 32472M (AvailPageFile size 106M)
current process WorkingSet (physical memory assigned to process): 160M, peak: 297M
current process commit charge ("private bytes"): 410M, peak: 459M

vm_info: OpenJDK 64-Bit Server VM (21.0.8+9-LTS) for windows-amd64 JRE (21.0.8+9-LTS), built on 2025-07-15T00:00:00Z by "admin" with MS VC++ 17.7 (VS2022)

END.
