#
# There is insufficient memory for the Java Runtime Environment to continue.
# Native memory allocation (malloc) failed to allocate 1048576 bytes. Error detail: AllocateHeap
# Possible reasons:
#   The system is out of physical RAM or swap space
#   This process is running with CompressedOops enabled, and the Java Heap may be blocking the growth of the native heap
# Possible solutions:
#   Reduce memory load on the system
#   Increase physical memory or swap space
#   Check if swap backing store is full
#   Decrease Java heap size (-Xmx/-Xms)
#   Decrease number of Java threads
#   Decrease Java thread stack sizes (-Xss)
#   Set larger code cache with -XX:ReservedCodeCacheSize=
#   JVM is running with Unscaled Compressed Oops mode in which the Java heap is
#     placed in the first 4GB address space. The Java Heap base address is the
#     maximum limit for the native heap growth. Please use -XX:HeapBaseMinAddress
#     to set the Java Heap base and to place the Java Heap above 4GB virtual address.
# This output file may be truncated or incomplete.
#
#  Out of Memory Error (allocation.cpp:44), pid=24672, tid=24948
#
# JRE version: OpenJDK Runtime Environment Temurin-21.0.8+9 (21.0.8+9) (build 21.0.8+9-LTS)
# Java VM: OpenJDK 64-Bit Server VM Temurin-21.0.8+9 (21.0.8+9-LTS, mixed mode, sharing, tiered, compressed oops, compressed class ptrs, parallel gc, windows-amd64)
# No core dump will be written. Minidumps are not enabled by default on client versions of Windows
#

---------------  S U M M A R Y ------------

Command Line: --add-modules=ALL-SYSTEM --add-opens=java.base/java.util=ALL-UNNAMED --add-opens=java.base/java.lang=ALL-UNNAMED --add-opens=java.base/sun.nio.fs=ALL-UNNAMED -Declipse.application=org.eclipse.jdt.ls.core.id1 -Dosgi.bundles.defaultStartLevel=4 -Declipse.product=org.eclipse.jdt.ls.core.product -Djava.import.generatesMetadataFilesAtProjectRoot=false -DDetectVMInstallationsJob.disabled=true -Dfile.encoding=utf8 -XX:+UseParallelGC -XX:GCTimeRatio=4 -XX:AdaptiveSizePolicyWeight=90 -Dsun.zip.disableMemoryMapping=true -Xmx2G -Xms100m -Xlog:disable -javaagent:c:\Users\ramir\.vscode\extensions\redhat.java-1.47.0-win32-x64\lombok\lombok-1.18.39-4050.jar -XX:+HeapDumpOnOutOfMemoryError -XX:HeapDumpPath=c:\Users\ramir\AppData\Roaming\Code\User\workspaceStorage\46d5d728171aacb383eedf91ecaba8d8\redhat.java -Daether.dependencyCollector.impl=bf c:\Users\ramir\.vscode\extensions\redhat.java-1.47.0-win32-x64\server\plugins\org.eclipse.equinox.launcher_1.7.100.v20251014-1222.jar -configuration c:\Users\ramir\AppData\Roaming\Code\User\globalStorage\redhat.java\1.47.0\config_win -data c:\Users\ramir\AppData\Roaming\Code\User\workspaceStorage\46d5d728171aacb383eedf91ecaba8d8\redhat.java\jdt_ws --pipe=\\.\pipe\lsp-90a6732b6047cba770d96855c3abe99d-sock

Host: 12th Gen Intel(R) Core(TM) i5-12450H, 12 cores, 7G,  Windows 11 , 64 bit Build 26100 (10.0.26100.7019)
Time: Tue Nov 18 00:00:08 2025 Hora est. Pacífico, Sudamérica elapsed time: 48748.203525 seconds (0d 13h 32m 28s)

---------------  T H R E A D  ---------------

Current thread (0x000001a288a54ac0):  JavaThread "Attach Listener" daemon [_thread_in_vm, id=24948, stack(0x0000005688500000,0x0000005688600000) (1024K)]

Stack: [0x0000005688500000,0x0000005688600000]
Native frames: (J=compiled Java code, j=interpreted, Vv=VM code, C=native code)
V  [jvm.dll+0x6d2449]
V  [jvm.dll+0x8ae341]
V  [jvm.dll+0x8b08be]
V  [jvm.dll+0x8b0fa3]
V  [jvm.dll+0x280c96]
V  [jvm.dll+0xc0347]
V  [jvm.dll+0x6d2cf9]
V  [jvm.dll+0x131116]
V  [jvm.dll+0x3f2d16]
V  [jvm.dll+0x857e6b]
V  [jvm.dll+0x6d0b0d]
C  [ucrtbase.dll+0x37b0]
C  [KERNEL32.DLL+0x2e8d7]
C  [ntdll.dll+0x8c53c]


---------------  P R O C E S S  ---------------

Threads class SMR info:
_java_thread_list=0x000001a2e9776ef0, length=39, elements={
0x000001a2889b0c30, 0x000001a28895cdb0, 0x000001a288a50410, 0x000001a288a53e70,
0x000001a288a54ac0, 0x000001a288a57620, 0x000001a288a58070, 0x000001a288a58ea0,
0x000001a2e17fa960, 0x000001a2e1895250, 0x000001a2e1aab5d0, 0x000001a2e2ee6830,
0x000001a2e1aaa680, 0x000001a2e2aca640, 0x000001a2e2a6fab0, 0x000001a2e2e77110,
0x000001a2e77f96d0, 0x000001a2e2b41d60, 0x000001a2e2b40320, 0x000001a2e2b3ef70,
0x000001a2ea4b7d10, 0x000001a2ea4b83a0, 0x000001a2ea4b9de0, 0x000001a2ea4b7680,
0x000001a2ea4ba470, 0x000001a2ea4b8a30, 0x000001a2ea4b90c0, 0x000001a2ea4b9750,
0x000001a2e73b07e0, 0x000001a2e73ad9f0, 0x000001a2e73ae080, 0x000001a2e73ad360,
0x000001a2e73b0e70, 0x000001a2e73b1500, 0x000001a2e73b1b90, 0x000001a2e73aeda0,
0x000001a2ec44c670, 0x000001a2e7562b60, 0x000001a2e7566670
}

Java Threads: ( => current thread )
  0x000001a2889b0c30 JavaThread "main"                              [_thread_blocked, id=24776, stack(0x0000005687e00000,0x0000005687f00000) (1024K)]
  0x000001a28895cdb0 JavaThread "Reference Handler"          daemon [_thread_blocked, id=24936, stack(0x0000005688200000,0x0000005688300000) (1024K)]
  0x000001a288a50410 JavaThread "Finalizer"                  daemon [_thread_blocked, id=24940, stack(0x0000005688300000,0x0000005688400000) (1024K)]
  0x000001a288a53e70 JavaThread "Signal Dispatcher"          daemon [_thread_blocked, id=24944, stack(0x0000005688400000,0x0000005688500000) (1024K)]
=>0x000001a288a54ac0 JavaThread "Attach Listener"            daemon [_thread_in_vm, id=24948, stack(0x0000005688500000,0x0000005688600000) (1024K)]
  0x000001a288a57620 JavaThread "Service Thread"             daemon [_thread_blocked, id=24952, stack(0x0000005688600000,0x0000005688700000) (1024K)]
  0x000001a288a58070 JavaThread "Monitor Deflation Thread"   daemon [_thread_blocked, id=24956, stack(0x0000005688700000,0x0000005688800000) (1024K)]
  0x000001a288a58ea0 JavaThread "C2 CompilerThread0"         daemon [_thread_blocked, id=24960, stack(0x0000005688800000,0x0000005688900000) (1024K)]
  0x000001a2e17fa960 JavaThread "C1 CompilerThread0"         daemon [_thread_blocked, id=24992, stack(0x0000005688900000,0x0000005688a00000) (1024K)]
  0x000001a2e1895250 JavaThread "Common-Cleaner"             daemon [_thread_blocked, id=25020, stack(0x0000005688a00000,0x0000005688b00000) (1024K)]
  0x000001a2e1aab5d0 JavaThread "Notification Thread"        daemon [_thread_blocked, id=25248, stack(0x0000005688b00000,0x0000005688c00000) (1024K)]
  0x000001a2e2ee6830 JavaThread "Active Thread: Equinox Container: 88f4a24b-aa9c-4a86-87ed-ec1acf84476b"        [_thread_blocked, id=25108, stack(0x0000005689200000,0x0000005689300000) (1024K)]
  0x000001a2e1aaa680 JavaThread "Refresh Thread: Equinox Container: 88f4a24b-aa9c-4a86-87ed-ec1acf84476b" daemon [_thread_blocked, id=14404, stack(0x0000005689300000,0x0000005689400000) (1024K)]
  0x000001a2e2aca640 JavaThread "Framework Event Dispatcher: Equinox Container: 88f4a24b-aa9c-4a86-87ed-ec1acf84476b" daemon [_thread_blocked, id=21464, stack(0x0000005689500000,0x0000005689600000) (1024K)]
  0x000001a2e2a6fab0 JavaThread "Start Level: Equinox Container: 88f4a24b-aa9c-4a86-87ed-ec1acf84476b" daemon [_thread_blocked, id=5000, stack(0x0000005689600000,0x0000005689700000) (1024K)]
  0x000001a2e2e77110 JavaThread "Bundle File Closer"         daemon [_thread_blocked, id=24480, stack(0x0000005689900000,0x0000005689a00000) (1024K)]
  0x000001a2e77f96d0 JavaThread "SCR Component Actor"        daemon [_thread_blocked, id=12736, stack(0x0000005687c00000,0x0000005687d00000) (1024K)]
  0x000001a2e2b41d60 JavaThread "Worker-JM"                         [_thread_blocked, id=25472, stack(0x0000005687d00000,0x0000005687e00000) (1024K)]
  0x000001a2e2b40320 JavaThread "JNA Cleaner"                daemon [_thread_blocked, id=19296, stack(0x0000005689b00000,0x0000005689c00000) (1024K)]
  0x000001a2e2b3ef70 JavaThread "Java indexing"              daemon [_thread_blocked, id=9276, stack(0x000000568a100000,0x000000568a200000) (1024K)]
  0x000001a2ea4b7d10 JavaThread "Thread-1"                   daemon [_thread_in_native, id=17760, stack(0x000000568a700000,0x000000568a800000) (1024K)]
  0x000001a2ea4b83a0 JavaThread "Thread-2"                   daemon [_thread_in_native, id=14440, stack(0x000000568a800000,0x000000568a900000) (1024K)]
  0x000001a2ea4b9de0 JavaThread "Thread-3"                   daemon [_thread_in_native, id=25180, stack(0x000000568a900000,0x000000568aa00000) (1024K)]
  0x000001a2ea4b7680 JavaThread "Thread-4"                   daemon [_thread_in_native, id=22232, stack(0x000000568aa00000,0x000000568ab00000) (1024K)]
  0x000001a2ea4ba470 JavaThread "Thread-5"                   daemon [_thread_in_native, id=23900, stack(0x000000568ab00000,0x000000568ac00000) (1024K)]
  0x000001a2ea4b8a30 JavaThread "Thread-6"                   daemon [_thread_in_native, id=24104, stack(0x000000568ac00000,0x000000568ad00000) (1024K)]
  0x000001a2ea4b90c0 JavaThread "Thread-7"                   daemon [_thread_in_native, id=23808, stack(0x000000568ad00000,0x000000568ae00000) (1024K)]
  0x000001a2ea4b9750 JavaThread "Thread-8"                   daemon [_thread_in_native, id=13232, stack(0x000000568ae00000,0x000000568af00000) (1024K)]
  0x000001a2e73b07e0 JavaThread "Thread-9"                   daemon [_thread_in_native, id=6008, stack(0x000000568af00000,0x000000568b000000) (1024K)]
  0x000001a2e73ad9f0 JavaThread "Thread-10"                  daemon [_thread_in_native, id=20972, stack(0x000000568b000000,0x000000568b100000) (1024K)]
  0x000001a2e73ae080 JavaThread "Thread-11"                  daemon [_thread_in_native, id=15928, stack(0x000000568b100000,0x000000568b200000) (1024K)]
  0x000001a2e73ad360 JavaThread "Thread-12"                  daemon [_thread_in_native, id=21072, stack(0x000000568b200000,0x000000568b300000) (1024K)]
  0x000001a2e73b0e70 JavaThread "Thread-13"                  daemon [_thread_in_native, id=25516, stack(0x000000568b300000,0x000000568b400000) (1024K)]
  0x000001a2e73b1500 JavaThread "pool-2-thread-1"                   [_thread_blocked, id=25204, stack(0x000000568b400000,0x000000568b500000) (1024K)]
  0x000001a2e73b1b90 JavaThread "WorkspaceEventsHandler"            [_thread_blocked, id=23912, stack(0x000000568b500000,0x000000568b600000) (1024K)]
  0x000001a2e73aeda0 JavaThread "pool-1-thread-1"                   [_thread_blocked, id=24068, stack(0x000000568b600000,0x000000568b700000) (1024K)]
  0x000001a2ec44c670 JavaThread "Cleaner-0"                  daemon [_thread_blocked, id=3748, stack(0x0000005689f00000,0x000000568a000000) (1024K)]
  0x000001a2e7562b60 JavaThread "Worker-16"                         [_thread_blocked, id=24556, stack(0x000000568a000000,0x000000568a100000) (1024K)]
  0x000001a2e7566670 JavaThread "Worker-17"                         [_thread_blocked, id=5360, stack(0x000000568a300000,0x000000568a400000) (1024K)]
Total: 39

Other Threads:
  0x000001a2889448a0 VMThread "VM Thread"                           [id=24924, stack(0x0000005688100000,0x0000005688200000) (1024K)]
  0x000001a28883ca00 WatcherThread "VM Periodic Task Thread"        [id=24916, stack(0x0000005688000000,0x0000005688100000) (1024K)]
  0x000001a2889cf110 WorkerThread "GC Thread#0"                     [id=24796, stack(0x0000005687f00000,0x0000005688000000) (1024K)]
  0x000001a2e1b267b0 WorkerThread "GC Thread#1"                     [id=25592, stack(0x0000005688c00000,0x0000005688d00000) (1024K)]
  0x000001a2e1b26b50 WorkerThread "GC Thread#2"                     [id=25596, stack(0x0000005688d00000,0x0000005688e00000) (1024K)]
  0x000001a2e1b26ef0 WorkerThread "GC Thread#3"                     [id=24604, stack(0x0000005688e00000,0x0000005688f00000) (1024K)]
  0x000001a2e1b29460 WorkerThread "GC Thread#4"                     [id=24616, stack(0x0000005688f00000,0x0000005689000000) (1024K)]
  0x000001a2e1b29800 WorkerThread "GC Thread#5"                     [id=23220, stack(0x0000005689000000,0x0000005689100000) (1024K)]
  0x000001a2e1b29ba0 WorkerThread "GC Thread#6"                     [id=24620, stack(0x0000005689100000,0x0000005689200000) (1024K)]
  0x000001a2e1aaace0 WorkerThread "GC Thread#7"                     [id=12172, stack(0x0000005689400000,0x0000005689500000) (1024K)]
  0x000001a2e73a4f60 WorkerThread "GC Thread#8"                     [id=6968, stack(0x0000005689700000,0x0000005689800000) (1024K)]
  0x000001a2e2d78530 WorkerThread "GC Thread#9"                     [id=10588, stack(0x0000005689800000,0x0000005689900000) (1024K)]
Total: 12

Threads with active compile tasks:
Total: 0

VM state: not at safepoint (normal execution)

VM Mutex/Monitor currently owned by a thread: None

Heap address: 0x0000000080000000, size: 2048 MB, Compressed Oops mode: 32-bit

CDS archive(s) mapped at: [0x000001a2a0000000-0x000001a2a0ba0000-0x000001a2a0ba0000), size 12189696, SharedBaseAddress: 0x000001a2a0000000, ArchiveRelocationMode: 1.
Compressed class space mapped at: 0x000001a2a1000000-0x000001a2e1000000, reserved size: 1073741824
Narrow klass base: 0x000001a2a0000000, Narrow klass shift: 0, Narrow klass range: 0x100000000

GC Precious Log:
 CardTable entry size: 512
 CPUs: 12 total, 12 available
 Memory: 7896M
 Large Page Support: Disabled
 NUMA Support: Disabled
 Compressed Oops: Enabled (32-bit)
 Alignments: Space 512K, Generation 512K, Heap 2M
 Heap Min Capacity: 100M
 Heap Initial Capacity: 100M
 Heap Max Capacity: 2G
 Pre-touch: Disabled
 Parallel Workers: 10

Heap:
 PSYoungGen      total 5632K, used 1927K [0x00000000d5580000, 0x00000000d5c00000, 0x0000000100000000)
  eden space 4608K, 24% used [0x00000000d5580000,0x00000000d5694cd8,0x00000000d5a00000)
  from space 1024K, 80% used [0x00000000d5b00000,0x00000000d5bcd200,0x00000000d5c00000)
  to   space 1024K, 0% used [0x00000000d5a00000,0x00000000d5a00000,0x00000000d5b00000)
 ParOldGen       total 386560K, used 386329K [0x0000000080000000, 0x0000000097980000, 0x00000000d5580000)
  object space 386560K, 99% used [0x0000000080000000,0x0000000097946568,0x0000000097980000)
 Metaspace       used 89755K, committed 91648K, reserved 1179648K
  class space    used 9297K, committed 10176K, reserved 1048576K

Card table byte_map: [0x000001a288350000,0x000001a288760000] _byte_map_base: 0x000001a287f50000

Marking Bits: (ParMarkBitMap*) 0x00007ffada0ba340
 Begin Bits: [0x000001a29ae50000, 0x000001a29ce50000)
 End Bits:   [0x000001a29ce50000, 0x000001a29ee50000)

Polling page: 0x000001a286570000

Metaspace:

Usage:
  Non-class:     78.57 MB used.
      Class:      9.08 MB used.
       Both:     87.65 MB used.

Virtual space:
  Non-class space:      128.00 MB reserved,      79.56 MB ( 62%) committed,  2 nodes.
      Class space:        1.00 GB reserved,       9.94 MB ( <1%) committed,  1 nodes.
             Both:        1.12 GB reserved,      89.50 MB (  8%) committed. 

Chunk freelists:
   Non-Class:  343.00 KB
       Class:  5.90 MB
        Both:  6.23 MB

MaxMetaspaceSize: unlimited
CompressedClassSpaceSize: 1.00 GB
Initial GC threshold: 21.00 MB
Current GC threshold: 139.38 MB
CDS: on
 - commit_granule_bytes: 65536.
 - commit_granule_words: 8192.
 - virtual_space_node_default_size: 8388608.
 - enlarge_chunks_in_place: 1.
 - use_allocation_guard: 0.


Internal statistics:

num_allocs_failed_limit: 11.
num_arena_births: 1720.
num_arena_deaths: 24.
num_vsnodes_births: 3.
num_vsnodes_deaths: 0.
num_space_committed: 1435.
num_space_uncommitted: 2.
num_chunks_returned_to_freelist: 61.
num_chunks_taken_from_freelist: 6081.
num_chunk_merges: 23.
num_chunk_splits: 3638.
num_chunks_enlarged: 1972.
num_inconsistent_stats: 0.

CodeHeap 'non-profiled nmethods': size=120000Kb used=19267Kb max_used=19267Kb free=100732Kb
 bounds [0x000001a293670000, 0x000001a294950000, 0x000001a29aba0000]
CodeHeap 'profiled nmethods': size=120000Kb used=46117Kb max_used=46117Kb free=73882Kb
 bounds [0x000001a28bba0000, 0x000001a28e8b0000, 0x000001a2930d0000]
CodeHeap 'non-nmethods': size=5760Kb used=1524Kb max_used=1594Kb free=4235Kb
 bounds [0x000001a2930d0000, 0x000001a293340000, 0x000001a293670000]
CodeCache: size=245760Kb, used=66908Kb, max_used=66978Kb, free=178849Kb
 total_blobs=19331, nmethods=18486, adapters=746, full_count=0
Compilation: enabled, stopped_count=0, restarted_count=0

Compilation events (20 events):
Event: 47877.054 Thread 0x000001a2e17fa960 20397       3       org.eclipse.jdt.internal.compiler.ast.ConditionalExpression::isPolyExpression (146 bytes)
Event: 47877.055 Thread 0x000001a2e17fa960 nmethod 20397 0x000001a28e8a3f90 code [0x000001a28e8a41c0, 0x000001a28e8a4958]
Event: 47877.055 Thread 0x000001a2e17fa960 20398       3       org.eclipse.jdt.internal.compiler.ast.ConditionalExpression::constantFold (62 bytes)
Event: 47877.055 Thread 0x000001a2e17fa960 nmethod 20398 0x000001a28e8a4b10 code [0x000001a28e8a4ce0, 0x000001a28e8a5008]
Event: 47877.055 Thread 0x000001a2e17fa960 20399       1       org.eclipse.jdt.internal.compiler.ast.BinaryExpression::isCompactableOperation (2 bytes)
Event: 47877.055 Thread 0x000001a2e17fa960 nmethod 20399 0x000001a29493fa10 code [0x000001a29493fba0, 0x000001a29493fc68]
Event: 47877.061 Thread 0x000001a288a58ea0 20401       4       org.eclipse.jdt.internal.core.util.Util::isJavaLikeFileName (18 bytes)
Event: 47877.088 Thread 0x000001a288a58ea0 nmethod 20401 0x000001a29493fd10 code [0x000001a29493fee0, 0x000001a294940370]
Event: 47877.100 Thread 0x000001a2e17fa960 20402       3       org.eclipse.jdt.internal.compiler.ast.FieldReference::computeConversion (152 bytes)
Event: 47877.106 Thread 0x000001a288a58ea0 20405       4       org.eclipse.jdt.internal.compiler.lookup.ReferenceBinding::getSourceTypeBinding (52 bytes)
Event: 47877.112 Thread 0x000001a2e17fa960 nmethod 20402 0x000001a28e8a5190 code [0x000001a28e8a54c0, 0x000001a28e8a6ad8]
Event: 47877.123 Thread 0x000001a2e17fa960 20403       3       org.eclipse.jdt.internal.compiler.ast.NullAnnotationMatching$Severity::isAnyMismatch (14 bytes)
Event: 47877.124 Thread 0x000001a288a58ea0 nmethod 20405 0x000001a294940810 code [0x000001a2949409a0, 0x000001a294940ae0]
Event: 47877.125 Thread 0x000001a2e17fa960 nmethod 20403 0x000001a28e8a7110 code [0x000001a28e8a72c0, 0x000001a28e8a7468]
Event: 47877.125 Thread 0x000001a2e17fa960 20404       3       org.eclipse.jdt.internal.compiler.ast.FieldReference::analyseCode (124 bytes)
Event: 47877.130 Thread 0x000001a2e17fa960 nmethod 20404 0x000001a28e8a7510 code [0x000001a28e8a7780, 0x000001a28e8a82f8]
Event: 47877.133 Thread 0x000001a2e17fa960 20406  s    3       org.eclipse.jdt.core.dom.DefaultBindingResolver::getPackageBinding (82 bytes)
Event: 47877.139 Thread 0x000001a2e17fa960 nmethod 20406 0x000001a28e8a8710 code [0x000001a28e8a8940, 0x000001a28e8a9368]
Event: 48324.714 Thread 0x000001a2e17fa960 20407       1       org.eclipse.lsp4j.ExecuteCommandParams::getArguments (5 bytes)
Event: 48324.726 Thread 0x000001a2e17fa960 nmethod 20407 0x000001a294940c10 code [0x000001a294940da0, 0x000001a294940e68]

GC Heap History (20 events):
Event: 44279.314 GC heap before
{Heap before GC invocations=823 (full 4):
 PSYoungGen      total 5632K, used 5354K [0x00000000d5580000, 0x00000000d5c00000, 0x0000000100000000)
  eden space 4608K, 100% used [0x00000000d5580000,0x00000000d5a00000,0x00000000d5a00000)
  from space 1024K, 72% used [0x00000000d5b00000,0x00000000d5bba930,0x00000000d5c00000)
  to   space 1024K, 0% used [0x00000000d5a00000,0x00000000d5a00000,0x00000000d5b00000)
 ParOldGen       total 382464K, used 382314K [0x0000000080000000, 0x0000000097580000, 0x00000000d5580000)
  object space 382464K, 99% used [0x0000000080000000,0x000000009755a9b8,0x0000000097580000)
 Metaspace       used 89664K, committed 91584K, reserved 1179648K
  class space    used 9297K, committed 10176K, reserved 1048576K
}
Event: 44279.320 GC heap after
{Heap after GC invocations=823 (full 4):
 PSYoungGen      total 5632K, used 480K [0x00000000d5580000, 0x00000000d5c00000, 0x0000000100000000)
  eden space 4608K, 0% used [0x00000000d5580000,0x00000000d5580000,0x00000000d5a00000)
  from space 1024K, 46% used [0x00000000d5a00000,0x00000000d5a78000,0x00000000d5b00000)
  to   space 1024K, 0% used [0x00000000d5b00000,0x00000000d5b00000,0x00000000d5c00000)
 ParOldGen       total 382976K, used 382930K [0x0000000080000000, 0x0000000097600000, 0x00000000d5580000)
  object space 382976K, 99% used [0x0000000080000000,0x00000000975f4bf8,0x0000000097600000)
 Metaspace       used 89664K, committed 91584K, reserved 1179648K
  class space    used 9297K, committed 10176K, reserved 1048576K
}
Event: 44279.374 GC heap before
{Heap before GC invocations=824 (full 4):
 PSYoungGen      total 5632K, used 5088K [0x00000000d5580000, 0x00000000d5c00000, 0x0000000100000000)
  eden space 4608K, 100% used [0x00000000d5580000,0x00000000d5a00000,0x00000000d5a00000)
  from space 1024K, 46% used [0x00000000d5a00000,0x00000000d5a78000,0x00000000d5b00000)
  to   space 1024K, 0% used [0x00000000d5b00000,0x00000000d5b00000,0x00000000d5c00000)
 ParOldGen       total 382976K, used 382930K [0x0000000080000000, 0x0000000097600000, 0x00000000d5580000)
  object space 382976K, 99% used [0x0000000080000000,0x00000000975f4bf8,0x0000000097600000)
 Metaspace       used 89678K, committed 91584K, reserved 1179648K
  class space    used 9297K, committed 10176K, reserved 1048576K
}
Event: 44279.381 GC heap after
{Heap after GC invocations=824 (full 4):
 PSYoungGen      total 5120K, used 192K [0x00000000d5580000, 0x00000000d5b80000, 0x0000000100000000)
  eden space 4608K, 0% used [0x00000000d5580000,0x00000000d5580000,0x00000000d5a00000)
  from space 512K, 37% used [0x00000000d5b00000,0x00000000d5b30000,0x00000000d5b80000)
  to   space 512K, 0% used [0x00000000d5a80000,0x00000000d5a80000,0x00000000d5b00000)
 ParOldGen       total 383488K, used 383210K [0x0000000080000000, 0x0000000097680000, 0x00000000d5580000)
  object space 383488K, 99% used [0x0000000080000000,0x000000009763abf8,0x0000000097680000)
 Metaspace       used 89678K, committed 91584K, reserved 1179648K
  class space    used 9297K, committed 10176K, reserved 1048576K
}
Event: 45181.589 GC heap before
{Heap before GC invocations=825 (full 4):
 PSYoungGen      total 5120K, used 4799K [0x00000000d5580000, 0x00000000d5b80000, 0x0000000100000000)
  eden space 4608K, 99% used [0x00000000d5580000,0x00000000d59ffff0,0x00000000d5a00000)
  from space 512K, 37% used [0x00000000d5b00000,0x00000000d5b30000,0x00000000d5b80000)
  to   space 512K, 0% used [0x00000000d5a80000,0x00000000d5a80000,0x00000000d5b00000)
 ParOldGen       total 383488K, used 383210K [0x0000000080000000, 0x0000000097680000, 0x00000000d5580000)
  object space 383488K, 99% used [0x0000000080000000,0x000000009763abf8,0x0000000097680000)
 Metaspace       used 89695K, committed 91584K, reserved 1179648K
  class space    used 9297K, committed 10176K, reserved 1048576K
}
Event: 45181.674 GC heap after
{Heap after GC invocations=825 (full 4):
 PSYoungGen      total 5120K, used 480K [0x00000000d5580000, 0x00000000d5c00000, 0x0000000100000000)
  eden space 4608K, 0% used [0x00000000d5580000,0x00000000d5580000,0x00000000d5a00000)
  from space 512K, 93% used [0x00000000d5a80000,0x00000000d5af8020,0x00000000d5b00000)
  to   space 1024K, 0% used [0x00000000d5b00000,0x00000000d5b00000,0x00000000d5c00000)
 ParOldGen       total 383488K, used 383378K [0x0000000080000000, 0x0000000097680000, 0x00000000d5580000)
  object space 383488K, 99% used [0x0000000080000000,0x0000000097664bf8,0x0000000097680000)
 Metaspace       used 89695K, committed 91584K, reserved 1179648K
  class space    used 9297K, committed 10176K, reserved 1048576K
}
Event: 46082.180 GC heap before
{Heap before GC invocations=826 (full 4):
 PSYoungGen      total 5120K, used 5088K [0x00000000d5580000, 0x00000000d5c00000, 0x0000000100000000)
  eden space 4608K, 100% used [0x00000000d5580000,0x00000000d5a00000,0x00000000d5a00000)
  from space 512K, 93% used [0x00000000d5a80000,0x00000000d5af8020,0x00000000d5b00000)
  to   space 1024K, 0% used [0x00000000d5b00000,0x00000000d5b00000,0x00000000d5c00000)
 ParOldGen       total 383488K, used 383378K [0x0000000080000000, 0x0000000097680000, 0x00000000d5580000)
  object space 383488K, 99% used [0x0000000080000000,0x0000000097664bf8,0x0000000097680000)
 Metaspace       used 89696K, committed 91584K, reserved 1179648K
  class space    used 9297K, committed 10176K, reserved 1048576K
}
Event: 46082.256 GC heap after
{Heap after GC invocations=826 (full 4):
 PSYoungGen      total 5632K, used 564K [0x00000000d5580000, 0x00000000d5c00000, 0x0000000100000000)
  eden space 4608K, 0% used [0x00000000d5580000,0x00000000d5580000,0x00000000d5a00000)
  from space 1024K, 55% used [0x00000000d5b00000,0x00000000d5b8d220,0x00000000d5c00000)
  to   space 1024K, 0% used [0x00000000d5a00000,0x00000000d5a00000,0x00000000d5b00000)
 ParOldGen       total 384000K, used 383767K [0x0000000080000000, 0x0000000097700000, 0x00000000d5580000)
  object space 384000K, 99% used [0x0000000080000000,0x00000000976c5e48,0x0000000097700000)
 Metaspace       used 89696K, committed 91584K, reserved 1179648K
  class space    used 9297K, committed 10176K, reserved 1048576K
}
Event: 46082.618 GC heap before
{Heap before GC invocations=827 (full 4):
 PSYoungGen      total 5632K, used 5152K [0x00000000d5580000, 0x00000000d5c00000, 0x0000000100000000)
  eden space 4608K, 99% used [0x00000000d5580000,0x00000000d59fb068,0x00000000d5a00000)
  from space 1024K, 55% used [0x00000000d5b00000,0x00000000d5b8d220,0x00000000d5c00000)
  to   space 1024K, 0% used [0x00000000d5a00000,0x00000000d5a00000,0x00000000d5b00000)
 ParOldGen       total 384000K, used 383767K [0x0000000080000000, 0x0000000097700000, 0x00000000d5580000)
  object space 384000K, 99% used [0x0000000080000000,0x00000000976c5e48,0x0000000097700000)
 Metaspace       used 89712K, committed 91584K, reserved 1179648K
  class space    used 9297K, committed 10176K, reserved 1048576K
}
Event: 46082.624 GC heap after
{Heap after GC invocations=827 (full 4):
 PSYoungGen      total 5632K, used 800K [0x00000000d5580000, 0x00000000d5c00000, 0x0000000100000000)
  eden space 4608K, 0% used [0x00000000d5580000,0x00000000d5580000,0x00000000d5a00000)
  from space 1024K, 78% used [0x00000000d5a00000,0x00000000d5ac8020,0x00000000d5b00000)
  to   space 1024K, 0% used [0x00000000d5b00000,0x00000000d5b00000,0x00000000d5c00000)
 ParOldGen       total 384512K, used 384156K [0x0000000080000000, 0x0000000097780000, 0x00000000d5580000)
  object space 384512K, 99% used [0x0000000080000000,0x0000000097727078,0x0000000097780000)
 Metaspace       used 89712K, committed 91584K, reserved 1179648K
  class space    used 9297K, committed 10176K, reserved 1048576K
}
Event: 46082.729 GC heap before
{Heap before GC invocations=828 (full 4):
 PSYoungGen      total 5632K, used 5408K [0x00000000d5580000, 0x00000000d5c00000, 0x0000000100000000)
  eden space 4608K, 99% used [0x00000000d5580000,0x00000000d59fffe8,0x00000000d5a00000)
  from space 1024K, 78% used [0x00000000d5a00000,0x00000000d5ac8020,0x00000000d5b00000)
  to   space 1024K, 0% used [0x00000000d5b00000,0x00000000d5b00000,0x00000000d5c00000)
 ParOldGen       total 384512K, used 384156K [0x0000000080000000, 0x0000000097780000, 0x00000000d5580000)
  object space 384512K, 99% used [0x0000000080000000,0x0000000097727078,0x0000000097780000)
 Metaspace       used 89717K, committed 91584K, reserved 1179648K
  class space    used 9297K, committed 10176K, reserved 1048576K
}
Event: 46082.733 GC heap after
{Heap after GC invocations=828 (full 4):
 PSYoungGen      total 5120K, used 192K [0x00000000d5580000, 0x00000000d5b80000, 0x0000000100000000)
  eden space 4608K, 0% used [0x00000000d5580000,0x00000000d5580000,0x00000000d5a00000)
  from space 512K, 37% used [0x00000000d5b00000,0x00000000d5b30000,0x00000000d5b80000)
  to   space 512K, 0% used [0x00000000d5a80000,0x00000000d5a80000,0x00000000d5b00000)
 ParOldGen       total 385024K, used 384740K [0x0000000080000000, 0x0000000097800000, 0x00000000d5580000)
  object space 385024K, 99% used [0x0000000080000000,0x00000000977b90b8,0x0000000097800000)
 Metaspace       used 89717K, committed 91584K, reserved 1179648K
  class space    used 9297K, committed 10176K, reserved 1048576K
}
Event: 46987.054 GC heap before
{Heap before GC invocations=829 (full 4):
 PSYoungGen      total 5120K, used 4800K [0x00000000d5580000, 0x00000000d5b80000, 0x0000000100000000)
  eden space 4608K, 100% used [0x00000000d5580000,0x00000000d5a00000,0x00000000d5a00000)
  from space 512K, 37% used [0x00000000d5b00000,0x00000000d5b30000,0x00000000d5b80000)
  to   space 512K, 0% used [0x00000000d5a80000,0x00000000d5a80000,0x00000000d5b00000)
 ParOldGen       total 385024K, used 384740K [0x0000000080000000, 0x0000000097800000, 0x00000000d5580000)
  object space 385024K, 99% used [0x0000000080000000,0x00000000977b90b8,0x0000000097800000)
 Metaspace       used 89731K, committed 91648K, reserved 1179648K
  class space    used 9297K, committed 10176K, reserved 1048576K
}
Event: 46987.147 GC heap after
{Heap after GC invocations=829 (full 4):
 PSYoungGen      total 5120K, used 496K [0x00000000d5580000, 0x00000000d5c00000, 0x0000000100000000)
  eden space 4608K, 0% used [0x00000000d5580000,0x00000000d5580000,0x00000000d5a00000)
  from space 512K, 96% used [0x00000000d5a80000,0x00000000d5afc030,0x00000000d5b00000)
  to   space 1024K, 0% used [0x00000000d5b00000,0x00000000d5b00000,0x00000000d5c00000)
 ParOldGen       total 385024K, used 384880K [0x0000000080000000, 0x0000000097800000, 0x00000000d5580000)
  object space 385024K, 99% used [0x0000000080000000,0x00000000977dc0c8,0x0000000097800000)
 Metaspace       used 89731K, committed 91648K, reserved 1179648K
  class space    used 9297K, committed 10176K, reserved 1048576K
}
Event: 47876.837 GC heap before
{Heap before GC invocations=830 (full 4):
 PSYoungGen      total 5120K, used 5103K [0x00000000d5580000, 0x00000000d5c00000, 0x0000000100000000)
  eden space 4608K, 99% used [0x00000000d5580000,0x00000000d59fff20,0x00000000d5a00000)
  from space 512K, 96% used [0x00000000d5a80000,0x00000000d5afc030,0x00000000d5b00000)
  to   space 1024K, 0% used [0x00000000d5b00000,0x00000000d5b00000,0x00000000d5c00000)
 ParOldGen       total 385024K, used 384880K [0x0000000080000000, 0x0000000097800000, 0x00000000d5580000)
  object space 385024K, 99% used [0x0000000080000000,0x00000000977dc0c8,0x0000000097800000)
 Metaspace       used 89737K, committed 91648K, reserved 1179648K
  class space    used 9297K, committed 10176K, reserved 1048576K
}
Event: 47876.902 GC heap after
{Heap after GC invocations=830 (full 4):
 PSYoungGen      total 5632K, used 596K [0x00000000d5580000, 0x00000000d5c00000, 0x0000000100000000)
  eden space 4608K, 0% used [0x00000000d5580000,0x00000000d5580000,0x00000000d5a00000)
  from space 1024K, 58% used [0x00000000d5b00000,0x00000000d5b95220,0x00000000d5c00000)
  to   space 1024K, 0% used [0x00000000d5a00000,0x00000000d5a00000,0x00000000d5b00000)
 ParOldGen       total 385536K, used 385304K [0x0000000080000000, 0x0000000097880000, 0x00000000d5580000)
  object space 385536K, 99% used [0x0000000080000000,0x0000000097846308,0x0000000097880000)
 Metaspace       used 89737K, committed 91648K, reserved 1179648K
  class space    used 9297K, committed 10176K, reserved 1048576K
}
Event: 47877.067 GC heap before
{Heap before GC invocations=831 (full 4):
 PSYoungGen      total 5632K, used 5204K [0x00000000d5580000, 0x00000000d5c00000, 0x0000000100000000)
  eden space 4608K, 100% used [0x00000000d5580000,0x00000000d5a00000,0x00000000d5a00000)
  from space 1024K, 58% used [0x00000000d5b00000,0x00000000d5b95220,0x00000000d5c00000)
  to   space 1024K, 0% used [0x00000000d5a00000,0x00000000d5a00000,0x00000000d5b00000)
 ParOldGen       total 385536K, used 385304K [0x0000000080000000, 0x0000000097880000, 0x00000000d5580000)
  object space 385536K, 99% used [0x0000000080000000,0x0000000097846308,0x0000000097880000)
 Metaspace       used 89753K, committed 91648K, reserved 1179648K
  class space    used 9297K, committed 10176K, reserved 1048576K
}
Event: 47877.073 GC heap after
{Heap after GC invocations=831 (full 4):
 PSYoungGen      total 5632K, used 960K [0x00000000d5580000, 0x00000000d5c00000, 0x0000000100000000)
  eden space 4608K, 0% used [0x00000000d5580000,0x00000000d5580000,0x00000000d5a00000)
  from space 1024K, 93% used [0x00000000d5a00000,0x00000000d5af0040,0x00000000d5b00000)
  to   space 1024K, 0% used [0x00000000d5b00000,0x00000000d5b00000,0x00000000d5c00000)
 ParOldGen       total 386048K, used 385709K [0x0000000080000000, 0x0000000097900000, 0x00000000d5580000)
  object space 386048K, 99% used [0x0000000080000000,0x00000000978ab538,0x0000000097900000)
 Metaspace       used 89753K, committed 91648K, reserved 1179648K
  class space    used 9297K, committed 10176K, reserved 1048576K
}
Event: 47877.114 GC heap before
{Heap before GC invocations=832 (full 4):
 PSYoungGen      total 5632K, used 5568K [0x00000000d5580000, 0x00000000d5c00000, 0x0000000100000000)
  eden space 4608K, 100% used [0x00000000d5580000,0x00000000d5a00000,0x00000000d5a00000)
  from space 1024K, 93% used [0x00000000d5a00000,0x00000000d5af0040,0x00000000d5b00000)
  to   space 1024K, 0% used [0x00000000d5b00000,0x00000000d5b00000,0x00000000d5c00000)
 ParOldGen       total 386048K, used 385709K [0x0000000080000000, 0x0000000097900000, 0x00000000d5580000)
  object space 386048K, 99% used [0x0000000080000000,0x00000000978ab538,0x0000000097900000)
 Metaspace       used 89754K, committed 91648K, reserved 1179648K
  class space    used 9297K, committed 10176K, reserved 1048576K
}
Event: 47877.123 GC heap after
{Heap after GC invocations=832 (full 4):
 PSYoungGen      total 5632K, used 820K [0x00000000d5580000, 0x00000000d5c00000, 0x0000000100000000)
  eden space 4608K, 0% used [0x00000000d5580000,0x00000000d5580000,0x00000000d5a00000)
  from space 1024K, 80% used [0x00000000d5b00000,0x00000000d5bcd200,0x00000000d5c00000)
  to   space 1024K, 0% used [0x00000000d5a00000,0x00000000d5a00000,0x00000000d5b00000)
 ParOldGen       total 386560K, used 386329K [0x0000000080000000, 0x0000000097980000, 0x00000000d5580000)
  object space 386560K, 99% used [0x0000000080000000,0x0000000097946568,0x0000000097980000)
 Metaspace       used 89754K, committed 91648K, reserved 1179648K
  class space    used 9297K, committed 10176K, reserved 1048576K
}

Dll operation events (12 events):
Event: 0.033 Loaded shared library c:\Users\ramir\.vscode\extensions\redhat.java-1.47.0-win32-x64\jre\21.0.8-win32-x86_64\bin\java.dll
Event: 0.964 Loaded shared library c:\Users\ramir\.vscode\extensions\redhat.java-1.47.0-win32-x64\jre\21.0.8-win32-x86_64\bin\zip.dll
Event: 1.140 Loaded shared library C:\Users\ramir\.vscode\extensions\redhat.java-1.47.0-win32-x64\jre\21.0.8-win32-x86_64\bin\instrument.dll
Event: 1.190 Loaded shared library C:\Users\ramir\.vscode\extensions\redhat.java-1.47.0-win32-x64\jre\21.0.8-win32-x86_64\bin\net.dll
Event: 1.195 Loaded shared library C:\Users\ramir\.vscode\extensions\redhat.java-1.47.0-win32-x64\jre\21.0.8-win32-x86_64\bin\nio.dll
Event: 1.202 Loaded shared library C:\Users\ramir\.vscode\extensions\redhat.java-1.47.0-win32-x64\jre\21.0.8-win32-x86_64\bin\zip.dll
Event: 1.304 Loaded shared library C:\Users\ramir\.vscode\extensions\redhat.java-1.47.0-win32-x64\jre\21.0.8-win32-x86_64\bin\jimage.dll
Event: 1.673 Loaded shared library c:\Users\ramir\.vscode\extensions\redhat.java-1.47.0-win32-x64\jre\21.0.8-win32-x86_64\bin\verify.dll
Event: 16.494 Loaded shared library C:\Users\ramir\AppData\Roaming\Code\User\globalStorage\redhat.java\1.47.0\config_win\org.eclipse.equinox.launcher\org.eclipse.equinox.launcher.win32.win32.x86_64_1.2.1400.v20250801-0854\eclipse_11916.dll
Event: 77.957 Loaded shared library C:\Users\ramir\AppData\Local\Temp\jna-108279239\jna16991077799579420157.dll
Event: 1784.111 Loaded shared library C:\Users\ramir\.vscode\extensions\redhat.java-1.47.0-win32-x64\jre\21.0.8-win32-x86_64\bin\sunmscapi.dll
Event: 1784.576 Loaded shared library C:\Users\ramir\.vscode\extensions\redhat.java-1.47.0-win32-x64\jre\21.0.8-win32-x86_64\bin\extnet.dll

Deoptimization events (20 events):
Event: 35285.144 Thread 0x000001a2eb5b4290 DEOPT PACKING pc=0x000001a2948e8ebc sp=0x0000005689afdc00
Event: 35285.144 Thread 0x000001a2eb5b4290 DEOPT UNPACKING pc=0x000001a293123aa2 sp=0x0000005689afdbb8 mode 2
Event: 46645.350 Thread 0x000001a2e73b1500 Uncommon trap: trap_request=0xffffffd6 fr.pc=0x000001a294937e3c relative=0x00000000000002fc
Event: 46645.350 Thread 0x000001a2e73b1500 Uncommon trap: reason=array_check action=maybe_recompile pc=0x000001a294937e3c method=java.util.concurrent.ScheduledThreadPoolExecutor$DelayedWorkQueue.offer(Ljava/lang/Runnable;)Z @ 65 c2
Event: 46645.350 Thread 0x000001a2e73b1500 DEOPT PACKING pc=0x000001a294937e3c sp=0x000000568b4ff150
Event: 46645.353 Thread 0x000001a2e73b1500 DEOPT UNPACKING pc=0x000001a293123aa2 sp=0x000000568b4ff0c0 mode 2
Event: 46646.622 Thread 0x000001a2e2ee6830 Uncommon trap: trap_request=0xffffffd6 fr.pc=0x000001a294937e3c relative=0x00000000000002fc
Event: 46646.622 Thread 0x000001a2e2ee6830 Uncommon trap: reason=array_check action=maybe_recompile pc=0x000001a294937e3c method=java.util.concurrent.ScheduledThreadPoolExecutor$DelayedWorkQueue.offer(Ljava/lang/Runnable;)Z @ 65 c2
Event: 46646.622 Thread 0x000001a2e2ee6830 DEOPT PACKING pc=0x000001a294937e3c sp=0x00000056892ff300
Event: 46646.623 Thread 0x000001a2e2ee6830 DEOPT UNPACKING pc=0x000001a293123aa2 sp=0x00000056892ff270 mode 2
Event: 46986.582 Thread 0x000001a2eb5b3570 Uncommon trap: trap_request=0xffffff45 fr.pc=0x000001a2946f0298 relative=0x0000000000000678
Event: 46986.584 Thread 0x000001a2eb5b3570 Uncommon trap: reason=unstable_if action=reinterpret pc=0x000001a2946f0298 method=java.util.concurrent.ForkJoinPool.awaitWork(Ljava/util/concurrent/ForkJoinPool$WorkQueue;)I @ 104 c2
Event: 46986.585 Thread 0x000001a2eb5b3570 DEOPT PACKING pc=0x000001a2946f0298 sp=0x0000005689cff4a0
Event: 46986.586 Thread 0x000001a2eb5b3570 DEOPT UNPACKING pc=0x000001a293123aa2 sp=0x0000005689cff420 mode 2
Event: 46987.358 Thread 0x000001a2eb5b3570 DEOPT PACKING pc=0x000001a28e27e14b sp=0x0000005689cfdc20
Event: 46987.359 Thread 0x000001a2eb5b3570 DEOPT UNPACKING pc=0x000001a293124242 sp=0x0000005689cfd130 mode 0
Event: 47877.005 Thread 0x000001a2eb5b4290 Uncommon trap: trap_request=0xffffff6e fr.pc=0x000001a29493ce80 relative=0x0000000000000520
Event: 47877.005 Thread 0x000001a2eb5b4290 Uncommon trap: reason=loop_limit_check action=maybe_recompile pc=0x000001a29493ce80 method=org.eclipse.jdt.internal.compiler.codegen.CodeStream.retrieveLocalType(II)Lorg/eclipse/jdt/internal/compiler/lookup/TypeBinding; @ 129 c2
Event: 47877.005 Thread 0x000001a2eb5b4290 DEOPT PACKING pc=0x000001a29493ce80 sp=0x0000005689afdea0
Event: 47877.006 Thread 0x000001a2eb5b4290 DEOPT UNPACKING pc=0x000001a293123aa2 sp=0x0000005689afddf0 mode 2

Classes loaded (20 events):
Event: 1789.980 Loading class sun/nio/ch/NioSocketImpl$2
Event: 1789.980 Loading class sun/nio/ch/NioSocketImpl$2 done
Event: 1790.048 Loading class com/sun/crypto/provider/HmacCore$HmacSHA384
Event: 1790.048 Loading class com/sun/crypto/provider/HmacCore$HmacSHA384 done
Event: 1790.080 Loading class sun/security/util/math/IntegerModuloP$MultiplicativeInverser$Secp256R1Field
Event: 1790.080 Loading class sun/security/util/math/IntegerModuloP$MultiplicativeInverser$Secp256R1Field done
Event: 1792.927 Loading class java/util/LinkedList$LLSpliterator
Event: 1792.927 Loading class java/util/LinkedList$LLSpliterator done
Event: 1797.900 Loading class java/util/concurrent/LinkedBlockingQueue$Itr
Event: 1797.901 Loading class java/util/concurrent/LinkedBlockingQueue$Itr done
Event: 1798.068 Loading class java/lang/Throwable$WrappedPrintWriter
Event: 1798.070 Loading class java/lang/Throwable$PrintStreamOrWriter
Event: 1798.070 Loading class java/lang/Throwable$PrintStreamOrWriter done
Event: 1798.070 Loading class java/lang/Throwable$WrappedPrintWriter done
Event: 8059.375 Loading class java/io/CharArrayReader
Event: 8059.376 Loading class java/io/CharArrayReader done
Event: 8059.377 Loading class java/util/regex/Pattern$Bound
Event: 8059.378 Loading class java/util/regex/Pattern$Bound done
Event: 8059.689 Loading class java/util/Collections$EmptyListIterator
Event: 8059.690 Loading class java/util/Collections$EmptyListIterator done

Classes unloaded (20 events):
Event: 1791.976 Thread 0x000001a2889448a0 Unloading class 0x000001a2a16e2de0 'org/codehaus/plexus/interpolation/ValueSource'
Event: 1791.977 Thread 0x000001a2889448a0 Unloading class 0x000001a2a16e2a18 'org/apache/maven/shared/filtering/MavenResourcesExecution'
Event: 1791.977 Thread 0x000001a2889448a0 Unloading class 0x000001a2a16e2740 'org/apache/maven/shared/filtering/AbstractMavenFilteringRequest'
Event: 1791.977 Thread 0x000001a2889448a0 Unloading class 0x000001a2a16e24e0 'org/apache/maven/shared/filtering/MavenFilteringException'
Event: 1791.977 Thread 0x000001a2889448a0 Unloading class 0x000001a2a16e2290 'org/apache/maven/shared/filtering/DefaultMavenResourcesFiltering'
Event: 1791.977 Thread 0x000001a2889448a0 Unloading class 0x000001a2a16e1e00 'org/apache/maven/shared/filtering/MavenResourcesFiltering'
Event: 1791.977 Thread 0x000001a2889448a0 Unloading class 0x000001a2a16e2000 'org/apache/maven/shared/filtering/DefaultMavenReaderFilter'
Event: 1791.977 Thread 0x000001a2889448a0 Unloading class 0x000001a2a16e1c00 'org/apache/maven/shared/filtering/MavenReaderFilter'
Event: 1791.977 Thread 0x000001a2889448a0 Unloading class 0x000001a2a16e1960 'org/apache/maven/shared/filtering/DefaultMavenFileFilter'
Event: 1791.977 Thread 0x000001a2889448a0 Unloading class 0x000001a2a16e1710 'org/apache/maven/shared/filtering/BaseFilter'
Event: 1791.977 Thread 0x000001a2889448a0 Unloading class 0x000001a2a16e1510 'org/apache/maven/shared/filtering/MavenFileFilter'
Event: 1791.977 Thread 0x000001a2889448a0 Unloading class 0x000001a2a16e1310 'org/apache/maven/shared/filtering/DefaultFilterInfo'
Event: 1791.977 Thread 0x000001a2889448a0 Unloading class 0x000001a2a16e1000 'org/apache/maven/plugins/resources/TestResourcesMojo'
Event: 1791.977 Thread 0x000001a2889448a0 Unloading class 0x000001a2a16e0400 'org/apache/maven/plugins/maven_resources_plugin/HelpMojo'
Event: 1791.977 Thread 0x000001a2889448a0 Unloading class 0x000001a2a16e0b10 'org/apache/maven/plugins/resources/CopyResourcesMojo'
Event: 1791.977 Thread 0x000001a2889448a0 Unloading class 0x000001a2a16e0800 'org/apache/maven/plugins/resources/ResourcesMojo'
Event: 1791.978 Thread 0x000001a2889448a0 Unloading class 0x000001a2a16c0c00 'java/lang/invoke/LambdaForm$DMH+0x000001a2a16c0c00'
Event: 1791.978 Thread 0x000001a2889448a0 Unloading class 0x000001a2a16c0800 'java/lang/invoke/LambdaForm$DMH+0x000001a2a16c0800'
Event: 1791.978 Thread 0x000001a2889448a0 Unloading class 0x000001a2a16c0400 'java/lang/invoke/LambdaForm$DMH+0x000001a2a16c0400'
Event: 1791.978 Thread 0x000001a2889448a0 Unloading class 0x000001a2a16c0000 'java/lang/invoke/LambdaForm$DMH+0x000001a2a16c0000'

Classes redefined (0 events):
No events

Internal exceptions (20 events):
Event: 8402.276 Thread 0x000001a2e7563f10 Exception <a 'java/lang/NullPointerException'{0x00000000d58a59a8}> (0x00000000d58a59a8) 
thrown [s\src\hotspot\share\runtime\sharedRuntime.cpp, line 625]
Event: 8402.403 Thread 0x000001a2e7563f10 Exception <a 'java/lang/NullPointerException'{0x00000000d5a90f98}> (0x00000000d5a90f98) 
thrown [s\src\hotspot\share\interpreter\linkResolver.cpp, line 1372]
Event: 8402.403 Thread 0x000001a2e7563f10 Implicit null exception at 0x000001a28be1789b to 0x000001a28be17e55
Event: 8402.403 Thread 0x000001a2e7563f10 Exception <a 'java/lang/NullPointerException'{0x00000000d5a91578}> (0x00000000d5a91578) 
thrown [s\src\hotspot\share\runtime\sharedRuntime.cpp, line 625]
Event: 8402.404 Thread 0x000001a2e7563f10 Implicit null exception at 0x000001a28be1789b to 0x000001a28be17e55
Event: 8402.404 Thread 0x000001a2e7563f10 Exception <a 'java/lang/NullPointerException'{0x00000000d5a93810}> (0x00000000d5a93810) 
thrown [s\src\hotspot\share\runtime\sharedRuntime.cpp, line 625]
Event: 8402.404 Thread 0x000001a2e7563f10 Implicit null exception at 0x000001a28be1789b to 0x000001a28be17e55
Event: 8402.404 Thread 0x000001a2e7563f10 Exception <a 'java/lang/NullPointerException'{0x00000000d5a93c48}> (0x00000000d5a93c48) 
thrown [s\src\hotspot\share\runtime\sharedRuntime.cpp, line 625]
Event: 8402.405 Thread 0x000001a2e7563f10 Implicit null exception at 0x000001a28be1789b to 0x000001a28be17e55
Event: 8402.405 Thread 0x000001a2e7563f10 Exception <a 'java/lang/NullPointerException'{0x00000000d5aa7b98}> (0x00000000d5aa7b98) 
thrown [s\src\hotspot\share\runtime\sharedRuntime.cpp, line 625]
Event: 8402.417 Thread 0x000001a2e7563f10 Implicit null exception at 0x000001a28be1789b to 0x000001a28be17e55
Event: 8402.417 Thread 0x000001a2e7563f10 Exception <a 'java/lang/NullPointerException'{0x00000000d5672db0}> (0x00000000d5672db0) 
thrown [s\src\hotspot\share\runtime\sharedRuntime.cpp, line 625]
Event: 8402.463 Thread 0x000001a2e7563f10 Implicit null exception at 0x000001a28be1789b to 0x000001a28be17e55
Event: 8402.464 Thread 0x000001a2e7563f10 Exception <a 'java/lang/NullPointerException'{0x00000000d5684790}> (0x00000000d5684790) 
thrown [s\src\hotspot\share\runtime\sharedRuntime.cpp, line 625]
Event: 8402.495 Thread 0x000001a2e7563f10 Implicit null exception at 0x000001a28be1789b to 0x000001a28be17e55
Event: 8402.495 Thread 0x000001a2e7563f10 Exception <a 'java/lang/NullPointerException'{0x00000000d587e1a8}> (0x00000000d587e1a8) 
thrown [s\src\hotspot\share\runtime\sharedRuntime.cpp, line 625]
Event: 8405.643 Thread 0x000001a2e7566d00 Implicit null exception at 0x000001a28be1789b to 0x000001a28be17e55
Event: 8405.643 Thread 0x000001a2e7566d00 Exception <a 'java/lang/NullPointerException'{0x00000000d56a1730}> (0x00000000d56a1730) 
thrown [s\src\hotspot\share\runtime\sharedRuntime.cpp, line 625]
Event: 8410.599 Thread 0x000001a2e7566d00 Implicit null exception at 0x000001a28be1789b to 0x000001a28be17e55
Event: 8410.599 Thread 0x000001a2e7566d00 Exception <a 'java/lang/NullPointerException'{0x00000000d56d9df0}> (0x00000000d56d9df0) 
thrown [s\src\hotspot\share\runtime\sharedRuntime.cpp, line 625]

ZGC Phase Switch (0 events):
No events

VM Operations (20 events):
Event: 47500.860 Executing VM operation: RendezvousGCThreads
Event: 47500.860 Executing VM operation: RendezvousGCThreads done
Event: 47801.722 Executing VM operation: HandshakeAllThreads (HandshakeForDeflation)
Event: 47801.724 Executing VM operation: HandshakeAllThreads (HandshakeForDeflation) done
Event: 47801.734 Executing VM operation: RendezvousGCThreads
Event: 47801.734 Executing VM operation: RendezvousGCThreads done
Event: 47876.836 Executing VM operation: ParallelGCFailedAllocation (Allocation Failure)
Event: 47876.902 Executing VM operation: ParallelGCFailedAllocation (Allocation Failure) done
Event: 47877.064 Executing VM operation: ParallelGCFailedAllocation (Allocation Failure)
Event: 47877.073 Executing VM operation: ParallelGCFailedAllocation (Allocation Failure) done
Event: 47877.110 Executing VM operation: ParallelGCFailedAllocation (Allocation Failure)
Event: 47877.123 Executing VM operation: ParallelGCFailedAllocation (Allocation Failure) done
Event: 47922.065 Executing VM operation: HandshakeAllThreads (HandshakeForDeflation)
Event: 47922.065 Executing VM operation: HandshakeAllThreads (HandshakeForDeflation) done
Event: 47922.065 Executing VM operation: RendezvousGCThreads
Event: 47922.065 Executing VM operation: RendezvousGCThreads done
Event: 48523.292 Executing VM operation: HandshakeAllThreads (HandshakeForDeflation)
Event: 48523.298 Executing VM operation: HandshakeAllThreads (HandshakeForDeflation) done
Event: 48523.299 Executing VM operation: RendezvousGCThreads
Event: 48523.299 Executing VM operation: RendezvousGCThreads done

Memory protections (0 events):
No events

Nmethod flushes (20 events):
Event: 1792.488 Thread 0x000001a2889448a0 flushing  nmethod 0x000001a28ce1b810
Event: 1792.488 Thread 0x000001a2889448a0 flushing  nmethod 0x000001a28ce34910
Event: 1792.488 Thread 0x000001a2889448a0 flushing  nmethod 0x000001a28ce49110
Event: 1792.488 Thread 0x000001a2889448a0 flushing  nmethod 0x000001a28ce6cf10
Event: 1792.488 Thread 0x000001a2889448a0 flushing  nmethod 0x000001a28ce79890
Event: 1792.488 Thread 0x000001a2889448a0 flushing  nmethod 0x000001a28cedbd10
Event: 1792.488 Thread 0x000001a2889448a0 flushing  nmethod 0x000001a28cf47d10
Event: 1792.488 Thread 0x000001a2889448a0 flushing  nmethod 0x000001a28cf95190
Event: 1792.488 Thread 0x000001a2889448a0 flushing  nmethod 0x000001a28cf99910
Event: 1792.488 Thread 0x000001a2889448a0 flushing  nmethod 0x000001a28cf9a910
Event: 1792.488 Thread 0x000001a2889448a0 flushing  nmethod 0x000001a28cfb2f90
Event: 1792.488 Thread 0x000001a2889448a0 flushing  nmethod 0x000001a28cfba290
Event: 1792.488 Thread 0x000001a2889448a0 flushing  nmethod 0x000001a28cfbcb90
Event: 1792.488 Thread 0x000001a2889448a0 flushing  nmethod 0x000001a28cfcdd90
Event: 1792.488 Thread 0x000001a2889448a0 flushing  nmethod 0x000001a28cfd0910
Event: 1792.488 Thread 0x000001a2889448a0 flushing  nmethod 0x000001a28cfd5f10
Event: 1792.488 Thread 0x000001a2889448a0 flushing  nmethod 0x000001a28d42d790
Event: 1792.488 Thread 0x000001a2889448a0 flushing  nmethod 0x000001a28d42fa90
Event: 1792.489 Thread 0x000001a2889448a0 flushing  nmethod 0x000001a28d43a610
Event: 1792.489 Thread 0x000001a2889448a0 flushing  nmethod 0x000001a28d43c710

Events (20 events):
Event: 45180.875 Thread 0x000001a2eb5b69f0 Thread added: 0x000001a2eb5b4fb0
Event: 45241.849 Thread 0x000001a2eb5b4290 Thread exited: 0x000001a2eb5b4290
Event: 45301.853 Thread 0x000001a2eb5b69f0 Thread exited: 0x000001a2eb5b69f0
Event: 45361.866 Thread 0x000001a2eb5b4fb0 Thread exited: 0x000001a2eb5b4fb0
Event: 46081.859 Thread 0x000001a2e73aeda0 Thread added: 0x000001a2eb5b69f0
Event: 46081.929 Thread 0x000001a2eb5b69f0 Thread added: 0x000001a2eb5b3570
Event: 46144.221 Thread 0x000001a2eb5b3570 Thread exited: 0x000001a2eb5b3570
Event: 46204.228 Thread 0x000001a2eb5b69f0 Thread exited: 0x000001a2eb5b69f0
Event: 46986.387 Thread 0x000001a2e73aeda0 Thread added: 0x000001a2eb5b69f0
Event: 46986.398 Thread 0x000001a2e73aeda0 Thread added: 0x000001a2eb5b3570
Event: 46986.511 Thread 0x000001a2eb5b69f0 Thread added: 0x000001a2eb5b4290
Event: 47047.441 Thread 0x000001a2eb5b3570 Thread exited: 0x000001a2eb5b3570
Event: 47107.458 Thread 0x000001a2eb5b4290 Thread exited: 0x000001a2eb5b4290
Event: 47167.467 Thread 0x000001a2eb5b69f0 Thread exited: 0x000001a2eb5b69f0
Event: 47876.612 Thread 0x000001a2e73aeda0 Thread added: 0x000001a2eb5b4290
Event: 47876.674 Thread 0x000001a2eb5b4290 Thread added: 0x000001a2eb5b4fb0
Event: 47937.337 Thread 0x000001a2eb5b4fb0 Thread exited: 0x000001a2eb5b4fb0
Event: 47997.344 Thread 0x000001a2eb5b4290 Thread exited: 0x000001a2eb5b4290
Event: 48324.680 Thread 0x000001a2e73aeda0 Thread added: 0x000001a2eb5b4290
Event: 48384.909 Thread 0x000001a2eb5b4290 Thread exited: 0x000001a2eb5b4290


Dynamic libraries:
0x00007ff681de0000 - 0x00007ff681dee000 	c:\Users\ramir\.vscode\extensions\redhat.java-1.47.0-win32-x64\jre\21.0.8-win32-x86_64\bin\java.exe
0x00007ffbc7260000 - 0x00007ffbc74c8000 	C:\WINDOWS\SYSTEM32\ntdll.dll
0x00007ffbc5ff0000 - 0x00007ffbc60b9000 	C:\WINDOWS\System32\KERNEL32.DLL
0x00007ffbc48b0000 - 0x00007ffbc4ca8000 	C:\WINDOWS\System32\KERNELBASE.dll
0x00007ffbc4cb0000 - 0x00007ffbc4dfb000 	C:\WINDOWS\System32\ucrtbase.dll
0x00007ffb639c0000 - 0x00007ffb639d8000 	c:\Users\ramir\.vscode\extensions\redhat.java-1.47.0-win32-x64\jre\21.0.8-win32-x86_64\bin\jli.dll
0x00007ffbc65c0000 - 0x00007ffbc6787000 	C:\WINDOWS\System32\USER32.dll
0x00007ffbc4650000 - 0x00007ffbc4677000 	C:\WINDOWS\System32\win32u.dll
0x00007ffbc67b0000 - 0x00007ffbc67db000 	C:\WINDOWS\System32\GDI32.dll
0x00007ffbc43b0000 - 0x00007ffbc44dc000 	C:\WINDOWS\System32\gdi32full.dll
0x00007ffbc4f50000 - 0x00007ffbc4ff3000 	C:\WINDOWS\System32\msvcp_win.dll
0x00007ffb635b0000 - 0x00007ffb635ce000 	c:\Users\ramir\.vscode\extensions\redhat.java-1.47.0-win32-x64\jre\21.0.8-win32-x86_64\bin\VCRUNTIME140.dll
0x00007ffba8490000 - 0x00007ffba8724000 	C:\WINDOWS\WinSxS\amd64_microsoft.windows.common-controls_6595b64144ccf1df_6.0.26100.7019_none_3e06ffa0e335b8a8\COMCTL32.dll
0x00007ffbc5f40000 - 0x00007ffbc5fe9000 	C:\WINDOWS\System32\msvcrt.dll
0x00007ffbc6580000 - 0x00007ffbc65b1000 	C:\WINDOWS\System32\IMM32.DLL
0x00007ffbb9b10000 - 0x00007ffbb9b1c000 	c:\Users\ramir\.vscode\extensions\redhat.java-1.47.0-win32-x64\jre\21.0.8-win32-x86_64\bin\vcruntime140_1.dll
0x00007ffb03aa0000 - 0x00007ffb03b2d000 	c:\Users\ramir\.vscode\extensions\redhat.java-1.47.0-win32-x64\jre\21.0.8-win32-x86_64\bin\msvcp140.dll
0x00007ffad9400000 - 0x00007ffada197000 	c:\Users\ramir\.vscode\extensions\redhat.java-1.47.0-win32-x64\jre\21.0.8-win32-x86_64\bin\server\jvm.dll
0x00007ffbc61d0000 - 0x00007ffbc6284000 	C:\WINDOWS\System32\ADVAPI32.dll
0x00007ffbc58a0000 - 0x00007ffbc5946000 	C:\WINDOWS\System32\sechost.dll
0x00007ffbc5200000 - 0x00007ffbc5318000 	C:\WINDOWS\System32\RPCRT4.dll
0x00007ffbc5a30000 - 0x00007ffbc5aa4000 	C:\WINDOWS\System32\WS2_32.dll
0x00007ffbc3df0000 - 0x00007ffbc3e4e000 	C:\WINDOWS\SYSTEM32\POWRPROF.dll
0x00007ffbb66c0000 - 0x00007ffbb66f5000 	C:\WINDOWS\SYSTEM32\WINMM.dll
0x00007ffbbafc0000 - 0x00007ffbbafcb000 	C:\WINDOWS\SYSTEM32\VERSION.dll
0x00007ffbc3d90000 - 0x00007ffbc3da4000 	C:\WINDOWS\SYSTEM32\UMPDC.dll
0x00007ffbc3170000 - 0x00007ffbc318b000 	C:\WINDOWS\SYSTEM32\kernel.appcore.dll
0x00007ffb89cd0000 - 0x00007ffb89cda000 	c:\Users\ramir\.vscode\extensions\redhat.java-1.47.0-win32-x64\jre\21.0.8-win32-x86_64\bin\jimage.dll
0x00007ffbc1ad0000 - 0x00007ffbc1d12000 	C:\WINDOWS\SYSTEM32\DBGHELP.DLL
0x00007ffbc5320000 - 0x00007ffbc56ab000 	C:\WINDOWS\System32\combase.dll
0x00007ffbc5950000 - 0x00007ffbc5a27000 	C:\WINDOWS\System32\OLEAUT32.dll
0x00007ffba5700000 - 0x00007ffba573c000 	C:\WINDOWS\SYSTEM32\dbgcore.DLL
0x00007ffbc4680000 - 0x00007ffbc4725000 	C:\WINDOWS\System32\bcryptPrimitives.dll
0x00007ffb7d200000 - 0x00007ffb7d20f000 	c:\Users\ramir\.vscode\extensions\redhat.java-1.47.0-win32-x64\jre\21.0.8-win32-x86_64\bin\instrument.dll
0x00007ffb41d60000 - 0x00007ffb41d7f000 	c:\Users\ramir\.vscode\extensions\redhat.java-1.47.0-win32-x64\jre\21.0.8-win32-x86_64\bin\java.dll
0x00007ffbc6a90000 - 0x00007ffbc71df000 	C:\WINDOWS\System32\SHELL32.dll
0x00007ffbc44e0000 - 0x00007ffbc464b000 	C:\WINDOWS\System32\wintypes.dll
0x00007ffbc1fc0000 - 0x00007ffbc281d000 	C:\WINDOWS\SYSTEM32\windows.storage.dll
0x00007ffbc5100000 - 0x00007ffbc51f2000 	C:\WINDOWS\System32\SHCORE.dll
0x00007ffbc6a20000 - 0x00007ffbc6a87000 	C:\WINDOWS\System32\shlwapi.dll
0x00007ffbc42d0000 - 0x00007ffbc42f9000 	C:\WINDOWS\SYSTEM32\profapi.dll
0x00007ffb135c0000 - 0x00007ffb135d8000 	c:\Users\ramir\.vscode\extensions\redhat.java-1.47.0-win32-x64\jre\21.0.8-win32-x86_64\bin\zip.dll
0x00007ffb78fc0000 - 0x00007ffb78fd0000 	C:\Users\ramir\.vscode\extensions\redhat.java-1.47.0-win32-x64\jre\21.0.8-win32-x86_64\bin\net.dll
0x00007ffbbaa10000 - 0x00007ffbbab38000 	C:\WINDOWS\SYSTEM32\WINHTTP.dll
0x00007ffbc36e0000 - 0x00007ffbc374b000 	C:\WINDOWS\system32\mswsock.dll
0x00007ffb11210000 - 0x00007ffb11226000 	C:\Users\ramir\.vscode\extensions\redhat.java-1.47.0-win32-x64\jre\21.0.8-win32-x86_64\bin\nio.dll
0x00007ffb78e40000 - 0x00007ffb78e50000 	c:\Users\ramir\.vscode\extensions\redhat.java-1.47.0-win32-x64\jre\21.0.8-win32-x86_64\bin\verify.dll
0x00007ffb6af60000 - 0x00007ffb6afa4000 	C:\Users\ramir\AppData\Roaming\Code\User\globalStorage\redhat.java\1.47.0\config_win\org.eclipse.equinox.launcher\org.eclipse.equinox.launcher.win32.win32.x86_64_1.2.1400.v20250801-0854\eclipse_11916.dll
0x00007ffbc6290000 - 0x00007ffbc6427000 	C:\WINDOWS\System32\ole32.dll
0x00007ffbc39a0000 - 0x00007ffbc39bb000 	C:\WINDOWS\SYSTEM32\CRYPTSP.dll
0x00007ffbc30d0000 - 0x00007ffbc310a000 	C:\WINDOWS\system32\rsaenh.dll
0x00007ffbc3790000 - 0x00007ffbc37bb000 	C:\WINDOWS\SYSTEM32\USERENV.dll
0x00007ffbc42a0000 - 0x00007ffbc42ca000 	C:\WINDOWS\SYSTEM32\bcrypt.dll
0x00007ffbc39c0000 - 0x00007ffbc39cc000 	C:\WINDOWS\SYSTEM32\CRYPTBASE.dll
0x00007ffbc2bf0000 - 0x00007ffbc2c24000 	C:\WINDOWS\SYSTEM32\IPHLPAPI.DLL
0x00007ffbc5890000 - 0x00007ffbc589a000 	C:\WINDOWS\System32\NSI.dll
0x00007ffb36cf0000 - 0x00007ffb36d39000 	C:\Users\ramir\AppData\Local\Temp\jna-108279239\jna16991077799579420157.dll
0x00007ffbc60c0000 - 0x00007ffbc60c8000 	C:\WINDOWS\System32\PSAPI.DLL
0x00007ffbbafd0000 - 0x00007ffbbafee000 	C:\WINDOWS\SYSTEM32\dhcpcsvc6.DLL
0x00007ffbba9e0000 - 0x00007ffbbaa03000 	C:\WINDOWS\SYSTEM32\dhcpcsvc.DLL
0x00007ffbbe410000 - 0x00007ffbbe41e000 	C:\Users\ramir\.vscode\extensions\redhat.java-1.47.0-win32-x64\jre\21.0.8-win32-x86_64\bin\sunmscapi.dll
0x00007ffbc4730000 - 0x00007ffbc48a7000 	C:\WINDOWS\System32\CRYPT32.dll
0x00007ffbc3c30000 - 0x00007ffbc3c60000 	C:\WINDOWS\SYSTEM32\ncrypt.dll
0x00007ffbc3be0000 - 0x00007ffbc3c1f000 	C:\WINDOWS\SYSTEM32\NTASN1.dll
0x00007ffb89160000 - 0x00007ffb89168000 	C:\WINDOWS\system32\wshunix.dll
0x00007ffb99710000 - 0x00007ffb99719000 	C:\Users\ramir\.vscode\extensions\redhat.java-1.47.0-win32-x64\jre\21.0.8-win32-x86_64\bin\extnet.dll
0x00007ffbc2cd0000 - 0x00007ffbc2dfc000 	C:\WINDOWS\SYSTEM32\DNSAPI.dll
0x00007ffbb0e20000 - 0x00007ffbb0e2b000 	C:\Windows\System32\rasadhlp.dll
0x00007ffbb8370000 - 0x00007ffbb83f6000 	C:\WINDOWS\System32\fwpuclnt.dll

JVMTI agents:
c:\Users\ramir\.vscode\extensions\redhat.java-1.47.0-win32-x64\lombok\lombok-1.18.39-4050.jar path:c:\Users\ramir\.vscode\extensions\redhat.java-1.47.0-win32-x64\jre\21.0.8-win32-x86_64\bin\instrument.dll, loaded, initialized, instrumentlib options:none

dbghelp: loaded successfully - version: 4.0.5 - missing functions: none
symbol engine: initialized successfully - sym options: 0x614 - pdb path: .;c:\Users\ramir\.vscode\extensions\redhat.java-1.47.0-win32-x64\jre\21.0.8-win32-x86_64\bin;C:\WINDOWS\SYSTEM32;C:\WINDOWS\WinSxS\amd64_microsoft.windows.common-controls_6595b64144ccf1df_6.0.26100.7019_none_3e06ffa0e335b8a8;c:\Users\ramir\.vscode\extensions\redhat.java-1.47.0-win32-x64\jre\21.0.8-win32-x86_64\bin\server;C:\Users\ramir\AppData\Roaming\Code\User\globalStorage\redhat.java\1.47.0\config_win\org.eclipse.equinox.launcher\org.eclipse.equinox.launcher.win32.win32.x86_64_1.2.1400.v20250801-0854;C:\Users\ramir\AppData\Local\Temp\jna-108279239

VM Arguments:
jvm_args: --add-modules=ALL-SYSTEM --add-opens=java.base/java.util=ALL-UNNAMED --add-opens=java.base/java.lang=ALL-UNNAMED --add-opens=java.base/sun.nio.fs=ALL-UNNAMED -Declipse.application=org.eclipse.jdt.ls.core.id1 -Dosgi.bundles.defaultStartLevel=4 -Declipse.product=org.eclipse.jdt.ls.core.product -Djava.import.generatesMetadataFilesAtProjectRoot=false -DDetectVMInstallationsJob.disabled=true -Dfile.encoding=utf8 -XX:+UseParallelGC -XX:GCTimeRatio=4 -XX:AdaptiveSizePolicyWeight=90 -Dsun.zip.disableMemoryMapping=true -Xmx2G -Xms100m -Xlog:disable -javaagent:c:\Users\ramir\.vscode\extensions\redhat.java-1.47.0-win32-x64\lombok\lombok-1.18.39-4050.jar -XX:+HeapDumpOnOutOfMemoryError -XX:HeapDumpPath=c:\Users\ramir\AppData\Roaming\Code\User\workspaceStorage\46d5d728171aacb383eedf91ecaba8d8\redhat.java -Daether.dependencyCollector.impl=bf 
java_command: c:\Users\ramir\.vscode\extensions\redhat.java-1.47.0-win32-x64\server\plugins\org.eclipse.equinox.launcher_1.7.100.v20251014-1222.jar -configuration c:\Users\ramir\AppData\Roaming\Code\User\globalStorage\redhat.java\1.47.0\config_win -data c:\Users\ramir\AppData\Roaming\Code\User\workspaceStorage\46d5d728171aacb383eedf91ecaba8d8\redhat.java\jdt_ws --pipe=\\.\pipe\lsp-90a6732b6047cba770d96855c3abe99d-sock
java_class_path (initial): c:\Users\ramir\.vscode\extensions\redhat.java-1.47.0-win32-x64\server\plugins\org.eclipse.equinox.launcher_1.7.100.v20251014-1222.jar
Launcher Type: SUN_STANDARD

[Global flags]
    uintx AdaptiveSizePolicyWeight                 = 90                                        {product} {command line}
     intx CICompilerCount                          = 4                                         {product} {ergonomic}
    uintx GCTimeRatio                              = 4                                         {product} {command line}
     bool HeapDumpOnOutOfMemoryError               = true                                   {manageable} {command line}
    ccstr HeapDumpPath                             = c:\Users\ramir\AppData\Roaming\Code\User\workspaceStorage\46d5d728171aacb383eedf91ecaba8d8\redhat.java         {manageable} {command line}
   size_t InitialHeapSize                          = 104857600                                 {product} {command line}
   size_t MaxHeapSize                              = 2147483648                                {product} {command line}
   size_t MaxNewSize                               = 715653120                                 {product} {ergonomic}
   size_t MinHeapDeltaBytes                        = 524288                                    {product} {ergonomic}
   size_t MinHeapSize                              = 104857600                                 {product} {command line}
   size_t NewSize                                  = 34603008                                  {product} {ergonomic}
    uintx NonNMethodCodeHeapSize                   = 5839372                                {pd product} {ergonomic}
    uintx NonProfiledCodeHeapSize                  = 122909434                              {pd product} {ergonomic}
   size_t OldSize                                  = 70254592                                  {product} {ergonomic}
    uintx ProfiledCodeHeapSize                     = 122909434                              {pd product} {ergonomic}
    uintx ReservedCodeCacheSize                    = 251658240                              {pd product} {ergonomic}
     bool SegmentedCodeCache                       = true                                      {product} {ergonomic}
   size_t SoftMaxHeapSize                          = 2147483648                             {manageable} {ergonomic}
     bool UseCompressedOops                        = true                           {product lp64_product} {ergonomic}
     bool UseLargePagesIndividualAllocation        = false                                  {pd product} {ergonomic}
     bool UseParallelGC                            = true                                      {product} {command line}

Logging:
Log output configuration:
 #0: stdout all=off uptime,level,tags foldmultilines=false
 #1: stderr all=off uptime,level,tags foldmultilines=false

Environment Variables:
PATH=C:\app\ramir\product\21c\dbhomeXE\bin;C:\Program Files\Common Files\Oracle\Java\javapath;C:\Program Files (x86)\Common Files\Oracle\Java\javapath;C:\Windows\system32;C:\Windows;C:\Windows\System32\Wbem;C:\Windows\System32\WindowsPowerShell\v1.0\;C:\Windows\System32\OpenSSH\;C:\Program Files (x86)\NVIDIA Corporation\PhysX\Common;C:\Program Files\NVIDIA Corporation\NVIDIA app\NvDLISR;C:\Program Files\Git\cmd;C:\Program Files\Microsoft SQL Server\Client SDK\ODBC\170\Tools\Binn\;C:\Program Files (x86)\Microsoft SQL Server\150\Tools\Binn\;C:\Program Files\Microsoft SQL Server\150\Tools\Binn\;C:\Program Files\Microsoft SQL Server\150\DTS\Binn\;C:\Program Files (x86)\Microsoft SQL Server\150\DTS\Binn\;C:\Program Files\Azure Data Studio\bin;C:\Program Files\MySQL\MySQL Server 9.2\bin;;C:\WINDOWS\system32;C:\WINDOWS;C:\WINDOWS\System32\Wbem;C:\WINDOWS\System32\WindowsPowerShell\v1.0\;C:\WINDOWS\System32\OpenSSH\;C:\Program Files\nodejs\;C:\Users\ramir\AppData\Local\Programs\Python\Launcher\;C:\Users\ramir\AppData\Local\Microsoft\WindowsApps;C:\Users\ramir\AppData\Local\Programs\Microsoft VS Code\bin;C:\Program Files\Azure Data Studio\bin;C:\Users\ramir\OneDrive\Desktop\apache-maven-3.9.9-bin\apache-maven-3.9.9\bin;C:\Users\ramir\AppData\Roaming\npm
USERNAME=ramir
OS=Windows_NT
PROCESSOR_IDENTIFIER=Intel64 Family 6 Model 154 Stepping 3, GenuineIntel
TMP=C:\Users\ramir\AppData\Local\Temp
TEMP=C:\Users\ramir\AppData\Local\Temp




Periodic native trim disabled

---------------  S Y S T E M  ---------------

OS:
 Windows 11 , 64 bit Build 26100 (10.0.26100.7019)
OS uptime: 0 days 20:26 hours
Hyper-V role detected

CPU: total 12 (initial active 12) (6 cores per cpu, 2 threads per core) family 6 model 154 stepping 3 microcode 0x423, cx8, cmov, fxsr, ht, mmx, 3dnowpref, sse, sse2, sse3, ssse3, sse4.1, sse4.2, popcnt, lzcnt, tsc, tscinvbit, avx, avx2, aes, erms, clmul, bmi1, bmi2, adx, sha, fma, vzeroupper, clflush, clflushopt, clwb, hv, serialize, rdtscp, rdpid, fsrm, f16c, cet_ibt, cet_ss
Processor Information for processor 0
  Max Mhz: 2500, Current Mhz: 2500, Mhz Limit: 2500
Processor Information for processor 1
  Max Mhz: 2500, Current Mhz: 2500, Mhz Limit: 2500
Processor Information for processor 2
  Max Mhz: 2500, Current Mhz: 2500, Mhz Limit: 2500
Processor Information for processor 3
  Max Mhz: 2500, Current Mhz: 2500, Mhz Limit: 2500
Processor Information for processor 4
  Max Mhz: 2500, Current Mhz: 2500, Mhz Limit: 2500
Processor Information for processor 5
  Max Mhz: 2500, Current Mhz: 2500, Mhz Limit: 2500
Processor Information for processor 6
  Max Mhz: 2500, Current Mhz: 2500, Mhz Limit: 2500
Processor Information for processor 7
  Max Mhz: 2500, Current Mhz: 2500, Mhz Limit: 2500
Processor Information for processor 8
  Max Mhz: 2500, Current Mhz: 1875, Mhz Limit: 1875
Processor Information for processor 9
  Max Mhz: 2500, Current Mhz: 1875, Mhz Limit: 1875
Processor Information for processor 10
  Max Mhz: 2500, Current Mhz: 1875, Mhz Limit: 1875
Processor Information for processor 11
  Max Mhz: 2500, Current Mhz: 1875, Mhz Limit: 1875

Memory: 4k page, system-wide physical 7896M (149M free)
TotalPageFile size 32472M (AvailPageFile size 74M)
current process WorkingSet (physical memory assigned to process): 7M, peak: 381M
current process commit charge ("private bytes"): 766M, peak: 767M

vm_info: OpenJDK 64-Bit Server VM (21.0.8+9-LTS) for windows-amd64 JRE (21.0.8+9-LTS), built on 2025-07-15T00:00:00Z by "admin" with MS VC++ 17.7 (VS2022)

END.
