#
# There is insufficient memory for the Java Runtime Environment to continue.
# Native memory allocation (malloc) failed to allocate 32744 bytes. Error detail: Chunk::new
# Possible reasons:
#   The system is out of physical RAM or swap space
#   This process is running with CompressedOops enabled, and the Java Heap may be blocking the growth of the native heap
# Possible solutions:
#   Reduce memory load on the system
#   Increase physical memory or swap space
#   Check if swap backing store is full
#   Decrease Java heap size (-Xmx/-Xms)
#   Decrease number of Java threads
#   Decrease Java thread stack sizes (-Xss)
#   Set larger code cache with -XX:ReservedCodeCacheSize=
#   JVM is running with Unscaled Compressed Oops mode in which the Java heap is
#     placed in the first 4GB address space. The Java Heap base address is the
#     maximum limit for the native heap growth. Please use -XX:HeapBaseMinAddress
#     to set the Java Heap base and to place the Java Heap above 4GB virtual address.
# This output file may be truncated or incomplete.
#
#  Out of Memory Error (arena.cpp:168), pid=18088, tid=23424
#
# JRE version: OpenJDK Runtime Environment Temurin-21.0.8+9 (21.0.8+9) (build 21.0.8+9-LTS)
# Java VM: OpenJDK 64-Bit Server VM Temurin-21.0.8+9 (21.0.8+9-LTS, mixed mode, sharing, tiered, compressed oops, compressed class ptrs, parallel gc, windows-amd64)
# No core dump will be written. Minidumps are not enabled by default on client versions of Windows
#

---------------  S U M M A R Y ------------

Command Line: --add-modules=ALL-SYSTEM --add-opens=java.base/java.util=ALL-UNNAMED --add-opens=java.base/java.lang=ALL-UNNAMED --add-opens=java.base/sun.nio.fs=ALL-UNNAMED -Declipse.application=org.eclipse.jdt.ls.core.id1 -Dosgi.bundles.defaultStartLevel=4 -Declipse.product=org.eclipse.jdt.ls.core.product -Djava.import.generatesMetadataFilesAtProjectRoot=false -DDetectVMInstallationsJob.disabled=true -Dfile.encoding=utf8 -XX:+UseParallelGC -XX:GCTimeRatio=4 -XX:AdaptiveSizePolicyWeight=90 -Dsun.zip.disableMemoryMapping=true -Xmx2G -Xms100m -Xlog:disable -javaagent:c:\Users\ramir\.vscode\extensions\redhat.java-1.47.0-win32-x64\lombok\lombok-1.18.39-4050.jar c:\Users\ramir\.vscode\extensions\redhat.java-1.47.0-win32-x64\server\plugins\org.eclipse.equinox.launcher_1.7.100.v20251014-1222.jar -configuration c:\Users\ramir\AppData\Roaming\Code\User\globalStorage\redhat.java\1.47.0\config_ss_win -data c:\Users\ramir\AppData\Roaming\Code\User\workspaceStorage\46d5d728171aacb383eedf91ecaba8d8\redhat.java\ss_ws --pipe=\\.\pipe\lsp-533dc0050793d94a56910e818cd25b00-sock

Host: 12th Gen Intel(R) Core(TM) i5-12450H, 12 cores, 7G,  Windows 11 , 64 bit Build 26100 (10.0.26100.7019)
Time: Sun Nov 16 20:46:14 2025 Hora est. Pacífico, Sudamérica elapsed time: 29.376712 seconds (0d 0h 0m 29s)

---------------  T H R E A D  ---------------

Current thread (0x000001a34db7d9f0):  JavaThread "C2 CompilerThread0" daemon [_thread_in_native, id=23424, stack(0x00000065df800000,0x00000065df900000) (1024K)]


Current CompileTask:
C2:29376 4800       4       org.lombokweb.asm.SymbolTable::addConstantUtf8Reference (20 bytes)

Stack: [0x00000065df800000,0x00000065df900000]
Native frames: (J=compiled Java code, j=interpreted, Vv=VM code, C=native code)
V  [jvm.dll+0x6d2449]
V  [jvm.dll+0x8ae341]
V  [jvm.dll+0x8b08be]
V  [jvm.dll+0x8b0fa3]
V  [jvm.dll+0x280c96]
V  [jvm.dll+0xc581d]
V  [jvm.dll+0xc5d53]
V  [jvm.dll+0xc5945]
V  [jvm.dll+0x6ae837]
V  [jvm.dll+0x8d258]
V  [jvm.dll+0x6689dd]
V  [jvm.dll+0x396a19]
V  [jvm.dll+0x39ed82]
V  [jvm.dll+0x6e2018]
V  [jvm.dll+0x1cba2c]
V  [jvm.dll+0x2f45ac]
V  [jvm.dll+0x6ec842]
V  [jvm.dll+0x6e4833]
V  [jvm.dll+0x6e3f4e]
V  [jvm.dll+0x6e203c]
V  [jvm.dll+0x1cba2c]
V  [jvm.dll+0x2f45ac]
V  [jvm.dll+0x6ec842]
V  [jvm.dll+0x6e4833]
V  [jvm.dll+0x6e3f4e]
V  [jvm.dll+0x6e203c]
V  [jvm.dll+0x1cba2c]
V  [jvm.dll+0x24801e]
V  [jvm.dll+0x1c89ee]
V  [jvm.dll+0x257d4d]
V  [jvm.dll+0x2562ea]
V  [jvm.dll+0x3f2d16]
V  [jvm.dll+0x857e6b]
V  [jvm.dll+0x6d0b0d]
C  [ucrtbase.dll+0x37b0]
C  [KERNEL32.DLL+0x2e8d7]
C  [ntdll.dll+0x8c53c]


---------------  P R O C E S S  ---------------

Threads class SMR info:
_java_thread_list=0x000001a367828d90, length=39, elements={
0x000001a34dac26c0, 0x000001a34db5f3f0, 0x000001a34db617c0, 0x000001a34db65ee0,
0x000001a34db68df0, 0x000001a34db6c1c0, 0x000001a34db6ce70, 0x000001a34db7d9f0,
0x000001a3676e2ac0, 0x000001a34db2c6c0, 0x000001a3679f5730, 0x000001a368c3e810,
0x000001a368df56e0, 0x000001a368df5d40, 0x000001a36d0b2010, 0x000001a36d182dd0,
0x000001a36d3ab430, 0x000001a36777d3a0, 0x000001a3677d3620, 0x000001a36ec4c660,
0x000001a36ec4bfd0, 0x000001a36ec49870, 0x000001a36ec49f00, 0x000001a36ec4a590,
0x000001a36ec4ccf0, 0x000001a36ec4ac20, 0x000001a36ec4b2b0, 0x000001a36ec4b940,
0x000001a3686a8290, 0x000001a3686a8920, 0x000001a3686a61c0, 0x000001a3686a8fb0,
0x000001a3686a9640, 0x000001a3686a9cd0, 0x000001a3686a6850, 0x000001a3686a7c00,
0x000001a3686aa360, 0x000001a3686a5130, 0x000001a36e4f3e90
}

Java Threads: ( => current thread )
  0x000001a34dac26c0 JavaThread "main"                              [_thread_blocked, id=19984, stack(0x00000065dee00000,0x00000065def00000) (1024K)]
  0x000001a34db5f3f0 JavaThread "Reference Handler"          daemon [_thread_blocked, id=35540, stack(0x00000065df200000,0x00000065df300000) (1024K)]
  0x000001a34db617c0 JavaThread "Finalizer"                  daemon [_thread_blocked, id=16988, stack(0x00000065df300000,0x00000065df400000) (1024K)]
  0x000001a34db65ee0 JavaThread "Signal Dispatcher"          daemon [_thread_blocked, id=25036, stack(0x00000065df400000,0x00000065df500000) (1024K)]
  0x000001a34db68df0 JavaThread "Attach Listener"            daemon [_thread_blocked, id=34992, stack(0x00000065df500000,0x00000065df600000) (1024K)]
  0x000001a34db6c1c0 JavaThread "Service Thread"             daemon [_thread_blocked, id=33428, stack(0x00000065df600000,0x00000065df700000) (1024K)]
  0x000001a34db6ce70 JavaThread "Monitor Deflation Thread"   daemon [_thread_blocked, id=37380, stack(0x00000065df700000,0x00000065df800000) (1024K)]
=>0x000001a34db7d9f0 JavaThread "C2 CompilerThread0"         daemon [_thread_in_native, id=23424, stack(0x00000065df800000,0x00000065df900000) (1024K)]
  0x000001a3676e2ac0 JavaThread "C1 CompilerThread0"         daemon [_thread_blocked, id=1792, stack(0x00000065df900000,0x00000065dfa00000) (1024K)]
  0x000001a34db2c6c0 JavaThread "Common-Cleaner"             daemon [_thread_blocked, id=14512, stack(0x00000065dfa00000,0x00000065dfb00000) (1024K)]
  0x000001a3679f5730 JavaThread "Notification Thread"        daemon [_thread_blocked, id=33016, stack(0x00000065dfb00000,0x00000065dfc00000) (1024K)]
  0x000001a368c3e810 JavaThread "Active Thread: Equinox Container: 84150741-4f1a-431d-bcfe-7e29cebb77f9"        [_thread_blocked, id=19028, stack(0x00000065e0300000,0x00000065e0400000) (1024K)]
  0x000001a368df56e0 JavaThread "Framework Event Dispatcher: Equinox Container: 84150741-4f1a-431d-bcfe-7e29cebb77f9" daemon [_thread_blocked, id=6060, stack(0x00000065e0400000,0x00000065e0500000) (1024K)]
  0x000001a368df5d40 JavaThread "Start Level: Equinox Container: 84150741-4f1a-431d-bcfe-7e29cebb77f9" daemon [_thread_blocked, id=36364, stack(0x00000065e0500000,0x00000065e0600000) (1024K)]
  0x000001a36d0b2010 JavaThread "SCR Component Actor"        daemon [_thread_blocked, id=35632, stack(0x00000065dfc00000,0x00000065dfd00000) (1024K)]
  0x000001a36d182dd0 JavaThread "Worker-JM"                         [_thread_blocked, id=14840, stack(0x00000065e0800000,0x00000065e0900000) (1024K)]
  0x000001a36d3ab430 JavaThread "JNA Cleaner"                daemon [_thread_blocked, id=20352, stack(0x00000065e0a00000,0x00000065e0b00000) (1024K)]
  0x000001a36777d3a0 JavaThread "Worker-0"                          [_thread_blocked, id=31856, stack(0x00000065e0b00000,0x00000065e0c00000) (1024K)]
  0x000001a3677d3620 JavaThread "Worker-1"                          [_thread_blocked, id=36216, stack(0x00000065e0c00000,0x00000065e0d00000) (1024K)]
  0x000001a36ec4c660 JavaThread "Thread-1"                   daemon [_thread_in_native, id=23360, stack(0x00000065e0f00000,0x00000065e1000000) (1024K)]
  0x000001a36ec4bfd0 JavaThread "Thread-2"                   daemon [_thread_in_native, id=35420, stack(0x00000065e1000000,0x00000065e1100000) (1024K)]
  0x000001a36ec49870 JavaThread "Thread-3"                   daemon [_thread_in_native, id=20132, stack(0x00000065e1100000,0x00000065e1200000) (1024K)]
  0x000001a36ec49f00 JavaThread "Thread-4"                   daemon [_thread_in_native, id=36280, stack(0x00000065e1200000,0x00000065e1300000) (1024K)]
  0x000001a36ec4a590 JavaThread "Thread-5"                   daemon [_thread_in_native, id=21764, stack(0x00000065e1300000,0x00000065e1400000) (1024K)]
  0x000001a36ec4ccf0 JavaThread "Thread-6"                   daemon [_thread_in_native, id=36576, stack(0x00000065e1400000,0x00000065e1500000) (1024K)]
  0x000001a36ec4ac20 JavaThread "Thread-7"                   daemon [_thread_in_native, id=37800, stack(0x00000065e1500000,0x00000065e1600000) (1024K)]
  0x000001a36ec4b2b0 JavaThread "Thread-8"                   daemon [_thread_in_native, id=11988, stack(0x00000065e1600000,0x00000065e1700000) (1024K)]
  0x000001a36ec4b940 JavaThread "Thread-9"                   daemon [_thread_in_native, id=3956, stack(0x00000065e1700000,0x00000065e1800000) (1024K)]
  0x000001a3686a8290 JavaThread "Thread-10"                  daemon [_thread_in_native, id=9540, stack(0x00000065e1800000,0x00000065e1900000) (1024K)]
  0x000001a3686a8920 JavaThread "Thread-11"                  daemon [_thread_in_native, id=33868, stack(0x00000065e1900000,0x00000065e1a00000) (1024K)]
  0x000001a3686a61c0 JavaThread "Thread-12"                  daemon [_thread_in_native, id=16840, stack(0x00000065e1a00000,0x00000065e1b00000) (1024K)]
  0x000001a3686a8fb0 JavaThread "Thread-13"                  daemon [_thread_in_native, id=31584, stack(0x00000065e1b00000,0x00000065e1c00000) (1024K)]
  0x000001a3686a9640 JavaThread "pool-2-thread-1"                   [_thread_blocked, id=8700, stack(0x00000065e1c00000,0x00000065e1d00000) (1024K)]
  0x000001a3686a9cd0 JavaThread "Worker-2"                          [_thread_blocked, id=7528, stack(0x00000065e1d00000,0x00000065e1e00000) (1024K)]
  0x000001a3686a6850 JavaThread "WorkspaceEventsHandler"            [_thread_blocked, id=29716, stack(0x00000065e1e00000,0x00000065e1f00000) (1024K)]
  0x000001a3686a7c00 JavaThread "pool-1-thread-1"                   [_thread_in_Java, id=30184, stack(0x00000065e1f00000,0x00000065e2000000) (1024K)]
  0x000001a3686aa360 JavaThread "ForkJoinPool.commonPool-worker-1" daemon [_thread_blocked, id=2248, stack(0x00000065e2000000,0x00000065e2100000) (1024K)]
  0x000001a3686a5130 JavaThread "C2 CompilerThread1"         daemon [_thread_in_native, id=9292, stack(0x00000065e2100000,0x00000065e2200000) (1024K)]
  0x000001a36e4f3e90 JavaThread "C2 CompilerThread2"         daemon [_thread_in_native, id=31300, stack(0x00000065e2200000,0x00000065e2300000) (1024K)]
Total: 39

Other Threads:
  0x000001a3662623c0 VMThread "VM Thread"                           [id=6004, stack(0x00000065df100000,0x00000065df200000) (1024K)]
  0x000001a36615ca00 WatcherThread "VM Periodic Task Thread"        [id=13336, stack(0x00000065df000000,0x00000065df100000) (1024K)]
  0x000001a34dae0a00 WorkerThread "GC Thread#0"                     [id=36380, stack(0x00000065def00000,0x00000065df000000) (1024K)]
  0x000001a368b24880 WorkerThread "GC Thread#1"                     [id=10760, stack(0x00000065dfd00000,0x00000065dfe00000) (1024K)]
  0x000001a368a64b80 WorkerThread "GC Thread#2"                     [id=32048, stack(0x00000065dfe00000,0x00000065dff00000) (1024K)]
  0x000001a368a64f20 WorkerThread "GC Thread#3"                     [id=21040, stack(0x00000065dff00000,0x00000065e0000000) (1024K)]
  0x000001a368cae930 WorkerThread "GC Thread#4"                     [id=33540, stack(0x00000065e0000000,0x00000065e0100000) (1024K)]
  0x000001a368caecd0 WorkerThread "GC Thread#5"                     [id=30504, stack(0x00000065e0100000,0x00000065e0200000) (1024K)]
  0x000001a368caf070 WorkerThread "GC Thread#6"                     [id=25588, stack(0x00000065e0200000,0x00000065e0300000) (1024K)]
  0x000001a368e6ee60 WorkerThread "GC Thread#7"                     [id=18084, stack(0x00000065e0600000,0x00000065e0700000) (1024K)]
  0x000001a36d1b44a0 WorkerThread "GC Thread#8"                     [id=13548, stack(0x00000065e0700000,0x00000065e0800000) (1024K)]
  0x000001a36d248610 WorkerThread "GC Thread#9"                     [id=24832, stack(0x00000065e0900000,0x00000065e0a00000) (1024K)]
Total: 12

Threads with active compile tasks:
C2 CompilerThread0  29440 4800       4       org.lombokweb.asm.SymbolTable::addConstantUtf8Reference (20 bytes)
C2 CompilerThread1  29440 4816 %     4       org.lombokweb.asm.SymbolTable::<init> @ 98 (554 bytes)
C2 CompilerThread2  29440 4840       4       java.util.regex.Matcher::search (154 bytes)
Total: 3

VM state: not at safepoint (normal execution)

VM Mutex/Monitor currently owned by a thread: None

Heap address: 0x0000000080000000, size: 2048 MB, Compressed Oops mode: 32-bit

CDS archive(s) mapped at: [0x000001a300000000-0x000001a300ba0000-0x000001a300ba0000), size 12189696, SharedBaseAddress: 0x000001a300000000, ArchiveRelocationMode: 1.
Compressed class space mapped at: 0x000001a301000000-0x000001a341000000, reserved size: 1073741824
Narrow klass base: 0x000001a300000000, Narrow klass shift: 0, Narrow klass range: 0x100000000

GC Precious Log:
 CardTable entry size: 512
 CPUs: 12 total, 12 available
 Memory: 7896M
 Large Page Support: Disabled
 NUMA Support: Disabled
 Compressed Oops: Enabled (32-bit)
 Alignments: Space 512K, Generation 512K, Heap 2M
 Heap Min Capacity: 100M
 Heap Initial Capacity: 100M
 Heap Max Capacity: 2G
 Pre-touch: Disabled
 Parallel Workers: 10

Heap:
 PSYoungGen      total 22528K, used 19187K [0x00000000d5580000, 0x00000000d6c80000, 0x0000000100000000)
  eden space 20992K, 88% used [0x00000000d5580000,0x00000000d67acd98,0x00000000d6a00000)
  from space 1536K, 37% used [0x00000000d6a00000,0x00000000d6a90000,0x00000000d6b80000)
  to   space 1024K, 0% used [0x00000000d6b80000,0x00000000d6b80000,0x00000000d6c80000)
 ParOldGen       total 68608K, used 28477K [0x0000000080000000, 0x0000000084300000, 0x00000000d5580000)
  object space 68608K, 41% used [0x0000000080000000,0x0000000081bcf670,0x0000000084300000)
 Metaspace       used 36522K, committed 37504K, reserved 1114112K
  class space    used 3703K, committed 4160K, reserved 1048576K

Card table byte_map: [0x000001a361590000,0x000001a3619a0000] _byte_map_base: 0x000001a361190000

Marking Bits: (ParMarkBitMap*) 0x00007ffcd340a340
 Begin Bits: [0x000001a361c50000, 0x000001a363c50000)
 End Bits:   [0x000001a363c50000, 0x000001a365c50000)

Polling page: 0x000001a34d840000

Metaspace:

Usage:
  Non-class:     32.05 MB used.
      Class:      3.62 MB used.
       Both:     35.67 MB used.

Virtual space:
  Non-class space:       64.00 MB reserved,      32.56 MB ( 51%) committed,  1 nodes.
      Class space:        1.00 GB reserved,       4.06 MB ( <1%) committed,  1 nodes.
             Both:        1.06 GB reserved,      36.62 MB (  3%) committed. 

Chunk freelists:
   Non-Class:  14.81 MB
       Class:  11.92 MB
        Both:  26.73 MB

MaxMetaspaceSize: unlimited
CompressedClassSpaceSize: 1.00 GB
Initial GC threshold: 21.00 MB
Current GC threshold: 58.38 MB
CDS: on
 - commit_granule_bytes: 65536.
 - commit_granule_words: 8192.
 - virtual_space_node_default_size: 8388608.
 - enlarge_chunks_in_place: 1.
 - use_allocation_guard: 0.


Internal statistics:

num_allocs_failed_limit: 6.
num_arena_births: 740.
num_arena_deaths: 38.
num_vsnodes_births: 2.
num_vsnodes_deaths: 0.
num_space_committed: 586.
num_space_uncommitted: 0.
num_chunks_returned_to_freelist: 51.
num_chunks_taken_from_freelist: 2263.
num_chunk_merges: 14.
num_chunk_splits: 1430.
num_chunks_enlarged: 887.
num_inconsistent_stats: 0.

CodeHeap 'non-profiled nmethods': size=120000Kb used=2303Kb max_used=2501Kb free=117696Kb
 bounds [0x000001a359e80000, 0x000001a35a100000, 0x000001a3613b0000]
CodeHeap 'profiled nmethods': size=120000Kb used=9435Kb max_used=9884Kb free=110564Kb
 bounds [0x000001a3523b0000, 0x000001a352d80000, 0x000001a3598e0000]
CodeHeap 'non-nmethods': size=5760Kb used=1374Kb max_used=1394Kb free=4385Kb
 bounds [0x000001a3598e0000, 0x000001a359b50000, 0x000001a359e80000]
CodeCache: size=245760Kb, used=13112Kb, max_used=13779Kb, free=232645Kb
 total_blobs=5121, nmethods=4446, adapters=581, full_count=0
Compilation: enabled, stopped_count=0, restarted_count=0

Compilation events (20 events):
Event: 25.242 Thread 0x000001a3676e2ac0 nmethod 4790 0x000001a359edb890 code [0x000001a359edba20, 0x000001a359edbaf0]
Event: 25.242 Thread 0x000001a3676e2ac0 4791       1       lombok.core.LombokNode::down (5 bytes)
Event: 25.243 Thread 0x000001a3676e2ac0 nmethod 4791 0x000001a359f13310 code [0x000001a359f134a0, 0x000001a359f13568]
Event: 25.243 Thread 0x000001a3676e2ac0 4792       3       java.net.URI::toLower (19 bytes)
Event: 25.243 Thread 0x000001a3676e2ac0 nmethod 4792 0x000001a352496310 code [0x000001a3524964c0, 0x000001a352496640]
Event: 25.243 Thread 0x000001a3676e2ac0 4794   !   3       lombok.eclipse.EclipseNode::$SWITCH_TABLE$lombok$core$AST$Kind (157 bytes)
Event: 25.244 Thread 0x000001a3676e2ac0 nmethod 4794 0x000001a35243de10 code [0x000001a35243e020, 0x000001a35243e6c0]
Event: 25.244 Thread 0x000001a3676e2ac0 4793       3       java.io.File::getParent (65 bytes)
Event: 25.244 Thread 0x000001a3676e2ac0 nmethod 4793 0x000001a3523b3490 code [0x000001a3523b36e0, 0x000001a3523b3da8]
Event: 26.257 Thread 0x000001a3676e2ac0 4795       3       java.lang.invoke.DelegatingMethodHandle::<init> (10 bytes)
Event: 26.258 Thread 0x000001a3676e2ac0 nmethod 4795 0x000001a352439690 code [0x000001a352439860, 0x000001a352439c20]
Event: 26.258 Thread 0x000001a3676e2ac0 4796       3       java.lang.invoke.DelegatingMethodHandle::chooseDelegatingForm (24 bytes)
Event: 26.258 Thread 0x000001a3676e2ac0 nmethod 4796 0x000001a352597190 code [0x000001a352597360, 0x000001a352597680]
Event: 26.263 Thread 0x000001a3676e2ac0 4797       3       org.eclipse.jdt.internal.compiler.parser.Parser::pushOnIntStack (54 bytes)
Event: 26.263 Thread 0x000001a3676e2ac0 nmethod 4797 0x000001a352643010 code [0x000001a3526431c0, 0x000001a3526434a8]
Event: 26.273 Thread 0x000001a3676e2ac0 4798       3       java.lang.invoke.LambdaFormBuffer::insertName (106 bytes)
Event: 26.274 Thread 0x000001a3676e2ac0 nmethod 4798 0x000001a352560990 code [0x000001a352560b60, 0x000001a352560d88]
Event: 26.325 Thread 0x000001a34db7d9f0 4799       4       jdk.internal.org.objectweb.asm.MethodWriter::visitEnd (1 bytes)
Event: 26.325 Thread 0x000001a34db7d9f0 nmethod 4799 0x000001a359fa9910 code [0x000001a359fa9aa0, 0x000001a359fa9b28]
Event: 26.342 Thread 0x000001a34db7d9f0 4800       4       org.lombokweb.asm.SymbolTable::addConstantUtf8Reference (20 bytes)

GC Heap History (20 events):
Event: 19.590 GC heap before
{Heap before GC invocations=12 (full 1):
 PSYoungGen      total 25088K, used 24750K [0x00000000d5580000, 0x00000000d7380000, 0x0000000100000000)
  eden space 22016K, 100% used [0x00000000d5580000,0x00000000d6b00000,0x00000000d6b00000)
  from space 3072K, 88% used [0x00000000d7080000,0x00000000d732b848,0x00000000d7380000)
  to   space 3584K, 0% used [0x00000000d6c80000,0x00000000d6c80000,0x00000000d7000000)
 ParOldGen       total 68608K, used 13531K [0x0000000080000000, 0x0000000084300000, 0x00000000d5580000)
  object space 68608K, 19% used [0x0000000080000000,0x0000000080d36c88,0x0000000084300000)
 Metaspace       used 31873K, committed 32832K, reserved 1114112K
  class space    used 3203K, committed 3648K, reserved 1048576K
}
Event: 19.596 GC heap after
{Heap after GC invocations=12 (full 1):
 PSYoungGen      total 24576K, used 2080K [0x00000000d5580000, 0x00000000d7100000, 0x0000000100000000)
  eden space 22016K, 0% used [0x00000000d5580000,0x00000000d5580000,0x00000000d6b00000)
  from space 2560K, 81% used [0x00000000d6c80000,0x00000000d6e88010,0x00000000d6f00000)
  to   space 2048K, 0% used [0x00000000d6f00000,0x00000000d6f00000,0x00000000d7100000)
 ParOldGen       total 68608K, used 16099K [0x0000000080000000, 0x0000000084300000, 0x00000000d5580000)
  object space 68608K, 23% used [0x0000000080000000,0x0000000080fb8e30,0x0000000084300000)
 Metaspace       used 31873K, committed 32832K, reserved 1114112K
  class space    used 3203K, committed 3648K, reserved 1048576K
}
Event: 19.956 GC heap before
{Heap before GC invocations=13 (full 1):
 PSYoungGen      total 24576K, used 24096K [0x00000000d5580000, 0x00000000d7100000, 0x0000000100000000)
  eden space 22016K, 100% used [0x00000000d5580000,0x00000000d6b00000,0x00000000d6b00000)
  from space 2560K, 81% used [0x00000000d6c80000,0x00000000d6e88010,0x00000000d6f00000)
  to   space 2048K, 0% used [0x00000000d6f00000,0x00000000d6f00000,0x00000000d7100000)
 ParOldGen       total 68608K, used 16099K [0x0000000080000000, 0x0000000084300000, 0x00000000d5580000)
  object space 68608K, 23% used [0x0000000080000000,0x0000000080fb8e30,0x0000000084300000)
 Metaspace       used 32281K, committed 33280K, reserved 1114112K
  class space    used 3268K, committed 3712K, reserved 1048576K
}
Event: 19.961 GC heap after
{Heap after GC invocations=13 (full 1):
 PSYoungGen      total 23040K, used 2018K [0x00000000d5580000, 0x00000000d7500000, 0x0000000100000000)
  eden space 20992K, 0% used [0x00000000d5580000,0x00000000d5580000,0x00000000d6a00000)
  from space 2048K, 98% used [0x00000000d6f00000,0x00000000d70f8820,0x00000000d7100000)
  to   space 5120K, 0% used [0x00000000d6a00000,0x00000000d6a00000,0x00000000d6f00000)
 ParOldGen       total 68608K, used 18399K [0x0000000080000000, 0x0000000084300000, 0x00000000d5580000)
  object space 68608K, 26% used [0x0000000080000000,0x00000000811f7f78,0x0000000084300000)
 Metaspace       used 32281K, committed 33280K, reserved 1114112K
  class space    used 3268K, committed 3712K, reserved 1048576K
}
Event: 20.148 GC heap before
{Heap before GC invocations=14 (full 1):
 PSYoungGen      total 23040K, used 23010K [0x00000000d5580000, 0x00000000d7500000, 0x0000000100000000)
  eden space 20992K, 100% used [0x00000000d5580000,0x00000000d6a00000,0x00000000d6a00000)
  from space 2048K, 98% used [0x00000000d6f00000,0x00000000d70f8820,0x00000000d7100000)
  to   space 5120K, 0% used [0x00000000d6a00000,0x00000000d6a00000,0x00000000d6f00000)
 ParOldGen       total 68608K, used 18399K [0x0000000080000000, 0x0000000084300000, 0x00000000d5580000)
  object space 68608K, 26% used [0x0000000080000000,0x00000000811f7f78,0x0000000084300000)
 Metaspace       used 32304K, committed 33280K, reserved 1114112K
  class space    used 3268K, committed 3712K, reserved 1048576K
}
Event: 20.153 GC heap after
{Heap after GC invocations=14 (full 1):
 PSYoungGen      total 23552K, used 2112K [0x00000000d5580000, 0x00000000d7000000, 0x0000000100000000)
  eden space 20992K, 0% used [0x00000000d5580000,0x00000000d5580000,0x00000000d6a00000)
  from space 2560K, 82% used [0x00000000d6a00000,0x00000000d6c10000,0x00000000d6c80000)
  to   space 3072K, 0% used [0x00000000d6d00000,0x00000000d6d00000,0x00000000d7000000)
 ParOldGen       total 68608K, used 20398K [0x0000000080000000, 0x0000000084300000, 0x00000000d5580000)
  object space 68608K, 29% used [0x0000000080000000,0x00000000813eb8c0,0x0000000084300000)
 Metaspace       used 32304K, committed 33280K, reserved 1114112K
  class space    used 3268K, committed 3712K, reserved 1048576K
}
Event: 20.294 GC heap before
{Heap before GC invocations=15 (full 1):
 PSYoungGen      total 23552K, used 23104K [0x00000000d5580000, 0x00000000d7000000, 0x0000000100000000)
  eden space 20992K, 100% used [0x00000000d5580000,0x00000000d6a00000,0x00000000d6a00000)
  from space 2560K, 82% used [0x00000000d6a00000,0x00000000d6c10000,0x00000000d6c80000)
  to   space 3072K, 0% used [0x00000000d6d00000,0x00000000d6d00000,0x00000000d7000000)
 ParOldGen       total 68608K, used 20398K [0x0000000080000000, 0x0000000084300000, 0x00000000d5580000)
  object space 68608K, 29% used [0x0000000080000000,0x00000000813eb8c0,0x0000000084300000)
 Metaspace       used 32309K, committed 33280K, reserved 1114112K
  class space    used 3269K, committed 3712K, reserved 1048576K
}
Event: 20.299 GC heap after
{Heap after GC invocations=15 (full 1):
 PSYoungGen      total 23040K, used 1956K [0x00000000d5580000, 0x00000000d6f00000, 0x0000000100000000)
  eden space 20992K, 0% used [0x00000000d5580000,0x00000000d5580000,0x00000000d6a00000)
  from space 2048K, 95% used [0x00000000d6d00000,0x00000000d6ee9000,0x00000000d6f00000)
  to   space 2560K, 0% used [0x00000000d6a00000,0x00000000d6a00000,0x00000000d6c80000)
 ParOldGen       total 68608K, used 22412K [0x0000000080000000, 0x0000000084300000, 0x00000000d5580000)
  object space 68608K, 32% used [0x0000000080000000,0x00000000815e3270,0x0000000084300000)
 Metaspace       used 32309K, committed 33280K, reserved 1114112K
  class space    used 3269K, committed 3712K, reserved 1048576K
}
Event: 20.568 GC heap before
{Heap before GC invocations=16 (full 1):
 PSYoungGen      total 23040K, used 22948K [0x00000000d5580000, 0x00000000d6f00000, 0x0000000100000000)
  eden space 20992K, 100% used [0x00000000d5580000,0x00000000d6a00000,0x00000000d6a00000)
  from space 2048K, 95% used [0x00000000d6d00000,0x00000000d6ee9000,0x00000000d6f00000)
  to   space 2560K, 0% used [0x00000000d6a00000,0x00000000d6a00000,0x00000000d6c80000)
 ParOldGen       total 68608K, used 22412K [0x0000000080000000, 0x0000000084300000, 0x00000000d5580000)
  object space 68608K, 32% used [0x0000000080000000,0x00000000815e3270,0x0000000084300000)
 Metaspace       used 32339K, committed 33344K, reserved 1114112K
  class space    used 3269K, committed 3712K, reserved 1048576K
}
Event: 20.572 GC heap after
{Heap after GC invocations=16 (full 1):
 PSYoungGen      total 23552K, used 2208K [0x00000000d5580000, 0x00000000d6f00000, 0x0000000100000000)
  eden space 20992K, 0% used [0x00000000d5580000,0x00000000d5580000,0x00000000d6a00000)
  from space 2560K, 86% used [0x00000000d6a00000,0x00000000d6c28010,0x00000000d6c80000)
  to   space 2560K, 0% used [0x00000000d6c80000,0x00000000d6c80000,0x00000000d6f00000)
 ParOldGen       total 68608K, used 24236K [0x0000000080000000, 0x0000000084300000, 0x00000000d5580000)
  object space 68608K, 35% used [0x0000000080000000,0x00000000817ab370,0x0000000084300000)
 Metaspace       used 32339K, committed 33344K, reserved 1114112K
  class space    used 3269K, committed 3712K, reserved 1048576K
}
Event: 20.800 GC heap before
{Heap before GC invocations=17 (full 1):
 PSYoungGen      total 23552K, used 23200K [0x00000000d5580000, 0x00000000d6f00000, 0x0000000100000000)
  eden space 20992K, 100% used [0x00000000d5580000,0x00000000d6a00000,0x00000000d6a00000)
  from space 2560K, 86% used [0x00000000d6a00000,0x00000000d6c28010,0x00000000d6c80000)
  to   space 2560K, 0% used [0x00000000d6c80000,0x00000000d6c80000,0x00000000d6f00000)
 ParOldGen       total 68608K, used 24236K [0x0000000080000000, 0x0000000084300000, 0x00000000d5580000)
  object space 68608K, 35% used [0x0000000080000000,0x00000000817ab370,0x0000000084300000)
 Metaspace       used 32405K, committed 33408K, reserved 1114112K
  class space    used 3272K, committed 3712K, reserved 1048576K
}
Event: 20.806 GC heap after
{Heap after GC invocations=17 (full 1):
 PSYoungGen      total 23040K, used 1944K [0x00000000d5580000, 0x00000000d6e80000, 0x0000000100000000)
  eden space 20992K, 0% used [0x00000000d5580000,0x00000000d5580000,0x00000000d6a00000)
  from space 2048K, 94% used [0x00000000d6c80000,0x00000000d6e66200,0x00000000d6e80000)
  to   space 2048K, 0% used [0x00000000d6a80000,0x00000000d6a80000,0x00000000d6c80000)
 ParOldGen       total 68608K, used 26324K [0x0000000080000000, 0x0000000084300000, 0x00000000d5580000)
  object space 68608K, 38% used [0x0000000080000000,0x00000000819b5380,0x0000000084300000)
 Metaspace       used 32405K, committed 33408K, reserved 1114112K
  class space    used 3272K, committed 3712K, reserved 1048576K
}
Event: 21.648 GC heap before
{Heap before GC invocations=18 (full 1):
 PSYoungGen      total 23040K, used 22919K [0x00000000d5580000, 0x00000000d6e80000, 0x0000000100000000)
  eden space 20992K, 99% used [0x00000000d5580000,0x00000000d69fbb80,0x00000000d6a00000)
  from space 2048K, 94% used [0x00000000d6c80000,0x00000000d6e66200,0x00000000d6e80000)
  to   space 2048K, 0% used [0x00000000d6a80000,0x00000000d6a80000,0x00000000d6c80000)
 ParOldGen       total 68608K, used 26324K [0x0000000080000000, 0x0000000084300000, 0x00000000d5580000)
  object space 68608K, 38% used [0x0000000080000000,0x00000000819b5380,0x0000000084300000)
 Metaspace       used 33494K, committed 34432K, reserved 1114112K
  class space    used 3422K, committed 3840K, reserved 1048576K
}
Event: 21.696 GC heap after
{Heap after GC invocations=18 (full 1):
 PSYoungGen      total 22528K, used 1469K [0x00000000d5580000, 0x00000000d6e00000, 0x0000000100000000)
  eden space 20992K, 0% used [0x00000000d5580000,0x00000000d5580000,0x00000000d6a00000)
  from space 1536K, 95% used [0x00000000d6a80000,0x00000000d6bef778,0x00000000d6c00000)
  to   space 2048K, 0% used [0x00000000d6c00000,0x00000000d6c00000,0x00000000d6e00000)
 ParOldGen       total 68608K, used 28109K [0x0000000080000000, 0x0000000084300000, 0x00000000d5580000)
  object space 68608K, 40% used [0x0000000080000000,0x0000000081b73580,0x0000000084300000)
 Metaspace       used 33494K, committed 34432K, reserved 1114112K
  class space    used 3422K, committed 3840K, reserved 1048576K
}
Event: 24.276 GC heap before
{Heap before GC invocations=19 (full 1):
 PSYoungGen      total 22528K, used 16599K [0x00000000d5580000, 0x00000000d6e00000, 0x0000000100000000)
  eden space 20992K, 72% used [0x00000000d5580000,0x00000000d6446530,0x00000000d6a00000)
  from space 1536K, 95% used [0x00000000d6a80000,0x00000000d6bef778,0x00000000d6c00000)
  to   space 2048K, 0% used [0x00000000d6c00000,0x00000000d6c00000,0x00000000d6e00000)
 ParOldGen       total 68608K, used 28109K [0x0000000080000000, 0x0000000084300000, 0x00000000d5580000)
  object space 68608K, 40% used [0x0000000080000000,0x0000000081b73580,0x0000000084300000)
 Metaspace       used 34872K, committed 35840K, reserved 1114112K
  class space    used 3558K, committed 4032K, reserved 1048576K
}
Event: 24.279 GC heap after
{Heap after GC invocations=19 (full 1):
 PSYoungGen      total 22016K, used 728K [0x00000000d5580000, 0x00000000d6d00000, 0x0000000100000000)
  eden space 20992K, 0% used [0x00000000d5580000,0x00000000d5580000,0x00000000d6a00000)
  from space 1024K, 71% used [0x00000000d6c00000,0x00000000d6cb60a0,0x00000000d6d00000)
  to   space 1536K, 0% used [0x00000000d6a00000,0x00000000d6a00000,0x00000000d6b80000)
 ParOldGen       total 68608K, used 29415K [0x0000000080000000, 0x0000000084300000, 0x00000000d5580000)
  object space 68608K, 42% used [0x0000000080000000,0x0000000081cb9c08,0x0000000084300000)
 Metaspace       used 34872K, committed 35840K, reserved 1114112K
  class space    used 3558K, committed 4032K, reserved 1048576K
}
Event: 24.279 GC heap before
{Heap before GC invocations=20 (full 2):
 PSYoungGen      total 22016K, used 728K [0x00000000d5580000, 0x00000000d6d00000, 0x0000000100000000)
  eden space 20992K, 0% used [0x00000000d5580000,0x00000000d5580000,0x00000000d6a00000)
  from space 1024K, 71% used [0x00000000d6c00000,0x00000000d6cb60a0,0x00000000d6d00000)
  to   space 1536K, 0% used [0x00000000d6a00000,0x00000000d6a00000,0x00000000d6b80000)
 ParOldGen       total 68608K, used 29415K [0x0000000080000000, 0x0000000084300000, 0x00000000d5580000)
  object space 68608K, 42% used [0x0000000080000000,0x0000000081cb9c08,0x0000000084300000)
 Metaspace       used 34872K, committed 35840K, reserved 1114112K
  class space    used 3558K, committed 4032K, reserved 1048576K
}
Event: 24.366 GC heap after
{Heap after GC invocations=20 (full 2):
 PSYoungGen      total 22016K, used 0K [0x00000000d5580000, 0x00000000d6d00000, 0x0000000100000000)
  eden space 20992K, 0% used [0x00000000d5580000,0x00000000d5580000,0x00000000d6a00000)
  from space 1024K, 0% used [0x00000000d6c00000,0x00000000d6c00000,0x00000000d6d00000)
  to   space 1536K, 0% used [0x00000000d6a00000,0x00000000d6a00000,0x00000000d6b80000)
 ParOldGen       total 68608K, used 28469K [0x0000000080000000, 0x0000000084300000, 0x00000000d5580000)
  object space 68608K, 41% used [0x0000000080000000,0x0000000081bcd670,0x0000000084300000)
 Metaspace       used 34851K, committed 35840K, reserved 1114112K
  class space    used 3552K, committed 4032K, reserved 1048576K
}
Event: 26.291 GC heap before
{Heap before GC invocations=21 (full 2):
 PSYoungGen      total 22016K, used 20992K [0x00000000d5580000, 0x00000000d6d00000, 0x0000000100000000)
  eden space 20992K, 100% used [0x00000000d5580000,0x00000000d6a00000,0x00000000d6a00000)
  from space 1024K, 0% used [0x00000000d6c00000,0x00000000d6c00000,0x00000000d6d00000)
  to   space 1536K, 0% used [0x00000000d6a00000,0x00000000d6a00000,0x00000000d6b80000)
 ParOldGen       total 68608K, used 28469K [0x0000000080000000, 0x0000000084300000, 0x00000000d5580000)
  object space 68608K, 41% used [0x0000000080000000,0x0000000081bcd670,0x0000000084300000)
 Metaspace       used 36269K, committed 37312K, reserved 1114112K
  class space    used 3687K, committed 4160K, reserved 1048576K
}
Event: 26.293 GC heap after
{Heap after GC invocations=21 (full 2):
 PSYoungGen      total 22528K, used 576K [0x00000000d5580000, 0x00000000d6c80000, 0x0000000100000000)
  eden space 20992K, 0% used [0x00000000d5580000,0x00000000d5580000,0x00000000d6a00000)
  from space 1536K, 37% used [0x00000000d6a00000,0x00000000d6a90000,0x00000000d6b80000)
  to   space 1024K, 0% used [0x00000000d6b80000,0x00000000d6b80000,0x00000000d6c80000)
 ParOldGen       total 68608K, used 28477K [0x0000000080000000, 0x0000000084300000, 0x00000000d5580000)
  object space 68608K, 41% used [0x0000000080000000,0x0000000081bcf670,0x0000000084300000)
 Metaspace       used 36269K, committed 37312K, reserved 1114112K
  class space    used 3687K, committed 4160K, reserved 1048576K
}

Dll operation events (10 events):
Event: 0.033 Loaded shared library c:\Users\ramir\.vscode\extensions\redhat.java-1.47.0-win32-x64\jre\21.0.8-win32-x86_64\bin\java.dll
Event: 0.133 Loaded shared library c:\Users\ramir\.vscode\extensions\redhat.java-1.47.0-win32-x64\jre\21.0.8-win32-x86_64\bin\zip.dll
Event: 0.162 Loaded shared library C:\Users\ramir\.vscode\extensions\redhat.java-1.47.0-win32-x64\jre\21.0.8-win32-x86_64\bin\instrument.dll
Event: 0.168 Loaded shared library C:\Users\ramir\.vscode\extensions\redhat.java-1.47.0-win32-x64\jre\21.0.8-win32-x86_64\bin\net.dll
Event: 0.171 Loaded shared library C:\Users\ramir\.vscode\extensions\redhat.java-1.47.0-win32-x64\jre\21.0.8-win32-x86_64\bin\nio.dll
Event: 0.175 Loaded shared library C:\Users\ramir\.vscode\extensions\redhat.java-1.47.0-win32-x64\jre\21.0.8-win32-x86_64\bin\zip.dll
Event: 0.199 Loaded shared library C:\Users\ramir\.vscode\extensions\redhat.java-1.47.0-win32-x64\jre\21.0.8-win32-x86_64\bin\jimage.dll
Event: 0.331 Loaded shared library c:\Users\ramir\.vscode\extensions\redhat.java-1.47.0-win32-x64\jre\21.0.8-win32-x86_64\bin\verify.dll
Event: 2.485 Loaded shared library C:\Users\ramir\AppData\Roaming\Code\User\globalStorage\redhat.java\1.47.0\config_ss_win\org.eclipse.equinox.launcher\org.eclipse.equinox.launcher.win32.win32.x86_64_1.2.1400.v20250801-0854\eclipse_11916.dll
Event: 6.999 Loaded shared library C:\Users\ramir\AppData\Local\Temp\jna-108279239\jna15816879725640575996.dll

Deoptimization events (20 events):
Event: 23.402 Thread 0x000001a3686a7c00 DEOPT PACKING pc=0x000001a35292748d sp=0x00000065e1ffd140
Event: 23.403 Thread 0x000001a3686a7c00 DEOPT UNPACKING pc=0x000001a359934242 sp=0x00000065e1ffc5f0 mode 0
Event: 23.420 Thread 0x000001a3686a7c00 DEOPT PACKING pc=0x000001a35292748d sp=0x00000065e1ffc510
Event: 23.420 Thread 0x000001a3686a7c00 DEOPT UNPACKING pc=0x000001a359934242 sp=0x00000065e1ffb9c0 mode 0
Event: 23.957 Thread 0x000001a3686a7c00 DEOPT PACKING pc=0x000001a352452c78 sp=0x00000065e1ff8c80
Event: 23.957 Thread 0x000001a3686a7c00 DEOPT UNPACKING pc=0x000001a359934242 sp=0x00000065e1ff8168 mode 0
Event: 24.060 Thread 0x000001a3686a7c00 DEOPT PACKING pc=0x000001a3524679b9 sp=0x00000065e1ff8ab0
Event: 24.060 Thread 0x000001a3686a7c00 DEOPT UNPACKING pc=0x000001a359934242 sp=0x00000065e1ff7fb0 mode 0
Event: 24.185 Thread 0x000001a3686a7c00 DEOPT PACKING pc=0x000001a3524679b9 sp=0x00000065e1ff8b00
Event: 24.185 Thread 0x000001a3686a7c00 DEOPT UNPACKING pc=0x000001a359934242 sp=0x00000065e1ff8000 mode 0
Event: 24.588 Thread 0x000001a3686a7c00 DEOPT PACKING pc=0x000001a352ae0e35 sp=0x00000065e1ff8720
Event: 24.588 Thread 0x000001a3686a7c00 DEOPT UNPACKING pc=0x000001a359934242 sp=0x00000065e1ff7c30 mode 0
Event: 24.639 Thread 0x000001a3686a7c00 DEOPT PACKING pc=0x000001a3524679b9 sp=0x00000065e1ffc270
Event: 24.639 Thread 0x000001a3686a7c00 DEOPT UNPACKING pc=0x000001a359934242 sp=0x00000065e1ffb770 mode 0
Event: 24.936 Thread 0x000001a3686a7c00 DEOPT PACKING pc=0x000001a3525f1dfb sp=0x00000065e1ff88a0
Event: 24.936 Thread 0x000001a3686a7c00 DEOPT UNPACKING pc=0x000001a359934242 sp=0x00000065e1ff7dd8 mode 0
Event: 24.973 Thread 0x000001a3686a7c00 Uncommon trap: trap_request=0xffffff45 fr.pc=0x000001a359fab198 relative=0x0000000000000bd8
Event: 24.973 Thread 0x000001a3686a7c00 Uncommon trap: reason=unstable_if action=reinterpret pc=0x000001a359fab198 method=java.util.TreeMap.put(Ljava/lang/Object;Ljava/lang/Object;Z)Ljava/lang/Object; @ 27 c2
Event: 24.973 Thread 0x000001a3686a7c00 DEOPT PACKING pc=0x000001a359fab198 sp=0x00000065e1ffd270
Event: 24.973 Thread 0x000001a3686a7c00 DEOPT UNPACKING pc=0x000001a359933aa2 sp=0x00000065e1ffd210 mode 2

Classes loaded (20 events):
Event: 20.574 Loading class java/lang/invoke/MethodHandleImpl$CountingWrapper$1
Event: 20.575 Loading class java/lang/invoke/MethodHandleImpl$CountingWrapper$1 done
Event: 21.078 Loading class java/lang/ExceptionInInitializerError
Event: 21.078 Loading class java/lang/ExceptionInInitializerError done
Event: 22.181 Loading class sun/misc/Unsafe
Event: 22.182 Loading class sun/misc/Unsafe done
Event: 24.422 Loading class java/util/Vector$1
Event: 24.423 Loading class java/util/Vector$1 done
Event: 25.061 Loading class java/util/regex/Pattern$Caret
Event: 25.061 Loading class java/util/regex/Pattern$Caret done
Event: 26.257 Loading class java/util/stream/ReferencePipeline$4
Event: 26.259 Loading class java/util/stream/ReferencePipeline$4 done
Event: 26.259 Loading class java/util/stream/Nodes$IntFixedNodeBuilder
Event: 26.260 Loading class java/util/stream/Node$Builder$OfInt
Event: 26.261 Loading class java/util/stream/Node$Builder$OfInt done
Event: 26.261 Loading class java/util/stream/Nodes$IntArrayNode
Event: 26.261 Loading class java/util/stream/Nodes$IntArrayNode done
Event: 26.261 Loading class java/util/stream/Nodes$IntFixedNodeBuilder done
Event: 26.261 Loading class java/util/stream/ReferencePipeline$4$1
Event: 26.261 Loading class java/util/stream/ReferencePipeline$4$1 done

Classes unloaded (19 events):
Event: 10.287 Thread 0x000001a3662623c0 Unloading class 0x000001a301194c00 'java/lang/invoke/LambdaForm$MH+0x000001a301194c00'
Event: 10.287 Thread 0x000001a3662623c0 Unloading class 0x000001a301194800 'java/lang/invoke/LambdaForm$MH+0x000001a301194800'
Event: 10.287 Thread 0x000001a3662623c0 Unloading class 0x000001a301194400 'java/lang/invoke/LambdaForm$MH+0x000001a301194400'
Event: 10.287 Thread 0x000001a3662623c0 Unloading class 0x000001a301194000 'java/lang/invoke/LambdaForm$MH+0x000001a301194000'
Event: 10.287 Thread 0x000001a3662623c0 Unloading class 0x000001a301193c00 'java/lang/invoke/LambdaForm$BMH+0x000001a301193c00'
Event: 10.287 Thread 0x000001a3662623c0 Unloading class 0x000001a301193800 'java/lang/invoke/LambdaForm$DMH+0x000001a301193800'
Event: 10.287 Thread 0x000001a3662623c0 Unloading class 0x000001a301192400 'java/lang/invoke/LambdaForm$DMH+0x000001a301192400'
Event: 24.294 Thread 0x000001a3662623c0 Unloading class 0x000001a301399000 'java/lang/invoke/LambdaForm$MH+0x000001a301399000'
Event: 24.294 Thread 0x000001a3662623c0 Unloading class 0x000001a301398800 'java/lang/invoke/LambdaForm$MH+0x000001a301398800'
Event: 24.294 Thread 0x000001a3662623c0 Unloading class 0x000001a301398000 'java/lang/invoke/LambdaForm$DMH+0x000001a301398000'
Event: 24.294 Thread 0x000001a3662623c0 Unloading class 0x000001a301397800 'java/lang/invoke/LambdaForm$MH+0x000001a301397800'
Event: 24.294 Thread 0x000001a3662623c0 Unloading class 0x000001a301393c00 'java/lang/invoke/LambdaForm$MH+0x000001a301393c00'
Event: 24.294 Thread 0x000001a3662623c0 Unloading class 0x000001a301393400 'java/lang/invoke/LambdaForm$MH+0x000001a301393400'
Event: 24.294 Thread 0x000001a3662623c0 Unloading class 0x000001a301392c00 'java/lang/invoke/LambdaForm$MH+0x000001a301392c00'
Event: 24.294 Thread 0x000001a3662623c0 Unloading class 0x000001a301392800 'java/lang/invoke/LambdaForm$MH+0x000001a301392800'
Event: 24.294 Thread 0x000001a3662623c0 Unloading class 0x000001a301391c00 'java/lang/invoke/LambdaForm$MH+0x000001a301391c00'
Event: 24.294 Thread 0x000001a3662623c0 Unloading class 0x000001a301391800 'java/lang/invoke/LambdaForm$MH+0x000001a301391800'
Event: 24.294 Thread 0x000001a3662623c0 Unloading class 0x000001a301390c00 'java/lang/invoke/LambdaForm$MH+0x000001a301390c00'
Event: 24.294 Thread 0x000001a3662623c0 Unloading class 0x000001a301390000 'java/lang/invoke/LambdaForm$DMH+0x000001a301390000'

Classes redefined (0 events):
No events

Internal exceptions (20 events):
Event: 19.124 Thread 0x000001a3686aa360 Exception <a 'java/lang/NoSuchMethodError'{0x00000000d62f1e38}: 'long java.lang.invoke.DirectMethodHandle$Holder.invokeStatic(java.lang.Object, java.lang.Object, int)'> (0x00000000d62f1e38) 
thrown [s\src\hotspot\share\interpreter\linkResolver.cpp, line 773]
Event: 19.126 Thread 0x000001a3686aa360 Exception <a 'java/lang/NoSuchMethodError'{0x00000000d62fc688}: 'java.lang.Object java.lang.invoke.DelegatingMethodHandle$Holder.reinvoke_L(java.lang.Object, int, long, java.lang.Object, java.lang.Object, int, java.lang.Object)'> (0x00000000d62fc688) 
thrown [s\src\hotspot\share\interpreter\linkResolver.cpp, line 773]
Event: 19.337 Thread 0x000001a3686aa360 Exception <a 'java/lang/NoSuchMethodError'{0x00000000d68f5300}: 'java.lang.Object java.lang.invoke.DirectMethodHandle$Holder.invokeStaticInit(java.lang.Object, java.lang.Object, java.lang.Object, java.lang.Object, java.lang.Object, java.lang.Object, java.lang.Object)'> (0x00000000d68f5300) 
thrown [s\src\hotspot\share\interpreter\linkResolver.cpp, line 773]
Event: 19.337 Thread 0x000001a3686a7c00 Exception <a 'java/lang/NoSuchMethodError'{0x00000000d69090b0}: 'java.lang.Object java.lang.invoke.DirectMethodHandle$Holder.invokeStaticInit(java.lang.Object, java.lang.Object, java.lang.Object, java.lang.Object, java.lang.Object, java.lang.Object, java.lang.Object)'> (0x00000000d69090b0) 
thrown [s\src\hotspot\share\interpreter\linkResolver.cpp, line 773]
Event: 19.338 Thread 0x000001a3686aa360 Exception <a 'java/lang/NoSuchMethodError'{0x00000000d691e318}: 'java.lang.Object java.lang.invoke.Invokers$Holder.invoke_MT(java.lang.Object, java.lang.Object, java.lang.Object, java.lang.Object, java.lang.Object, java.lang.Object, java.lang.Object, java.lang.Object, java.lang.Object, java.lang.Object)'> (0x00000000d691e318) 
thrown [s\src\hotspot\share\interpreter\linkResolver.cpp, line 773]
Event: 19.338 Thread 0x000001a3686a7c00 Exception <a 'java/lang/NoSuchMethodError'{0x00000000d690e1d8}: 'java.lang.Object java.lang.invoke.Invokers$Holder.invoke_MT(java.lang.Object, java.lang.Object, java.lang.Object, java.lang.Object, java.lang.Object, java.lang.Object, java.lang.Object, java.lang.Object, java.lang.Object, java.lang.Object)'> (0x00000000d690e1d8) 
thrown [s\src\hotspot\share\interpreter\linkResolver.cpp, line 773]
Event: 19.352 Thread 0x000001a3686aa360 Exception <a 'java/lang/NoSuchMethodError'{0x00000000d697d858}: 'int java.lang.invoke.DirectMethodHandle$Holder.invokeVirtual(java.lang.Object, java.lang.Object, java.lang.Object)'> (0x00000000d697d858) 
thrown [s\src\hotspot\share\interpreter\linkResolver.cpp, line 773]
Event: 19.353 Thread 0x000001a3686aa360 Exception <a 'java/lang/NoSuchMethodError'{0x00000000d6981c00}: 'int java.lang.invoke.DirectMethodHandle$Holder.invokeStaticInit(java.lang.Object, int, int)'> (0x00000000d6981c00) 
thrown [s\src\hotspot\share\interpreter\linkResolver.cpp, line 773]
Event: 19.356 Thread 0x000001a3686aa360 Exception <a 'java/lang/NoSuchMethodError'{0x00000000d6989610}: 'int java.lang.invoke.DirectMethodHandle$Holder.invokeStaticInit(java.lang.Object, long, long)'> (0x00000000d6989610) 
thrown [s\src\hotspot\share\interpreter\linkResolver.cpp, line 773]
Event: 19.357 Thread 0x000001a3686aa360 Exception <a 'java/lang/NoSuchMethodError'{0x00000000d69905c8}: 'int java.lang.invoke.DirectMethodHandle$Holder.invokeStaticInit(java.lang.Object, float, float)'> (0x00000000d69905c8) 
thrown [s\src\hotspot\share\interpreter\linkResolver.cpp, line 773]
Event: 19.358 Thread 0x000001a3686aa360 Exception <a 'java/lang/NoSuchMethodError'{0x00000000d6997308}: 'int java.lang.invoke.DirectMethodHandle$Holder.invokeStaticInit(java.lang.Object, double, double)'> (0x00000000d6997308) 
thrown [s\src\hotspot\share\interpreter\linkResolver.cpp, line 773]
Event: 19.358 Thread 0x000001a3686aa360 Exception <a 'java/lang/NoSuchMethodError'{0x00000000d699bdc8}: 'int java.lang.invoke.DirectMethodHandle$Holder.invokeStatic(java.lang.Object, long)'> (0x00000000d699bdc8) 
thrown [s\src\hotspot\share\interpreter\linkResolver.cpp, line 773]
Event: 19.363 Thread 0x000001a3686a7c00 Exception <a 'java/lang/NoSuchMethodError'{0x00000000d69c32b8}: 'int java.lang.invoke.Invokers$Holder.linkToTargetMethod(java.lang.Object, java.lang.Object)'> (0x00000000d69c32b8) 
thrown [s\src\hotspot\share\interpreter\linkResolver.cpp, line 773]
Event: 19.714 Thread 0x000001a3686aa360 Exception <a 'java/lang/NoSuchMethodError'{0x00000000d5f6a858}: 'int java.lang.invoke.DirectMethodHandle$Holder.invokeSpecial(java.lang.Object, java.lang.Object, java.lang.Object, java.lang.Object)'> (0x00000000d5f6a858) 
thrown [s\src\hotspot\share\interpreter\linkResolver.cpp, line 773]
Event: 19.717 Thread 0x000001a3686aa360 Exception <a 'java/lang/NoSuchMethodError'{0x00000000d5f781b8}: 'java.lang.Object java.lang.invoke.DirectMethodHandle$Holder.invokeStatic(java.lang.Object, int, java.lang.Object, java.lang.Object)'> (0x00000000d5f781b8) 
thrown [s\src\hotspot\share\interpreter\linkResolver.cpp, line 773]
Event: 19.718 Thread 0x000001a3686aa360 Exception <a 'java/lang/NoSuchMethodError'{0x00000000d5f7bc68}: 'java.lang.Object java.lang.invoke.DelegatingMethodHandle$Holder.delegate(java.lang.Object, int, java.lang.Object, java.lang.Object)'> (0x00000000d5f7bc68) 
thrown [s\src\hotspot\share\interpreter\linkResolver.cpp, line 773]
Event: 19.723 Thread 0x000001a3686aa360 Exception <a 'java/lang/NoSuchMethodError'{0x00000000d5f92438}: 'int java.lang.invoke.Invokers$Holder.linkToTargetMethod(java.lang.Object, java.lang.Object, java.lang.Object)'> (0x00000000d5f92438) 
thrown [s\src\hotspot\share\interpreter\linkResolver.cpp, line 773]
Event: 22.869 Thread 0x000001a3686aa360 Exception <a 'java/lang/LinkageError'{0x00000000d58e0cc0}: loader lombok.launch.ShadowClassLoader @282d1d68 attempted duplicate class definition for lombok.launch.PatchFixesHider$Transform. (lombok.launch.PatchFixesHider$Transform is in unnamed module of loader lombok.launch.ShadowClassLoader @282d1d68, parent loader org.eclipse.osgi.internal.loader.EquinoxClassLoader @7c354050)> (0x00000000d58e0cc0) 
thrown [s\src\hotspot\share\classfile\systemDictionary.cpp, line 1682]
Event: 24.973 Thread 0x000001a3686a7c00 Implicit null exception at 0x000001a359faa61d to 0x000001a359fab174
Event: 26.273 Thread 0x000001a3686aa360 Exception <a 'java/lang/LinkageError'{0x00000000d692bc28}: loader lombok.launch.ShadowClassLoader @282d1d68 attempted duplicate class definition for lombok.launch.PatchFixesHider$ValPortal. (lombok.launch.PatchFixesHider$ValPortal is in unnamed module of loader lombok.launch.ShadowClassLoader @282d1d68, parent loader org.eclipse.osgi.internal.loader.EquinoxClassLoader @7c354050)> (0x00000000d692bc28) 
thrown [s\src\hotspot\share\classfile\systemDictionary.cpp, line 1682]

ZGC Phase Switch (0 events):
No events

VM Operations (20 events):
Event: 20.148 Executing VM operation: ParallelGCFailedAllocation (Allocation Failure)
Event: 20.154 Executing VM operation: ParallelGCFailedAllocation (Allocation Failure) done
Event: 20.294 Executing VM operation: ParallelGCFailedAllocation (Allocation Failure)
Event: 20.299 Executing VM operation: ParallelGCFailedAllocation (Allocation Failure) done
Event: 20.567 Executing VM operation: ParallelGCFailedAllocation (Allocation Failure)
Event: 20.572 Executing VM operation: ParallelGCFailedAllocation (Allocation Failure) done
Event: 20.782 Executing VM operation: ParallelGCFailedAllocation (Allocation Failure)
Event: 20.806 Executing VM operation: ParallelGCFailedAllocation (Allocation Failure) done
Event: 21.635 Executing VM operation: ParallelGCFailedAllocation (Allocation Failure)
Event: 21.696 Executing VM operation: ParallelGCFailedAllocation (Allocation Failure) done
Event: 22.330 Executing VM operation: HandshakeAllThreads (Deoptimize)
Event: 22.331 Executing VM operation: HandshakeAllThreads (Deoptimize) done
Event: 23.331 Executing VM operation: Cleanup
Event: 23.331 Executing VM operation: Cleanup done
Event: 24.276 Executing VM operation: CollectForMetadataAllocation (Metadata GC Threshold)
Event: 24.366 Executing VM operation: CollectForMetadataAllocation (Metadata GC Threshold) done
Event: 25.377 Executing VM operation: Cleanup
Event: 26.255 Executing VM operation: Cleanup done
Event: 26.291 Executing VM operation: ParallelGCFailedAllocation (Allocation Failure)
Event: 26.293 Executing VM operation: ParallelGCFailedAllocation (Allocation Failure) done

Memory protections (0 events):
No events

Nmethod flushes (20 events):
Event: 24.318 Thread 0x000001a3662623c0 flushing  nmethod 0x000001a352702c90
Event: 24.318 Thread 0x000001a3662623c0 flushing  nmethod 0x000001a352702f90
Event: 24.318 Thread 0x000001a3662623c0 flushing  nmethod 0x000001a35271a110
Event: 24.318 Thread 0x000001a3662623c0 flushing  nmethod 0x000001a35278cd10
Event: 24.318 Thread 0x000001a3662623c0 flushing  nmethod 0x000001a3527d9a10
Event: 24.318 Thread 0x000001a3662623c0 flushing  nmethod 0x000001a3527d9e90
Event: 24.318 Thread 0x000001a3662623c0 flushing  nmethod 0x000001a3527da890
Event: 24.318 Thread 0x000001a3662623c0 flushing  nmethod 0x000001a3527db110
Event: 24.318 Thread 0x000001a3662623c0 flushing  nmethod 0x000001a352812590
Event: 24.318 Thread 0x000001a3662623c0 flushing  nmethod 0x000001a352812f90
Event: 24.318 Thread 0x000001a3662623c0 flushing  nmethod 0x000001a352817c90
Event: 24.318 Thread 0x000001a3662623c0 flushing  nmethod 0x000001a35282bf10
Event: 24.318 Thread 0x000001a3662623c0 flushing  nmethod 0x000001a352848990
Event: 24.318 Thread 0x000001a3662623c0 flushing  nmethod 0x000001a352859610
Event: 24.318 Thread 0x000001a3662623c0 flushing  nmethod 0x000001a35285ce10
Event: 24.318 Thread 0x000001a3662623c0 flushing  nmethod 0x000001a35285d790
Event: 24.318 Thread 0x000001a3662623c0 flushing  nmethod 0x000001a35288cf90
Event: 24.318 Thread 0x000001a3662623c0 flushing  nmethod 0x000001a35288d810
Event: 24.318 Thread 0x000001a3662623c0 flushing  nmethod 0x000001a35288dc10
Event: 24.318 Thread 0x000001a3662623c0 flushing  nmethod 0x000001a3528aa510

Events (20 events):
Event: 11.581 Thread 0x000001a368df5d40 Thread added: 0x000001a36ec4ac20
Event: 13.334 Thread 0x000001a36ec4ac20 Thread exited: 0x000001a36ec4ac20
Event: 14.095 Thread 0x000001a34dac26c0 Thread added: 0x000001a36ec4c660
Event: 14.103 Thread 0x000001a34dac26c0 Thread added: 0x000001a36ec4bfd0
Event: 14.104 Thread 0x000001a34dac26c0 Thread added: 0x000001a36ec49870
Event: 14.104 Thread 0x000001a34dac26c0 Thread added: 0x000001a36ec49f00
Event: 14.104 Thread 0x000001a34dac26c0 Thread added: 0x000001a36ec4a590
Event: 14.104 Thread 0x000001a34dac26c0 Thread added: 0x000001a36ec4ccf0
Event: 14.104 Thread 0x000001a34dac26c0 Thread added: 0x000001a36ec4ac20
Event: 14.104 Thread 0x000001a34dac26c0 Thread added: 0x000001a36ec4b2b0
Event: 14.105 Thread 0x000001a34dac26c0 Thread added: 0x000001a36ec4b940
Event: 14.105 Thread 0x000001a34dac26c0 Thread added: 0x000001a3686a8290
Event: 14.106 Thread 0x000001a34dac26c0 Thread added: 0x000001a3686a8920
Event: 14.106 Thread 0x000001a34dac26c0 Thread added: 0x000001a3686a61c0
Event: 14.106 Thread 0x000001a34dac26c0 Thread added: 0x000001a3686a8fb0
Event: 14.223 Thread 0x000001a34dac26c0 Thread added: 0x000001a3686a9640
Event: 14.477 Thread 0x000001a3677d3620 Thread added: 0x000001a3686a9cd0
Event: 15.280 Thread 0x000001a34dac26c0 Thread added: 0x000001a3686a6850
Event: 15.281 Thread 0x000001a34dac26c0 Thread added: 0x000001a3686a7c00
Event: 18.941 Thread 0x000001a3686a7c00 Thread added: 0x000001a3686aa360


Dynamic libraries:
0x00007ff7b76a0000 - 0x00007ff7b76ae000 	c:\Users\ramir\.vscode\extensions\redhat.java-1.47.0-win32-x64\jre\21.0.8-win32-x86_64\bin\java.exe
0x00007ffd69000000 - 0x00007ffd69268000 	C:\WINDOWS\SYSTEM32\ntdll.dll
0x00007ffd68510000 - 0x00007ffd685d9000 	C:\WINDOWS\System32\KERNEL32.DLL
0x00007ffd669a0000 - 0x00007ffd66d98000 	C:\WINDOWS\System32\KERNELBASE.dll
0x00007ffd66150000 - 0x00007ffd6629b000 	C:\WINDOWS\System32\ucrtbase.dll
0x00007ffd5bc70000 - 0x00007ffd5bc8e000 	c:\Users\ramir\.vscode\extensions\redhat.java-1.47.0-win32-x64\jre\21.0.8-win32-x86_64\bin\VCRUNTIME140.dll
0x00007ffd4fb30000 - 0x00007ffd4fb48000 	c:\Users\ramir\.vscode\extensions\redhat.java-1.47.0-win32-x64\jre\21.0.8-win32-x86_64\bin\jli.dll
0x00007ffd67350000 - 0x00007ffd67517000 	C:\WINDOWS\System32\USER32.dll
0x00007ffd664c0000 - 0x00007ffd664e7000 	C:\WINDOWS\System32\win32u.dll
0x00007ffd4ba20000 - 0x00007ffd4bcb4000 	C:\WINDOWS\WinSxS\amd64_microsoft.windows.common-controls_6595b64144ccf1df_6.0.26100.7019_none_3e06ffa0e335b8a8\COMCTL32.dll
0x00007ffd68420000 - 0x00007ffd6844b000 	C:\WINDOWS\System32\GDI32.dll
0x00007ffd68890000 - 0x00007ffd68939000 	C:\WINDOWS\System32\msvcrt.dll
0x00007ffd665a0000 - 0x00007ffd666cc000 	C:\WINDOWS\System32\gdi32full.dll
0x00007ffd662a0000 - 0x00007ffd66343000 	C:\WINDOWS\System32\msvcp_win.dll
0x00007ffd67c90000 - 0x00007ffd67cc1000 	C:\WINDOWS\System32\IMM32.DLL
0x00007ffd5f080000 - 0x00007ffd5f08c000 	c:\Users\ramir\.vscode\extensions\redhat.java-1.47.0-win32-x64\jre\21.0.8-win32-x86_64\bin\vcruntime140_1.dll
0x00007ffd25190000 - 0x00007ffd2521d000 	c:\Users\ramir\.vscode\extensions\redhat.java-1.47.0-win32-x64\jre\21.0.8-win32-x86_64\bin\msvcp140.dll
0x00007ffcd2750000 - 0x00007ffcd34e7000 	c:\Users\ramir\.vscode\extensions\redhat.java-1.47.0-win32-x64\jre\21.0.8-win32-x86_64\bin\server\jvm.dll
0x00007ffd68610000 - 0x00007ffd686c4000 	C:\WINDOWS\System32\ADVAPI32.dll
0x00007ffd66da0000 - 0x00007ffd66e46000 	C:\WINDOWS\System32\sechost.dll
0x00007ffd68770000 - 0x00007ffd68888000 	C:\WINDOWS\System32\RPCRT4.dll
0x00007ffd682c0000 - 0x00007ffd68334000 	C:\WINDOWS\System32\WS2_32.dll
0x00007ffd58200000 - 0x00007ffd58235000 	C:\WINDOWS\SYSTEM32\WINMM.dll
0x00007ffd59f40000 - 0x00007ffd59f4b000 	C:\WINDOWS\SYSTEM32\VERSION.dll
0x00007ffd65b90000 - 0x00007ffd65bee000 	C:\WINDOWS\SYSTEM32\POWRPROF.dll
0x00007ffd65b30000 - 0x00007ffd65b44000 	C:\WINDOWS\SYSTEM32\UMPDC.dll
0x00007ffd64f10000 - 0x00007ffd64f2b000 	C:\WINDOWS\SYSTEM32\kernel.appcore.dll
0x00007ffd5e050000 - 0x00007ffd5e05a000 	c:\Users\ramir\.vscode\extensions\redhat.java-1.47.0-win32-x64\jre\21.0.8-win32-x86_64\bin\jimage.dll
0x00007ffd63870000 - 0x00007ffd63ab2000 	C:\WINDOWS\SYSTEM32\DBGHELP.DLL
0x00007ffd68940000 - 0x00007ffd68ccb000 	C:\WINDOWS\System32\combase.dll
0x00007ffd68340000 - 0x00007ffd68417000 	C:\WINDOWS\System32\OLEAUT32.dll
0x00007ffd48980000 - 0x00007ffd489bc000 	C:\WINDOWS\SYSTEM32\dbgcore.DLL
0x00007ffd664f0000 - 0x00007ffd66595000 	C:\WINDOWS\System32\bcryptPrimitives.dll
0x00007ffd4c7a0000 - 0x00007ffd4c7af000 	c:\Users\ramir\.vscode\extensions\redhat.java-1.47.0-win32-x64\jre\21.0.8-win32-x86_64\bin\instrument.dll
0x00007ffd2b310000 - 0x00007ffd2b32f000 	c:\Users\ramir\.vscode\extensions\redhat.java-1.47.0-win32-x64\jre\21.0.8-win32-x86_64\bin\java.dll
0x00007ffd67520000 - 0x00007ffd67c71000 	C:\WINDOWS\System32\SHELL32.dll
0x00007ffd66350000 - 0x00007ffd664bb000 	C:\WINDOWS\System32\wintypes.dll
0x00007ffd63d60000 - 0x00007ffd645bd000 	C:\WINDOWS\SYSTEM32\windows.storage.dll
0x00007ffd68160000 - 0x00007ffd68252000 	C:\WINDOWS\System32\SHCORE.dll
0x00007ffd67160000 - 0x00007ffd671c7000 	C:\WINDOWS\System32\shlwapi.dll
0x00007ffd66070000 - 0x00007ffd66099000 	C:\WINDOWS\SYSTEM32\profapi.dll
0x00007ffd2b2f0000 - 0x00007ffd2b308000 	c:\Users\ramir\.vscode\extensions\redhat.java-1.47.0-win32-x64\jre\21.0.8-win32-x86_64\bin\zip.dll
0x00007ffd4aae0000 - 0x00007ffd4aaf0000 	C:\Users\ramir\.vscode\extensions\redhat.java-1.47.0-win32-x64\jre\21.0.8-win32-x86_64\bin\net.dll
0x00007ffd5b8b0000 - 0x00007ffd5b9d8000 	C:\WINDOWS\SYSTEM32\WINHTTP.dll
0x00007ffd65480000 - 0x00007ffd654eb000 	C:\WINDOWS\system32\mswsock.dll
0x00007ffd2b2d0000 - 0x00007ffd2b2e6000 	C:\Users\ramir\.vscode\extensions\redhat.java-1.47.0-win32-x64\jre\21.0.8-win32-x86_64\bin\nio.dll
0x00007ffd4a780000 - 0x00007ffd4a790000 	c:\Users\ramir\.vscode\extensions\redhat.java-1.47.0-win32-x64\jre\21.0.8-win32-x86_64\bin\verify.dll
0x00007ffd3c6c0000 - 0x00007ffd3c704000 	C:\Users\ramir\AppData\Roaming\Code\User\globalStorage\redhat.java\1.47.0\config_ss_win\org.eclipse.equinox.launcher\org.eclipse.equinox.launcher.win32.win32.x86_64_1.2.1400.v20250801-0854\eclipse_11916.dll
0x00007ffd66e50000 - 0x00007ffd66fe7000 	C:\WINDOWS\System32\ole32.dll
0x00007ffd65740000 - 0x00007ffd6575b000 	C:\WINDOWS\SYSTEM32\CRYPTSP.dll
0x00007ffd64e70000 - 0x00007ffd64eaa000 	C:\WINDOWS\system32\rsaenh.dll
0x00007ffd65530000 - 0x00007ffd6555b000 	C:\WINDOWS\SYSTEM32\USERENV.dll
0x00007ffd66040000 - 0x00007ffd6606a000 	C:\WINDOWS\SYSTEM32\bcrypt.dll
0x00007ffd65760000 - 0x00007ffd6576c000 	C:\WINDOWS\SYSTEM32\CRYPTBASE.dll
0x00007ffd64990000 - 0x00007ffd649c4000 	C:\WINDOWS\SYSTEM32\IPHLPAPI.DLL
0x00007ffd671d0000 - 0x00007ffd671da000 	C:\WINDOWS\System32\NSI.dll
0x00007ffd3c390000 - 0x00007ffd3c3d9000 	C:\Users\ramir\AppData\Local\Temp\jna-108279239\jna15816879725640575996.dll
0x00007ffd686e0000 - 0x00007ffd686e8000 	C:\WINDOWS\System32\PSAPI.DLL
0x00007ffd5b640000 - 0x00007ffd5b65e000 	C:\WINDOWS\SYSTEM32\dhcpcsvc6.DLL
0x00007ffd5b610000 - 0x00007ffd5b633000 	C:\WINDOWS\SYSTEM32\dhcpcsvc.DLL

JVMTI agents:
c:\Users\ramir\.vscode\extensions\redhat.java-1.47.0-win32-x64\lombok\lombok-1.18.39-4050.jar path:c:\Users\ramir\.vscode\extensions\redhat.java-1.47.0-win32-x64\jre\21.0.8-win32-x86_64\bin\instrument.dll, loaded, initialized, instrumentlib options:none

dbghelp: loaded successfully - version: 4.0.5 - missing functions: none
symbol engine: initialized successfully - sym options: 0x614 - pdb path: .;c:\Users\ramir\.vscode\extensions\redhat.java-1.47.0-win32-x64\jre\21.0.8-win32-x86_64\bin;C:\WINDOWS\SYSTEM32;C:\WINDOWS\WinSxS\amd64_microsoft.windows.common-controls_6595b64144ccf1df_6.0.26100.7019_none_3e06ffa0e335b8a8;c:\Users\ramir\.vscode\extensions\redhat.java-1.47.0-win32-x64\jre\21.0.8-win32-x86_64\bin\server;C:\Users\ramir\AppData\Roaming\Code\User\globalStorage\redhat.java\1.47.0\config_ss_win\org.eclipse.equinox.launcher\org.eclipse.equinox.launcher.win32.win32.x86_64_1.2.1400.v20250801-0854;C:\Users\ramir\AppData\Local\Temp\jna-108279239

VM Arguments:
jvm_args: --add-modules=ALL-SYSTEM --add-opens=java.base/java.util=ALL-UNNAMED --add-opens=java.base/java.lang=ALL-UNNAMED --add-opens=java.base/sun.nio.fs=ALL-UNNAMED -Declipse.application=org.eclipse.jdt.ls.core.id1 -Dosgi.bundles.defaultStartLevel=4 -Declipse.product=org.eclipse.jdt.ls.core.product -Djava.import.generatesMetadataFilesAtProjectRoot=false -DDetectVMInstallationsJob.disabled=true -Dfile.encoding=utf8 -XX:+UseParallelGC -XX:GCTimeRatio=4 -XX:AdaptiveSizePolicyWeight=90 -Dsun.zip.disableMemoryMapping=true -Xmx2G -Xms100m -Xlog:disable -javaagent:c:\Users\ramir\.vscode\extensions\redhat.java-1.47.0-win32-x64\lombok\lombok-1.18.39-4050.jar 
java_command: c:\Users\ramir\.vscode\extensions\redhat.java-1.47.0-win32-x64\server\plugins\org.eclipse.equinox.launcher_1.7.100.v20251014-1222.jar -configuration c:\Users\ramir\AppData\Roaming\Code\User\globalStorage\redhat.java\1.47.0\config_ss_win -data c:\Users\ramir\AppData\Roaming\Code\User\workspaceStorage\46d5d728171aacb383eedf91ecaba8d8\redhat.java\ss_ws --pipe=\\.\pipe\lsp-533dc0050793d94a56910e818cd25b00-sock
java_class_path (initial): c:\Users\ramir\.vscode\extensions\redhat.java-1.47.0-win32-x64\server\plugins\org.eclipse.equinox.launcher_1.7.100.v20251014-1222.jar
Launcher Type: SUN_STANDARD

[Global flags]
    uintx AdaptiveSizePolicyWeight                 = 90                                        {product} {command line}
     intx CICompilerCount                          = 4                                         {product} {ergonomic}
    uintx GCTimeRatio                              = 4                                         {product} {command line}
   size_t InitialHeapSize                          = 104857600                                 {product} {command line}
   size_t MaxHeapSize                              = 2147483648                                {product} {command line}
   size_t MaxNewSize                               = 715653120                                 {product} {ergonomic}
   size_t MinHeapDeltaBytes                        = 524288                                    {product} {ergonomic}
   size_t MinHeapSize                              = 104857600                                 {product} {command line}
   size_t NewSize                                  = 34603008                                  {product} {ergonomic}
    uintx NonNMethodCodeHeapSize                   = 5839372                                {pd product} {ergonomic}
    uintx NonProfiledCodeHeapSize                  = 122909434                              {pd product} {ergonomic}
   size_t OldSize                                  = 70254592                                  {product} {ergonomic}
    uintx ProfiledCodeHeapSize                     = 122909434                              {pd product} {ergonomic}
    uintx ReservedCodeCacheSize                    = 251658240                              {pd product} {ergonomic}
     bool SegmentedCodeCache                       = true                                      {product} {ergonomic}
   size_t SoftMaxHeapSize                          = 2147483648                             {manageable} {ergonomic}
     bool UseCompressedOops                        = true                           {product lp64_product} {ergonomic}
     bool UseLargePagesIndividualAllocation        = false                                  {pd product} {ergonomic}
     bool UseParallelGC                            = true                                      {product} {command line}

Logging:
Log output configuration:
 #0: stdout all=off uptime,level,tags foldmultilines=false
 #1: stderr all=off uptime,level,tags foldmultilines=false

Environment Variables:
PATH=C:\app\ramir\product\21c\dbhomeXE\bin;C:\Program Files\Common Files\Oracle\Java\javapath;C:\Program Files (x86)\Common Files\Oracle\Java\javapath;C:\Windows\system32;C:\Windows;C:\Windows\System32\Wbem;C:\Windows\System32\WindowsPowerShell\v1.0\;C:\Windows\System32\OpenSSH\;C:\Program Files (x86)\NVIDIA Corporation\PhysX\Common;C:\Program Files\NVIDIA Corporation\NVIDIA app\NvDLISR;C:\Program Files\Git\cmd;C:\Program Files\Microsoft SQL Server\Client SDK\ODBC\170\Tools\Binn\;C:\Program Files (x86)\Microsoft SQL Server\150\Tools\Binn\;C:\Program Files\Microsoft SQL Server\150\Tools\Binn\;C:\Program Files\Microsoft SQL Server\150\DTS\Binn\;C:\Program Files (x86)\Microsoft SQL Server\150\DTS\Binn\;C:\Program Files\Azure Data Studio\bin;C:\Program Files\MySQL\MySQL Server 9.2\bin;;C:\WINDOWS\system32;C:\WINDOWS;C:\WINDOWS\System32\Wbem;C:\WINDOWS\System32\WindowsPowerShell\v1.0\;C:\WINDOWS\System32\OpenSSH\;C:\Program Files\nodejs\;C:\Users\ramir\AppData\Local\Programs\Python\Launcher\;C:\Users\ramir\AppData\Local\Microsoft\WindowsApps;C:\Users\ramir\AppData\Local\Programs\Microsoft VS Code\bin;C:\Program Files\Azure Data Studio\bin;C:\Users\ramir\OneDrive\Desktop\apache-maven-3.9.9-bin\apache-maven-3.9.9\bin;C:\Users\ramir\AppData\Roaming\npm
USERNAME=ramir
OS=Windows_NT
PROCESSOR_IDENTIFIER=Intel64 Family 6 Model 154 Stepping 3, GenuineIntel
TMP=C:\Users\ramir\AppData\Local\Temp
TEMP=C:\Users\ramir\AppData\Local\Temp




Periodic native trim disabled

---------------  S Y S T E M  ---------------

OS:
 Windows 11 , 64 bit Build 26100 (10.0.26100.7019)
OS uptime: 4 days 8:16 hours
Hyper-V role detected

CPU: total 12 (initial active 12) (6 cores per cpu, 2 threads per core) family 6 model 154 stepping 3 microcode 0x423, cx8, cmov, fxsr, ht, mmx, 3dnowpref, sse, sse2, sse3, ssse3, sse4.1, sse4.2, popcnt, lzcnt, tsc, tscinvbit, avx, avx2, aes, erms, clmul, bmi1, bmi2, adx, sha, fma, vzeroupper, clflush, clflushopt, clwb, hv, serialize, rdtscp, rdpid, fsrm, f16c, cet_ibt, cet_ss
Processor Information for processor 0
  Max Mhz: 2500, Current Mhz: 2500, Mhz Limit: 2500
Processor Information for processor 1
  Max Mhz: 2500, Current Mhz: 2500, Mhz Limit: 2500
Processor Information for processor 2
  Max Mhz: 2500, Current Mhz: 2500, Mhz Limit: 2500
Processor Information for processor 3
  Max Mhz: 2500, Current Mhz: 2500, Mhz Limit: 2500
Processor Information for processor 4
  Max Mhz: 2500, Current Mhz: 2500, Mhz Limit: 2500
Processor Information for processor 5
  Max Mhz: 2500, Current Mhz: 2500, Mhz Limit: 2500
Processor Information for processor 6
  Max Mhz: 2500, Current Mhz: 2500, Mhz Limit: 2500
Processor Information for processor 7
  Max Mhz: 2500, Current Mhz: 2500, Mhz Limit: 2500
Processor Information for processor 8
  Max Mhz: 2500, Current Mhz: 1875, Mhz Limit: 1875
Processor Information for processor 9
  Max Mhz: 2500, Current Mhz: 1875, Mhz Limit: 1875
Processor Information for processor 10
  Max Mhz: 2500, Current Mhz: 1500, Mhz Limit: 1875
Processor Information for processor 11
  Max Mhz: 2500, Current Mhz: 1875, Mhz Limit: 1875

Memory: 4k page, system-wide physical 7896M (1017M free)
TotalPageFile size 32472M (AvailPageFile size 273M)
current process WorkingSet (physical memory assigned to process): 139M, peak: 155M
current process commit charge ("private bytes"): 301M, peak: 304M

vm_info: OpenJDK 64-Bit Server VM (21.0.8+9-LTS) for windows-amd64 JRE (21.0.8+9-LTS), built on 2025-07-15T00:00:00Z by "admin" with MS VC++ 17.7 (VS2022)

END.
