#
# There is insufficient memory for the Java Runtime Environment to continue.
# Native memory allocation (malloc) failed to allocate 154368 bytes. Error detail: Chunk::new
# Possible reasons:
#   The system is out of physical RAM or swap space
#   This process is running with CompressedOops enabled, and the Java Heap may be blocking the growth of the native heap
# Possible solutions:
#   Reduce memory load on the system
#   Increase physical memory or swap space
#   Check if swap backing store is full
#   Decrease Java heap size (-Xmx/-Xms)
#   Decrease number of Java threads
#   Decrease Java thread stack sizes (-Xss)
#   Set larger code cache with -XX:ReservedCodeCacheSize=
#   JVM is running with Unscaled Compressed Oops mode in which the Java heap is
#     placed in the first 4GB address space. The Java Heap base address is the
#     maximum limit for the native heap growth. Please use -XX:HeapBaseMinAddress
#     to set the Java Heap base and to place the Java Heap above 4GB virtual address.
# This output file may be truncated or incomplete.
#
#  Out of Memory Error (arena.cpp:168), pid=18336, tid=31084
#
# JRE version: OpenJDK Runtime Environment Temurin-21.0.9+10 (21.0.9+10) (build 21.0.9+10-LTS)
# Java VM: OpenJDK 64-Bit Server VM Temurin-21.0.9+10 (21.0.9+10-LTS, mixed mode, sharing, tiered, compressed oops, compressed class ptrs, parallel gc, windows-amd64)
# No core dump will be written. Minidumps are not enabled by default on client versions of Windows
#

---------------  S U M M A R Y ------------

Command Line: --add-modules=ALL-SYSTEM --add-opens=java.base/java.util=ALL-UNNAMED --add-opens=java.base/java.lang=ALL-UNNAMED --add-opens=java.base/sun.nio.fs=ALL-UNNAMED -Declipse.application=org.eclipse.jdt.ls.core.id1 -Dosgi.bundles.defaultStartLevel=4 -Declipse.product=org.eclipse.jdt.ls.core.product -Djava.import.generatesMetadataFilesAtProjectRoot=false -DDetectVMInstallationsJob.disabled=true -Dfile.encoding=utf8 -XX:+UseParallelGC -XX:GCTimeRatio=4 -XX:AdaptiveSizePolicyWeight=90 -Dsun.zip.disableMemoryMapping=true -Xmx2G -Xms100m -Xlog:disable -javaagent:c:\Users\ramir\.vscode\extensions\redhat.java-1.51.0-win32-x64\lombok\lombok-1.18.39-4050.jar c:\Users\ramir\.vscode\extensions\redhat.java-1.51.0-win32-x64\server\plugins\org.eclipse.equinox.launcher_1.7.100.v20251111-0406.jar -configuration c:\Users\ramir\AppData\Roaming\Code\User\globalStorage\redhat.java\1.51.0\config_ss_win -data c:\Users\ramir\AppData\Roaming\Code\User\workspaceStorage\46d5d728171aacb383eedf91ecaba8d8\redhat.java\ss_ws --pipe=\\.\pipe\lsp-b53c2ff31839a8b92e42ceaf1ce26607-sock

Host: 12th Gen Intel(R) Core(TM) i5-12450H, 12 cores, 7G,  Windows 11 , 64 bit Build 26100 (10.0.26100.7309)
Time: Sat Jan 17 18:35:56 2026 Hora est. Pacífico, Sudamérica elapsed time: 5.345552 seconds (0d 0h 0m 5s)

---------------  T H R E A D  ---------------

Current thread (0x0000015c9b05b830):  JavaThread "C2 CompilerThread0" daemon [_thread_in_native, id=31084, stack(0x00000032ab800000,0x00000032ab900000) (1024K)]


Current CompileTask:
C2:5345  618   !   4       java.lang.String::replace (258 bytes)

Stack: [0x00000032ab800000,0x00000032ab900000]
Native frames: (J=compiled Java code, j=interpreted, Vv=VM code, C=native code)
V  [jvm.dll+0x6d6e29]
V  [jvm.dll+0x8b4b76]
V  [jvm.dll+0x8b712e]
V  [jvm.dll+0x8b7813]
V  [jvm.dll+0x283d86]
V  [jvm.dll+0xc66ed]
V  [jvm.dll+0xc6c31]
V  [jvm.dll+0x3be53b]
V  [jvm.dll+0x38ab92]
V  [jvm.dll+0x389fda]
V  [jvm.dll+0x24bfa0]
V  [jvm.dll+0x24b580]
V  [jvm.dll+0x1cb13e]
V  [jvm.dll+0x25b29d]
V  [jvm.dll+0x25982a]
V  [jvm.dll+0x3f7ea6]
V  [jvm.dll+0x85e9ad]
V  [jvm.dll+0x6d565d]
C  [ucrtbase.dll+0x37b0]
C  [KERNEL32.DLL+0x2e8d7]
C  [ntdll.dll+0x8c53c]


---------------  P R O C E S S  ---------------

Threads class SMR info:
_java_thread_list=0x0000015cf400e340, length=11, elements={
0x0000015c9afae8c0, 0x0000015c9af5cd90, 0x0000015c9b0512f0, 0x0000015c9b0548f0,
0x0000015c9b055540, 0x0000015c9b057fa0, 0x0000015c9b0589f0, 0x0000015c9b05b830,
0x0000015cf3d45480, 0x0000015cf3f0d470, 0x0000015cf400b760
}

Java Threads: ( => current thread )
  0x0000015c9afae8c0 JavaThread "main"                              [_thread_in_Java, id=8596, stack(0x00000032aae00000,0x00000032aaf00000) (1024K)]
  0x0000015c9af5cd90 JavaThread "Reference Handler"          daemon [_thread_blocked, id=15180, stack(0x00000032ab200000,0x00000032ab300000) (1024K)]
  0x0000015c9b0512f0 JavaThread "Finalizer"                  daemon [_thread_blocked, id=32456, stack(0x00000032ab300000,0x00000032ab400000) (1024K)]
  0x0000015c9b0548f0 JavaThread "Signal Dispatcher"          daemon [_thread_blocked, id=12456, stack(0x00000032ab400000,0x00000032ab500000) (1024K)]
  0x0000015c9b055540 JavaThread "Attach Listener"            daemon [_thread_blocked, id=26356, stack(0x00000032ab500000,0x00000032ab600000) (1024K)]
  0x0000015c9b057fa0 JavaThread "Service Thread"             daemon [_thread_blocked, id=27168, stack(0x00000032ab600000,0x00000032ab700000) (1024K)]
  0x0000015c9b0589f0 JavaThread "Monitor Deflation Thread"   daemon [_thread_blocked, id=6824, stack(0x00000032ab700000,0x00000032ab800000) (1024K)]
=>0x0000015c9b05b830 JavaThread "C2 CompilerThread0"         daemon [_thread_in_native, id=31084, stack(0x00000032ab800000,0x00000032ab900000) (1024K)]
  0x0000015cf3d45480 JavaThread "C1 CompilerThread0"         daemon [_thread_blocked, id=15572, stack(0x00000032ab900000,0x00000032aba00000) (1024K)]
  0x0000015cf3f0d470 JavaThread "Common-Cleaner"             daemon [_thread_blocked, id=29104, stack(0x00000032aba00000,0x00000032abb00000) (1024K)]
  0x0000015cf400b760 JavaThread "Notification Thread"        daemon [_thread_blocked, id=8960, stack(0x00000032abb00000,0x00000032abc00000) (1024K)]
Total: 11

Other Threads:
  0x0000015c9af42c70 VMThread "VM Thread"                           [id=34540, stack(0x00000032ab100000,0x00000032ab200000) (1024K)]
  0x0000015c9ae3ca00 WatcherThread "VM Periodic Task Thread"        [id=30728, stack(0x00000032ab000000,0x00000032ab100000) (1024K)]
  0x0000015c9afcc9d0 WorkerThread "GC Thread#0"                     [id=31184, stack(0x00000032aaf00000,0x00000032ab000000) (1024K)]
Total: 3

Threads with active compile tasks:
C2 CompilerThread0  5376  618   !   4       java.lang.String::replace (258 bytes)
Total: 1

VM state: not at safepoint (normal execution)

VM Mutex/Monitor currently owned by a thread: None

Heap address: 0x0000000080000000, size: 2048 MB, Compressed Oops mode: 32-bit

CDS archive(s) mapped at: [0x0000015cb2000000-0x0000015cb2ba0000-0x0000015cb2ba0000), size 12189696, SharedBaseAddress: 0x0000015cb2000000, ArchiveRelocationMode: 1.
Compressed class space mapped at: 0x0000015cb3000000-0x0000015cf3000000, reserved size: 1073741824
Narrow klass base: 0x0000015cb2000000, Narrow klass shift: 0, Narrow klass range: 0x100000000

GC Precious Log:
 CardTable entry size: 512
 CPUs: 12 total, 12 available
 Memory: 7896M
 Large Page Support: Disabled
 NUMA Support: Disabled
 Compressed Oops: Enabled (32-bit)
 Alignments: Space 512K, Generation 512K, Heap 2M
 Heap Min Capacity: 100M
 Heap Initial Capacity: 100M
 Heap Max Capacity: 2G
 Pre-touch: Disabled
 Parallel Workers: 10

Heap:
 PSYoungGen      total 29696K, used 11799K [0x00000000d5580000, 0x00000000d7680000, 0x0000000100000000)
  eden space 25600K, 46% used [0x00000000d5580000,0x00000000d6105f30,0x00000000d6e80000)
  from space 4096K, 0% used [0x00000000d7280000,0x00000000d7280000,0x00000000d7680000)
  to   space 4096K, 0% used [0x00000000d6e80000,0x00000000d6e80000,0x00000000d7280000)
 ParOldGen       total 68608K, used 0K [0x0000000080000000, 0x0000000084300000, 0x00000000d5580000)
  object space 68608K, 0% used [0x0000000080000000,0x0000000080000000,0x0000000084300000)
 Metaspace       used 1992K, committed 2240K, reserved 1114112K
  class space    used 199K, committed 320K, reserved 1048576K

Card table byte_map: [0x0000015c9a950000,0x0000015c9ad60000] _byte_map_base: 0x0000015c9a550000

Marking Bits: (ParMarkBitMap*) 0x00007ffb79a12460
 Begin Bits: [0x0000015cad460000, 0x0000015caf460000)
 End Bits:   [0x0000015caf460000, 0x0000015cb1460000)

Polling page: 0x0000015c98d80000

Metaspace:

Usage:
  Non-class:      1.75 MB used.
      Class:    199.79 KB used.
       Both:      1.95 MB used.

Virtual space:
  Non-class space:       64.00 MB reserved,       1.88 MB (  3%) committed,  1 nodes.
      Class space:        1.00 GB reserved,     320.00 KB ( <1%) committed,  1 nodes.
             Both:        1.06 GB reserved,       2.19 MB ( <1%) committed. 

Chunk freelists:
   Non-Class:  11.65 MB
       Class:  15.67 MB
        Both:  27.32 MB

MaxMetaspaceSize: unlimited
CompressedClassSpaceSize: 1.00 GB
Initial GC threshold: 21.00 MB
Current GC threshold: 21.00 MB
CDS: on
 - commit_granule_bytes: 65536.
 - commit_granule_words: 8192.
 - virtual_space_node_default_size: 8388608.
 - enlarge_chunks_in_place: 1.
 - use_allocation_guard: 0.


Internal statistics:

num_allocs_failed_limit: 0.
num_arena_births: 80.
num_arena_deaths: 0.
num_vsnodes_births: 2.
num_vsnodes_deaths: 0.
num_space_committed: 35.
num_space_uncommitted: 0.
num_chunks_returned_to_freelist: 0.
num_chunks_taken_from_freelist: 102.
num_chunk_merges: 0.
num_chunk_splits: 72.
num_chunks_enlarged: 46.
num_inconsistent_stats: 0.

CodeHeap 'non-profiled nmethods': size=120000Kb used=234Kb max_used=234Kb free=119765Kb
 bounds [0x0000015ca5c80000, 0x0000015ca5ef0000, 0x0000015cad1b0000]
CodeHeap 'profiled nmethods': size=120000Kb used=934Kb max_used=934Kb free=119065Kb
 bounds [0x0000015c9e1b0000, 0x0000015c9e420000, 0x0000015ca56e0000]
CodeHeap 'non-nmethods': size=5760Kb used=1171Kb max_used=1172Kb free=4588Kb
 bounds [0x0000015ca56e0000, 0x0000015ca5950000, 0x0000015ca5c80000]
CodeCache: size=245760Kb, used=2339Kb, max_used=2340Kb, free=243418Kb
 total_blobs=1053, nmethods=627, adapters=333, full_count=0
Compilation: enabled, stopped_count=0, restarted_count=0

Compilation events (20 events):
Event: 3.305 Thread 0x0000015cf3d45480 nmethod 606 0x0000015c9e291b10 code [0x0000015c9e291cc0, 0x0000015c9e291e48]
Event: 3.310 Thread 0x0000015c9b05b830  607       4       java.util.ArrayList$Itr::next (66 bytes)
Event: 3.312 Thread 0x0000015c9b05b830 nmethod 607 0x0000015ca5cb8390 code [0x0000015ca5cb8520, 0x0000015ca5cb8688]
Event: 3.312 Thread 0x0000015c9b05b830  608       4       jdk.internal.misc.Unsafe::allocateUninitializedArray (55 bytes)
Event: 3.314 Thread 0x0000015cf3d45480  611       3       jdk.internal.org.objectweb.asm.ByteVector::putByteArray (49 bytes)
Event: 3.314 Thread 0x0000015c9b05b830 nmethod 608 0x0000015ca5cb8f90 code [0x0000015ca5cb9120, 0x0000015ca5cb9308]
Event: 3.315 Thread 0x0000015cf3d45480 nmethod 611 0x0000015c9e291f10 code [0x0000015c9e2920e0, 0x0000015c9e2923a8]
Event: 3.315 Thread 0x0000015cf3d45480  612       3       java.lang.invoke.MemberName::checkForTypeAlias (172 bytes)
Event: 3.317 Thread 0x0000015c9b05b830  613       4       jdk.internal.misc.Unsafe::allocateUninitializedArray (55 bytes)
Event: 3.317 Thread 0x0000015cf3d45480 nmethod 612 0x0000015c9e292490 code [0x0000015c9e2928e0, 0x0000015c9e294428]
Event: 3.317 Thread 0x0000015cf3d45480  614       1       sun.security.util.KnownOIDs::value (5 bytes)
Event: 3.317 Thread 0x0000015cf3d45480 nmethod 614 0x0000015ca5cb9490 code [0x0000015ca5cb9620, 0x0000015ca5cb96e8]
Event: 3.318 Thread 0x0000015cf3d45480  615       1       java.security.Provider$Service::getType (5 bytes)
Event: 3.318 Thread 0x0000015c9b05b830 nmethod 613 0x0000015ca5cb9790 code [0x0000015ca5cb9920, 0x0000015ca5cb9af0]
Event: 3.318 Thread 0x0000015cf3d45480 nmethod 615 0x0000015ca5cb9c10 code [0x0000015ca5cb9da0, 0x0000015ca5cb9e68]
Event: 3.318 Thread 0x0000015cf3d45480  616       1       java.security.Provider$Service::getAlgorithm (5 bytes)
Event: 3.318 Thread 0x0000015cf3d45480 nmethod 616 0x0000015ca5cb9f10 code [0x0000015ca5cba0a0, 0x0000015ca5cba168]
Event: 3.318 Thread 0x0000015cf3d45480  617       1       java.security.Provider$Service::getAliases (5 bytes)
Event: 3.318 Thread 0x0000015cf3d45480 nmethod 617 0x0000015ca5cba210 code [0x0000015ca5cba3a0, 0x0000015ca5cba468]
Event: 3.318 Thread 0x0000015c9b05b830  618   !   4       java.lang.String::replace (258 bytes)

GC Heap History (0 events):
No events

Dll operation events (8 events):
Event: 0.986 Loaded shared library c:\Users\ramir\.vscode\extensions\redhat.java-1.51.0-win32-x64\jre\21.0.9-win32-x86_64\bin\java.dll
Event: 1.498 Loaded shared library c:\Users\ramir\.vscode\extensions\redhat.java-1.51.0-win32-x64\jre\21.0.9-win32-x86_64\bin\zip.dll
Event: 1.642 Loaded shared library C:\Users\ramir\.vscode\extensions\redhat.java-1.51.0-win32-x64\jre\21.0.9-win32-x86_64\bin\instrument.dll
Event: 1.713 Loaded shared library C:\Users\ramir\.vscode\extensions\redhat.java-1.51.0-win32-x64\jre\21.0.9-win32-x86_64\bin\net.dll
Event: 1.731 Loaded shared library C:\Users\ramir\.vscode\extensions\redhat.java-1.51.0-win32-x64\jre\21.0.9-win32-x86_64\bin\nio.dll
Event: 1.739 Loaded shared library C:\Users\ramir\.vscode\extensions\redhat.java-1.51.0-win32-x64\jre\21.0.9-win32-x86_64\bin\zip.dll
Event: 1.842 Loaded shared library C:\Users\ramir\.vscode\extensions\redhat.java-1.51.0-win32-x64\jre\21.0.9-win32-x86_64\bin\jimage.dll
Event: 2.536 Loaded shared library c:\Users\ramir\.vscode\extensions\redhat.java-1.51.0-win32-x64\jre\21.0.9-win32-x86_64\bin\verify.dll

Deoptimization events (20 events):
Event: 2.987 Thread 0x0000015c9afae8c0 DEOPT PACKING pc=0x0000015c9e1f83d8 sp=0x00000032aaefa7c0
Event: 2.987 Thread 0x0000015c9afae8c0 DEOPT UNPACKING pc=0x0000015ca5734242 sp=0x00000032aaef9c80 mode 0
Event: 2.989 Thread 0x0000015c9afae8c0 DEOPT PACKING pc=0x0000015c9e1f83d8 sp=0x00000032aaefa750
Event: 2.989 Thread 0x0000015c9afae8c0 DEOPT UNPACKING pc=0x0000015ca5734242 sp=0x00000032aaef9c10 mode 0
Event: 3.315 Thread 0x0000015c9afae8c0 Uncommon trap: trap_request=0xffffffde fr.pc=0x0000015ca5cb924c relative=0x000000000000012c
Event: 3.315 Thread 0x0000015c9afae8c0 Uncommon trap: reason=class_check action=maybe_recompile pc=0x0000015ca5cb924c method=jdk.internal.misc.Unsafe.allocateUninitializedArray(Ljava/lang/Class;I)Ljava/lang/Object; @ 51 c2
Event: 3.315 Thread 0x0000015c9afae8c0 DEOPT PACKING pc=0x0000015ca5cb924c sp=0x00000032aaefc010
Event: 3.315 Thread 0x0000015c9afae8c0 DEOPT UNPACKING pc=0x0000015ca5733aa2 sp=0x00000032aaefbf88 mode 2
Event: 3.315 Thread 0x0000015c9afae8c0 Uncommon trap: trap_request=0xffffffde fr.pc=0x0000015ca5cb924c relative=0x000000000000012c
Event: 3.315 Thread 0x0000015c9afae8c0 Uncommon trap: reason=class_check action=maybe_recompile pc=0x0000015ca5cb924c method=jdk.internal.misc.Unsafe.allocateUninitializedArray(Ljava/lang/Class;I)Ljava/lang/Object; @ 51 c2
Event: 3.315 Thread 0x0000015c9afae8c0 DEOPT PACKING pc=0x0000015ca5cb924c sp=0x00000032aaefbfa0
Event: 3.315 Thread 0x0000015c9afae8c0 DEOPT UNPACKING pc=0x0000015ca5733aa2 sp=0x00000032aaefbf18 mode 2
Event: 3.315 Thread 0x0000015c9afae8c0 Uncommon trap: trap_request=0xffffffde fr.pc=0x0000015ca5cb924c relative=0x000000000000012c
Event: 3.315 Thread 0x0000015c9afae8c0 Uncommon trap: reason=class_check action=maybe_recompile pc=0x0000015ca5cb924c method=jdk.internal.misc.Unsafe.allocateUninitializedArray(Ljava/lang/Class;I)Ljava/lang/Object; @ 51 c2
Event: 3.315 Thread 0x0000015c9afae8c0 DEOPT PACKING pc=0x0000015ca5cb924c sp=0x00000032aaefbf60
Event: 3.315 Thread 0x0000015c9afae8c0 DEOPT UNPACKING pc=0x0000015ca5733aa2 sp=0x00000032aaefbed8 mode 2
Event: 3.315 Thread 0x0000015c9afae8c0 Uncommon trap: trap_request=0xffffffde fr.pc=0x0000015ca5cb924c relative=0x000000000000012c
Event: 3.315 Thread 0x0000015c9afae8c0 Uncommon trap: reason=class_check action=maybe_recompile pc=0x0000015ca5cb924c method=jdk.internal.misc.Unsafe.allocateUninitializedArray(Ljava/lang/Class;I)Ljava/lang/Object; @ 51 c2
Event: 3.315 Thread 0x0000015c9afae8c0 DEOPT PACKING pc=0x0000015ca5cb924c sp=0x00000032aaefbd60
Event: 3.315 Thread 0x0000015c9afae8c0 DEOPT UNPACKING pc=0x0000015ca5733aa2 sp=0x00000032aaefbcd8 mode 2

Classes loaded (20 events):
Event: 3.319 Loading class java/security/spec/RSAPublicKeySpec done
Event: 3.319 Loading class java/security/spec/RSAPrivateKeySpec
Event: 3.319 Loading class java/security/spec/RSAPrivateKeySpec done
Event: 3.319 Loading class java/security/spec/RSAPrivateCrtKeySpec
Event: 3.319 Loading class java/security/spec/RSAPrivateCrtKeySpec done
Event: 3.319 Loading class java/security/spec/PKCS8EncodedKeySpec
Event: 3.319 Loading class java/security/spec/PKCS8EncodedKeySpec done
Event: 3.319 Loading class sun/security/rsa/RSAUtil$KeyType
Event: 3.320 Loading class sun/security/rsa/RSAUtil$KeyType done
Event: 3.320 Loading class java/security/spec/PSSParameterSpec
Event: 3.320 Loading class java/security/spec/AlgorithmParameterSpec
Event: 3.320 Loading class java/security/spec/AlgorithmParameterSpec done
Event: 3.320 Loading class java/security/spec/PSSParameterSpec done
Event: 3.320 Loading class sun/security/rsa/RSAPublicKeyImpl
Event: 3.320 Loading class java/security/interfaces/RSAPublicKey
Event: 3.320 Loading class java/security/interfaces/RSAKey
Event: 3.320 Loading class java/security/interfaces/RSAKey done
Event: 3.320 Loading class java/security/interfaces/RSAPublicKey done
Event: 3.320 Loading class sun/security/rsa/RSAPublicKeyImpl done
Event: 3.320 Loading class sun/security/rsa/RSAUtil

Classes unloaded (0 events):
No events

Classes redefined (0 events):
No events

Internal exceptions (12 events):
Event: 1.478 Thread 0x0000015c9afae8c0 Exception <a 'java/lang/NoSuchMethodError'{0x00000000d57a92c0}: 'void java.lang.invoke.DirectMethodHandle$Holder.invokeStatic(java.lang.Object, java.lang.Object, java.lang.Object)'> (0x00000000d57a92c0) 
thrown [s\src\hotspot\share\interpreter\linkResolver.cpp, line 773]
Event: 1.796 Thread 0x0000015c9afae8c0 Exception <a 'java/lang/NoSuchMethodError'{0x00000000d5912568}: 'java.lang.Object java.lang.invoke.Invokers$Holder.invokeExact_MT(java.lang.Object, java.lang.Object, java.lang.Object, java.lang.Object, java.lang.Object)'> (0x00000000d5912568) 
thrown [s\src\hotspot\share\interpreter\linkResolver.cpp, line 773]
Event: 2.103 Thread 0x0000015c9afae8c0 Exception <a 'java/lang/NoSuchMethodError'{0x00000000d59ca210}: 'int java.lang.invoke.DirectMethodHandle$Holder.invokeSpecial(java.lang.Object, java.lang.Object, java.lang.Object, int)'> (0x00000000d59ca210) 
thrown [s\src\hotspot\share\interpreter\linkResolver.cpp, line 773]
Event: 2.107 Thread 0x0000015c9afae8c0 Exception <a 'java/lang/NoSuchMethodError'{0x00000000d59dcbf8}: 'java.lang.Object java.lang.invoke.DirectMethodHandle$Holder.invokeStatic(java.lang.Object, java.lang.Object, java.lang.Object, java.lang.Object, int)'> (0x00000000d59dcbf8) 
thrown [s\src\hotspot\share\interpreter\linkResolver.cpp, line 773]
Event: 2.110 Thread 0x0000015c9afae8c0 Exception <a 'java/lang/NoSuchMethodError'{0x00000000d59e8038}: 'void java.lang.invoke.DelegatingMethodHandle$Holder.reinvoke_L(java.lang.Object, java.lang.Object, java.lang.Object, int, java.lang.Object)'> (0x00000000d59e8038) 
thrown [s\src\hotspot\share\interpreter\linkResolver.cpp, line 773]
Event: 2.118 Thread 0x0000015c9afae8c0 Exception <a 'java/lang/NoSuchMethodError'{0x00000000d59f8988}: 'int java.lang.invoke.DirectMethodHandle$Holder.invokeSpecial(java.lang.Object, java.lang.Object, java.lang.Object)'> (0x00000000d59f8988) 
thrown [s\src\hotspot\share\interpreter\linkResolver.cpp, line 773]
Event: 2.124 Thread 0x0000015c9afae8c0 Exception <a 'java/lang/NoSuchMethodError'{0x00000000d5a04648}: 'java.lang.Object java.lang.invoke.DirectMethodHandle$Holder.invokeStatic(java.lang.Object, java.lang.Object, int)'> (0x00000000d5a04648) 
thrown [s\src\hotspot\share\interpreter\linkResolver.cpp, line 773]
Event: 2.127 Thread 0x0000015c9afae8c0 Exception <a 'java/lang/NoSuchMethodError'{0x00000000d5a08f98}: 'void java.lang.invoke.DirectMethodHandle$Holder.invokeStatic(java.lang.Object, java.lang.Object, int, java.lang.Object)'> (0x00000000d5a08f98) 
thrown [s\src\hotspot\share\interpreter\linkResolver.cpp, line 773]
Event: 2.128 Thread 0x0000015c9afae8c0 Exception <a 'java/lang/NoSuchMethodError'{0x00000000d5a0cb28}: 'void java.lang.invoke.DirectMethodHandle$Holder.invokeSpecial(java.lang.Object, java.lang.Object, java.lang.Object, int, java.lang.Object)'> (0x00000000d5a0cb28) 
thrown [s\src\hotspot\share\interpreter\linkResolver.cpp, line 773]
Event: 2.129 Thread 0x0000015c9afae8c0 Exception <a 'java/lang/NoSuchMethodError'{0x00000000d5a0ff98}: 'void java.lang.invoke.DelegatingMethodHandle$Holder.delegate(java.lang.Object, java.lang.Object, int, java.lang.Object)'> (0x00000000d5a0ff98) 
thrown [s\src\hotspot\share\interpreter\linkResolver.cpp, line 773]
Event: 2.653 Thread 0x0000015c9afae8c0 Exception <a 'java/lang/NoSuchMethodError'{0x00000000d5bcee70}: 'void java.lang.invoke.DelegatingMethodHandle$Holder.reinvoke_L(java.lang.Object, java.lang.Object, java.lang.Object, int)'> (0x00000000d5bcee70) 
thrown [s\src\hotspot\share\interpreter\linkResolver.cpp, line 773]
Event: 3.314 Thread 0x0000015c9afae8c0 Exception <a 'java/lang/NoSuchMethodError'{0x00000000d605aa68}: 'void java.lang.invoke.DirectMethodHandle$Holder.invokeVirtual(java.lang.Object, java.lang.Object)'> (0x00000000d605aa68) 
thrown [s\src\hotspot\share\interpreter\linkResolver.cpp, line 773]

ZGC Phase Switch (0 events):
No events

VM Operations (7 events):
Event: 1.484 Executing VM operation: HandshakeAllThreads (Deoptimize)
Event: 1.485 Executing VM operation: HandshakeAllThreads (Deoptimize) done
Event: 1.922 Executing VM operation: HandshakeAllThreads (Deoptimize)
Event: 1.922 Executing VM operation: HandshakeAllThreads (Deoptimize) done
Event: 2.922 Executing VM operation: Cleanup
Event: 2.969 Executing VM operation: Cleanup done
Event: 3.981 Executing VM operation: Cleanup

Memory protections (0 events):
No events

Nmethod flushes (0 events):
No events

Events (11 events):
Event: 1.113 Thread 0x0000015c9afae8c0 Thread added: 0x0000015c9afae8c0
Event: 1.274 Thread 0x0000015c9afae8c0 Thread added: 0x0000015c9af5cd90
Event: 1.274 Thread 0x0000015c9afae8c0 Thread added: 0x0000015c9b0512f0
Event: 1.275 Thread 0x0000015c9afae8c0 Thread added: 0x0000015c9b0548f0
Event: 1.275 Thread 0x0000015c9afae8c0 Thread added: 0x0000015c9b055540
Event: 1.276 Thread 0x0000015c9afae8c0 Thread added: 0x0000015c9b057fa0
Event: 1.276 Thread 0x0000015c9afae8c0 Thread added: 0x0000015c9b0589f0
Event: 1.276 Thread 0x0000015c9afae8c0 Thread added: 0x0000015c9b05b830
Event: 1.350 Thread 0x0000015c9afae8c0 Thread added: 0x0000015cf3d45480
Event: 1.698 Thread 0x0000015c9afae8c0 Thread added: 0x0000015cf3f0d470
Event: 2.882 Thread 0x0000015c9afae8c0 Thread added: 0x0000015cf400b760


Dynamic libraries:
0x00007ff70e300000 - 0x00007ff70e30e000 	c:\Users\ramir\.vscode\extensions\redhat.java-1.51.0-win32-x64\jre\21.0.9-win32-x86_64\bin\java.exe
0x00007ffbfbea0000 - 0x00007ffbfc107000 	C:\WINDOWS\SYSTEM32\ntdll.dll
0x00007ffbfada0000 - 0x00007ffbfae69000 	C:\WINDOWS\System32\KERNEL32.DLL
0x00007ffbf92e0000 - 0x00007ffbf96cf000 	C:\WINDOWS\System32\KERNELBASE.dll
0x00007ffbf97a0000 - 0x00007ffbf98eb000 	C:\WINDOWS\System32\ucrtbase.dll
0x00007ffba9c50000 - 0x00007ffba9c68000 	c:\Users\ramir\.vscode\extensions\redhat.java-1.51.0-win32-x64\jre\21.0.9-win32-x86_64\bin\jli.dll
0x00007ffbb4c90000 - 0x00007ffbb4cae000 	c:\Users\ramir\.vscode\extensions\redhat.java-1.51.0-win32-x64\jre\21.0.9-win32-x86_64\bin\VCRUNTIME140.dll
0x00007ffbfb5a0000 - 0x00007ffbfb765000 	C:\WINDOWS\System32\USER32.dll
0x00007ffbf9770000 - 0x00007ffbf9797000 	C:\WINDOWS\System32\win32u.dll
0x00007ffbdf1a0000 - 0x00007ffbdf433000 	C:\WINDOWS\WinSxS\amd64_microsoft.windows.common-controls_6595b64144ccf1df_6.0.26100.7309_none_3e05feeae336a044\COMCTL32.dll
0x00007ffbf9f50000 - 0x00007ffbf9f7b000 	C:\WINDOWS\System32\GDI32.dll
0x00007ffbf9cc0000 - 0x00007ffbf9d69000 	C:\WINDOWS\System32\msvcrt.dll
0x00007ffbf98f0000 - 0x00007ffbf9a1c000 	C:\WINDOWS\System32\gdi32full.dll
0x00007ffbf8ff0000 - 0x00007ffbf9093000 	C:\WINDOWS\System32\msvcp_win.dll
0x00007ffbf9ee0000 - 0x00007ffbf9f11000 	C:\WINDOWS\System32\IMM32.DLL
0x00007ffbf21a0000 - 0x00007ffbf21ac000 	c:\Users\ramir\.vscode\extensions\redhat.java-1.51.0-win32-x64\jre\21.0.9-win32-x86_64\bin\vcruntime140_1.dll
0x00007ffb9ebc0000 - 0x00007ffb9ec4d000 	c:\Users\ramir\.vscode\extensions\redhat.java-1.51.0-win32-x64\jre\21.0.9-win32-x86_64\bin\msvcp140.dll
0x00007ffb78d50000 - 0x00007ffb79af0000 	c:\Users\ramir\.vscode\extensions\redhat.java-1.51.0-win32-x64\jre\21.0.9-win32-x86_64\bin\server\jvm.dll
0x00007ffbfa130000 - 0x00007ffbfa1e4000 	C:\WINDOWS\System32\ADVAPI32.dll
0x00007ffbfa060000 - 0x00007ffbfa106000 	C:\WINDOWS\System32\sechost.dll
0x00007ffbfaf70000 - 0x00007ffbfb088000 	C:\WINDOWS\System32\RPCRT4.dll
0x00007ffbf9c40000 - 0x00007ffbf9cb4000 	C:\WINDOWS\System32\WS2_32.dll
0x00007ffbf89e0000 - 0x00007ffbf8a3e000 	C:\WINDOWS\SYSTEM32\POWRPROF.dll
0x00007ffbeadf0000 - 0x00007ffbeae25000 	C:\WINDOWS\SYSTEM32\WINMM.dll
0x00007ffbf0620000 - 0x00007ffbf062b000 	C:\WINDOWS\SYSTEM32\VERSION.dll
0x00007ffbf89c0000 - 0x00007ffbf89d4000 	C:\WINDOWS\SYSTEM32\UMPDC.dll
0x00007ffbf7d80000 - 0x00007ffbf7d9b000 	C:\WINDOWS\SYSTEM32\kernel.appcore.dll
0x00007ffbf1f40000 - 0x00007ffbf1f4a000 	c:\Users\ramir\.vscode\extensions\redhat.java-1.51.0-win32-x64\jre\21.0.9-win32-x86_64\bin\jimage.dll
0x00007ffbf68a0000 - 0x00007ffbf6ae2000 	C:\WINDOWS\SYSTEM32\DBGHELP.DLL
0x00007ffbfb9d0000 - 0x00007ffbfbd55000 	C:\WINDOWS\System32\combase.dll
0x00007ffbfb8f0000 - 0x00007ffbfb9c6000 	C:\WINDOWS\System32\OLEAUT32.dll
0x00007ffbdd140000 - 0x00007ffbdd17c000 	C:\WINDOWS\SYSTEM32\dbgcore.DLL
0x00007ffbf9a20000 - 0x00007ffbf9ac5000 	C:\WINDOWS\System32\bcryptPrimitives.dll
0x00007ffbd8490000 - 0x00007ffbd849f000 	c:\Users\ramir\.vscode\extensions\redhat.java-1.51.0-win32-x64\jre\21.0.9-win32-x86_64\bin\instrument.dll
0x00007ffba9bb0000 - 0x00007ffba9bd0000 	c:\Users\ramir\.vscode\extensions\redhat.java-1.51.0-win32-x64\jre\21.0.9-win32-x86_64\bin\java.dll
0x00007ffbfa490000 - 0x00007ffbfabe3000 	C:\WINDOWS\System32\SHELL32.dll
0x00007ffbf9ad0000 - 0x00007ffbf9c3a000 	C:\WINDOWS\System32\wintypes.dll
0x00007ffbf6bd0000 - 0x00007ffbf742e000 	C:\WINDOWS\SYSTEM32\windows.storage.dll
0x00007ffbfae70000 - 0x00007ffbfaf65000 	C:\WINDOWS\System32\SHCORE.dll
0x00007ffbfb770000 - 0x00007ffbfb7d6000 	C:\WINDOWS\System32\shlwapi.dll
0x00007ffbf8f10000 - 0x00007ffbf8f39000 	C:\WINDOWS\SYSTEM32\profapi.dll
0x00007ffba9b90000 - 0x00007ffba9ba8000 	c:\Users\ramir\.vscode\extensions\redhat.java-1.51.0-win32-x64\jre\21.0.9-win32-x86_64\bin\zip.dll
0x00007ffbd7f70000 - 0x00007ffbd7f80000 	C:\Users\ramir\.vscode\extensions\redhat.java-1.51.0-win32-x64\jre\21.0.9-win32-x86_64\bin\net.dll
0x00007ffbf0ce0000 - 0x00007ffbf0e08000 	C:\WINDOWS\SYSTEM32\WINHTTP.dll
0x00007ffbf8310000 - 0x00007ffbf837b000 	C:\WINDOWS\system32\mswsock.dll
0x00007ffba97f0000 - 0x00007ffba9806000 	C:\Users\ramir\.vscode\extensions\redhat.java-1.51.0-win32-x64\jre\21.0.9-win32-x86_64\bin\nio.dll
0x00007ffbd7e50000 - 0x00007ffbd7e60000 	c:\Users\ramir\.vscode\extensions\redhat.java-1.51.0-win32-x64\jre\21.0.9-win32-x86_64\bin\verify.dll

JVMTI agents:
c:\Users\ramir\.vscode\extensions\redhat.java-1.51.0-win32-x64\lombok\lombok-1.18.39-4050.jar path:c:\Users\ramir\.vscode\extensions\redhat.java-1.51.0-win32-x64\jre\21.0.9-win32-x86_64\bin\instrument.dll, loaded, initialized, instrumentlib options:none

dbghelp: loaded successfully - version: 4.0.5 - missing functions: none
symbol engine: initialized successfully - sym options: 0x614 - pdb path: .;c:\Users\ramir\.vscode\extensions\redhat.java-1.51.0-win32-x64\jre\21.0.9-win32-x86_64\bin;C:\WINDOWS\SYSTEM32;C:\WINDOWS\WinSxS\amd64_microsoft.windows.common-controls_6595b64144ccf1df_6.0.26100.7309_none_3e05feeae336a044;c:\Users\ramir\.vscode\extensions\redhat.java-1.51.0-win32-x64\jre\21.0.9-win32-x86_64\bin\server

VM Arguments:
jvm_args: --add-modules=ALL-SYSTEM --add-opens=java.base/java.util=ALL-UNNAMED --add-opens=java.base/java.lang=ALL-UNNAMED --add-opens=java.base/sun.nio.fs=ALL-UNNAMED -Declipse.application=org.eclipse.jdt.ls.core.id1 -Dosgi.bundles.defaultStartLevel=4 -Declipse.product=org.eclipse.jdt.ls.core.product -Djava.import.generatesMetadataFilesAtProjectRoot=false -DDetectVMInstallationsJob.disabled=true -Dfile.encoding=utf8 -XX:+UseParallelGC -XX:GCTimeRatio=4 -XX:AdaptiveSizePolicyWeight=90 -Dsun.zip.disableMemoryMapping=true -Xmx2G -Xms100m -Xlog:disable -javaagent:c:\Users\ramir\.vscode\extensions\redhat.java-1.51.0-win32-x64\lombok\lombok-1.18.39-4050.jar 
java_command: c:\Users\ramir\.vscode\extensions\redhat.java-1.51.0-win32-x64\server\plugins\org.eclipse.equinox.launcher_1.7.100.v20251111-0406.jar -configuration c:\Users\ramir\AppData\Roaming\Code\User\globalStorage\redhat.java\1.51.0\config_ss_win -data c:\Users\ramir\AppData\Roaming\Code\User\workspaceStorage\46d5d728171aacb383eedf91ecaba8d8\redhat.java\ss_ws --pipe=\\.\pipe\lsp-b53c2ff31839a8b92e42ceaf1ce26607-sock
java_class_path (initial): c:\Users\ramir\.vscode\extensions\redhat.java-1.51.0-win32-x64\server\plugins\org.eclipse.equinox.launcher_1.7.100.v20251111-0406.jar
Launcher Type: SUN_STANDARD

[Global flags]
    uintx AdaptiveSizePolicyWeight                 = 90                                        {product} {command line}
     intx CICompilerCount                          = 4                                         {product} {ergonomic}
    uintx GCTimeRatio                              = 4                                         {product} {command line}
   size_t InitialHeapSize                          = 104857600                                 {product} {command line}
   size_t MaxHeapSize                              = 2147483648                                {product} {command line}
   size_t MaxNewSize                               = 715653120                                 {product} {ergonomic}
   size_t MinHeapDeltaBytes                        = 524288                                    {product} {ergonomic}
   size_t MinHeapSize                              = 104857600                                 {product} {command line}
   size_t NewSize                                  = 34603008                                  {product} {ergonomic}
    uintx NonNMethodCodeHeapSize                   = 5839372                                {pd product} {ergonomic}
    uintx NonProfiledCodeHeapSize                  = 122909434                              {pd product} {ergonomic}
   size_t OldSize                                  = 70254592                                  {product} {ergonomic}
    uintx ProfiledCodeHeapSize                     = 122909434                              {pd product} {ergonomic}
    uintx ReservedCodeCacheSize                    = 251658240                              {pd product} {ergonomic}
     bool SegmentedCodeCache                       = true                                      {product} {ergonomic}
   size_t SoftMaxHeapSize                          = 2147483648                             {manageable} {ergonomic}
     bool UseCompressedOops                        = true                           {product lp64_product} {ergonomic}
     bool UseLargePagesIndividualAllocation        = false                                  {pd product} {ergonomic}
     bool UseParallelGC                            = true                                      {product} {command line}

Logging:
Log output configuration:
 #0: stdout all=off uptime,level,tags foldmultilines=false
 #1: stderr all=off uptime,level,tags foldmultilines=false

Release file:
JAVA_VERSION="21.0.9" 
MODULES="java.base java.compiler java.datatransfer java.xml java.prefs java.desktop java.instrument java.logging java.management java.security.sasl java.naming java.rmi java.management.rmi java.net.http java.scripting java.security.jgss java.transaction.xa java.sql java.sql.rowset java.xml.crypto java.se java.smartcardio jdk.accessibility jdk.internal.jvmstat jdk.attach jdk.charsets jdk.internal.opt jdk.zipfs jdk.compiler jdk.crypto.ec jdk.crypto.cryptoki jdk.crypto.mscapi jdk.dynalink jdk.internal.ed jdk.editpad jdk.hotspot.agent jdk.httpserver jdk.internal.le jdk.internal.vm.ci jdk.internal.vm.compiler jdk.internal.vm.compiler.management jdk.jartool jdk.javadoc jdk.jcmd jdk.management jdk.management.agent jdk.jconsole jdk.jdeps jdk.jdwp.agent jdk.jdi jdk.jfr jdk.jshell jdk.jsobject jdk.jstatd jdk.localedata jdk.management.jfr jdk.naming.dns jdk.naming.rmi jdk.net jdk.nio.mapmode jdk.random jdk.sctp jdk.security.auth jdk.security.jgss jdk.unsupported jdk.unsupported.desktop jdk.xml.dom" 

Environment Variables:
PATH=C:\app\ramir\product\21c\dbhomeXE\bin;C:\Program Files\Common Files\Oracle\Java\javapath;C:\Program Files (x86)\Common Files\Oracle\Java\javapath;C:\Windows\system32;C:\Windows;C:\Windows\System32\Wbem;C:\Windows\System32\WindowsPowerShell\v1.0\;C:\Windows\System32\OpenSSH\;C:\Program Files (x86)\NVIDIA Corporation\PhysX\Common;C:\Program Files\NVIDIA Corporation\NVIDIA app\NvDLISR;C:\Program Files\Git\cmd;C:\Program Files\Microsoft SQL Server\Client SDK\ODBC\170\Tools\Binn\;C:\Program Files (x86)\Microsoft SQL Server\150\Tools\Binn\;C:\Program Files\Microsoft SQL Server\150\Tools\Binn\;C:\Program Files\Microsoft SQL Server\150\DTS\Binn\;C:\Program Files (x86)\Microsoft SQL Server\150\DTS\Binn\;C:\Program Files\Azure Data Studio\bin;C:\Program Files\MySQL\MySQL Server 9.2\bin;;C:\WINDOWS\system32;C:\WINDOWS;C:\WINDOWS\System32\Wbem;C:\WINDOWS\System32\WindowsPowerShell\v1.0\;C:\WINDOWS\System32\OpenSSH\;C:\Program Files\nodejs\;C:\Users\ramir\AppData\Local\Programs\Python\Launcher\;C:\Users\ramir\AppData\Local\Microsoft\WindowsApps;C:\Users\ramir\AppData\Local\Programs\Microsoft VS Code\bin;C:\Program Files\Azure Data Studio\bin;C:\Users\ramir\OneDrive\Desktop\apache-maven-3.9.9-bin\apache-maven-3.9.9\bin;C:\Users\ramir\AppData\Roaming\npm
USERNAME=ramir
OS=Windows_NT
PROCESSOR_IDENTIFIER=Intel64 Family 6 Model 154 Stepping 3, GenuineIntel
TMP=C:\Users\ramir\AppData\Local\Temp
TEMP=C:\Users\ramir\AppData\Local\Temp




Periodic native trim disabled

---------------  S Y S T E M  ---------------

OS:
 Windows 11 , 64 bit Build 26100 (10.0.26100.7309)
OS uptime: 1 days 23:44 hours
Hyper-V role detected

CPU: total 12 (initial active 12) (6 cores per cpu, 2 threads per core) family 6 model 154 stepping 3 microcode 0x423, cx8, cmov, fxsr, ht, mmx, 3dnowpref, sse, sse2, sse3, ssse3, sse4.1, sse4.2, popcnt, lzcnt, tsc, tscinvbit, avx, avx2, aes, erms, clmul, bmi1, bmi2, adx, sha, fma, vzeroupper, clflush, clflushopt, clwb, hv, serialize, rdtscp, rdpid, fsrm, f16c, cet_ibt, cet_ss
Processor Information for processor 0
  Max Mhz: 2500, Current Mhz: 2500, Mhz Limit: 2500
Processor Information for processor 1
  Max Mhz: 2500, Current Mhz: 2500, Mhz Limit: 2500
Processor Information for processor 2
  Max Mhz: 2500, Current Mhz: 2500, Mhz Limit: 2500
Processor Information for processor 3
  Max Mhz: 2500, Current Mhz: 2500, Mhz Limit: 2500
Processor Information for processor 4
  Max Mhz: 2500, Current Mhz: 2500, Mhz Limit: 2500
Processor Information for processor 5
  Max Mhz: 2500, Current Mhz: 2500, Mhz Limit: 2500
Processor Information for processor 6
  Max Mhz: 2500, Current Mhz: 2500, Mhz Limit: 2500
Processor Information for processor 7
  Max Mhz: 2500, Current Mhz: 2500, Mhz Limit: 2500
Processor Information for processor 8
  Max Mhz: 2500, Current Mhz: 1875, Mhz Limit: 1875
Processor Information for processor 9
  Max Mhz: 2500, Current Mhz: 1875, Mhz Limit: 1875
Processor Information for processor 10
  Max Mhz: 2500, Current Mhz: 1500, Mhz Limit: 1875
Processor Information for processor 11
  Max Mhz: 2500, Current Mhz: 1500, Mhz Limit: 1875

Memory: 4k page, system-wide physical 7896M (418M free)
TotalPageFile size 32472M (AvailPageFile size 60M)
current process WorkingSet (physical memory assigned to process): 53M, peak: 53M
current process commit charge ("private bytes"): 233M, peak: 234M

vm_info: OpenJDK 64-Bit Server VM (21.0.9+10-LTS) for windows-amd64 JRE (21.0.9+10-LTS), built on 2025-10-21T00:00:00Z by "admin" with unknown MS VC++:1942

END.
